<?xml version="1.0" encoding="UTF-8"?>
<testsuite xmlns:xsi="http://www.w3.org/2001/XMLSchema-instance" xsi:noNamespaceSchemaLocation="https://maven.apache.org/surefire/maven-surefire-plugin/xsd/surefire-test-report.xsd" version="3.0.2" name="snix.snixtennis.SnixtennisApplicationTests" time="20.577" tests="1" errors="0" skipped="0" failures="0">
  <properties>
    <property name="java.specification.version" value="24"/>
    <property name="sun.cpu.isalist" value="amd64"/>
    <property name="sun.jnu.encoding" value="Cp1252"/>
    <property name="java.class.path" value="C:\Users\sauma\Documents\snixtennis\target\test-classes;C:\Users\sauma\Documents\snixtennis\target\classes;C:\Users\sauma\.m2\repository\org\springframework\boot\spring-boot-starter-data-jdbc\3.5.0\spring-boot-starter-data-jdbc-3.5.0.jar;C:\Users\sauma\.m2\repository\org\springframework\data\spring-data-jdbc\3.5.0\spring-data-jdbc-3.5.0.jar;C:\Users\sauma\.m2\repository\org\springframework\data\spring-data-relational\3.5.0\spring-data-relational-3.5.0.jar;C:\Users\sauma\.m2\repository\org\springframework\data\spring-data-commons\3.5.0\spring-data-commons-3.5.0.jar;C:\Users\sauma\.m2\repository\org\springframework\spring-tx\6.2.7\spring-tx-6.2.7.jar;C:\Users\sauma\.m2\repository\org\springframework\spring-beans\6.2.7\spring-beans-6.2.7.jar;C:\Users\sauma\.m2\repository\org\springframework\boot\spring-boot-starter-data-jpa\3.5.0\spring-boot-starter-data-jpa-3.5.0.jar;C:\Users\sauma\.m2\repository\org\springframework\boot\spring-boot-starter\3.5.0\spring-boot-starter-3.5.0.jar;C:\Users\sauma\.m2\repository\org\springframework\boot\spring-boot-starter-logging\3.5.0\spring-boot-starter-logging-3.5.0.jar;C:\Users\sauma\.m2\repository\ch\qos\logback\logback-classic\1.5.18\logback-classic-1.5.18.jar;C:\Users\sauma\.m2\repository\ch\qos\logback\logback-core\1.5.18\logback-core-1.5.18.jar;C:\Users\sauma\.m2\repository\org\apache\logging\log4j\log4j-to-slf4j\2.24.3\log4j-to-slf4j-2.24.3.jar;C:\Users\sauma\.m2\repository\org\apache\logging\log4j\log4j-api\2.24.3\log4j-api-2.24.3.jar;C:\Users\sauma\.m2\repository\org\slf4j\jul-to-slf4j\2.0.17\jul-to-slf4j-2.0.17.jar;C:\Users\sauma\.m2\repository\jakarta\annotation\jakarta.annotation-api\2.1.1\jakarta.annotation-api-2.1.1.jar;C:\Users\sauma\.m2\repository\org\yaml\snakeyaml\2.4\snakeyaml-2.4.jar;C:\Users\sauma\.m2\repository\org\hibernate\orm\hibernate-core\6.6.15.Final\hibernate-core-6.6.15.Final.jar;C:\Users\sauma\.m2\repository\jakarta\persistence\jakarta.persistence-api\3.1.0\jakarta.persistence-api-3.1.0.jar;C:\Users\sauma\.m2\repository\jakarta\transaction\jakarta.transaction-api\2.0.1\jakarta.transaction-api-2.0.1.jar;C:\Users\sauma\.m2\repository\org\jboss\logging\jboss-logging\3.6.1.Final\jboss-logging-3.6.1.Final.jar;C:\Users\sauma\.m2\repository\org\hibernate\common\hibernate-commons-annotations\7.0.3.Final\hibernate-commons-annotations-7.0.3.Final.jar;C:\Users\sauma\.m2\repository\io\smallrye\jandex\3.2.0\jandex-3.2.0.jar;C:\Users\sauma\.m2\repository\com\fasterxml\classmate\1.7.0\classmate-1.7.0.jar;C:\Users\sauma\.m2\repository\net\bytebuddy\byte-buddy\1.17.5\byte-buddy-1.17.5.jar;C:\Users\sauma\.m2\repository\org\glassfish\jaxb\jaxb-runtime\4.0.5\jaxb-runtime-4.0.5.jar;C:\Users\sauma\.m2\repository\org\glassfish\jaxb\jaxb-core\4.0.5\jaxb-core-4.0.5.jar;C:\Users\sauma\.m2\repository\org\glassfish\jaxb\txw2\4.0.5\txw2-4.0.5.jar;C:\Users\sauma\.m2\repository\com\sun\istack\istack-commons-runtime\4.1.2\istack-commons-runtime-4.1.2.jar;C:\Users\sauma\.m2\repository\jakarta\inject\jakarta.inject-api\2.0.1\jakarta.inject-api-2.0.1.jar;C:\Users\sauma\.m2\repository\org\antlr\antlr4-runtime\4.13.0\antlr4-runtime-4.13.0.jar;C:\Users\sauma\.m2\repository\org\springframework\data\spring-data-jpa\3.5.0\spring-data-jpa-3.5.0.jar;C:\Users\sauma\.m2\repository\org\springframework\spring-orm\6.2.7\spring-orm-6.2.7.jar;C:\Users\sauma\.m2\repository\org\springframework\spring-aspects\6.2.7\spring-aspects-6.2.7.jar;C:\Users\sauma\.m2\repository\org\aspectj\aspectjweaver\1.9.24\aspectjweaver-1.9.24.jar;C:\Users\sauma\.m2\repository\org\springframework\boot\spring-boot-starter-graphql\3.5.0\spring-boot-starter-graphql-3.5.0.jar;C:\Users\sauma\.m2\repository\org\springframework\boot\spring-boot-starter-json\3.5.0\spring-boot-starter-json-3.5.0.jar;C:\Users\sauma\.m2\repository\com\fasterxml\jackson\core\jackson-databind\2.19.0\jackson-databind-2.19.0.jar;C:\Users\sauma\.m2\repository\com\fasterxml\jackson\core\jackson-annotations\2.19.0\jackson-annotations-2.19.0.jar;C:\Users\sauma\.m2\repository\com\fasterxml\jackson\core\jackson-core\2.19.0\jackson-core-2.19.0.jar;C:\Users\sauma\.m2\repository\com\fasterxml\jackson\datatype\jackson-datatype-jdk8\2.19.0\jackson-datatype-jdk8-2.19.0.jar;C:\Users\sauma\.m2\repository\com\fasterxml\jackson\datatype\jackson-datatype-jsr310\2.19.0\jackson-datatype-jsr310-2.19.0.jar;C:\Users\sauma\.m2\repository\com\fasterxml\jackson\module\jackson-module-parameter-names\2.19.0\jackson-module-parameter-names-2.19.0.jar;C:\Users\sauma\.m2\repository\org\springframework\graphql\spring-graphql\1.4.0\spring-graphql-1.4.0.jar;C:\Users\sauma\.m2\repository\io\micrometer\context-propagation\1.1.3\context-propagation-1.1.3.jar;C:\Users\sauma\.m2\repository\org\springframework\boot\spring-boot-starter-jdbc\3.5.0\spring-boot-starter-jdbc-3.5.0.jar;C:\Users\sauma\.m2\repository\com\zaxxer\HikariCP\6.3.0\HikariCP-6.3.0.jar;C:\Users\sauma\.m2\repository\org\springframework\spring-jdbc\6.2.7\spring-jdbc-6.2.7.jar;C:\Users\sauma\.m2\repository\org\springframework\boot\spring-boot-starter-mail\3.5.0\spring-boot-starter-mail-3.5.0.jar;C:\Users\sauma\.m2\repository\org\springframework\spring-context-support\6.2.7\spring-context-support-6.2.7.jar;C:\Users\sauma\.m2\repository\org\eclipse\angus\jakarta.mail\2.0.3\jakarta.mail-2.0.3.jar;C:\Users\sauma\.m2\repository\jakarta\activation\jakarta.activation-api\2.1.3\jakarta.activation-api-2.1.3.jar;C:\Users\sauma\.m2\repository\org\eclipse\angus\angus-activation\2.0.2\angus-activation-2.0.2.jar;C:\Users\sauma\.m2\repository\org\springframework\boot\spring-boot-starter-validation\3.5.0\spring-boot-starter-validation-3.5.0.jar;C:\Users\sauma\.m2\repository\org\apache\tomcat\embed\tomcat-embed-el\10.1.41\tomcat-embed-el-10.1.41.jar;C:\Users\sauma\.m2\repository\org\hibernate\validator\hibernate-validator\8.0.2.Final\hibernate-validator-8.0.2.Final.jar;C:\Users\sauma\.m2\repository\jakarta\validation\jakarta.validation-api\3.0.2\jakarta.validation-api-3.0.2.jar;C:\Users\sauma\.m2\repository\org\springframework\boot\spring-boot-starter-security\3.5.0\spring-boot-starter-security-3.5.0.jar;C:\Users\sauma\.m2\repository\org\springframework\spring-aop\6.2.7\spring-aop-6.2.7.jar;C:\Users\sauma\.m2\repository\org\springframework\security\spring-security-config\6.5.0\spring-security-config-6.5.0.jar;C:\Users\sauma\.m2\repository\org\springframework\security\spring-security-web\6.5.0\spring-security-web-6.5.0.jar;C:\Users\sauma\.m2\repository\org\springframework\spring-expression\6.2.7\spring-expression-6.2.7.jar;C:\Users\sauma\.m2\repository\org\springframework\boot\spring-boot-starter-thymeleaf\3.5.0\spring-boot-starter-thymeleaf-3.5.0.jar;C:\Users\sauma\.m2\repository\org\thymeleaf\thymeleaf-spring6\3.1.3.RELEASE\thymeleaf-spring6-3.1.3.RELEASE.jar;C:\Users\sauma\.m2\repository\org\thymeleaf\thymeleaf\3.1.3.RELEASE\thymeleaf-3.1.3.RELEASE.jar;C:\Users\sauma\.m2\repository\org\attoparser\attoparser\2.0.7.RELEASE\attoparser-2.0.7.RELEASE.jar;C:\Users\sauma\.m2\repository\org\unbescape\unbescape\1.1.6.RELEASE\unbescape-1.1.6.RELEASE.jar;C:\Users\sauma\.m2\repository\org\springframework\boot\spring-boot-starter-web\3.5.0\spring-boot-starter-web-3.5.0.jar;C:\Users\sauma\.m2\repository\org\springframework\boot\spring-boot-starter-tomcat\3.5.0\spring-boot-starter-tomcat-3.5.0.jar;C:\Users\sauma\.m2\repository\org\apache\tomcat\embed\tomcat-embed-core\10.1.41\tomcat-embed-core-10.1.41.jar;C:\Users\sauma\.m2\repository\org\apache\tomcat\embed\tomcat-embed-websocket\10.1.41\tomcat-embed-websocket-10.1.41.jar;C:\Users\sauma\.m2\repository\org\springframework\spring-web\6.2.7\spring-web-6.2.7.jar;C:\Users\sauma\.m2\repository\io\micrometer\micrometer-observation\1.15.0\micrometer-observation-1.15.0.jar;C:\Users\sauma\.m2\repository\io\micrometer\micrometer-commons\1.15.0\micrometer-commons-1.15.0.jar;C:\Users\sauma\.m2\repository\org\springframework\spring-webmvc\6.2.7\spring-webmvc-6.2.7.jar;C:\Users\sauma\.m2\repository\org\springframework\ai\spring-ai-pdf-document-reader\1.0.0\spring-ai-pdf-document-reader-1.0.0.jar;C:\Users\sauma\.m2\repository\org\springframework\ai\spring-ai-commons\1.0.0\spring-ai-commons-1.0.0.jar;C:\Users\sauma\.m2\repository\io\micrometer\micrometer-core\1.15.0\micrometer-core-1.15.0.jar;C:\Users\sauma\.m2\repository\org\hdrhistogram\HdrHistogram\2.2.2\HdrHistogram-2.2.2.jar;C:\Users\sauma\.m2\repository\org\latencyutils\LatencyUtils\2.0.3\LatencyUtils-2.0.3.jar;C:\Users\sauma\.m2\repository\com\fasterxml\jackson\module\jackson-module-jsonSchema\2.19.0\jackson-module-jsonSchema-2.19.0.jar;C:\Users\sauma\.m2\repository\javax\validation\validation-api\1.1.0.Final\validation-api-1.1.0.Final.jar;C:\Users\sauma\.m2\repository\com\knuddels\jtokkit\1.1.0\jtokkit-1.1.0.jar;C:\Users\sauma\.m2\repository\org\apache\pdfbox\pdfbox\3.0.3\pdfbox-3.0.3.jar;C:\Users\sauma\.m2\repository\org\apache\pdfbox\pdfbox-io\3.0.3\pdfbox-io-3.0.3.jar;C:\Users\sauma\.m2\repository\org\apache\pdfbox\fontbox\3.0.3\fontbox-3.0.3.jar;C:\Users\sauma\.m2\repository\org\thymeleaf\extras\thymeleaf-extras-springsecurity6\3.1.3.RELEASE\thymeleaf-extras-springsecurity6-3.1.3.RELEASE.jar;C:\Users\sauma\.m2\repository\org\slf4j\slf4j-api\2.0.17\slf4j-api-2.0.17.jar;C:\Users\sauma\.m2\repository\org\springframework\boot\spring-boot-devtools\3.5.0\spring-boot-devtools-3.5.0.jar;C:\Users\sauma\.m2\repository\org\springframework\boot\spring-boot\3.5.0\spring-boot-3.5.0.jar;C:\Users\sauma\.m2\repository\org\springframework\boot\spring-boot-autoconfigure\3.5.0\spring-boot-autoconfigure-3.5.0.jar;C:\Users\sauma\.m2\repository\com\mysql\mysql-connector-j\9.2.0\mysql-connector-j-9.2.0.jar;C:\Users\sauma\.m2\repository\org\projectlombok\lombok\1.18.38\lombok-1.18.38.jar;C:\Users\sauma\.m2\repository\org\springframework\boot\spring-boot-starter-test\3.5.0\spring-boot-starter-test-3.5.0.jar;C:\Users\sauma\.m2\repository\org\springframework\boot\spring-boot-test\3.5.0\spring-boot-test-3.5.0.jar;C:\Users\sauma\.m2\repository\org\springframework\boot\spring-boot-test-autoconfigure\3.5.0\spring-boot-test-autoconfigure-3.5.0.jar;C:\Users\sauma\.m2\repository\com\jayway\jsonpath\json-path\2.9.0\json-path-2.9.0.jar;C:\Users\sauma\.m2\repository\jakarta\xml\bind\jakarta.xml.bind-api\4.0.2\jakarta.xml.bind-api-4.0.2.jar;C:\Users\sauma\.m2\repository\net\minidev\json-smart\2.5.2\json-smart-2.5.2.jar;C:\Users\sauma\.m2\repository\net\minidev\accessors-smart\2.5.2\accessors-smart-2.5.2.jar;C:\Users\sauma\.m2\repository\org\ow2\asm\asm\9.7.1\asm-9.7.1.jar;C:\Users\sauma\.m2\repository\org\assertj\assertj-core\3.27.3\assertj-core-3.27.3.jar;C:\Users\sauma\.m2\repository\org\awaitility\awaitility\4.3.0\awaitility-4.3.0.jar;C:\Users\sauma\.m2\repository\org\hamcrest\hamcrest\3.0\hamcrest-3.0.jar;C:\Users\sauma\.m2\repository\org\junit\jupiter\junit-jupiter\5.12.2\junit-jupiter-5.12.2.jar;C:\Users\sauma\.m2\repository\org\junit\jupiter\junit-jupiter-api\5.12.2\junit-jupiter-api-5.12.2.jar;C:\Users\sauma\.m2\repository\org\opentest4j\opentest4j\1.3.0\opentest4j-1.3.0.jar;C:\Users\sauma\.m2\repository\org\junit\platform\junit-platform-commons\1.12.2\junit-platform-commons-1.12.2.jar;C:\Users\sauma\.m2\repository\org\apiguardian\apiguardian-api\1.1.2\apiguardian-api-1.1.2.jar;C:\Users\sauma\.m2\repository\org\junit\jupiter\junit-jupiter-params\5.12.2\junit-jupiter-params-5.12.2.jar;C:\Users\sauma\.m2\repository\org\junit\jupiter\junit-jupiter-engine\5.12.2\junit-jupiter-engine-5.12.2.jar;C:\Users\sauma\.m2\repository\org\junit\platform\junit-platform-engine\1.12.2\junit-platform-engine-1.12.2.jar;C:\Users\sauma\.m2\repository\org\mockito\mockito-core\5.17.0\mockito-core-5.17.0.jar;C:\Users\sauma\.m2\repository\net\bytebuddy\byte-buddy-agent\1.17.5\byte-buddy-agent-1.17.5.jar;C:\Users\sauma\.m2\repository\org\objenesis\objenesis\3.3\objenesis-3.3.jar;C:\Users\sauma\.m2\repository\org\mockito\mockito-junit-jupiter\5.17.0\mockito-junit-jupiter-5.17.0.jar;C:\Users\sauma\.m2\repository\org\skyscreamer\jsonassert\1.5.3\jsonassert-1.5.3.jar;C:\Users\sauma\.m2\repository\com\vaadin\external\google\android-json\0.0.20131108.vaadin1\android-json-0.0.20131108.vaadin1.jar;C:\Users\sauma\.m2\repository\org\springframework\spring-core\6.2.7\spring-core-6.2.7.jar;C:\Users\sauma\.m2\repository\org\springframework\spring-jcl\6.2.7\spring-jcl-6.2.7.jar;C:\Users\sauma\.m2\repository\org\springframework\spring-test\6.2.7\spring-test-6.2.7.jar;C:\Users\sauma\.m2\repository\org\xmlunit\xmlunit-core\2.10.1\xmlunit-core-2.10.1.jar;C:\Users\sauma\.m2\repository\org\springframework\graphql\spring-graphql-test\1.4.0\spring-graphql-test-1.4.0.jar;C:\Users\sauma\.m2\repository\com\graphql-java\graphql-java\24.0\graphql-java-24.0.jar;C:\Users\sauma\.m2\repository\com\graphql-java\java-dataloader\5.0.0\java-dataloader-5.0.0.jar;C:\Users\sauma\.m2\repository\org\reactivestreams\reactive-streams\1.0.4\reactive-streams-1.0.4.jar;C:\Users\sauma\.m2\repository\org\jspecify\jspecify\1.0.0\jspecify-1.0.0.jar;C:\Users\sauma\.m2\repository\io\projectreactor\reactor-core\3.7.6\reactor-core-3.7.6.jar;C:\Users\sauma\.m2\repository\org\springframework\spring-context\6.2.7\spring-context-6.2.7.jar;C:\Users\sauma\.m2\repository\org\springframework\security\spring-security-test\6.5.0\spring-security-test-6.5.0.jar;C:\Users\sauma\.m2\repository\org\springframework\security\spring-security-core\6.5.0\spring-security-core-6.5.0.jar;C:\Users\sauma\.m2\repository\org\springframework\security\spring-security-crypto\6.5.0\spring-security-crypto-6.5.0.jar;"/>
    <property name="java.vm.vendor" value="Oracle Corporation"/>
    <property name="sun.arch.data.model" value="64"/>
    <property name="user.variant" value=""/>
    <property name="java.vendor.url" value="https://java.oracle.com/"/>
    <property name="user.timezone" value="America/Bogota"/>
    <property name="org.jboss.logging.provider" value="slf4j"/>
    <property name="os.name" value="Windows 10"/>
    <property name="java.vm.specification.version" value="24"/>
    <property name="APPLICATION_NAME" value="snixTennis"/>
    <property name="user.country" value="CO"/>
    <property name="sun.java.launcher" value="SUN_STANDARD"/>
    <property name="sun.boot.library.path" value="C:\Program Files\Java\jdk-24\bin"/>
    <property name="sun.java.command" value="C:\Users\sauma\AppData\Local\Temp\surefire14729622663409057331\surefirebooter-20251001185337921_3.jar C:\Users\sauma\AppData\Local\Temp\surefire14729622663409057331 2025-10-01T18-53-37_803-jvmRun1 surefire-20251001185337921_1tmp surefire_0-20251001185337921_2tmp"/>
    <property name="jdk.debug" value="release"/>
    <property name="surefire.test.class.path" value="C:\Users\sauma\Documents\snixtennis\target\test-classes;C:\Users\sauma\Documents\snixtennis\target\classes;C:\Users\sauma\.m2\repository\org\springframework\boot\spring-boot-starter-data-jdbc\3.5.0\spring-boot-starter-data-jdbc-3.5.0.jar;C:\Users\sauma\.m2\repository\org\springframework\data\spring-data-jdbc\3.5.0\spring-data-jdbc-3.5.0.jar;C:\Users\sauma\.m2\repository\org\springframework\data\spring-data-relational\3.5.0\spring-data-relational-3.5.0.jar;C:\Users\sauma\.m2\repository\org\springframework\data\spring-data-commons\3.5.0\spring-data-commons-3.5.0.jar;C:\Users\sauma\.m2\repository\org\springframework\spring-tx\6.2.7\spring-tx-6.2.7.jar;C:\Users\sauma\.m2\repository\org\springframework\spring-beans\6.2.7\spring-beans-6.2.7.jar;C:\Users\sauma\.m2\repository\org\springframework\boot\spring-boot-starter-data-jpa\3.5.0\spring-boot-starter-data-jpa-3.5.0.jar;C:\Users\sauma\.m2\repository\org\springframework\boot\spring-boot-starter\3.5.0\spring-boot-starter-3.5.0.jar;C:\Users\sauma\.m2\repository\org\springframework\boot\spring-boot-starter-logging\3.5.0\spring-boot-starter-logging-3.5.0.jar;C:\Users\sauma\.m2\repository\ch\qos\logback\logback-classic\1.5.18\logback-classic-1.5.18.jar;C:\Users\sauma\.m2\repository\ch\qos\logback\logback-core\1.5.18\logback-core-1.5.18.jar;C:\Users\sauma\.m2\repository\org\apache\logging\log4j\log4j-to-slf4j\2.24.3\log4j-to-slf4j-2.24.3.jar;C:\Users\sauma\.m2\repository\org\apache\logging\log4j\log4j-api\2.24.3\log4j-api-2.24.3.jar;C:\Users\sauma\.m2\repository\org\slf4j\jul-to-slf4j\2.0.17\jul-to-slf4j-2.0.17.jar;C:\Users\sauma\.m2\repository\jakarta\annotation\jakarta.annotation-api\2.1.1\jakarta.annotation-api-2.1.1.jar;C:\Users\sauma\.m2\repository\org\yaml\snakeyaml\2.4\snakeyaml-2.4.jar;C:\Users\sauma\.m2\repository\org\hibernate\orm\hibernate-core\6.6.15.Final\hibernate-core-6.6.15.Final.jar;C:\Users\sauma\.m2\repository\jakarta\persistence\jakarta.persistence-api\3.1.0\jakarta.persistence-api-3.1.0.jar;C:\Users\sauma\.m2\repository\jakarta\transaction\jakarta.transaction-api\2.0.1\jakarta.transaction-api-2.0.1.jar;C:\Users\sauma\.m2\repository\org\jboss\logging\jboss-logging\3.6.1.Final\jboss-logging-3.6.1.Final.jar;C:\Users\sauma\.m2\repository\org\hibernate\common\hibernate-commons-annotations\7.0.3.Final\hibernate-commons-annotations-7.0.3.Final.jar;C:\Users\sauma\.m2\repository\io\smallrye\jandex\3.2.0\jandex-3.2.0.jar;C:\Users\sauma\.m2\repository\com\fasterxml\classmate\1.7.0\classmate-1.7.0.jar;C:\Users\sauma\.m2\repository\net\bytebuddy\byte-buddy\1.17.5\byte-buddy-1.17.5.jar;C:\Users\sauma\.m2\repository\org\glassfish\jaxb\jaxb-runtime\4.0.5\jaxb-runtime-4.0.5.jar;C:\Users\sauma\.m2\repository\org\glassfish\jaxb\jaxb-core\4.0.5\jaxb-core-4.0.5.jar;C:\Users\sauma\.m2\repository\org\glassfish\jaxb\txw2\4.0.5\txw2-4.0.5.jar;C:\Users\sauma\.m2\repository\com\sun\istack\istack-commons-runtime\4.1.2\istack-commons-runtime-4.1.2.jar;C:\Users\sauma\.m2\repository\jakarta\inject\jakarta.inject-api\2.0.1\jakarta.inject-api-2.0.1.jar;C:\Users\sauma\.m2\repository\org\antlr\antlr4-runtime\4.13.0\antlr4-runtime-4.13.0.jar;C:\Users\sauma\.m2\repository\org\springframework\data\spring-data-jpa\3.5.0\spring-data-jpa-3.5.0.jar;C:\Users\sauma\.m2\repository\org\springframework\spring-orm\6.2.7\spring-orm-6.2.7.jar;C:\Users\sauma\.m2\repository\org\springframework\spring-aspects\6.2.7\spring-aspects-6.2.7.jar;C:\Users\sauma\.m2\repository\org\aspectj\aspectjweaver\1.9.24\aspectjweaver-1.9.24.jar;C:\Users\sauma\.m2\repository\org\springframework\boot\spring-boot-starter-graphql\3.5.0\spring-boot-starter-graphql-3.5.0.jar;C:\Users\sauma\.m2\repository\org\springframework\boot\spring-boot-starter-json\3.5.0\spring-boot-starter-json-3.5.0.jar;C:\Users\sauma\.m2\repository\com\fasterxml\jackson\core\jackson-databind\2.19.0\jackson-databind-2.19.0.jar;C:\Users\sauma\.m2\repository\com\fasterxml\jackson\core\jackson-annotations\2.19.0\jackson-annotations-2.19.0.jar;C:\Users\sauma\.m2\repository\com\fasterxml\jackson\core\jackson-core\2.19.0\jackson-core-2.19.0.jar;C:\Users\sauma\.m2\repository\com\fasterxml\jackson\datatype\jackson-datatype-jdk8\2.19.0\jackson-datatype-jdk8-2.19.0.jar;C:\Users\sauma\.m2\repository\com\fasterxml\jackson\datatype\jackson-datatype-jsr310\2.19.0\jackson-datatype-jsr310-2.19.0.jar;C:\Users\sauma\.m2\repository\com\fasterxml\jackson\module\jackson-module-parameter-names\2.19.0\jackson-module-parameter-names-2.19.0.jar;C:\Users\sauma\.m2\repository\org\springframework\graphql\spring-graphql\1.4.0\spring-graphql-1.4.0.jar;C:\Users\sauma\.m2\repository\io\micrometer\context-propagation\1.1.3\context-propagation-1.1.3.jar;C:\Users\sauma\.m2\repository\org\springframework\boot\spring-boot-starter-jdbc\3.5.0\spring-boot-starter-jdbc-3.5.0.jar;C:\Users\sauma\.m2\repository\com\zaxxer\HikariCP\6.3.0\HikariCP-6.3.0.jar;C:\Users\sauma\.m2\repository\org\springframework\spring-jdbc\6.2.7\spring-jdbc-6.2.7.jar;C:\Users\sauma\.m2\repository\org\springframework\boot\spring-boot-starter-mail\3.5.0\spring-boot-starter-mail-3.5.0.jar;C:\Users\sauma\.m2\repository\org\springframework\spring-context-support\6.2.7\spring-context-support-6.2.7.jar;C:\Users\sauma\.m2\repository\org\eclipse\angus\jakarta.mail\2.0.3\jakarta.mail-2.0.3.jar;C:\Users\sauma\.m2\repository\jakarta\activation\jakarta.activation-api\2.1.3\jakarta.activation-api-2.1.3.jar;C:\Users\sauma\.m2\repository\org\eclipse\angus\angus-activation\2.0.2\angus-activation-2.0.2.jar;C:\Users\sauma\.m2\repository\org\springframework\boot\spring-boot-starter-validation\3.5.0\spring-boot-starter-validation-3.5.0.jar;C:\Users\sauma\.m2\repository\org\apache\tomcat\embed\tomcat-embed-el\10.1.41\tomcat-embed-el-10.1.41.jar;C:\Users\sauma\.m2\repository\org\hibernate\validator\hibernate-validator\8.0.2.Final\hibernate-validator-8.0.2.Final.jar;C:\Users\sauma\.m2\repository\jakarta\validation\jakarta.validation-api\3.0.2\jakarta.validation-api-3.0.2.jar;C:\Users\sauma\.m2\repository\org\springframework\boot\spring-boot-starter-security\3.5.0\spring-boot-starter-security-3.5.0.jar;C:\Users\sauma\.m2\repository\org\springframework\spring-aop\6.2.7\spring-aop-6.2.7.jar;C:\Users\sauma\.m2\repository\org\springframework\security\spring-security-config\6.5.0\spring-security-config-6.5.0.jar;C:\Users\sauma\.m2\repository\org\springframework\security\spring-security-web\6.5.0\spring-security-web-6.5.0.jar;C:\Users\sauma\.m2\repository\org\springframework\spring-expression\6.2.7\spring-expression-6.2.7.jar;C:\Users\sauma\.m2\repository\org\springframework\boot\spring-boot-starter-thymeleaf\3.5.0\spring-boot-starter-thymeleaf-3.5.0.jar;C:\Users\sauma\.m2\repository\org\thymeleaf\thymeleaf-spring6\3.1.3.RELEASE\thymeleaf-spring6-3.1.3.RELEASE.jar;C:\Users\sauma\.m2\repository\org\thymeleaf\thymeleaf\3.1.3.RELEASE\thymeleaf-3.1.3.RELEASE.jar;C:\Users\sauma\.m2\repository\org\attoparser\attoparser\2.0.7.RELEASE\attoparser-2.0.7.RELEASE.jar;C:\Users\sauma\.m2\repository\org\unbescape\unbescape\1.1.6.RELEASE\unbescape-1.1.6.RELEASE.jar;C:\Users\sauma\.m2\repository\org\springframework\boot\spring-boot-starter-web\3.5.0\spring-boot-starter-web-3.5.0.jar;C:\Users\sauma\.m2\repository\org\springframework\boot\spring-boot-starter-tomcat\3.5.0\spring-boot-starter-tomcat-3.5.0.jar;C:\Users\sauma\.m2\repository\org\apache\tomcat\embed\tomcat-embed-core\10.1.41\tomcat-embed-core-10.1.41.jar;C:\Users\sauma\.m2\repository\org\apache\tomcat\embed\tomcat-embed-websocket\10.1.41\tomcat-embed-websocket-10.1.41.jar;C:\Users\sauma\.m2\repository\org\springframework\spring-web\6.2.7\spring-web-6.2.7.jar;C:\Users\sauma\.m2\repository\io\micrometer\micrometer-observation\1.15.0\micrometer-observation-1.15.0.jar;C:\Users\sauma\.m2\repository\io\micrometer\micrometer-commons\1.15.0\micrometer-commons-1.15.0.jar;C:\Users\sauma\.m2\repository\org\springframework\spring-webmvc\6.2.7\spring-webmvc-6.2.7.jar;C:\Users\sauma\.m2\repository\org\springframework\ai\spring-ai-pdf-document-reader\1.0.0\spring-ai-pdf-document-reader-1.0.0.jar;C:\Users\sauma\.m2\repository\org\springframework\ai\spring-ai-commons\1.0.0\spring-ai-commons-1.0.0.jar;C:\Users\sauma\.m2\repository\io\micrometer\micrometer-core\1.15.0\micrometer-core-1.15.0.jar;C:\Users\sauma\.m2\repository\org\hdrhistogram\HdrHistogram\2.2.2\HdrHistogram-2.2.2.jar;C:\Users\sauma\.m2\repository\org\latencyutils\LatencyUtils\2.0.3\LatencyUtils-2.0.3.jar;C:\Users\sauma\.m2\repository\com\fasterxml\jackson\module\jackson-module-jsonSchema\2.19.0\jackson-module-jsonSchema-2.19.0.jar;C:\Users\sauma\.m2\repository\javax\validation\validation-api\1.1.0.Final\validation-api-1.1.0.Final.jar;C:\Users\sauma\.m2\repository\com\knuddels\jtokkit\1.1.0\jtokkit-1.1.0.jar;C:\Users\sauma\.m2\repository\org\apache\pdfbox\pdfbox\3.0.3\pdfbox-3.0.3.jar;C:\Users\sauma\.m2\repository\org\apache\pdfbox\pdfbox-io\3.0.3\pdfbox-io-3.0.3.jar;C:\Users\sauma\.m2\repository\org\apache\pdfbox\fontbox\3.0.3\fontbox-3.0.3.jar;C:\Users\sauma\.m2\repository\org\thymeleaf\extras\thymeleaf-extras-springsecurity6\3.1.3.RELEASE\thymeleaf-extras-springsecurity6-3.1.3.RELEASE.jar;C:\Users\sauma\.m2\repository\org\slf4j\slf4j-api\2.0.17\slf4j-api-2.0.17.jar;C:\Users\sauma\.m2\repository\org\springframework\boot\spring-boot-devtools\3.5.0\spring-boot-devtools-3.5.0.jar;C:\Users\sauma\.m2\repository\org\springframework\boot\spring-boot\3.5.0\spring-boot-3.5.0.jar;C:\Users\sauma\.m2\repository\org\springframework\boot\spring-boot-autoconfigure\3.5.0\spring-boot-autoconfigure-3.5.0.jar;C:\Users\sauma\.m2\repository\com\mysql\mysql-connector-j\9.2.0\mysql-connector-j-9.2.0.jar;C:\Users\sauma\.m2\repository\org\projectlombok\lombok\1.18.38\lombok-1.18.38.jar;C:\Users\sauma\.m2\repository\org\springframework\boot\spring-boot-starter-test\3.5.0\spring-boot-starter-test-3.5.0.jar;C:\Users\sauma\.m2\repository\org\springframework\boot\spring-boot-test\3.5.0\spring-boot-test-3.5.0.jar;C:\Users\sauma\.m2\repository\org\springframework\boot\spring-boot-test-autoconfigure\3.5.0\spring-boot-test-autoconfigure-3.5.0.jar;C:\Users\sauma\.m2\repository\com\jayway\jsonpath\json-path\2.9.0\json-path-2.9.0.jar;C:\Users\sauma\.m2\repository\jakarta\xml\bind\jakarta.xml.bind-api\4.0.2\jakarta.xml.bind-api-4.0.2.jar;C:\Users\sauma\.m2\repository\net\minidev\json-smart\2.5.2\json-smart-2.5.2.jar;C:\Users\sauma\.m2\repository\net\minidev\accessors-smart\2.5.2\accessors-smart-2.5.2.jar;C:\Users\sauma\.m2\repository\org\ow2\asm\asm\9.7.1\asm-9.7.1.jar;C:\Users\sauma\.m2\repository\org\assertj\assertj-core\3.27.3\assertj-core-3.27.3.jar;C:\Users\sauma\.m2\repository\org\awaitility\awaitility\4.3.0\awaitility-4.3.0.jar;C:\Users\sauma\.m2\repository\org\hamcrest\hamcrest\3.0\hamcrest-3.0.jar;C:\Users\sauma\.m2\repository\org\junit\jupiter\junit-jupiter\5.12.2\junit-jupiter-5.12.2.jar;C:\Users\sauma\.m2\repository\org\junit\jupiter\junit-jupiter-api\5.12.2\junit-jupiter-api-5.12.2.jar;C:\Users\sauma\.m2\repository\org\opentest4j\opentest4j\1.3.0\opentest4j-1.3.0.jar;C:\Users\sauma\.m2\repository\org\junit\platform\junit-platform-commons\1.12.2\junit-platform-commons-1.12.2.jar;C:\Users\sauma\.m2\repository\org\apiguardian\apiguardian-api\1.1.2\apiguardian-api-1.1.2.jar;C:\Users\sauma\.m2\repository\org\junit\jupiter\junit-jupiter-params\5.12.2\junit-jupiter-params-5.12.2.jar;C:\Users\sauma\.m2\repository\org\junit\jupiter\junit-jupiter-engine\5.12.2\junit-jupiter-engine-5.12.2.jar;C:\Users\sauma\.m2\repository\org\junit\platform\junit-platform-engine\1.12.2\junit-platform-engine-1.12.2.jar;C:\Users\sauma\.m2\repository\org\mockito\mockito-core\5.17.0\mockito-core-5.17.0.jar;C:\Users\sauma\.m2\repository\net\bytebuddy\byte-buddy-agent\1.17.5\byte-buddy-agent-1.17.5.jar;C:\Users\sauma\.m2\repository\org\objenesis\objenesis\3.3\objenesis-3.3.jar;C:\Users\sauma\.m2\repository\org\mockito\mockito-junit-jupiter\5.17.0\mockito-junit-jupiter-5.17.0.jar;C:\Users\sauma\.m2\repository\org\skyscreamer\jsonassert\1.5.3\jsonassert-1.5.3.jar;C:\Users\sauma\.m2\repository\com\vaadin\external\google\android-json\0.0.20131108.vaadin1\android-json-0.0.20131108.vaadin1.jar;C:\Users\sauma\.m2\repository\org\springframework\spring-core\6.2.7\spring-core-6.2.7.jar;C:\Users\sauma\.m2\repository\org\springframework\spring-jcl\6.2.7\spring-jcl-6.2.7.jar;C:\Users\sauma\.m2\repository\org\springframework\spring-test\6.2.7\spring-test-6.2.7.jar;C:\Users\sauma\.m2\repository\org\xmlunit\xmlunit-core\2.10.1\xmlunit-core-2.10.1.jar;C:\Users\sauma\.m2\repository\org\springframework\graphql\spring-graphql-test\1.4.0\spring-graphql-test-1.4.0.jar;C:\Users\sauma\.m2\repository\com\graphql-java\graphql-java\24.0\graphql-java-24.0.jar;C:\Users\sauma\.m2\repository\com\graphql-java\java-dataloader\5.0.0\java-dataloader-5.0.0.jar;C:\Users\sauma\.m2\repository\org\reactivestreams\reactive-streams\1.0.4\reactive-streams-1.0.4.jar;C:\Users\sauma\.m2\repository\org\jspecify\jspecify\1.0.0\jspecify-1.0.0.jar;C:\Users\sauma\.m2\repository\io\projectreactor\reactor-core\3.7.6\reactor-core-3.7.6.jar;C:\Users\sauma\.m2\repository\org\springframework\spring-context\6.2.7\spring-context-6.2.7.jar;C:\Users\sauma\.m2\repository\org\springframework\security\spring-security-test\6.5.0\spring-security-test-6.5.0.jar;C:\Users\sauma\.m2\repository\org\springframework\security\spring-security-core\6.5.0\spring-security-core-6.5.0.jar;C:\Users\sauma\.m2\repository\org\springframework\security\spring-security-crypto\6.5.0\spring-security-crypto-6.5.0.jar;"/>
    <property name="sun.cpu.endian" value="little"/>
    <property name="user.home" value="C:\Users\sauma"/>
    <property name="user.language" value="es"/>
    <property name="java.specification.vendor" value="Oracle Corporation"/>
    <property name="java.version.date" value="2025-04-15"/>
    <property name="java.home" value="C:\Program Files\Java\jdk-24"/>
    <property name="file.separator" value="\"/>
    <property name="basedir" value="C:\Users\sauma\Documents\snixtennis"/>
    <property name="java.vm.compressedOopsMode" value="32-bit"/>
    <property name="line.separator" value="&#10;"/>
    <property name="java.vm.specification.vendor" value="Oracle Corporation"/>
    <property name="java.specification.name" value="Java Platform API Specification"/>
    <property name="FILE_LOG_CHARSET" value="UTF-8"/>
    <property name="java.awt.headless" value="true"/>
    <property name="surefire.real.class.path" value="C:\Users\sauma\AppData\Local\Temp\surefire14729622663409057331\surefirebooter-20251001185337921_3.jar"/>
    <property name="user.script" value=""/>
    <property name="sun.management.compiler" value="HotSpot 64-Bit Tiered Compilers"/>
    <property name="java.runtime.version" value="24.0.1+9-30"/>
    <property name="user.name" value="sauma"/>
    <property name="stdout.encoding" value="Cp1252"/>
    <property name="path.separator" value=";"/>
    <property name="os.version" value="10.0"/>
    <property name="java.runtime.name" value="Java(TM) SE Runtime Environment"/>
    <property name="file.encoding" value="UTF-8"/>
    <property name="java.vm.name" value="Java HotSpot(TM) 64-Bit Server VM"/>
    <property name="maven.ext.class.path" value="C:\Program Files\NetBeans-25\netbeans\java\maven-nblib\netbeans-eventspy.jar"/>
    <property name="localRepository" value="C:\Users\sauma\.m2\repository"/>
    <property name="java.vendor.url.bug" value="https://bugreport.java.com/bugreport/"/>
    <property name="java.io.tmpdir" value="C:\Users\sauma\AppData\Local\Temp\"/>
    <property name="com.zaxxer.hikari.pool_number" value="1"/>
    <property name="java.version" value="24.0.1"/>
    <property name="user.dir" value="C:\Users\sauma\Documents\snixtennis"/>
    <property name="os.arch" value="amd64"/>
    <property name="java.vm.specification.name" value="Java Virtual Machine Specification"/>
    <property name="PID" value="19412"/>
    <property name="sun.os.patch.level" value=""/>
    <property name="CONSOLE_LOG_CHARSET" value="windows-1252"/>
    <property name="native.encoding" value="Cp1252"/>
    <property name="java.library.path" value="C:\Program Files\Java\jdk-24\bin;C:\WINDOWS\Sun\Java\bin;C:\WINDOWS\system32;C:\WINDOWS;C:\Python313\Scripts\;C:\Python313\;C:\Program Files\Common Files\Oracle\Java\javapath;C:\WINDOWS\system32;C:\WINDOWS;C:\WINDOWS\System32\Wbem;C:\WINDOWS\System32\WindowsPowerShell\v1.0\;C:\WINDOWS\System32\OpenSSH\;C:\Program Files\Git\cmd;C:\Program Files (x86)\Bitvise SSH Client;C:\Program Files\PuTTY\;C:\Program Files\nodejs\;C:\ProgramData\chocolatey\bin;C:\Program Files\MySQL\MySQL Shell 8.0\bin\;C:\Users\sauma\AppData\Local\Microsoft\WindowsApps;C:\Users\sauma\AppData\Local\Programs\Microsoft VS Code\bin;C:\Users\sauma\AppData\Roaming\npm;."/>
    <property name="java.vm.info" value="mixed mode, sharing"/>
    <property name="stderr.encoding" value="Cp1252"/>
    <property name="java.vendor" value="Oracle Corporation"/>
    <property name="java.vm.version" value="24.0.1+9-30"/>
    <property name="sun.io.unicode.encoding" value="UnicodeLittle"/>
    <property name="java.class.version" value="68.0"/>
    <property name="LOGGED_APPLICATION_NAME" value="[snixTennis] "/>
  </properties>
  <testcase name="contextLoads" classname="snix.snixtennis.SnixtennisApplicationTests" time="0.341">
    <system-out><![CDATA[18:53:38.820 [main] INFO org.springframework.test.context.support.AnnotationConfigContextLoaderUtils -- Could not detect default configuration classes for test class [snix.snixtennis.SnixtennisApplicationTests]: SnixtennisApplicationTests does not declare any static, non-private, non-final, nested classes annotated with @Configuration.
18:53:38.943 [main] INFO org.springframework.boot.test.context.SpringBootTestContextBootstrapper -- Found @SpringBootConfiguration snix.snixtennis.SnixtennisApplication for test class snix.snixtennis.SnixtennisApplicationTests
18:53:39.138 [main] INFO org.springframework.boot.devtools.restart.RestartApplicationListener -- Restart disabled due to context in which it is running

  .   ____          _            __ _ _
 /\\ / ___'_ __ _ _(_)_ __  __ _ \ \ \ \
( ( )\___ | '_ | '_| | '_ \/ _` | \ \ \ \
 \\/  ___)| |_)| | | | | || (_| |  ) ) ) )
  '  |____| .__|_| |_|_| |_\__, | / / / /
 =========|_|==============|___/=/_/_/_/

 :: Spring Boot ::                (v3.5.0)

2025-10-01T18:53:39.448-05:00 DEBUG 19412 --- [snixTennis] [kground-preinit] o.h.v.i.xml.config.ValidationXmlParser   : Trying to load META-INF/validation.xml for XML based Validator configuration.
2025-10-01T18:53:39.451-05:00 DEBUG 19412 --- [snixTennis] [kground-preinit] o.h.v.i.xml.config.ResourceLoaderHelper  : Trying to load META-INF/validation.xml via TCCL
2025-10-01T18:53:39.451-05:00 DEBUG 19412 --- [snixTennis] [kground-preinit] o.h.v.i.xml.config.ResourceLoaderHelper  : Trying to load META-INF/validation.xml via Hibernate Validator's class loader
2025-10-01T18:53:39.452-05:00 DEBUG 19412 --- [snixTennis] [kground-preinit] o.h.v.i.xml.config.ValidationXmlParser   : No META-INF/validation.xml found. Using annotation based configuration only.
2025-10-01T18:53:39.456-05:00  INFO 19412 --- [snixTennis] [           main] s.snixtennis.SnixtennisApplicationTests  : Starting SnixtennisApplicationTests using Java 24.0.1 with PID 19412 (started by sauma in C:\Users\sauma\Documents\snixtennis)
2025-10-01T18:53:39.457-05:00 DEBUG 19412 --- [snixTennis] [kground-preinit] o.h.v.i.e.resolver.TraversableResolvers  : Found jakarta.persistence.Persistence on classpath containing 'getPersistenceUtil'. Assuming JPA 2 environment. Trying to instantiate JPA aware TraversableResolver
2025-10-01T18:53:39.457-05:00  INFO 19412 --- [snixTennis] [           main] s.snixtennis.SnixtennisApplicationTests  : No active profile set, falling back to 1 default profile: "default"
2025-10-01T18:53:39.457-05:00 DEBUG 19412 --- [snixTennis] [kground-preinit] o.h.v.i.e.resolver.TraversableResolvers  : Instantiated JPA aware TraversableResolver of type org.hibernate.validator.internal.engine.resolver.JPATraversableResolver.
2025-10-01T18:53:39.458-05:00 DEBUG 19412 --- [snixTennis] [           main] o.s.boot.SpringApplication               : Loading source class snix.snixtennis.SnixtennisApplication
2025-10-01T18:53:39.480-05:00 DEBUG 19412 --- [snixTennis] [kground-preinit] .h.v.m.ResourceBundleMessageInterpolator : Loaded expression factory via original TCCL
2025-10-01T18:53:39.490-05:00 DEBUG 19412 --- [snixTennis] [           main] o.s.w.c.s.GenericWebApplicationContext   : Refreshing org.springframework.web.context.support.GenericWebApplicationContext@49bf29c6
2025-10-01T18:53:39.576-05:00 DEBUG 19412 --- [snixTennis] [kground-preinit] .i.e.ValidatorFactoryConfigurationHelper : HV000252: Using org.hibernate.validator.internal.engine.DefaultPropertyNodeNameProvider as property node name provider.
2025-10-01T18:53:39.581-05:00 DEBUG 19412 --- [snixTennis] [kground-preinit] .i.e.ValidatorFactoryConfigurationHelper : HV000234: Using org.hibernate.validator.messageinterpolation.ResourceBundleMessageInterpolator as ValidatorFactory-scoped message interpolator.
2025-10-01T18:53:39.581-05:00 DEBUG 19412 --- [snixTennis] [kground-preinit] .i.e.ValidatorFactoryConfigurationHelper : HV000234: Using org.hibernate.validator.internal.engine.resolver.JPATraversableResolver as ValidatorFactory-scoped traversable resolver.
2025-10-01T18:53:39.581-05:00 DEBUG 19412 --- [snixTennis] [kground-preinit] .i.e.ValidatorFactoryConfigurationHelper : HV000234: Using org.hibernate.validator.internal.util.ExecutableParameterNameProvider as ValidatorFactory-scoped parameter name provider.
2025-10-01T18:53:39.581-05:00 DEBUG 19412 --- [snixTennis] [kground-preinit] .i.e.ValidatorFactoryConfigurationHelper : HV000234: Using org.hibernate.validator.internal.engine.DefaultClockProvider as ValidatorFactory-scoped clock provider.
2025-10-01T18:53:39.581-05:00 DEBUG 19412 --- [snixTennis] [kground-preinit] .i.e.ValidatorFactoryConfigurationHelper : HV000234: Using org.hibernate.validator.internal.engine.scripting.DefaultScriptEvaluatorFactory as ValidatorFactory-scoped script evaluator factory.
2025-10-01T18:53:39.878-05:00 DEBUG 19412 --- [snixTennis] [           main] ySourcesPropertyResolver$DefaultResolver : Found key 'DATABASE' in PropertySource 'systemEnvironment' with value of type String
2025-10-01T18:53:40.232-05:00  INFO 19412 --- [snixTennis] [           main] .s.d.r.c.RepositoryConfigurationDelegate : Multiple Spring Data modules found, entering strict repository configuration mode
2025-10-01T18:53:40.233-05:00  INFO 19412 --- [snixTennis] [           main] .s.d.r.c.RepositoryConfigurationDelegate : Bootstrapping Spring Data JDBC repositories in DEFAULT mode.
2025-10-01T18:53:40.251-05:00 DEBUG 19412 --- [snixTennis] [           main] o.s.b.a.AutoConfigurationPackages        : @EnableAutoConfiguration was declared on a class in the package 'snix.snixtennis'. Automatic @Repository and @Entity scanning is enabled.
2025-10-01T18:53:40.268-05:00  INFO 19412 --- [snixTennis] [           main] .RepositoryConfigurationExtensionSupport : Spring Data JDBC - Could not safely identify store assignment for repository candidate interface snix.snixtennis.repositorios.ArchivoRepositorio; If you want this repository to be a JDBC repository, consider annotating your entities with one of these annotations: org.springframework.data.relational.core.mapping.Table.
2025-10-01T18:53:40.270-05:00  INFO 19412 --- [snixTennis] [           main] .RepositoryConfigurationExtensionSupport : Spring Data JDBC - Could not safely identify store assignment for repository candidate interface snix.snixtennis.repositorios.InformacionClienteRepositorio; If you want this repository to be a JDBC repository, consider annotating your entities with one of these annotations: org.springframework.data.relational.core.mapping.Table.
2025-10-01T18:53:40.271-05:00  INFO 19412 --- [snixTennis] [           main] .RepositoryConfigurationExtensionSupport : Spring Data JDBC - Could not safely identify store assignment for repository candidate interface snix.snixtennis.repositorios.PedidoRepositorio; If you want this repository to be a JDBC repository, consider annotating your entities with one of these annotations: org.springframework.data.relational.core.mapping.Table.
2025-10-01T18:53:40.273-05:00  INFO 19412 --- [snixTennis] [           main] .RepositoryConfigurationExtensionSupport : Spring Data JDBC - Could not safely identify store assignment for repository candidate interface snix.snixtennis.repositorios.ProductoRepositorio; If you want this repository to be a JDBC repository, consider annotating your entities with one of these annotations: org.springframework.data.relational.core.mapping.Table.
2025-10-01T18:53:40.274-05:00  INFO 19412 --- [snixTennis] [           main] .RepositoryConfigurationExtensionSupport : Spring Data JDBC - Could not safely identify store assignment for repository candidate interface snix.snixtennis.repositorios.UsuarioRepositorio; If you want this repository to be a JDBC repository, consider annotating your entities with one of these annotations: org.springframework.data.relational.core.mapping.Table.
2025-10-01T18:53:40.275-05:00  INFO 19412 --- [snixTennis] [           main] .s.d.r.c.RepositoryConfigurationDelegate : Finished Spring Data repository scanning in 35 ms. Found 0 JDBC repository interfaces.
2025-10-01T18:53:40.284-05:00  INFO 19412 --- [snixTennis] [           main] .s.d.r.c.RepositoryConfigurationDelegate : Multiple Spring Data modules found, entering strict repository configuration mode
2025-10-01T18:53:40.285-05:00  INFO 19412 --- [snixTennis] [           main] .s.d.r.c.RepositoryConfigurationDelegate : Bootstrapping Spring Data JPA repositories in DEFAULT mode.
2025-10-01T18:53:40.399-05:00  INFO 19412 --- [snixTennis] [           main] .s.d.r.c.RepositoryConfigurationDelegate : Finished Spring Data repository scanning in 107 ms. Found 5 JPA repository interfaces.
2025-10-01T18:53:40.972-05:00 DEBUG 19412 --- [snixTennis] [           main] o.hibernate.jpa.internal.util.LogHelper  : PersistenceUnitInfo [
	name: default
	persistence provider classname: null
	classloader: jdk.internal.loader.ClassLoaders$AppClassLoader@11a4022a
	excludeUnlistedClasses: true
	JTA datasource: null
	Non JTA datasource: HikariDataSource (null)
	Transaction type: RESOURCE_LOCAL
	PU root URL: file:/C:/Users/sauma/Documents/snixtennis/target/test-classes/
	Shared Cache Mode: UNSPECIFIED
	Validation Mode: AUTO
	Jar files URLs []
	Managed classes names [
		snix.snixtennis.entidades.Archivo
		snix.snixtennis.entidades.Combos
		snix.snixtennis.entidades.InformacionCliente
		snix.snixtennis.entidades.Pedido
		snix.snixtennis.entidades.Producto
		snix.snixtennis.entidades.Promo
		snix.snixtennis.entidades.Role
		snix.snixtennis.entidades.Usuario]
	Mapping files names []
	Properties []
2025-10-01T18:53:40.980-05:00 DEBUG 19412 --- [snixTennis] [           main] o.h.i.internal.IntegratorServiceImpl     : Adding Integrator [org.hibernate.boot.beanvalidation.BeanValidationIntegrator].
2025-10-01T18:53:40.982-05:00 DEBUG 19412 --- [snixTennis] [           main] o.h.i.internal.IntegratorServiceImpl     : Adding Integrator [org.hibernate.cache.internal.CollectionCacheInvalidator].
2025-10-01T18:53:41.044-05:00  INFO 19412 --- [snixTennis] [           main] org.hibernate.Version                    : HHH000412: Hibernate ORM core version 6.6.15.Final
2025-10-01T18:53:41.046-05:00 DEBUG 19412 --- [snixTennis] [           main] org.hibernate.cfg.Environment            : HHH000206: 'hibernate.properties' not found
2025-10-01T18:53:41.074-05:00 DEBUG 19412 --- [snixTennis] [           main] org.hibernate.orm.idgen.factory          : Registering IdentifierGenerator strategy [uuid2] -> [org.hibernate.id.UUIDGenerator]
2025-10-01T18:53:41.075-05:00 DEBUG 19412 --- [snixTennis] [           main] org.hibernate.orm.idgen.factory          : Registering IdentifierGenerator strategy [guid] -> [org.hibernate.id.GUIDGenerator]
2025-10-01T18:53:41.076-05:00 DEBUG 19412 --- [snixTennis] [           main] org.hibernate.orm.idgen.factory          : Registering IdentifierGenerator strategy [uuid] -> [org.hibernate.id.UUIDHexGenerator]
2025-10-01T18:53:41.076-05:00 DEBUG 19412 --- [snixTennis] [           main] org.hibernate.orm.idgen.factory          : Registering IdentifierGenerator strategy [uuid.hex] -> [org.hibernate.id.UUIDHexGenerator]
2025-10-01T18:53:41.076-05:00 DEBUG 19412 --- [snixTennis] [           main] org.hibernate.orm.idgen.factory          : Registering IdentifierGenerator strategy [assigned] -> [org.hibernate.id.Assigned]
2025-10-01T18:53:41.077-05:00 DEBUG 19412 --- [snixTennis] [           main] org.hibernate.orm.idgen.factory          : Registering IdentifierGenerator strategy [identity] -> [org.hibernate.id.IdentityGenerator]
2025-10-01T18:53:41.078-05:00 DEBUG 19412 --- [snixTennis] [           main] org.hibernate.orm.idgen.factory          : Registering IdentifierGenerator strategy [select] -> [org.hibernate.id.SelectGenerator]
2025-10-01T18:53:41.079-05:00 DEBUG 19412 --- [snixTennis] [           main] org.hibernate.orm.idgen.factory          : Registering IdentifierGenerator strategy [sequence] -> [org.hibernate.id.enhanced.SequenceStyleGenerator]
2025-10-01T18:53:41.079-05:00 DEBUG 19412 --- [snixTennis] [           main] org.hibernate.orm.idgen.factory          : Registering IdentifierGenerator strategy [increment] -> [org.hibernate.id.IncrementGenerator]
2025-10-01T18:53:41.080-05:00 DEBUG 19412 --- [snixTennis] [           main] org.hibernate.orm.idgen.factory          : Registering IdentifierGenerator strategy [foreign] -> [org.hibernate.id.ForeignGenerator]
2025-10-01T18:53:41.080-05:00 DEBUG 19412 --- [snixTennis] [           main] org.hibernate.orm.idgen.factory          : Registering IdentifierGenerator strategy [enhanced-sequence] -> [org.hibernate.id.enhanced.SequenceStyleGenerator]
2025-10-01T18:53:41.081-05:00 DEBUG 19412 --- [snixTennis] [           main] org.hibernate.orm.idgen.factory          : Registering IdentifierGenerator strategy [enhanced-table] -> [org.hibernate.id.enhanced.TableGenerator]
2025-10-01T18:53:41.089-05:00 DEBUG 19412 --- [snixTennis] [           main] o.h.c.internal.RegionFactoryInitiator    : Cannot default RegionFactory based on registered strategies as `[]` RegionFactory strategies were registered
2025-10-01T18:53:41.090-05:00  INFO 19412 --- [snixTennis] [           main] o.h.c.internal.RegionFactoryInitiator    : HHH000026: Second-level cache disabled
2025-10-01T18:53:41.198-05:00 DEBUG 19412 --- [snixTennis] [           main] org.hibernate.type.BasicTypeRegistry     : Adding type registration boolean -> org.hibernate.type.BasicTypeReference@55421b8d
2025-10-01T18:53:41.199-05:00 DEBUG 19412 --- [snixTennis] [           main] org.hibernate.type.BasicTypeRegistry     : Adding type registration boolean -> org.hibernate.type.BasicTypeReference@55421b8d
2025-10-01T18:53:41.199-05:00 DEBUG 19412 --- [snixTennis] [           main] org.hibernate.type.BasicTypeRegistry     : Adding type registration java.lang.Boolean -> org.hibernate.type.BasicTypeReference@55421b8d
2025-10-01T18:53:41.199-05:00 DEBUG 19412 --- [snixTennis] [           main] org.hibernate.type.BasicTypeRegistry     : Adding type registration numeric_boolean -> org.hibernate.type.BasicTypeReference@24a04257
2025-10-01T18:53:41.199-05:00 DEBUG 19412 --- [snixTennis] [           main] org.hibernate.type.BasicTypeRegistry     : Adding type registration org.hibernate.type.NumericBooleanConverter -> org.hibernate.type.BasicTypeReference@24a04257
2025-10-01T18:53:41.199-05:00 DEBUG 19412 --- [snixTennis] [           main] org.hibernate.type.BasicTypeRegistry     : Adding type registration true_false -> org.hibernate.type.BasicTypeReference@6615237
2025-10-01T18:53:41.199-05:00 DEBUG 19412 --- [snixTennis] [           main] org.hibernate.type.BasicTypeRegistry     : Adding type registration org.hibernate.type.TrueFalseConverter -> org.hibernate.type.BasicTypeReference@6615237
2025-10-01T18:53:41.199-05:00 DEBUG 19412 --- [snixTennis] [           main] org.hibernate.type.BasicTypeRegistry     : Adding type registration yes_no -> org.hibernate.type.BasicTypeReference@eaf8427
2025-10-01T18:53:41.199-05:00 DEBUG 19412 --- [snixTennis] [           main] org.hibernate.type.BasicTypeRegistry     : Adding type registration org.hibernate.type.YesNoConverter -> org.hibernate.type.BasicTypeReference@eaf8427
2025-10-01T18:53:41.200-05:00 DEBUG 19412 --- [snixTennis] [           main] org.hibernate.type.BasicTypeRegistry     : Adding type registration byte -> org.hibernate.type.BasicTypeReference@4bf4680c
2025-10-01T18:53:41.200-05:00 DEBUG 19412 --- [snixTennis] [           main] org.hibernate.type.BasicTypeRegistry     : Adding type registration byte -> org.hibernate.type.BasicTypeReference@4bf4680c
2025-10-01T18:53:41.200-05:00 DEBUG 19412 --- [snixTennis] [           main] org.hibernate.type.BasicTypeRegistry     : Adding type registration java.lang.Byte -> org.hibernate.type.BasicTypeReference@4bf4680c
2025-10-01T18:53:41.200-05:00 DEBUG 19412 --- [snixTennis] [           main] org.hibernate.type.BasicTypeRegistry     : Adding type registration binary -> org.hibernate.type.BasicTypeReference@6d6039df
2025-10-01T18:53:41.200-05:00 DEBUG 19412 --- [snixTennis] [           main] org.hibernate.type.BasicTypeRegistry     : Adding type registration byte[] -> org.hibernate.type.BasicTypeReference@6d6039df
2025-10-01T18:53:41.200-05:00 DEBUG 19412 --- [snixTennis] [           main] org.hibernate.type.BasicTypeRegistry     : Adding type registration [B -> org.hibernate.type.BasicTypeReference@6d6039df
2025-10-01T18:53:41.200-05:00 DEBUG 19412 --- [snixTennis] [           main] org.hibernate.type.BasicTypeRegistry     : Adding type registration binary_wrapper -> org.hibernate.type.BasicTypeReference@611c3eae
2025-10-01T18:53:41.200-05:00 DEBUG 19412 --- [snixTennis] [           main] org.hibernate.type.BasicTypeRegistry     : Adding type registration wrapper-binary -> org.hibernate.type.BasicTypeReference@611c3eae
2025-10-01T18:53:41.200-05:00 DEBUG 19412 --- [snixTennis] [           main] org.hibernate.type.BasicTypeRegistry     : Adding type registration image -> org.hibernate.type.BasicTypeReference@13e00016
2025-10-01T18:53:41.200-05:00 DEBUG 19412 --- [snixTennis] [           main] org.hibernate.type.BasicTypeRegistry     : Adding type registration blob -> org.hibernate.type.BasicTypeReference@7b3cbe6e
2025-10-01T18:53:41.200-05:00 DEBUG 19412 --- [snixTennis] [           main] org.hibernate.type.BasicTypeRegistry     : Adding type registration java.sql.Blob -> org.hibernate.type.BasicTypeReference@7b3cbe6e
2025-10-01T18:53:41.201-05:00 DEBUG 19412 --- [snixTennis] [           main] org.hibernate.type.BasicTypeRegistry     : Adding type registration materialized_blob -> org.hibernate.type.BasicTypeReference@177ede17
2025-10-01T18:53:41.201-05:00 DEBUG 19412 --- [snixTennis] [           main] org.hibernate.type.BasicTypeRegistry     : Adding type registration materialized_blob_wrapper -> org.hibernate.type.BasicTypeReference@17176b18
2025-10-01T18:53:41.201-05:00 DEBUG 19412 --- [snixTennis] [           main] org.hibernate.type.BasicTypeRegistry     : Adding type registration short -> org.hibernate.type.BasicTypeReference@4e4395c
2025-10-01T18:53:41.201-05:00 DEBUG 19412 --- [snixTennis] [           main] org.hibernate.type.BasicTypeRegistry     : Adding type registration short -> org.hibernate.type.BasicTypeReference@4e4395c
2025-10-01T18:53:41.201-05:00 DEBUG 19412 --- [snixTennis] [           main] org.hibernate.type.BasicTypeRegistry     : Adding type registration java.lang.Short -> org.hibernate.type.BasicTypeReference@4e4395c
2025-10-01T18:53:41.201-05:00 DEBUG 19412 --- [snixTennis] [           main] org.hibernate.type.BasicTypeRegistry     : Adding type registration integer -> org.hibernate.type.BasicTypeReference@1ab53860
2025-10-01T18:53:41.201-05:00 DEBUG 19412 --- [snixTennis] [           main] org.hibernate.type.BasicTypeRegistry     : Adding type registration int -> org.hibernate.type.BasicTypeReference@1ab53860
2025-10-01T18:53:41.201-05:00 DEBUG 19412 --- [snixTennis] [           main] org.hibernate.type.BasicTypeRegistry     : Adding type registration java.lang.Integer -> org.hibernate.type.BasicTypeReference@1ab53860
2025-10-01T18:53:41.201-05:00 DEBUG 19412 --- [snixTennis] [           main] org.hibernate.type.BasicTypeRegistry     : Adding type registration long -> org.hibernate.type.BasicTypeReference@7b5ac347
2025-10-01T18:53:41.201-05:00 DEBUG 19412 --- [snixTennis] [           main] org.hibernate.type.BasicTypeRegistry     : Adding type registration long -> org.hibernate.type.BasicTypeReference@7b5ac347
2025-10-01T18:53:41.202-05:00 DEBUG 19412 --- [snixTennis] [           main] org.hibernate.type.BasicTypeRegistry     : Adding type registration java.lang.Long -> org.hibernate.type.BasicTypeReference@7b5ac347
2025-10-01T18:53:41.202-05:00 DEBUG 19412 --- [snixTennis] [           main] org.hibernate.type.BasicTypeRegistry     : Adding type registration float -> org.hibernate.type.BasicTypeReference@57b9389f
2025-10-01T18:53:41.202-05:00 DEBUG 19412 --- [snixTennis] [           main] org.hibernate.type.BasicTypeRegistry     : Adding type registration float -> org.hibernate.type.BasicTypeReference@57b9389f
2025-10-01T18:53:41.202-05:00 DEBUG 19412 --- [snixTennis] [           main] org.hibernate.type.BasicTypeRegistry     : Adding type registration java.lang.Float -> org.hibernate.type.BasicTypeReference@57b9389f
2025-10-01T18:53:41.202-05:00 DEBUG 19412 --- [snixTennis] [           main] org.hibernate.type.BasicTypeRegistry     : Adding type registration double -> org.hibernate.type.BasicTypeReference@72b2c5ed
2025-10-01T18:53:41.202-05:00 DEBUG 19412 --- [snixTennis] [           main] org.hibernate.type.BasicTypeRegistry     : Adding type registration double -> org.hibernate.type.BasicTypeReference@72b2c5ed
2025-10-01T18:53:41.202-05:00 DEBUG 19412 --- [snixTennis] [           main] org.hibernate.type.BasicTypeRegistry     : Adding type registration java.lang.Double -> org.hibernate.type.BasicTypeReference@72b2c5ed
2025-10-01T18:53:41.202-05:00 DEBUG 19412 --- [snixTennis] [           main] org.hibernate.type.BasicTypeRegistry     : Adding type registration big_integer -> org.hibernate.type.BasicTypeReference@41f785e3
2025-10-01T18:53:41.202-05:00 DEBUG 19412 --- [snixTennis] [           main] org.hibernate.type.BasicTypeRegistry     : Adding type registration java.math.BigInteger -> org.hibernate.type.BasicTypeReference@41f785e3
2025-10-01T18:53:41.202-05:00 DEBUG 19412 --- [snixTennis] [           main] org.hibernate.type.BasicTypeRegistry     : Adding type registration big_decimal -> org.hibernate.type.BasicTypeReference@6c9a3661
2025-10-01T18:53:41.202-05:00 DEBUG 19412 --- [snixTennis] [           main] org.hibernate.type.BasicTypeRegistry     : Adding type registration java.math.BigDecimal -> org.hibernate.type.BasicTypeReference@6c9a3661
2025-10-01T18:53:41.203-05:00 DEBUG 19412 --- [snixTennis] [           main] org.hibernate.type.BasicTypeRegistry     : Adding type registration character -> org.hibernate.type.BasicTypeReference@727986ad
2025-10-01T18:53:41.203-05:00 DEBUG 19412 --- [snixTennis] [           main] org.hibernate.type.BasicTypeRegistry     : Adding type registration char -> org.hibernate.type.BasicTypeReference@727986ad
2025-10-01T18:53:41.203-05:00 DEBUG 19412 --- [snixTennis] [           main] org.hibernate.type.BasicTypeRegistry     : Adding type registration java.lang.Character -> org.hibernate.type.BasicTypeReference@727986ad
2025-10-01T18:53:41.203-05:00 DEBUG 19412 --- [snixTennis] [           main] org.hibernate.type.BasicTypeRegistry     : Adding type registration character_nchar -> org.hibernate.type.BasicTypeReference@1600a8a2
2025-10-01T18:53:41.203-05:00 DEBUG 19412 --- [snixTennis] [           main] org.hibernate.type.BasicTypeRegistry     : Adding type registration string -> org.hibernate.type.BasicTypeReference@6b25ef1c
2025-10-01T18:53:41.203-05:00 DEBUG 19412 --- [snixTennis] [           main] org.hibernate.type.BasicTypeRegistry     : Adding type registration java.lang.String -> org.hibernate.type.BasicTypeReference@6b25ef1c
2025-10-01T18:53:41.203-05:00 DEBUG 19412 --- [snixTennis] [           main] org.hibernate.type.BasicTypeRegistry     : Adding type registration nstring -> org.hibernate.type.BasicTypeReference@56b1e527
2025-10-01T18:53:41.203-05:00 DEBUG 19412 --- [snixTennis] [           main] org.hibernate.type.BasicTypeRegistry     : Adding type registration characters -> org.hibernate.type.BasicTypeReference@68c34db2
2025-10-01T18:53:41.203-05:00 DEBUG 19412 --- [snixTennis] [           main] org.hibernate.type.BasicTypeRegistry     : Adding type registration char[] -> org.hibernate.type.BasicTypeReference@68c34db2
2025-10-01T18:53:41.203-05:00 DEBUG 19412 --- [snixTennis] [           main] org.hibernate.type.BasicTypeRegistry     : Adding type registration [C -> org.hibernate.type.BasicTypeReference@68c34db2
2025-10-01T18:53:41.204-05:00 DEBUG 19412 --- [snixTennis] [           main] org.hibernate.type.BasicTypeRegistry     : Adding type registration wrapper-characters -> org.hibernate.type.BasicTypeReference@7b95bdb0
2025-10-01T18:53:41.204-05:00 DEBUG 19412 --- [snixTennis] [           main] org.hibernate.type.BasicTypeRegistry     : Adding type registration text -> org.hibernate.type.BasicTypeReference@3f0ce0d1
2025-10-01T18:53:41.204-05:00 DEBUG 19412 --- [snixTennis] [           main] org.hibernate.type.BasicTypeRegistry     : Adding type registration ntext -> org.hibernate.type.BasicTypeReference@664db2ca
2025-10-01T18:53:41.204-05:00 DEBUG 19412 --- [snixTennis] [           main] org.hibernate.type.BasicTypeRegistry     : Adding type registration clob -> org.hibernate.type.BasicTypeReference@1491cd6c
2025-10-01T18:53:41.204-05:00 DEBUG 19412 --- [snixTennis] [           main] org.hibernate.type.BasicTypeRegistry     : Adding type registration java.sql.Clob -> org.hibernate.type.BasicTypeReference@1491cd6c
2025-10-01T18:53:41.204-05:00 DEBUG 19412 --- [snixTennis] [           main] org.hibernate.type.BasicTypeRegistry     : Adding type registration nclob -> org.hibernate.type.BasicTypeReference@423f8a73
2025-10-01T18:53:41.204-05:00 DEBUG 19412 --- [snixTennis] [           main] org.hibernate.type.BasicTypeRegistry     : Adding type registration java.sql.NClob -> org.hibernate.type.BasicTypeReference@423f8a73
2025-10-01T18:53:41.204-05:00 DEBUG 19412 --- [snixTennis] [           main] org.hibernate.type.BasicTypeRegistry     : Adding type registration materialized_clob -> org.hibernate.type.BasicTypeReference@1aedf08d
2025-10-01T18:53:41.204-05:00 DEBUG 19412 --- [snixTennis] [           main] org.hibernate.type.BasicTypeRegistry     : Adding type registration materialized_clob_char_array -> org.hibernate.type.BasicTypeReference@113dcaf8
2025-10-01T18:53:41.204-05:00 DEBUG 19412 --- [snixTennis] [           main] org.hibernate.type.BasicTypeRegistry     : Adding type registration materialized_clob_character_array -> org.hibernate.type.BasicTypeReference@b5d9f1e
2025-10-01T18:53:41.204-05:00 DEBUG 19412 --- [snixTennis] [           main] org.hibernate.type.BasicTypeRegistry     : Adding type registration materialized_nclob -> org.hibernate.type.BasicTypeReference@350ff014
2025-10-01T18:53:41.205-05:00 DEBUG 19412 --- [snixTennis] [           main] org.hibernate.type.BasicTypeRegistry     : Adding type registration materialized_nclob_character_array -> org.hibernate.type.BasicTypeReference@401317a0
2025-10-01T18:53:41.205-05:00 DEBUG 19412 --- [snixTennis] [           main] org.hibernate.type.BasicTypeRegistry     : Adding type registration materialized_nclob_char_array -> org.hibernate.type.BasicTypeReference@3f866f50
2025-10-01T18:53:41.205-05:00 DEBUG 19412 --- [snixTennis] [           main] org.hibernate.type.BasicTypeRegistry     : Adding type registration Duration -> org.hibernate.type.BasicTypeReference@5844a2d1
2025-10-01T18:53:41.205-05:00 DEBUG 19412 --- [snixTennis] [           main] org.hibernate.type.BasicTypeRegistry     : Adding type registration java.time.Duration -> org.hibernate.type.BasicTypeReference@5844a2d1
2025-10-01T18:53:41.205-05:00 DEBUG 19412 --- [snixTennis] [           main] org.hibernate.type.BasicTypeRegistry     : Adding type registration LocalDateTime -> org.hibernate.type.BasicTypeReference@1201769d
2025-10-01T18:53:41.205-05:00 DEBUG 19412 --- [snixTennis] [           main] org.hibernate.type.BasicTypeRegistry     : Adding type registration java.time.LocalDateTime -> org.hibernate.type.BasicTypeReference@1201769d
2025-10-01T18:53:41.205-05:00 DEBUG 19412 --- [snixTennis] [           main] org.hibernate.type.BasicTypeRegistry     : Adding type registration LocalDate -> org.hibernate.type.BasicTypeReference@4af7dd6a
2025-10-01T18:53:41.205-05:00 DEBUG 19412 --- [snixTennis] [           main] org.hibernate.type.BasicTypeRegistry     : Adding type registration java.time.LocalDate -> org.hibernate.type.BasicTypeReference@4af7dd6a
2025-10-01T18:53:41.206-05:00 DEBUG 19412 --- [snixTennis] [           main] org.hibernate.type.BasicTypeRegistry     : Adding type registration LocalTime -> org.hibernate.type.BasicTypeReference@4607d78b
2025-10-01T18:53:41.206-05:00 DEBUG 19412 --- [snixTennis] [           main] org.hibernate.type.BasicTypeRegistry     : Adding type registration java.time.LocalTime -> org.hibernate.type.BasicTypeReference@4607d78b
2025-10-01T18:53:41.206-05:00 DEBUG 19412 --- [snixTennis] [           main] org.hibernate.type.BasicTypeRegistry     : Adding type registration OffsetDateTime -> org.hibernate.type.BasicTypeReference@3b28b7b0
2025-10-01T18:53:41.206-05:00 DEBUG 19412 --- [snixTennis] [           main] org.hibernate.type.BasicTypeRegistry     : Adding type registration java.time.OffsetDateTime -> org.hibernate.type.BasicTypeReference@3b28b7b0
2025-10-01T18:53:41.206-05:00 DEBUG 19412 --- [snixTennis] [           main] org.hibernate.type.BasicTypeRegistry     : Adding type registration OffsetDateTimeWithTimezone -> org.hibernate.type.BasicTypeReference@22048bd6
2025-10-01T18:53:41.206-05:00 DEBUG 19412 --- [snixTennis] [           main] org.hibernate.type.BasicTypeRegistry     : Adding type registration OffsetDateTimeWithoutTimezone -> org.hibernate.type.BasicTypeReference@566c1e71
2025-10-01T18:53:41.206-05:00 DEBUG 19412 --- [snixTennis] [           main] org.hibernate.type.BasicTypeRegistry     : Adding type registration OffsetTime -> org.hibernate.type.BasicTypeReference@2e2f20b8
2025-10-01T18:53:41.206-05:00 DEBUG 19412 --- [snixTennis] [           main] org.hibernate.type.BasicTypeRegistry     : Adding type registration java.time.OffsetTime -> org.hibernate.type.BasicTypeReference@2e2f20b8
2025-10-01T18:53:41.206-05:00 DEBUG 19412 --- [snixTennis] [           main] org.hibernate.type.BasicTypeRegistry     : Adding type registration OffsetTimeUtc -> org.hibernate.type.BasicTypeReference@504497fa
2025-10-01T18:53:41.206-05:00 DEBUG 19412 --- [snixTennis] [           main] org.hibernate.type.BasicTypeRegistry     : Adding type registration OffsetTimeWithTimezone -> org.hibernate.type.BasicTypeReference@5618fc1f
2025-10-01T18:53:41.206-05:00 DEBUG 19412 --- [snixTennis] [           main] org.hibernate.type.BasicTypeRegistry     : Adding type registration OffsetTimeWithoutTimezone -> org.hibernate.type.BasicTypeReference@60b1ff3b
2025-10-01T18:53:41.206-05:00 DEBUG 19412 --- [snixTennis] [           main] org.hibernate.type.BasicTypeRegistry     : Adding type registration ZonedDateTime -> org.hibernate.type.BasicTypeReference@374c3975
2025-10-01T18:53:41.206-05:00 DEBUG 19412 --- [snixTennis] [           main] org.hibernate.type.BasicTypeRegistry     : Adding type registration java.time.ZonedDateTime -> org.hibernate.type.BasicTypeReference@374c3975
2025-10-01T18:53:41.207-05:00 DEBUG 19412 --- [snixTennis] [           main] org.hibernate.type.BasicTypeRegistry     : Adding type registration ZonedDateTimeWithTimezone -> org.hibernate.type.BasicTypeReference@43c39321
2025-10-01T18:53:41.207-05:00 DEBUG 19412 --- [snixTennis] [           main] org.hibernate.type.BasicTypeRegistry     : Adding type registration ZonedDateTimeWithoutTimezone -> org.hibernate.type.BasicTypeReference@52aa7742
2025-10-01T18:53:41.207-05:00 DEBUG 19412 --- [snixTennis] [           main] org.hibernate.type.BasicTypeRegistry     : Adding type registration date -> org.hibernate.type.BasicTypeReference@3d0d120b
2025-10-01T18:53:41.207-05:00 DEBUG 19412 --- [snixTennis] [           main] org.hibernate.type.BasicTypeRegistry     : Adding type registration java.sql.Date -> org.hibernate.type.BasicTypeReference@3d0d120b
2025-10-01T18:53:41.207-05:00 DEBUG 19412 --- [snixTennis] [           main] org.hibernate.type.BasicTypeRegistry     : Adding type registration time -> org.hibernate.type.BasicTypeReference@6b5c134e
2025-10-01T18:53:41.207-05:00 DEBUG 19412 --- [snixTennis] [           main] org.hibernate.type.BasicTypeRegistry     : Adding type registration java.sql.Time -> org.hibernate.type.BasicTypeReference@6b5c134e
2025-10-01T18:53:41.207-05:00 DEBUG 19412 --- [snixTennis] [           main] org.hibernate.type.BasicTypeRegistry     : Adding type registration timestamp -> org.hibernate.type.BasicTypeReference@34d9df9f
2025-10-01T18:53:41.207-05:00 DEBUG 19412 --- [snixTennis] [           main] org.hibernate.type.BasicTypeRegistry     : Adding type registration java.sql.Timestamp -> org.hibernate.type.BasicTypeReference@34d9df9f
2025-10-01T18:53:41.207-05:00 DEBUG 19412 --- [snixTennis] [           main] org.hibernate.type.BasicTypeRegistry     : Adding type registration java.util.Date -> org.hibernate.type.BasicTypeReference@34d9df9f
2025-10-01T18:53:41.207-05:00 DEBUG 19412 --- [snixTennis] [           main] org.hibernate.type.BasicTypeRegistry     : Adding type registration calendar -> org.hibernate.type.BasicTypeReference@35c8be21
2025-10-01T18:53:41.207-05:00 DEBUG 19412 --- [snixTennis] [           main] org.hibernate.type.BasicTypeRegistry     : Adding type registration java.util.Calendar -> org.hibernate.type.BasicTypeReference@35c8be21
2025-10-01T18:53:41.207-05:00 DEBUG 19412 --- [snixTennis] [           main] org.hibernate.type.BasicTypeRegistry     : Adding type registration java.util.GregorianCalendar -> org.hibernate.type.BasicTypeReference@35c8be21
2025-10-01T18:53:41.208-05:00 DEBUG 19412 --- [snixTennis] [           main] org.hibernate.type.BasicTypeRegistry     : Adding type registration calendar_date -> org.hibernate.type.BasicTypeReference@60807fd9
2025-10-01T18:53:41.208-05:00 DEBUG 19412 --- [snixTennis] [           main] org.hibernate.type.BasicTypeRegistry     : Adding type registration calendar_time -> org.hibernate.type.BasicTypeReference@1192c925
2025-10-01T18:53:41.208-05:00 DEBUG 19412 --- [snixTennis] [           main] org.hibernate.type.BasicTypeRegistry     : Adding type registration instant -> org.hibernate.type.BasicTypeReference@615b5480
2025-10-01T18:53:41.208-05:00 DEBUG 19412 --- [snixTennis] [           main] org.hibernate.type.BasicTypeRegistry     : Adding type registration java.time.Instant -> org.hibernate.type.BasicTypeReference@615b5480
2025-10-01T18:53:41.208-05:00 DEBUG 19412 --- [snixTennis] [           main] org.hibernate.type.BasicTypeRegistry     : Adding type registration uuid -> org.hibernate.type.BasicTypeReference@24691c5
2025-10-01T18:53:41.208-05:00 DEBUG 19412 --- [snixTennis] [           main] org.hibernate.type.BasicTypeRegistry     : Adding type registration java.util.UUID -> org.hibernate.type.BasicTypeReference@24691c5
2025-10-01T18:53:41.209-05:00 DEBUG 19412 --- [snixTennis] [           main] org.hibernate.type.BasicTypeRegistry     : Adding type registration pg-uuid -> org.hibernate.type.BasicTypeReference@24691c5
2025-10-01T18:53:41.209-05:00 DEBUG 19412 --- [snixTennis] [           main] org.hibernate.type.BasicTypeRegistry     : Adding type registration uuid-binary -> org.hibernate.type.BasicTypeReference@7b91d9f
2025-10-01T18:53:41.209-05:00 DEBUG 19412 --- [snixTennis] [           main] org.hibernate.type.BasicTypeRegistry     : Adding type registration uuid-char -> org.hibernate.type.BasicTypeReference@6537ac
2025-10-01T18:53:41.209-05:00 DEBUG 19412 --- [snixTennis] [           main] org.hibernate.type.BasicTypeRegistry     : Adding type registration class -> org.hibernate.type.BasicTypeReference@3b218c74
2025-10-01T18:53:41.209-05:00 DEBUG 19412 --- [snixTennis] [           main] org.hibernate.type.BasicTypeRegistry     : Adding type registration java.lang.Class -> org.hibernate.type.BasicTypeReference@3b218c74
2025-10-01T18:53:41.209-05:00 DEBUG 19412 --- [snixTennis] [           main] org.hibernate.type.BasicTypeRegistry     : Adding type registration currency -> org.hibernate.type.BasicTypeReference@ddffa6c
2025-10-01T18:53:41.209-05:00 DEBUG 19412 --- [snixTennis] [           main] org.hibernate.type.BasicTypeRegistry     : Adding type registration Currency -> org.hibernate.type.BasicTypeReference@ddffa6c
2025-10-01T18:53:41.209-05:00 DEBUG 19412 --- [snixTennis] [           main] org.hibernate.type.BasicTypeRegistry     : Adding type registration java.util.Currency -> org.hibernate.type.BasicTypeReference@ddffa6c
2025-10-01T18:53:41.209-05:00 DEBUG 19412 --- [snixTennis] [           main] org.hibernate.type.BasicTypeRegistry     : Adding type registration locale -> org.hibernate.type.BasicTypeReference@42c54bad
2025-10-01T18:53:41.209-05:00 DEBUG 19412 --- [snixTennis] [           main] org.hibernate.type.BasicTypeRegistry     : Adding type registration java.util.Locale -> org.hibernate.type.BasicTypeReference@42c54bad
2025-10-01T18:53:41.209-05:00 DEBUG 19412 --- [snixTennis] [           main] org.hibernate.type.BasicTypeRegistry     : Adding type registration serializable -> org.hibernate.type.BasicTypeReference@6bb4cc0e
2025-10-01T18:53:41.209-05:00 DEBUG 19412 --- [snixTennis] [           main] org.hibernate.type.BasicTypeRegistry     : Adding type registration java.io.Serializable -> org.hibernate.type.BasicTypeReference@6bb4cc0e
2025-10-01T18:53:41.209-05:00 DEBUG 19412 --- [snixTennis] [           main] org.hibernate.type.BasicTypeRegistry     : Adding type registration timezone -> org.hibernate.type.BasicTypeReference@5cc1bf20
2025-10-01T18:53:41.210-05:00 DEBUG 19412 --- [snixTennis] [           main] org.hibernate.type.BasicTypeRegistry     : Adding type registration java.util.TimeZone -> org.hibernate.type.BasicTypeReference@5cc1bf20
2025-10-01T18:53:41.210-05:00 DEBUG 19412 --- [snixTennis] [           main] org.hibernate.type.BasicTypeRegistry     : Adding type registration ZoneOffset -> org.hibernate.type.BasicTypeReference@2e3f324e
2025-10-01T18:53:41.210-05:00 DEBUG 19412 --- [snixTennis] [           main] org.hibernate.type.BasicTypeRegistry     : Adding type registration java.time.ZoneOffset -> org.hibernate.type.BasicTypeReference@2e3f324e
2025-10-01T18:53:41.210-05:00 DEBUG 19412 --- [snixTennis] [           main] org.hibernate.type.BasicTypeRegistry     : Adding type registration url -> org.hibernate.type.BasicTypeReference@46cf8c07
2025-10-01T18:53:41.210-05:00 DEBUG 19412 --- [snixTennis] [           main] org.hibernate.type.BasicTypeRegistry     : Adding type registration java.net.URL -> org.hibernate.type.BasicTypeReference@46cf8c07
2025-10-01T18:53:41.210-05:00 DEBUG 19412 --- [snixTennis] [           main] org.hibernate.type.BasicTypeRegistry     : Adding type registration vector -> org.hibernate.type.BasicTypeReference@b56ec6c
2025-10-01T18:53:41.210-05:00 DEBUG 19412 --- [snixTennis] [           main] org.hibernate.type.BasicTypeRegistry     : Adding type registration float_vector -> org.hibernate.type.BasicTypeReference@5abf6a99
2025-10-01T18:53:41.210-05:00 DEBUG 19412 --- [snixTennis] [           main] org.hibernate.type.BasicTypeRegistry     : Adding type registration double_vector -> org.hibernate.type.BasicTypeReference@dc59ec2
2025-10-01T18:53:41.210-05:00 DEBUG 19412 --- [snixTennis] [           main] org.hibernate.type.BasicTypeRegistry     : Adding type registration byte_vector -> org.hibernate.type.BasicTypeReference@375084c9
2025-10-01T18:53:41.210-05:00 DEBUG 19412 --- [snixTennis] [           main] org.hibernate.type.BasicTypeRegistry     : Adding type registration row_version -> org.hibernate.type.BasicTypeReference@bd93bc3
2025-10-01T18:53:41.215-05:00 DEBUG 19412 --- [snixTennis] [           main] org.hibernate.type.BasicTypeRegistry     : Adding type registration object -> org.hibernate.type.JavaObjectType@2bcda694
2025-10-01T18:53:41.215-05:00 DEBUG 19412 --- [snixTennis] [           main] org.hibernate.type.BasicTypeRegistry     : Adding type registration java.lang.Object -> org.hibernate.type.JavaObjectType@2bcda694
2025-10-01T18:53:41.216-05:00 DEBUG 19412 --- [snixTennis] [           main] org.hibernate.type.BasicTypeRegistry     : Adding type registration null -> org.hibernate.type.NullType@3a38e4dc
2025-10-01T18:53:41.216-05:00 DEBUG 19412 --- [snixTennis] [           main] org.hibernate.type.BasicTypeRegistry     : Adding type registration imm_date -> org.hibernate.type.BasicTypeReference@41fc0084
2025-10-01T18:53:41.216-05:00 DEBUG 19412 --- [snixTennis] [           main] org.hibernate.type.BasicTypeRegistry     : Adding type registration imm_time -> org.hibernate.type.BasicTypeReference@401788d5
2025-10-01T18:53:41.216-05:00 DEBUG 19412 --- [snixTennis] [           main] org.hibernate.type.BasicTypeRegistry     : Adding type registration imm_timestamp -> org.hibernate.type.BasicTypeReference@3ec9f8d
2025-10-01T18:53:41.216-05:00 DEBUG 19412 --- [snixTennis] [           main] org.hibernate.type.BasicTypeRegistry     : Adding type registration imm_calendar -> org.hibernate.type.BasicTypeReference@7e0f9528
2025-10-01T18:53:41.216-05:00 DEBUG 19412 --- [snixTennis] [           main] org.hibernate.type.BasicTypeRegistry     : Adding type registration imm_calendar_date -> org.hibernate.type.BasicTypeReference@5f56424d
2025-10-01T18:53:41.217-05:00 DEBUG 19412 --- [snixTennis] [           main] org.hibernate.type.BasicTypeRegistry     : Adding type registration imm_calendar_time -> org.hibernate.type.BasicTypeReference@237b2852
2025-10-01T18:53:41.217-05:00 DEBUG 19412 --- [snixTennis] [           main] org.hibernate.type.BasicTypeRegistry     : Adding type registration imm_binary -> org.hibernate.type.BasicTypeReference@448cdb47
2025-10-01T18:53:41.217-05:00 DEBUG 19412 --- [snixTennis] [           main] org.hibernate.type.BasicTypeRegistry     : Adding type registration imm_serializable -> org.hibernate.type.BasicTypeReference@4628a02b
2025-10-01T18:53:41.223-05:00 DEBUG 19412 --- [snixTennis] [           main] o.h.boot.internal.BootstrapContextImpl   : Injecting JPA temp ClassLoader [org.springframework.instrument.classloading.SimpleThrowawayClassLoader@1f949ab9] into BootstrapContext; was [null]
2025-10-01T18:53:41.223-05:00 DEBUG 19412 --- [snixTennis] [           main] o.h.boot.internal.ClassLoaderAccessImpl  : ClassLoaderAccessImpl#injectTempClassLoader(org.springframework.instrument.classloading.SimpleThrowawayClassLoader@1f949ab9) [was null]
2025-10-01T18:53:41.223-05:00 DEBUG 19412 --- [snixTennis] [           main] o.h.boot.internal.BootstrapContextImpl   : Injecting ScanEnvironment [org.hibernate.jpa.boot.internal.StandardJpaScanEnvironmentImpl@39f42d0e] into BootstrapContext; was [null]
2025-10-01T18:53:41.223-05:00 DEBUG 19412 --- [snixTennis] [           main] o.h.boot.internal.BootstrapContextImpl   : Injecting ScanOptions [org.hibernate.boot.archive.scan.internal.StandardScanOptions@47a3d56a] into BootstrapContext; was [org.hibernate.boot.archive.scan.internal.StandardScanOptions@3a209918]
2025-10-01T18:53:41.241-05:00 DEBUG 19412 --- [snixTennis] [           main] o.h.j.b.i.PersistenceUnitInfoDescriptor  : Pushing class transformers for PU named 'default' on loading classloader jdk.internal.loader.ClassLoaders$AppClassLoader@11a4022a
2025-10-01T18:53:41.442-05:00  INFO 19412 --- [snixTennis] [           main] o.s.o.j.p.SpringPersistenceUnitInfo      : No LoadTimeWeaver setup: ignoring JPA class transformer
2025-10-01T18:53:41.442-05:00 DEBUG 19412 --- [snixTennis] [           main] o.h.boot.internal.BootstrapContextImpl   : Injecting JPA temp ClassLoader [null] into BootstrapContext; was [org.springframework.instrument.classloading.SimpleThrowawayClassLoader@1f949ab9]
2025-10-01T18:53:41.442-05:00 DEBUG 19412 --- [snixTennis] [           main] o.h.boot.internal.ClassLoaderAccessImpl  : ClassLoaderAccessImpl#injectTempClassLoader(null) [was org.springframework.instrument.classloading.SimpleThrowawayClassLoader@1f949ab9]
2025-10-01T18:53:41.478-05:00  INFO 19412 --- [snixTennis] [           main] com.zaxxer.hikari.HikariDataSource       : HikariPool-1 - Starting...
2025-10-01T18:53:44.103-05:00  INFO 19412 --- [snixTennis] [           main] com.zaxxer.hikari.pool.HikariPool        : HikariPool-1 - Added connection com.mysql.cj.jdbc.ConnectionImpl@ad5cffa
2025-10-01T18:53:44.106-05:00  INFO 19412 --- [snixTennis] [           main] com.zaxxer.hikari.HikariDataSource       : HikariPool-1 - Start completed.
2025-10-01T18:53:44.112-05:00 DEBUG 19412 --- [snixTennis] [           main] o.h.e.j.e.i.JdbcEnvironmentInitiator     : Database ->
	   name : MySQL
	version : 11.8.3-MariaDB-log
	  major : 11
	  minor : 8
2025-10-01T18:53:44.112-05:00 DEBUG 19412 --- [snixTennis] [           main] o.h.e.j.e.i.JdbcEnvironmentInitiator     : Driver ->
	   name : MySQL Connector/J
	version : mysql-connector-j-9.2.0 (Revision: a3909bfeb62d5a517ab444bb88ba7ecf26100297)
	  major : 9
	  minor : 2
2025-10-01T18:53:44.112-05:00 DEBUG 19412 --- [snixTennis] [           main] o.h.e.j.e.i.JdbcEnvironmentInitiator     : JDBC version : 4.2
2025-10-01T18:53:44.684-05:00  WARN 19412 --- [snixTennis] [           main] o.h.e.j.e.i.JdbcEnvironmentInitiator     : HHH000339: Could not obtain connection metadata: java.sql.SQLSyntaxErrorException: Unknown column 'RESERVED' in 'WHERE'
2025-10-01T18:53:44.704-05:00  WARN 19412 --- [snixTennis] [           main] org.hibernate.orm.deprecation            : HHH90000025: MySQLDialect does not need to be specified explicitly using 'hibernate.dialect' (remove the property setting and it will be selected by default)
2025-10-01T18:53:44.705-05:00 DEBUG 19412 --- [snixTennis] [           main] org.hibernate.orm.dialect                : HHH035001: Using dialect: org.hibernate.dialect.MySQLDialect, version: 8.0
2025-10-01T18:53:44.709-05:00 DEBUG 19412 --- [snixTennis] [           main] o.h.e.j.env.spi.IdentifierHelperBuilder  : IdentifierCaseStrategy for both quoted and unquoted identifiers was set to the same strategy [MIXED]; that will likely lead to problems in schema update and validation if using quoted identifiers
2025-10-01T18:53:44.713-05:00 DEBUG 19412 --- [snixTennis] [           main] org.hibernate.orm.jdbc.lob               : HHH10010002: Disabling contextual LOB creation as connection was null
2025-10-01T18:53:44.716-05:00  INFO 19412 --- [snixTennis] [           main] org.hibernate.orm.connections.pooling    : HHH10001005: Database info:
	Database JDBC URL [Connecting through datasource 'HikariDataSource (HikariPool-1)']
	Database driver: undefined/unknown
	Database version: 8.0
	Autocommit mode: undefined/unknown
	Isolation level: undefined/unknown
	Minimum pool size: undefined/unknown
	Maximum pool size: undefined/unknown
2025-10-01T18:53:44.723-05:00 DEBUG 19412 --- [snixTennis] [           main] o.h.t.d.sql.spi.DdlTypeRegistry          : addDescriptor(12, org.hibernate.type.descriptor.sql.internal.CapacityDependentDdlType@620572db) replaced previous registration(org.hibernate.type.descriptor.sql.internal.CapacityDependentDdlType@1d5048d1)
2025-10-01T18:53:44.723-05:00 DEBUG 19412 --- [snixTennis] [           main] o.h.t.d.sql.spi.DdlTypeRegistry          : addDescriptor(-9, org.hibernate.type.descriptor.sql.internal.CapacityDependentDdlType@47d9c01) replaced previous registration(org.hibernate.type.descriptor.sql.internal.CapacityDependentDdlType@5358c8fa)
2025-10-01T18:53:44.723-05:00 DEBUG 19412 --- [snixTennis] [           main] o.h.t.d.sql.spi.DdlTypeRegistry          : addDescriptor(-3, org.hibernate.type.descriptor.sql.internal.CapacityDependentDdlType@1a02ebe0) replaced previous registration(org.hibernate.type.descriptor.sql.internal.CapacityDependentDdlType@58b3eb1)
2025-10-01T18:53:44.723-05:00 DEBUG 19412 --- [snixTennis] [           main] o.h.t.d.sql.spi.DdlTypeRegistry          : addDescriptor(4003, org.hibernate.type.descriptor.sql.internal.DdlTypeImpl@6d7e2795) replaced previous registration(org.hibernate.type.descriptor.sql.internal.DdlTypeImpl@78743dd8)
2025-10-01T18:53:44.723-05:00 DEBUG 19412 --- [snixTennis] [           main] o.h.t.d.sql.spi.DdlTypeRegistry          : addDescriptor(4001, org.hibernate.type.descriptor.sql.internal.DdlTypeImpl@752494dd) replaced previous registration(org.hibernate.type.descriptor.sql.internal.DdlTypeImpl@2986427e)
2025-10-01T18:53:44.723-05:00 DEBUG 19412 --- [snixTennis] [           main] o.h.t.d.sql.spi.DdlTypeRegistry          : addDescriptor(4002, org.hibernate.type.descriptor.sql.internal.DdlTypeImpl@35d88a54) replaced previous registration(org.hibernate.type.descriptor.sql.internal.DdlTypeImpl@6c1bebca)
2025-10-01T18:53:44.723-05:00 DEBUG 19412 --- [snixTennis] [           main] o.h.t.d.sql.spi.DdlTypeRegistry          : addDescriptor(2004, org.hibernate.type.descriptor.sql.internal.CapacityDependentDdlType@3d4818e8) replaced previous registration(org.hibernate.type.descriptor.sql.internal.DdlTypeImpl@26c6288d)
2025-10-01T18:53:44.723-05:00 DEBUG 19412 --- [snixTennis] [           main] o.h.t.d.sql.spi.DdlTypeRegistry          : addDescriptor(2005, org.hibernate.type.descriptor.sql.internal.CapacityDependentDdlType@57bd9c2b) replaced previous registration(org.hibernate.type.descriptor.sql.internal.DdlTypeImpl@644b68ad)
2025-10-01T18:53:44.723-05:00 DEBUG 19412 --- [snixTennis] [           main] o.h.t.d.sql.spi.DdlTypeRegistry          : addDescriptor(2011, org.hibernate.type.descriptor.sql.internal.CapacityDependentDdlType@1939a394) replaced previous registration(org.hibernate.type.descriptor.sql.internal.DdlTypeImpl@e2c627e)
2025-10-01T18:53:44.726-05:00 DEBUG 19412 --- [snixTennis] [           main] o.h.t.d.jdbc.spi.JdbcTypeRegistry        : addDescriptor(NCharTypeDescriptor) replaced previous registration(CharTypeDescriptor)
2025-10-01T18:53:44.726-05:00 DEBUG 19412 --- [snixTennis] [           main] o.h.t.d.jdbc.spi.JdbcTypeRegistry        : addDescriptor(NVarcharTypeDescriptor) replaced previous registration(VarcharTypeDescriptor)
2025-10-01T18:53:44.727-05:00 DEBUG 19412 --- [snixTennis] [           main] o.h.t.d.jdbc.spi.JdbcTypeRegistry        : addDescriptor(LongNVarcharTypeDescriptor) replaced previous registration(LongVarcharTypeDescriptor)
2025-10-01T18:53:44.729-05:00 DEBUG 19412 --- [snixTennis] [           main] o.h.t.d.jdbc.spi.JdbcTypeRegistry        : addDescriptor(NClobTypeDescriptor(DEFAULT)) replaced previous registration(ClobTypeDescriptor(DEFAULT))
2025-10-01T18:53:44.733-05:00 DEBUG 19412 --- [snixTennis] [           main] org.hibernate.type.BasicTypeRegistry     : Adding type registration null -> org.hibernate.type.NullType@79144d0e
2025-10-01T18:53:44.733-05:00 DEBUG 19412 --- [snixTennis] [           main] org.hibernate.type.BasicTypeRegistry     : Type registration key [null] overrode previous entry : `org.hibernate.type.NullType@3a38e4dc`
2025-10-01T18:53:44.737-05:00 DEBUG 19412 --- [snixTennis] [           main] org.hibernate.type.BasicTypeRegistry     : Adding type registration org.hibernate.type.DurationType -> basicType@1(java.time.Duration,3015)
2025-10-01T18:53:44.737-05:00 DEBUG 19412 --- [snixTennis] [           main] org.hibernate.type.BasicTypeRegistry     : Adding type registration Duration -> basicType@1(java.time.Duration,3015)
2025-10-01T18:53:44.737-05:00 DEBUG 19412 --- [snixTennis] [           main] org.hibernate.type.BasicTypeRegistry     : Adding type registration java.time.Duration -> basicType@1(java.time.Duration,3015)
2025-10-01T18:53:44.740-05:00 DEBUG 19412 --- [snixTennis] [           main] org.hibernate.type.BasicTypeRegistry     : Adding type registration org.hibernate.type.OffsetDateTimeType -> basicType@2(java.time.OffsetDateTime,3003)
2025-10-01T18:53:44.740-05:00 DEBUG 19412 --- [snixTennis] [           main] org.hibernate.type.BasicTypeRegistry     : Adding type registration OffsetDateTime -> basicType@2(java.time.OffsetDateTime,3003)
2025-10-01T18:53:44.740-05:00 DEBUG 19412 --- [snixTennis] [           main] org.hibernate.type.BasicTypeRegistry     : Adding type registration java.time.OffsetDateTime -> basicType@2(java.time.OffsetDateTime,3003)
2025-10-01T18:53:44.740-05:00 DEBUG 19412 --- [snixTennis] [           main] org.hibernate.type.BasicTypeRegistry     : Adding type registration org.hibernate.type.ZonedDateTimeType -> basicType@3(java.time.ZonedDateTime,3003)
2025-10-01T18:53:44.740-05:00 DEBUG 19412 --- [snixTennis] [           main] org.hibernate.type.BasicTypeRegistry     : Adding type registration ZonedDateTime -> basicType@3(java.time.ZonedDateTime,3003)
2025-10-01T18:53:44.740-05:00 DEBUG 19412 --- [snixTennis] [           main] org.hibernate.type.BasicTypeRegistry     : Adding type registration java.time.ZonedDateTime -> basicType@3(java.time.ZonedDateTime,3003)
2025-10-01T18:53:44.741-05:00 DEBUG 19412 --- [snixTennis] [           main] org.hibernate.type.BasicTypeRegistry     : Adding type registration org.hibernate.type.OffsetTimeType -> basicType@4(java.time.OffsetTime,3007)
2025-10-01T18:53:44.741-05:00 DEBUG 19412 --- [snixTennis] [           main] org.hibernate.type.BasicTypeRegistry     : Adding type registration OffsetTime -> basicType@4(java.time.OffsetTime,3007)
2025-10-01T18:53:44.741-05:00 DEBUG 19412 --- [snixTennis] [           main] org.hibernate.type.BasicTypeRegistry     : Adding type registration java.time.OffsetTime -> basicType@4(java.time.OffsetTime,3007)
2025-10-01T18:53:44.742-05:00 DEBUG 19412 --- [snixTennis] [           main] o.h.type.spi.TypeConfiguration$Scope     : Scoping TypeConfiguration [org.hibernate.type.spi.TypeConfiguration@7e1762e6] to MetadataBuildingContext [org.hibernate.boot.internal.MetadataBuildingContextRootImpl@5bccaedb]
2025-10-01T18:53:44.780-05:00 DEBUG 19412 --- [snixTennis] [           main] o.h.boot.model.relational.Namespace      : Created database namespace [logicalName=Name{catalog=null, schema=null}, physicalName=Name{catalog=null, schema=null}]
2025-10-01T18:53:44.807-05:00 DEBUG 19412 --- [snixTennis] [           main] o.h.boot.model.internal.EntityBinder     : Binding entity from annotated class: snix.snixtennis.entidades.Archivo
2025-10-01T18:53:44.813-05:00 DEBUG 19412 --- [snixTennis] [           main] o.h.boot.model.internal.EntityBinder     : Import with entity name Archivo
2025-10-01T18:53:44.820-05:00 DEBUG 19412 --- [snixTennis] [           main] o.h.boot.model.internal.EntityBinder     : Bind entity snix.snixtennis.entidades.Archivo on table archivo
2025-10-01T18:53:44.829-05:00 DEBUG 19412 --- [snixTennis] [           main] o.h.boot.model.internal.AnnotatedColumn  : Binding column: AnnotatedDiscriminatorColumn(column='DTYPE')
2025-10-01T18:53:44.845-05:00 DEBUG 19412 --- [snixTennis] [           main] o.h.boot.model.internal.AnnotatedColumn  : Binding column: AnnotatedColumn()
2025-10-01T18:53:44.846-05:00 DEBUG 19412 --- [snixTennis] [           main] o.h.boot.internal.ClassLoaderAccessImpl  : Not known whether passed class name [snix.snixtennis.entidades.Archivo] is safe
2025-10-01T18:53:44.846-05:00 DEBUG 19412 --- [snixTennis] [           main] o.h.boot.internal.ClassLoaderAccessImpl  : No temp ClassLoader provided; using live ClassLoader for loading potentially unsafe class : snix.snixtennis.entidades.Archivo
2025-10-01T18:53:44.849-05:00 DEBUG 19412 --- [snixTennis] [           main] o.h.boot.model.internal.PropertyBinder   : MetadataSourceProcessor property id with lazy=false
2025-10-01T18:53:44.853-05:00 DEBUG 19412 --- [snixTennis] [           main] o.h.b.m.internal.AbstractPropertyHolder  : Attempting to locate auto-apply AttributeConverter for property [snix.snixtennis.entidades.Archivo:id]
2025-10-01T18:53:44.858-05:00 DEBUG 19412 --- [snixTennis] [           main] o.h.b.model.internal.BasicValueBinder    : building BasicValue for id
2025-10-01T18:53:44.860-05:00 DEBUG 19412 --- [snixTennis] [           main] org.hibernate.mapping.BasicValue         : Skipping column re-registration: archivo.id
2025-10-01T18:53:44.861-05:00 DEBUG 19412 --- [snixTennis] [           main] o.h.boot.model.internal.PropertyBinder   : Building property id
2025-10-01T18:53:44.864-05:00 DEBUG 19412 --- [snixTennis] [           main] o.h.boot.model.internal.BinderHelper     : #makeIdGenerator(BasicValue([Column(id)]), id, org.hibernate.id.UUIDGenerator, , ...)
2025-10-01T18:53:44.865-05:00 DEBUG 19412 --- [snixTennis] [           main] o.h.boot.model.internal.AnnotatedColumn  : Binding column: AnnotatedColumn()
2025-10-01T18:53:44.865-05:00 DEBUG 19412 --- [snixTennis] [           main] o.h.boot.model.internal.PropertyBinder   : MetadataSourceProcessor property fileName with lazy=false
2025-10-01T18:53:44.865-05:00 DEBUG 19412 --- [snixTennis] [           main] o.h.b.m.internal.AbstractPropertyHolder  : Attempting to locate auto-apply AttributeConverter for property [snix.snixtennis.entidades.Archivo:fileName]
2025-10-01T18:53:44.865-05:00 DEBUG 19412 --- [snixTennis] [           main] o.h.b.model.internal.BasicValueBinder    : building BasicValue for fileName
2025-10-01T18:53:44.865-05:00 DEBUG 19412 --- [snixTennis] [           main] org.hibernate.mapping.BasicValue         : Skipping column re-registration: archivo.file_name
2025-10-01T18:53:44.865-05:00 DEBUG 19412 --- [snixTennis] [           main] o.h.boot.model.internal.PropertyBinder   : Building property fileName
2025-10-01T18:53:44.866-05:00 DEBUG 19412 --- [snixTennis] [           main] o.h.boot.model.internal.AnnotatedColumn  : Binding column: AnnotatedColumn()
2025-10-01T18:53:44.866-05:00 DEBUG 19412 --- [snixTennis] [           main] o.h.boot.model.internal.PropertyBinder   : MetadataSourceProcessor property fileType with lazy=false
2025-10-01T18:53:44.866-05:00 DEBUG 19412 --- [snixTennis] [           main] o.h.b.m.internal.AbstractPropertyHolder  : Attempting to locate auto-apply AttributeConverter for property [snix.snixtennis.entidades.Archivo:fileType]
2025-10-01T18:53:44.866-05:00 DEBUG 19412 --- [snixTennis] [           main] o.h.b.model.internal.BasicValueBinder    : building BasicValue for fileType
2025-10-01T18:53:44.866-05:00 DEBUG 19412 --- [snixTennis] [           main] org.hibernate.mapping.BasicValue         : Skipping column re-registration: archivo.file_type
2025-10-01T18:53:44.866-05:00 DEBUG 19412 --- [snixTennis] [           main] o.h.boot.model.internal.PropertyBinder   : Building property fileType
2025-10-01T18:53:44.867-05:00 DEBUG 19412 --- [snixTennis] [           main] o.h.boot.model.internal.AnnotatedColumn  : Binding column: AnnotatedJoinColumn(column='producto')
2025-10-01T18:53:44.868-05:00 DEBUG 19412 --- [snixTennis] [           main] o.h.boot.model.internal.AnnotatedColumn  : Binding column: AnnotatedColumn()
2025-10-01T18:53:44.871-05:00 DEBUG 19412 --- [snixTennis] [           main] o.h.boot.model.internal.PropertyBinder   : Building property producto
2025-10-01T18:53:44.871-05:00 DEBUG 19412 --- [snixTennis] [           main] o.h.boot.model.internal.AnnotatedColumn  : Binding column: AnnotatedColumn()
2025-10-01T18:53:44.872-05:00 DEBUG 19412 --- [snixTennis] [           main] o.h.boot.model.internal.PropertyBinder   : MetadataSourceProcessor property ruta with lazy=false
2025-10-01T18:53:44.872-05:00 DEBUG 19412 --- [snixTennis] [           main] o.h.b.m.internal.AbstractPropertyHolder  : Attempting to locate auto-apply AttributeConverter for property [snix.snixtennis.entidades.Archivo:ruta]
2025-10-01T18:53:44.872-05:00 DEBUG 19412 --- [snixTennis] [           main] o.h.b.model.internal.BasicValueBinder    : building BasicValue for ruta
2025-10-01T18:53:44.872-05:00 DEBUG 19412 --- [snixTennis] [           main] org.hibernate.mapping.BasicValue         : Skipping column re-registration: archivo.ruta
2025-10-01T18:53:44.872-05:00 DEBUG 19412 --- [snixTennis] [           main] o.h.boot.model.internal.PropertyBinder   : Building property ruta
2025-10-01T18:53:44.873-05:00 DEBUG 19412 --- [snixTennis] [           main] o.h.b.r.c.i.ClassLoaderServiceImpl       : HHH000194: Package not found or no package-info.java: snix.snixtennis.entidades
2025-10-01T18:53:44.877-05:00 DEBUG 19412 --- [snixTennis] [           main] o.h.boot.model.internal.EntityBinder     : Binding entity from annotated class: snix.snixtennis.entidades.Combos
2025-10-01T18:53:44.878-05:00 DEBUG 19412 --- [snixTennis] [           main] o.h.boot.model.internal.EntityBinder     : Import with entity name Combos
2025-10-01T18:53:44.878-05:00 DEBUG 19412 --- [snixTennis] [           main] o.h.boot.model.internal.EntityBinder     : Bind entity snix.snixtennis.entidades.Combos on table combos
2025-10-01T18:53:44.878-05:00 DEBUG 19412 --- [snixTennis] [           main] o.h.boot.model.internal.AnnotatedColumn  : Binding column: AnnotatedDiscriminatorColumn(column='DTYPE')
2025-10-01T18:53:44.878-05:00 DEBUG 19412 --- [snixTennis] [           main] o.h.boot.model.internal.AnnotatedColumn  : Binding column: AnnotatedColumn()
2025-10-01T18:53:44.878-05:00 DEBUG 19412 --- [snixTennis] [           main] o.h.boot.internal.ClassLoaderAccessImpl  : Not known whether passed class name [snix.snixtennis.entidades.Combos] is safe
2025-10-01T18:53:44.878-05:00 DEBUG 19412 --- [snixTennis] [           main] o.h.boot.internal.ClassLoaderAccessImpl  : No temp ClassLoader provided; using live ClassLoader for loading potentially unsafe class : snix.snixtennis.entidades.Combos
2025-10-01T18:53:44.879-05:00 DEBUG 19412 --- [snixTennis] [           main] o.h.boot.model.internal.PropertyBinder   : MetadataSourceProcessor property id with lazy=false
2025-10-01T18:53:44.879-05:00 DEBUG 19412 --- [snixTennis] [           main] o.h.b.m.internal.AbstractPropertyHolder  : Attempting to locate auto-apply AttributeConverter for property [snix.snixtennis.entidades.Combos:id]
2025-10-01T18:53:44.879-05:00 DEBUG 19412 --- [snixTennis] [           main] o.h.b.model.internal.BasicValueBinder    : building BasicValue for id
2025-10-01T18:53:44.879-05:00 DEBUG 19412 --- [snixTennis] [           main] org.hibernate.mapping.BasicValue         : Skipping column re-registration: combos.id
2025-10-01T18:53:44.879-05:00 DEBUG 19412 --- [snixTennis] [           main] o.h.boot.model.internal.PropertyBinder   : Building property id
2025-10-01T18:53:44.879-05:00 DEBUG 19412 --- [snixTennis] [           main] o.h.boot.model.internal.AnnotatedColumn  : Binding column: AnnotatedColumn()
2025-10-01T18:53:44.879-05:00 DEBUG 19412 --- [snixTennis] [           main] o.h.boot.model.internal.PropertyBinder   : MetadataSourceProcessor property id2 with lazy=false
2025-10-01T18:53:44.879-05:00 DEBUG 19412 --- [snixTennis] [           main] o.h.b.m.internal.AbstractPropertyHolder  : Attempting to locate auto-apply AttributeConverter for property [snix.snixtennis.entidades.Combos:id2]
2025-10-01T18:53:44.879-05:00 DEBUG 19412 --- [snixTennis] [           main] o.h.b.model.internal.BasicValueBinder    : building BasicValue for id2
2025-10-01T18:53:44.879-05:00 DEBUG 19412 --- [snixTennis] [           main] org.hibernate.mapping.BasicValue         : Skipping column re-registration: combos.id2
2025-10-01T18:53:44.879-05:00 DEBUG 19412 --- [snixTennis] [           main] o.h.boot.model.internal.PropertyBinder   : Building property id2
2025-10-01T18:53:44.879-05:00 DEBUG 19412 --- [snixTennis] [           main] o.h.boot.model.internal.AnnotatedColumn  : Binding column: AnnotatedColumn()
2025-10-01T18:53:44.880-05:00 DEBUG 19412 --- [snixTennis] [           main] o.h.boot.model.internal.PropertyBinder   : MetadataSourceProcessor property precio with lazy=false
2025-10-01T18:53:44.880-05:00 DEBUG 19412 --- [snixTennis] [           main] o.h.b.m.internal.AbstractPropertyHolder  : Attempting to locate auto-apply AttributeConverter for property [snix.snixtennis.entidades.Combos:precio]
2025-10-01T18:53:44.880-05:00 DEBUG 19412 --- [snixTennis] [           main] o.h.b.model.internal.BasicValueBinder    : building BasicValue for precio
2025-10-01T18:53:44.880-05:00 DEBUG 19412 --- [snixTennis] [           main] org.hibernate.mapping.BasicValue         : Skipping column re-registration: combos.precio
2025-10-01T18:53:44.880-05:00 DEBUG 19412 --- [snixTennis] [           main] o.h.boot.model.internal.PropertyBinder   : Building property precio
2025-10-01T18:53:44.880-05:00 DEBUG 19412 --- [snixTennis] [           main] o.h.boot.model.internal.AnnotatedColumn  : Binding column: AnnotatedColumn()
2025-10-01T18:53:44.880-05:00 DEBUG 19412 --- [snixTennis] [           main] o.h.boot.model.internal.PropertyBinder   : MetadataSourceProcessor property productos with lazy=false
2025-10-01T18:53:44.880-05:00 DEBUG 19412 --- [snixTennis] [           main] o.h.b.m.internal.AbstractPropertyHolder  : Attempting to locate auto-apply AttributeConverter for property [snix.snixtennis.entidades.Combos:productos]
2025-10-01T18:53:44.880-05:00 DEBUG 19412 --- [snixTennis] [           main] o.h.b.model.internal.BasicValueBinder    : building BasicValue for productos
2025-10-01T18:53:44.880-05:00 DEBUG 19412 --- [snixTennis] [           main] org.hibernate.mapping.BasicValue         : Skipping column re-registration: combos.productos
2025-10-01T18:53:44.880-05:00 DEBUG 19412 --- [snixTennis] [           main] o.h.boot.model.internal.PropertyBinder   : Building property productos
2025-10-01T18:53:44.880-05:00 DEBUG 19412 --- [snixTennis] [           main] o.h.boot.model.internal.AnnotatedColumn  : Binding column: AnnotatedColumn()
2025-10-01T18:53:44.880-05:00 DEBUG 19412 --- [snixTennis] [           main] o.h.boot.model.internal.PropertyBinder   : MetadataSourceProcessor property promo with lazy=false
2025-10-01T18:53:44.880-05:00 DEBUG 19412 --- [snixTennis] [           main] o.h.b.m.internal.AbstractPropertyHolder  : Attempting to locate auto-apply AttributeConverter for property [snix.snixtennis.entidades.Combos:promo]
2025-10-01T18:53:44.880-05:00 DEBUG 19412 --- [snixTennis] [           main] o.h.b.model.internal.BasicValueBinder    : building BasicValue for promo
2025-10-01T18:53:44.880-05:00 DEBUG 19412 --- [snixTennis] [           main] org.hibernate.mapping.BasicValue         : Skipping column re-registration: combos.promo
2025-10-01T18:53:44.881-05:00 DEBUG 19412 --- [snixTennis] [           main] o.h.boot.model.internal.PropertyBinder   : Building property promo
2025-10-01T18:53:44.881-05:00 DEBUG 19412 --- [snixTennis] [           main] o.h.boot.model.internal.AnnotatedColumn  : Binding column: AnnotatedColumn()
2025-10-01T18:53:44.881-05:00 DEBUG 19412 --- [snixTennis] [           main] o.h.boot.model.internal.PropertyBinder   : MetadataSourceProcessor property url with lazy=false
2025-10-01T18:53:44.881-05:00 DEBUG 19412 --- [snixTennis] [           main] o.h.b.m.internal.AbstractPropertyHolder  : Attempting to locate auto-apply AttributeConverter for property [snix.snixtennis.entidades.Combos:url]
2025-10-01T18:53:44.881-05:00 DEBUG 19412 --- [snixTennis] [           main] o.h.b.model.internal.BasicValueBinder    : building BasicValue for url
2025-10-01T18:53:44.881-05:00 DEBUG 19412 --- [snixTennis] [           main] org.hibernate.mapping.BasicValue         : Skipping column re-registration: combos.url
2025-10-01T18:53:44.881-05:00 DEBUG 19412 --- [snixTennis] [           main] o.h.boot.model.internal.PropertyBinder   : Building property url
2025-10-01T18:53:44.881-05:00 DEBUG 19412 --- [snixTennis] [           main] o.h.b.r.c.i.ClassLoaderServiceImpl       : HHH000194: Package not found or no package-info.java: snix.snixtennis.entidades
2025-10-01T18:53:44.882-05:00 DEBUG 19412 --- [snixTennis] [           main] o.h.boot.model.internal.EntityBinder     : Binding entity from annotated class: snix.snixtennis.entidades.InformacionCliente
2025-10-01T18:53:44.882-05:00 DEBUG 19412 --- [snixTennis] [           main] o.h.boot.model.internal.EntityBinder     : Import with entity name InformacionCliente
2025-10-01T18:53:44.882-05:00 DEBUG 19412 --- [snixTennis] [           main] o.h.boot.model.internal.EntityBinder     : Bind entity snix.snixtennis.entidades.InformacionCliente on table informacion_cliente
2025-10-01T18:53:44.882-05:00 DEBUG 19412 --- [snixTennis] [           main] o.h.boot.model.internal.AnnotatedColumn  : Binding column: AnnotatedDiscriminatorColumn(column='DTYPE')
2025-10-01T18:53:44.884-05:00 DEBUG 19412 --- [snixTennis] [           main] o.h.boot.model.internal.AnnotatedColumn  : Binding column: AnnotatedColumn()
2025-10-01T18:53:44.884-05:00 DEBUG 19412 --- [snixTennis] [           main] o.h.boot.internal.ClassLoaderAccessImpl  : Not known whether passed class name [snix.snixtennis.entidades.InformacionCliente] is safe
2025-10-01T18:53:44.884-05:00 DEBUG 19412 --- [snixTennis] [           main] o.h.boot.internal.ClassLoaderAccessImpl  : No temp ClassLoader provided; using live ClassLoader for loading potentially unsafe class : snix.snixtennis.entidades.InformacionCliente
2025-10-01T18:53:44.884-05:00 DEBUG 19412 --- [snixTennis] [           main] o.h.boot.model.internal.PropertyBinder   : MetadataSourceProcessor property id with lazy=false
2025-10-01T18:53:44.884-05:00 DEBUG 19412 --- [snixTennis] [           main] o.h.b.m.internal.AbstractPropertyHolder  : Attempting to locate auto-apply AttributeConverter for property [snix.snixtennis.entidades.InformacionCliente:id]
2025-10-01T18:53:44.884-05:00 DEBUG 19412 --- [snixTennis] [           main] o.h.b.model.internal.BasicValueBinder    : building BasicValue for id
2025-10-01T18:53:44.884-05:00 DEBUG 19412 --- [snixTennis] [           main] org.hibernate.mapping.BasicValue         : Skipping column re-registration: informacion_cliente.id
2025-10-01T18:53:44.884-05:00 DEBUG 19412 --- [snixTennis] [           main] o.h.boot.model.internal.PropertyBinder   : Building property id
2025-10-01T18:53:44.884-05:00 DEBUG 19412 --- [snixTennis] [           main] o.h.boot.model.internal.BinderHelper     : #makeIdGenerator(BasicValue([Column(id)]), id, org.hibernate.id.UUIDGenerator, , ...)
2025-10-01T18:53:44.885-05:00 DEBUG 19412 --- [snixTennis] [           main] o.h.boot.model.internal.AnnotatedColumn  : Binding column: AnnotatedColumn()
2025-10-01T18:53:44.885-05:00 DEBUG 19412 --- [snixTennis] [           main] o.h.boot.model.internal.PropertyBinder   : MetadataSourceProcessor property autorizacion with lazy=false
2025-10-01T18:53:44.885-05:00 DEBUG 19412 --- [snixTennis] [           main] o.h.b.m.internal.AbstractPropertyHolder  : Attempting to locate auto-apply AttributeConverter for property [snix.snixtennis.entidades.InformacionCliente:autorizacion]
2025-10-01T18:53:44.885-05:00 DEBUG 19412 --- [snixTennis] [           main] o.h.b.model.internal.BasicValueBinder    : building BasicValue for autorizacion
2025-10-01T18:53:44.886-05:00 DEBUG 19412 --- [snixTennis] [           main] org.hibernate.mapping.BasicValue         : Skipping column re-registration: informacion_cliente.autorizacion
2025-10-01T18:53:44.886-05:00 DEBUG 19412 --- [snixTennis] [           main] o.h.boot.model.internal.PropertyBinder   : Building property autorizacion
2025-10-01T18:53:44.886-05:00 DEBUG 19412 --- [snixTennis] [           main] o.h.boot.model.internal.AnnotatedColumn  : Binding column: AnnotatedColumn()
2025-10-01T18:53:44.886-05:00 DEBUG 19412 --- [snixTennis] [           main] o.h.boot.model.internal.PropertyBinder   : MetadataSourceProcessor property ciudad with lazy=false
2025-10-01T18:53:44.886-05:00 DEBUG 19412 --- [snixTennis] [           main] o.h.b.m.internal.AbstractPropertyHolder  : Attempting to locate auto-apply AttributeConverter for property [snix.snixtennis.entidades.InformacionCliente:ciudad]
2025-10-01T18:53:44.886-05:00 DEBUG 19412 --- [snixTennis] [           main] o.h.b.model.internal.BasicValueBinder    : building BasicValue for ciudad
2025-10-01T18:53:44.886-05:00 DEBUG 19412 --- [snixTennis] [           main] org.hibernate.mapping.BasicValue         : Skipping column re-registration: informacion_cliente.ciudad
2025-10-01T18:53:44.886-05:00 DEBUG 19412 --- [snixTennis] [           main] o.h.boot.model.internal.PropertyBinder   : Building property ciudad
2025-10-01T18:53:44.886-05:00 DEBUG 19412 --- [snixTennis] [           main] o.h.boot.model.internal.AnnotatedColumn  : Binding column: AnnotatedColumn()
2025-10-01T18:53:44.886-05:00 DEBUG 19412 --- [snixTennis] [           main] o.h.boot.model.internal.PropertyBinder   : MetadataSourceProcessor property contacto with lazy=false
2025-10-01T18:53:44.886-05:00 DEBUG 19412 --- [snixTennis] [           main] o.h.b.m.internal.AbstractPropertyHolder  : Attempting to locate auto-apply AttributeConverter for property [snix.snixtennis.entidades.InformacionCliente:contacto]
2025-10-01T18:53:44.886-05:00 DEBUG 19412 --- [snixTennis] [           main] o.h.b.model.internal.BasicValueBinder    : building BasicValue for contacto
2025-10-01T18:53:44.886-05:00 DEBUG 19412 --- [snixTennis] [           main] org.hibernate.mapping.BasicValue         : Skipping column re-registration: informacion_cliente.contacto
2025-10-01T18:53:44.886-05:00 DEBUG 19412 --- [snixTennis] [           main] o.h.boot.model.internal.PropertyBinder   : Building property contacto
2025-10-01T18:53:44.887-05:00 DEBUG 19412 --- [snixTennis] [           main] o.h.boot.model.internal.AnnotatedColumn  : Binding column: AnnotatedColumn()
2025-10-01T18:53:44.887-05:00 DEBUG 19412 --- [snixTennis] [           main] o.h.boot.model.internal.PropertyBinder   : MetadataSourceProcessor property depto with lazy=false
2025-10-01T18:53:44.887-05:00 DEBUG 19412 --- [snixTennis] [           main] o.h.b.m.internal.AbstractPropertyHolder  : Attempting to locate auto-apply AttributeConverter for property [snix.snixtennis.entidades.InformacionCliente:depto]
2025-10-01T18:53:44.887-05:00 DEBUG 19412 --- [snixTennis] [           main] o.h.b.model.internal.BasicValueBinder    : building BasicValue for depto
2025-10-01T18:53:44.887-05:00 DEBUG 19412 --- [snixTennis] [           main] org.hibernate.mapping.BasicValue         : Skipping column re-registration: informacion_cliente.depto
2025-10-01T18:53:44.887-05:00 DEBUG 19412 --- [snixTennis] [           main] o.h.boot.model.internal.PropertyBinder   : Building property depto
2025-10-01T18:53:44.887-05:00 DEBUG 19412 --- [snixTennis] [           main] o.h.boot.model.internal.AnnotatedColumn  : Binding column: AnnotatedColumn()
2025-10-01T18:53:44.887-05:00 DEBUG 19412 --- [snixTennis] [           main] o.h.boot.model.internal.PropertyBinder   : MetadataSourceProcessor property direccion with lazy=false
2025-10-01T18:53:44.887-05:00 DEBUG 19412 --- [snixTennis] [           main] o.h.b.m.internal.AbstractPropertyHolder  : Attempting to locate auto-apply AttributeConverter for property [snix.snixtennis.entidades.InformacionCliente:direccion]
2025-10-01T18:53:44.887-05:00 DEBUG 19412 --- [snixTennis] [           main] o.h.b.model.internal.BasicValueBinder    : building BasicValue for direccion
2025-10-01T18:53:44.887-05:00 DEBUG 19412 --- [snixTennis] [           main] org.hibernate.mapping.BasicValue         : Skipping column re-registration: informacion_cliente.direccion
2025-10-01T18:53:44.887-05:00 DEBUG 19412 --- [snixTennis] [           main] o.h.boot.model.internal.PropertyBinder   : Building property direccion
2025-10-01T18:53:44.887-05:00 DEBUG 19412 --- [snixTennis] [           main] o.h.boot.model.internal.AnnotatedColumn  : Binding column: AnnotatedColumn()
2025-10-01T18:53:44.887-05:00 DEBUG 19412 --- [snixTennis] [           main] o.h.boot.model.internal.PropertyBinder   : MetadataSourceProcessor property email with lazy=false
2025-10-01T18:53:44.888-05:00 DEBUG 19412 --- [snixTennis] [           main] o.h.b.m.internal.AbstractPropertyHolder  : Attempting to locate auto-apply AttributeConverter for property [snix.snixtennis.entidades.InformacionCliente:email]
2025-10-01T18:53:44.888-05:00 DEBUG 19412 --- [snixTennis] [           main] o.h.b.model.internal.BasicValueBinder    : building BasicValue for email
2025-10-01T18:53:44.888-05:00 DEBUG 19412 --- [snixTennis] [           main] org.hibernate.mapping.BasicValue         : Skipping column re-registration: informacion_cliente.email
2025-10-01T18:53:44.888-05:00 DEBUG 19412 --- [snixTennis] [           main] o.h.boot.model.internal.PropertyBinder   : Building property email
2025-10-01T18:53:44.888-05:00 DEBUG 19412 --- [snixTennis] [           main] o.h.boot.model.internal.AnnotatedColumn  : Binding column: AnnotatedColumn()
2025-10-01T18:53:44.888-05:00 DEBUG 19412 --- [snixTennis] [           main] o.h.boot.model.internal.PropertyBinder   : MetadataSourceProcessor property nombre with lazy=false
2025-10-01T18:53:44.888-05:00 DEBUG 19412 --- [snixTennis] [           main] o.h.b.m.internal.AbstractPropertyHolder  : Attempting to locate auto-apply AttributeConverter for property [snix.snixtennis.entidades.InformacionCliente:nombre]
2025-10-01T18:53:44.888-05:00 DEBUG 19412 --- [snixTennis] [           main] o.h.b.model.internal.BasicValueBinder    : building BasicValue for nombre
2025-10-01T18:53:44.888-05:00 DEBUG 19412 --- [snixTennis] [           main] org.hibernate.mapping.BasicValue         : Skipping column re-registration: informacion_cliente.nombre
2025-10-01T18:53:44.888-05:00 DEBUG 19412 --- [snixTennis] [           main] o.h.boot.model.internal.PropertyBinder   : Building property nombre
2025-10-01T18:53:44.889-05:00 DEBUG 19412 --- [snixTennis] [           main] o.h.b.r.c.i.ClassLoaderServiceImpl       : HHH000194: Package not found or no package-info.java: snix.snixtennis.entidades
2025-10-01T18:53:44.889-05:00 DEBUG 19412 --- [snixTennis] [           main] o.h.boot.model.internal.EntityBinder     : Binding entity from annotated class: snix.snixtennis.entidades.Pedido
2025-10-01T18:53:44.889-05:00 DEBUG 19412 --- [snixTennis] [           main] o.h.boot.model.internal.EntityBinder     : Import with entity name Pedido
2025-10-01T18:53:44.889-05:00 DEBUG 19412 --- [snixTennis] [           main] o.h.boot.model.internal.EntityBinder     : Bind entity snix.snixtennis.entidades.Pedido on table pedido
2025-10-01T18:53:44.889-05:00 DEBUG 19412 --- [snixTennis] [           main] o.h.boot.model.internal.AnnotatedColumn  : Binding column: AnnotatedDiscriminatorColumn(column='DTYPE')
2025-10-01T18:53:44.891-05:00 DEBUG 19412 --- [snixTennis] [           main] o.h.boot.model.internal.AnnotatedColumn  : Binding column: AnnotatedColumn()
2025-10-01T18:53:44.891-05:00 DEBUG 19412 --- [snixTennis] [           main] o.h.boot.internal.ClassLoaderAccessImpl  : Not known whether passed class name [snix.snixtennis.entidades.Pedido] is safe
2025-10-01T18:53:44.891-05:00 DEBUG 19412 --- [snixTennis] [           main] o.h.boot.internal.ClassLoaderAccessImpl  : No temp ClassLoader provided; using live ClassLoader for loading potentially unsafe class : snix.snixtennis.entidades.Pedido
2025-10-01T18:53:44.891-05:00 DEBUG 19412 --- [snixTennis] [           main] o.h.boot.model.internal.PropertyBinder   : MetadataSourceProcessor property id with lazy=false
2025-10-01T18:53:44.891-05:00 DEBUG 19412 --- [snixTennis] [           main] o.h.b.m.internal.AbstractPropertyHolder  : Attempting to locate auto-apply AttributeConverter for property [snix.snixtennis.entidades.Pedido:id]
2025-10-01T18:53:44.891-05:00 DEBUG 19412 --- [snixTennis] [           main] o.h.b.model.internal.BasicValueBinder    : building BasicValue for id
2025-10-01T18:53:44.891-05:00 DEBUG 19412 --- [snixTennis] [           main] org.hibernate.mapping.BasicValue         : Skipping column re-registration: pedido.id
2025-10-01T18:53:44.891-05:00 DEBUG 19412 --- [snixTennis] [           main] o.h.boot.model.internal.PropertyBinder   : Building property id
2025-10-01T18:53:44.891-05:00 DEBUG 19412 --- [snixTennis] [           main] o.h.boot.model.internal.BinderHelper     : #makeIdGenerator(BasicValue([Column(id)]), id, org.hibernate.id.UUIDGenerator, , ...)
2025-10-01T18:53:44.891-05:00 DEBUG 19412 --- [snixTennis] [           main] o.h.boot.model.internal.AnnotatedColumn  : Binding column: AnnotatedColumn()
2025-10-01T18:53:44.892-05:00 DEBUG 19412 --- [snixTennis] [           main] o.h.boot.model.internal.PropertyBinder   : MetadataSourceProcessor property cantidad with lazy=false
2025-10-01T18:53:44.892-05:00 DEBUG 19412 --- [snixTennis] [           main] o.h.b.m.internal.AbstractPropertyHolder  : Attempting to locate auto-apply AttributeConverter for property [snix.snixtennis.entidades.Pedido:cantidad]
2025-10-01T18:53:44.892-05:00 DEBUG 19412 --- [snixTennis] [           main] o.h.b.model.internal.BasicValueBinder    : building BasicValue for cantidad
2025-10-01T18:53:44.892-05:00 DEBUG 19412 --- [snixTennis] [           main] org.hibernate.mapping.BasicValue         : Skipping column re-registration: pedido.cantidad
2025-10-01T18:53:44.892-05:00 DEBUG 19412 --- [snixTennis] [           main] o.h.boot.model.internal.PropertyBinder   : Building property cantidad
2025-10-01T18:53:44.892-05:00 DEBUG 19412 --- [snixTennis] [           main] o.h.boot.model.internal.AnnotatedColumn  : Binding column: AnnotatedJoinColumn()
2025-10-01T18:53:44.892-05:00 DEBUG 19412 --- [snixTennis] [           main] o.h.boot.model.internal.AnnotatedColumn  : Binding column: AnnotatedColumn()
2025-10-01T18:53:44.893-05:00 DEBUG 19412 --- [snixTennis] [           main] o.h.boot.model.internal.PropertyBinder   : Building property cliente
2025-10-01T18:53:44.893-05:00 DEBUG 19412 --- [snixTennis] [           main] o.h.boot.model.internal.AnnotatedColumn  : Binding column: AnnotatedColumn()
2025-10-01T18:53:44.893-05:00 DEBUG 19412 --- [snixTennis] [           main] o.h.boot.model.internal.PropertyBinder   : MetadataSourceProcessor property nombre with lazy=false
2025-10-01T18:53:44.893-05:00 DEBUG 19412 --- [snixTennis] [           main] o.h.b.m.internal.AbstractPropertyHolder  : Attempting to locate auto-apply AttributeConverter for property [snix.snixtennis.entidades.Pedido:nombre]
2025-10-01T18:53:44.893-05:00 DEBUG 19412 --- [snixTennis] [           main] o.h.b.model.internal.BasicValueBinder    : building BasicValue for nombre
2025-10-01T18:53:44.893-05:00 DEBUG 19412 --- [snixTennis] [           main] org.hibernate.mapping.BasicValue         : Skipping column re-registration: pedido.nombre
2025-10-01T18:53:44.893-05:00 DEBUG 19412 --- [snixTennis] [           main] o.h.boot.model.internal.PropertyBinder   : Building property nombre
2025-10-01T18:53:44.893-05:00 DEBUG 19412 --- [snixTennis] [           main] o.h.boot.model.internal.AnnotatedColumn  : Binding column: AnnotatedColumn()
2025-10-01T18:53:44.893-05:00 DEBUG 19412 --- [snixTennis] [           main] o.h.boot.model.internal.PropertyBinder   : MetadataSourceProcessor property total with lazy=false
2025-10-01T18:53:44.893-05:00 DEBUG 19412 --- [snixTennis] [           main] o.h.b.m.internal.AbstractPropertyHolder  : Attempting to locate auto-apply AttributeConverter for property [snix.snixtennis.entidades.Pedido:total]
2025-10-01T18:53:44.893-05:00 DEBUG 19412 --- [snixTennis] [           main] o.h.b.model.internal.BasicValueBinder    : building BasicValue for total
2025-10-01T18:53:44.893-05:00 DEBUG 19412 --- [snixTennis] [           main] org.hibernate.mapping.BasicValue         : Skipping column re-registration: pedido.total
2025-10-01T18:53:44.893-05:00 DEBUG 19412 --- [snixTennis] [           main] o.h.boot.model.internal.PropertyBinder   : Building property total
2025-10-01T18:53:44.894-05:00 DEBUG 19412 --- [snixTennis] [           main] o.h.b.r.c.i.ClassLoaderServiceImpl       : HHH000194: Package not found or no package-info.java: snix.snixtennis.entidades
2025-10-01T18:53:44.894-05:00 DEBUG 19412 --- [snixTennis] [           main] o.h.boot.model.internal.EntityBinder     : Binding entity from annotated class: snix.snixtennis.entidades.Producto
2025-10-01T18:53:44.894-05:00 DEBUG 19412 --- [snixTennis] [           main] o.h.boot.model.internal.EntityBinder     : Import with entity name Producto
2025-10-01T18:53:44.895-05:00 DEBUG 19412 --- [snixTennis] [           main] o.h.boot.model.internal.EntityBinder     : Bind entity snix.snixtennis.entidades.Producto on table producto
2025-10-01T18:53:44.895-05:00 DEBUG 19412 --- [snixTennis] [           main] o.h.boot.model.internal.AnnotatedColumn  : Binding column: AnnotatedDiscriminatorColumn(column='DTYPE')
2025-10-01T18:53:44.900-05:00 DEBUG 19412 --- [snixTennis] [           main] o.h.boot.model.internal.AnnotatedColumn  : Binding column: AnnotatedColumn()
2025-10-01T18:53:44.900-05:00 DEBUG 19412 --- [snixTennis] [           main] o.h.boot.internal.ClassLoaderAccessImpl  : Not known whether passed class name [snix.snixtennis.entidades.Producto] is safe
2025-10-01T18:53:44.900-05:00 DEBUG 19412 --- [snixTennis] [           main] o.h.boot.internal.ClassLoaderAccessImpl  : No temp ClassLoader provided; using live ClassLoader for loading potentially unsafe class : snix.snixtennis.entidades.Producto
2025-10-01T18:53:44.900-05:00 DEBUG 19412 --- [snixTennis] [           main] o.h.boot.model.internal.PropertyBinder   : MetadataSourceProcessor property id with lazy=false
2025-10-01T18:53:44.900-05:00 DEBUG 19412 --- [snixTennis] [           main] o.h.b.m.internal.AbstractPropertyHolder  : Attempting to locate auto-apply AttributeConverter for property [snix.snixtennis.entidades.Producto:id]
2025-10-01T18:53:44.900-05:00 DEBUG 19412 --- [snixTennis] [           main] o.h.b.model.internal.BasicValueBinder    : building BasicValue for id
2025-10-01T18:53:44.901-05:00 DEBUG 19412 --- [snixTennis] [           main] org.hibernate.mapping.BasicValue         : Skipping column re-registration: producto.id
2025-10-01T18:53:44.901-05:00 DEBUG 19412 --- [snixTennis] [           main] o.h.boot.model.internal.PropertyBinder   : Building property id
2025-10-01T18:53:44.901-05:00 DEBUG 19412 --- [snixTennis] [           main] o.h.boot.model.internal.AnnotatedColumn  : Binding column: AnnotatedColumn()
2025-10-01T18:53:44.901-05:00 DEBUG 19412 --- [snixTennis] [           main] o.h.boot.model.internal.PropertyBinder   : MetadataSourceProcessor property categoria with lazy=false
2025-10-01T18:53:44.901-05:00 DEBUG 19412 --- [snixTennis] [           main] o.h.b.m.internal.AbstractPropertyHolder  : Attempting to locate auto-apply AttributeConverter for property [snix.snixtennis.entidades.Producto:categoria]
2025-10-01T18:53:44.901-05:00 DEBUG 19412 --- [snixTennis] [           main] o.h.b.model.internal.BasicValueBinder    : building BasicValue for categoria
2025-10-01T18:53:44.901-05:00 DEBUG 19412 --- [snixTennis] [           main] org.hibernate.mapping.BasicValue         : Skipping column re-registration: producto.categoria
2025-10-01T18:53:44.901-05:00 DEBUG 19412 --- [snixTennis] [           main] o.h.boot.model.internal.PropertyBinder   : Building property categoria
2025-10-01T18:53:44.901-05:00 DEBUG 19412 --- [snixTennis] [           main] o.h.boot.model.internal.AnnotatedColumn  : Binding column: AnnotatedColumn()
2025-10-01T18:53:44.901-05:00 DEBUG 19412 --- [snixTennis] [           main] o.h.boot.model.internal.PropertyBinder   : MetadataSourceProcessor property color with lazy=false
2025-10-01T18:53:44.901-05:00 DEBUG 19412 --- [snixTennis] [           main] o.h.b.m.internal.AbstractPropertyHolder  : Attempting to locate auto-apply AttributeConverter for property [snix.snixtennis.entidades.Producto:color]
2025-10-01T18:53:44.901-05:00 DEBUG 19412 --- [snixTennis] [           main] o.h.b.model.internal.BasicValueBinder    : building BasicValue for color
2025-10-01T18:53:44.901-05:00 DEBUG 19412 --- [snixTennis] [           main] org.hibernate.mapping.BasicValue         : Skipping column re-registration: producto.color
2025-10-01T18:53:44.901-05:00 DEBUG 19412 --- [snixTennis] [           main] o.h.boot.model.internal.PropertyBinder   : Building property color
2025-10-01T18:53:44.901-05:00 DEBUG 19412 --- [snixTennis] [           main] o.h.boot.model.internal.AnnotatedColumn  : Binding column: AnnotatedColumn()
2025-10-01T18:53:44.901-05:00 DEBUG 19412 --- [snixTennis] [           main] o.h.boot.model.internal.PropertyBinder   : MetadataSourceProcessor property detalles with lazy=false
2025-10-01T18:53:44.901-05:00 DEBUG 19412 --- [snixTennis] [           main] o.h.b.m.internal.AbstractPropertyHolder  : Attempting to locate auto-apply AttributeConverter for property [snix.snixtennis.entidades.Producto:detalles]
2025-10-01T18:53:44.901-05:00 DEBUG 19412 --- [snixTennis] [           main] o.h.b.model.internal.BasicValueBinder    : building BasicValue for detalles
2025-10-01T18:53:44.902-05:00 DEBUG 19412 --- [snixTennis] [           main] org.hibernate.mapping.BasicValue         : Skipping column re-registration: producto.detalles
2025-10-01T18:53:44.902-05:00 DEBUG 19412 --- [snixTennis] [           main] o.h.boot.model.internal.PropertyBinder   : Building property detalles
2025-10-01T18:53:44.902-05:00 DEBUG 19412 --- [snixTennis] [           main] o.h.boot.model.internal.AnnotatedColumn  : Binding column: AnnotatedJoinColumn()
2025-10-01T18:53:44.902-05:00 DEBUG 19412 --- [snixTennis] [           main] o.h.boot.model.internal.AnnotatedColumn  : Binding column: AnnotatedColumn()
2025-10-01T18:53:44.916-05:00 DEBUG 19412 --- [snixTennis] [           main] o.h.boot.model.internal.AnnotatedColumn  : Binding column: IndexColumn(column='imagenes_ORDER')
2025-10-01T18:53:44.919-05:00 DEBUG 19412 --- [snixTennis] [           main] o.h.boot.model.internal.AnnotatedColumn  : Binding column: AnnotatedColumn()
2025-10-01T18:53:44.919-05:00 DEBUG 19412 --- [snixTennis] [           main] o.h.boot.model.internal.AnnotatedColumn  : Binding column: AnnotatedColumn(column='imagenes_KEY')
2025-10-01T18:53:44.920-05:00 DEBUG 19412 --- [snixTennis] [           main] o.h.boot.model.internal.AnnotatedColumn  : Binding column: AnnotatedJoinColumn(column='imagenes_KEY')
2025-10-01T18:53:44.920-05:00 DEBUG 19412 --- [snixTennis] [           main] o.h.boot.model.internal.AnnotatedColumn  : Binding column: AnnotatedJoinColumn()
2025-10-01T18:53:44.920-05:00 DEBUG 19412 --- [snixTennis] [           main] o.h.boot.model.internal.AnnotatedColumn  : Binding column: AnnotatedJoinColumn()
2025-10-01T18:53:44.922-05:00 DEBUG 19412 --- [snixTennis] [           main] o.h.b.model.internal.CollectionBinder    : Collection role: snix.snixtennis.entidades.Producto.imagenes
2025-10-01T18:53:44.924-05:00 DEBUG 19412 --- [snixTennis] [           main] o.h.boot.model.internal.PropertyBinder   : Building property imagenes
2025-10-01T18:53:44.924-05:00 DEBUG 19412 --- [snixTennis] [           main] o.h.boot.model.internal.AnnotatedColumn  : Binding column: AnnotatedColumn()
2025-10-01T18:53:44.924-05:00 DEBUG 19412 --- [snixTennis] [           main] o.h.boot.model.internal.PropertyBinder   : MetadataSourceProcessor property marca with lazy=false
2025-10-01T18:53:44.924-05:00 DEBUG 19412 --- [snixTennis] [           main] o.h.b.m.internal.AbstractPropertyHolder  : Attempting to locate auto-apply AttributeConverter for property [snix.snixtennis.entidades.Producto:marca]
2025-10-01T18:53:44.924-05:00 DEBUG 19412 --- [snixTennis] [           main] o.h.b.model.internal.BasicValueBinder    : building BasicValue for marca
2025-10-01T18:53:44.924-05:00 DEBUG 19412 --- [snixTennis] [           main] org.hibernate.mapping.BasicValue         : Skipping column re-registration: producto.marca
2025-10-01T18:53:44.924-05:00 DEBUG 19412 --- [snixTennis] [           main] o.h.boot.model.internal.PropertyBinder   : Building property marca
2025-10-01T18:53:44.925-05:00 DEBUG 19412 --- [snixTennis] [           main] o.h.boot.model.internal.AnnotatedColumn  : Binding column: AnnotatedColumn()
2025-10-01T18:53:44.925-05:00 DEBUG 19412 --- [snixTennis] [           main] o.h.boot.model.internal.PropertyBinder   : MetadataSourceProcessor property nombre with lazy=false
2025-10-01T18:53:44.925-05:00 DEBUG 19412 --- [snixTennis] [           main] o.h.b.m.internal.AbstractPropertyHolder  : Attempting to locate auto-apply AttributeConverter for property [snix.snixtennis.entidades.Producto:nombre]
2025-10-01T18:53:44.925-05:00 DEBUG 19412 --- [snixTennis] [           main] o.h.b.model.internal.BasicValueBinder    : building BasicValue for nombre
2025-10-01T18:53:44.925-05:00 DEBUG 19412 --- [snixTennis] [           main] org.hibernate.mapping.BasicValue         : Skipping column re-registration: producto.nombre
2025-10-01T18:53:44.925-05:00 DEBUG 19412 --- [snixTennis] [           main] o.h.boot.model.internal.PropertyBinder   : Building property nombre
2025-10-01T18:53:44.926-05:00 DEBUG 19412 --- [snixTennis] [           main] o.h.boot.model.internal.AnnotatedColumn  : Binding column: AnnotatedColumn()
2025-10-01T18:53:44.926-05:00 DEBUG 19412 --- [snixTennis] [           main] o.h.boot.model.internal.PropertyBinder   : MetadataSourceProcessor property precio with lazy=false
2025-10-01T18:53:44.926-05:00 DEBUG 19412 --- [snixTennis] [           main] o.h.b.m.internal.AbstractPropertyHolder  : Attempting to locate auto-apply AttributeConverter for property [snix.snixtennis.entidades.Producto:precio]
2025-10-01T18:53:44.926-05:00 DEBUG 19412 --- [snixTennis] [           main] o.h.b.model.internal.BasicValueBinder    : building BasicValue for precio
2025-10-01T18:53:44.926-05:00 DEBUG 19412 --- [snixTennis] [           main] org.hibernate.mapping.BasicValue         : Skipping column re-registration: producto.precio
2025-10-01T18:53:44.926-05:00 DEBUG 19412 --- [snixTennis] [           main] o.h.boot.model.internal.PropertyBinder   : Building property precio
2025-10-01T18:53:44.926-05:00 DEBUG 19412 --- [snixTennis] [           main] o.h.boot.model.internal.AnnotatedColumn  : Binding column: AnnotatedColumn()
2025-10-01T18:53:44.926-05:00 DEBUG 19412 --- [snixTennis] [           main] o.h.boot.model.internal.PropertyBinder   : MetadataSourceProcessor property rating with lazy=false
2025-10-01T18:53:44.926-05:00 DEBUG 19412 --- [snixTennis] [           main] o.h.b.m.internal.AbstractPropertyHolder  : Attempting to locate auto-apply AttributeConverter for property [snix.snixtennis.entidades.Producto:rating]
2025-10-01T18:53:44.926-05:00 DEBUG 19412 --- [snixTennis] [           main] o.h.b.model.internal.BasicValueBinder    : building BasicValue for rating
2025-10-01T18:53:44.926-05:00 DEBUG 19412 --- [snixTennis] [           main] org.hibernate.mapping.BasicValue         : Skipping column re-registration: producto.rating
2025-10-01T18:53:44.926-05:00 DEBUG 19412 --- [snixTennis] [           main] o.h.boot.model.internal.PropertyBinder   : Building property rating
2025-10-01T18:53:44.927-05:00 DEBUG 19412 --- [snixTennis] [           main] o.h.boot.model.internal.AnnotatedColumn  : Binding column: AnnotatedColumn()
2025-10-01T18:53:44.927-05:00 DEBUG 19412 --- [snixTennis] [           main] o.h.boot.model.internal.PropertyBinder   : MetadataSourceProcessor property stock with lazy=false
2025-10-01T18:53:44.927-05:00 DEBUG 19412 --- [snixTennis] [           main] o.h.b.m.internal.AbstractPropertyHolder  : Attempting to locate auto-apply AttributeConverter for property [snix.snixtennis.entidades.Producto:stock]
2025-10-01T18:53:44.927-05:00 DEBUG 19412 --- [snixTennis] [           main] o.h.b.model.internal.BasicValueBinder    : building BasicValue for stock
2025-10-01T18:53:44.927-05:00 DEBUG 19412 --- [snixTennis] [           main] org.hibernate.mapping.BasicValue         : Skipping column re-registration: producto.stock
2025-10-01T18:53:44.927-05:00 DEBUG 19412 --- [snixTennis] [           main] o.h.boot.model.internal.PropertyBinder   : Building property stock
2025-10-01T18:53:44.928-05:00 DEBUG 19412 --- [snixTennis] [           main] o.h.boot.model.internal.AnnotatedColumn  : Binding column: AnnotatedColumn()
2025-10-01T18:53:44.928-05:00 DEBUG 19412 --- [snixTennis] [           main] o.h.boot.model.internal.PropertyBinder   : MetadataSourceProcessor property talla with lazy=false
2025-10-01T18:53:44.928-05:00 DEBUG 19412 --- [snixTennis] [           main] o.h.b.m.internal.AbstractPropertyHolder  : Attempting to locate auto-apply AttributeConverter for property [snix.snixtennis.entidades.Producto:talla]
2025-10-01T18:53:44.928-05:00 DEBUG 19412 --- [snixTennis] [           main] o.h.b.model.internal.BasicValueBinder    : building BasicValue for talla
2025-10-01T18:53:44.928-05:00 DEBUG 19412 --- [snixTennis] [           main] org.hibernate.mapping.BasicValue         : Skipping column re-registration: producto.talla
2025-10-01T18:53:44.928-05:00 DEBUG 19412 --- [snixTennis] [           main] o.h.boot.model.internal.PropertyBinder   : Building property talla
2025-10-01T18:53:44.928-05:00 DEBUG 19412 --- [snixTennis] [           main] o.h.b.r.c.i.ClassLoaderServiceImpl       : HHH000194: Package not found or no package-info.java: snix.snixtennis.entidades
2025-10-01T18:53:44.929-05:00 DEBUG 19412 --- [snixTennis] [           main] o.h.boot.model.internal.EntityBinder     : Binding entity from annotated class: snix.snixtennis.entidades.Promo
2025-10-01T18:53:44.929-05:00 DEBUG 19412 --- [snixTennis] [           main] o.h.boot.model.internal.EntityBinder     : Import with entity name Promo
2025-10-01T18:53:44.929-05:00 DEBUG 19412 --- [snixTennis] [           main] o.h.boot.model.internal.EntityBinder     : Bind entity snix.snixtennis.entidades.Promo on table promo
2025-10-01T18:53:44.929-05:00 DEBUG 19412 --- [snixTennis] [           main] o.h.boot.model.internal.AnnotatedColumn  : Binding column: AnnotatedDiscriminatorColumn(column='DTYPE')
2025-10-01T18:53:44.929-05:00 DEBUG 19412 --- [snixTennis] [           main] o.h.boot.model.internal.AnnotatedColumn  : Binding column: AnnotatedColumn()
2025-10-01T18:53:44.929-05:00 DEBUG 19412 --- [snixTennis] [           main] o.h.boot.internal.ClassLoaderAccessImpl  : Not known whether passed class name [snix.snixtennis.entidades.Promo] is safe
2025-10-01T18:53:44.929-05:00 DEBUG 19412 --- [snixTennis] [           main] o.h.boot.internal.ClassLoaderAccessImpl  : No temp ClassLoader provided; using live ClassLoader for loading potentially unsafe class : snix.snixtennis.entidades.Promo
2025-10-01T18:53:44.929-05:00 DEBUG 19412 --- [snixTennis] [           main] o.h.boot.model.internal.PropertyBinder   : MetadataSourceProcessor property id with lazy=false
2025-10-01T18:53:44.929-05:00 DEBUG 19412 --- [snixTennis] [           main] o.h.b.m.internal.AbstractPropertyHolder  : Attempting to locate auto-apply AttributeConverter for property [snix.snixtennis.entidades.Promo:id]
2025-10-01T18:53:44.929-05:00 DEBUG 19412 --- [snixTennis] [           main] o.h.b.model.internal.BasicValueBinder    : building BasicValue for id
2025-10-01T18:53:44.929-05:00 DEBUG 19412 --- [snixTennis] [           main] org.hibernate.mapping.BasicValue         : Skipping column re-registration: promo.id
2025-10-01T18:53:44.929-05:00 DEBUG 19412 --- [snixTennis] [           main] o.h.boot.model.internal.PropertyBinder   : Building property id
2025-10-01T18:53:44.929-05:00 DEBUG 19412 --- [snixTennis] [           main] o.h.boot.model.internal.BinderHelper     : #makeIdGenerator(BasicValue([Column(id)]), id, org.hibernate.id.UUIDGenerator, , ...)
2025-10-01T18:53:44.930-05:00 DEBUG 19412 --- [snixTennis] [           main] o.h.boot.model.internal.AnnotatedColumn  : Binding column: AnnotatedColumn()
2025-10-01T18:53:44.930-05:00 DEBUG 19412 --- [snixTennis] [           main] o.h.boot.model.internal.PropertyBinder   : MetadataSourceProcessor property nombre with lazy=false
2025-10-01T18:53:44.930-05:00 DEBUG 19412 --- [snixTennis] [           main] o.h.b.m.internal.AbstractPropertyHolder  : Attempting to locate auto-apply AttributeConverter for property [snix.snixtennis.entidades.Promo:nombre]
2025-10-01T18:53:44.930-05:00 DEBUG 19412 --- [snixTennis] [           main] o.h.b.model.internal.BasicValueBinder    : building BasicValue for nombre
2025-10-01T18:53:44.930-05:00 DEBUG 19412 --- [snixTennis] [           main] org.hibernate.mapping.BasicValue         : Skipping column re-registration: promo.nombre
2025-10-01T18:53:44.930-05:00 DEBUG 19412 --- [snixTennis] [           main] o.h.boot.model.internal.PropertyBinder   : Building property nombre
2025-10-01T18:53:44.930-05:00 DEBUG 19412 --- [snixTennis] [           main] o.h.boot.model.internal.AnnotatedColumn  : Binding column: AnnotatedColumn()
2025-10-01T18:53:44.930-05:00 DEBUG 19412 --- [snixTennis] [           main] o.h.boot.model.internal.PropertyBinder   : MetadataSourceProcessor property url with lazy=false
2025-10-01T18:53:44.930-05:00 DEBUG 19412 --- [snixTennis] [           main] o.h.b.m.internal.AbstractPropertyHolder  : Attempting to locate auto-apply AttributeConverter for property [snix.snixtennis.entidades.Promo:url]
2025-10-01T18:53:44.930-05:00 DEBUG 19412 --- [snixTennis] [           main] o.h.b.model.internal.BasicValueBinder    : building BasicValue for url
2025-10-01T18:53:44.930-05:00 DEBUG 19412 --- [snixTennis] [           main] org.hibernate.mapping.BasicValue         : Skipping column re-registration: promo.url
2025-10-01T18:53:44.930-05:00 DEBUG 19412 --- [snixTennis] [           main] o.h.boot.model.internal.PropertyBinder   : Building property url
2025-10-01T18:53:44.930-05:00 DEBUG 19412 --- [snixTennis] [           main] o.h.b.r.c.i.ClassLoaderServiceImpl       : HHH000194: Package not found or no package-info.java: snix.snixtennis.entidades
2025-10-01T18:53:44.931-05:00 DEBUG 19412 --- [snixTennis] [           main] o.h.boot.model.internal.EntityBinder     : Binding entity from annotated class: snix.snixtennis.entidades.Role
2025-10-01T18:53:44.931-05:00 DEBUG 19412 --- [snixTennis] [           main] o.h.boot.model.internal.EntityBinder     : Import with entity name Role
2025-10-01T18:53:44.931-05:00 DEBUG 19412 --- [snixTennis] [           main] o.h.boot.model.internal.EntityBinder     : Bind entity snix.snixtennis.entidades.Role on table role
2025-10-01T18:53:44.931-05:00 DEBUG 19412 --- [snixTennis] [           main] o.h.boot.model.internal.AnnotatedColumn  : Binding column: AnnotatedDiscriminatorColumn(column='DTYPE')
2025-10-01T18:53:44.931-05:00 DEBUG 19412 --- [snixTennis] [           main] o.h.boot.model.internal.AnnotatedColumn  : Binding column: AnnotatedColumn()
2025-10-01T18:53:44.931-05:00 DEBUG 19412 --- [snixTennis] [           main] o.h.boot.internal.ClassLoaderAccessImpl  : Not known whether passed class name [snix.snixtennis.entidades.Role] is safe
2025-10-01T18:53:44.931-05:00 DEBUG 19412 --- [snixTennis] [           main] o.h.boot.internal.ClassLoaderAccessImpl  : No temp ClassLoader provided; using live ClassLoader for loading potentially unsafe class : snix.snixtennis.entidades.Role
2025-10-01T18:53:44.931-05:00 DEBUG 19412 --- [snixTennis] [           main] o.h.boot.model.internal.PropertyBinder   : MetadataSourceProcessor property id with lazy=false
2025-10-01T18:53:44.932-05:00 DEBUG 19412 --- [snixTennis] [           main] o.h.b.m.internal.AbstractPropertyHolder  : Attempting to locate auto-apply AttributeConverter for property [snix.snixtennis.entidades.Role:id]
2025-10-01T18:53:44.932-05:00 DEBUG 19412 --- [snixTennis] [           main] o.h.b.model.internal.BasicValueBinder    : building BasicValue for id
2025-10-01T18:53:44.932-05:00 DEBUG 19412 --- [snixTennis] [           main] org.hibernate.mapping.BasicValue         : Skipping column re-registration: role.id
2025-10-01T18:53:44.932-05:00 DEBUG 19412 --- [snixTennis] [           main] o.h.boot.model.internal.PropertyBinder   : Building property id
2025-10-01T18:53:44.932-05:00 DEBUG 19412 --- [snixTennis] [           main] o.h.boot.model.internal.BinderHelper     : #makeIdGenerator(BasicValue([Column(id)]), id, org.hibernate.id.UUIDGenerator, , ...)
2025-10-01T18:53:44.932-05:00 DEBUG 19412 --- [snixTennis] [           main] o.h.boot.model.internal.AnnotatedColumn  : Binding column: AnnotatedColumn()
2025-10-01T18:53:44.932-05:00 DEBUG 19412 --- [snixTennis] [           main] o.h.boot.model.internal.PropertyBinder   : MetadataSourceProcessor property descripcion with lazy=false
2025-10-01T18:53:44.932-05:00 DEBUG 19412 --- [snixTennis] [           main] o.h.b.m.internal.AbstractPropertyHolder  : Attempting to locate auto-apply AttributeConverter for property [snix.snixtennis.entidades.Role:descripcion]
2025-10-01T18:53:44.932-05:00 DEBUG 19412 --- [snixTennis] [           main] o.h.b.model.internal.BasicValueBinder    : building BasicValue for descripcion
2025-10-01T18:53:44.932-05:00 DEBUG 19412 --- [snixTennis] [           main] org.hibernate.mapping.BasicValue         : Skipping column re-registration: role.descripcion
2025-10-01T18:53:44.932-05:00 DEBUG 19412 --- [snixTennis] [           main] o.h.boot.model.internal.PropertyBinder   : Building property descripcion
2025-10-01T18:53:44.932-05:00 DEBUG 19412 --- [snixTennis] [           main] o.h.boot.model.internal.AnnotatedColumn  : Binding column: AnnotatedColumn()
2025-10-01T18:53:44.932-05:00 DEBUG 19412 --- [snixTennis] [           main] o.h.boot.model.internal.PropertyBinder   : MetadataSourceProcessor property nivel with lazy=false
2025-10-01T18:53:44.932-05:00 DEBUG 19412 --- [snixTennis] [           main] o.h.b.m.internal.AbstractPropertyHolder  : Attempting to locate auto-apply AttributeConverter for property [snix.snixtennis.entidades.Role:nivel]
2025-10-01T18:53:44.932-05:00 DEBUG 19412 --- [snixTennis] [           main] o.h.b.model.internal.BasicValueBinder    : building BasicValue for nivel
2025-10-01T18:53:44.932-05:00 DEBUG 19412 --- [snixTennis] [           main] org.hibernate.mapping.BasicValue         : Skipping column re-registration: role.nivel
2025-10-01T18:53:44.932-05:00 DEBUG 19412 --- [snixTennis] [           main] o.h.boot.model.internal.PropertyBinder   : Building property nivel
2025-10-01T18:53:44.933-05:00 DEBUG 19412 --- [snixTennis] [           main] o.h.b.r.c.i.ClassLoaderServiceImpl       : HHH000194: Package not found or no package-info.java: snix.snixtennis.entidades
2025-10-01T18:53:44.933-05:00 DEBUG 19412 --- [snixTennis] [           main] o.h.boot.model.internal.EntityBinder     : Binding entity from annotated class: snix.snixtennis.entidades.Usuario
2025-10-01T18:53:44.933-05:00 DEBUG 19412 --- [snixTennis] [           main] o.h.boot.model.internal.EntityBinder     : Import with entity name Usuario
2025-10-01T18:53:44.933-05:00 DEBUG 19412 --- [snixTennis] [           main] o.h.boot.model.internal.EntityBinder     : Bind entity snix.snixtennis.entidades.Usuario on table usuario
2025-10-01T18:53:44.933-05:00 DEBUG 19412 --- [snixTennis] [           main] o.h.boot.model.internal.AnnotatedColumn  : Binding column: AnnotatedDiscriminatorColumn(column='DTYPE')
2025-10-01T18:53:44.933-05:00 DEBUG 19412 --- [snixTennis] [           main] o.h.boot.model.internal.AnnotatedColumn  : Binding column: AnnotatedColumn()
2025-10-01T18:53:44.933-05:00 DEBUG 19412 --- [snixTennis] [           main] o.h.boot.internal.ClassLoaderAccessImpl  : Not known whether passed class name [snix.snixtennis.entidades.Usuario] is safe
2025-10-01T18:53:44.934-05:00 DEBUG 19412 --- [snixTennis] [           main] o.h.boot.internal.ClassLoaderAccessImpl  : No temp ClassLoader provided; using live ClassLoader for loading potentially unsafe class : snix.snixtennis.entidades.Usuario
2025-10-01T18:53:44.934-05:00 DEBUG 19412 --- [snixTennis] [           main] o.h.boot.model.internal.PropertyBinder   : MetadataSourceProcessor property id with lazy=false
2025-10-01T18:53:44.934-05:00 DEBUG 19412 --- [snixTennis] [           main] o.h.b.m.internal.AbstractPropertyHolder  : Attempting to locate auto-apply AttributeConverter for property [snix.snixtennis.entidades.Usuario:id]
2025-10-01T18:53:44.934-05:00 DEBUG 19412 --- [snixTennis] [           main] o.h.b.model.internal.BasicValueBinder    : building BasicValue for id
2025-10-01T18:53:44.934-05:00 DEBUG 19412 --- [snixTennis] [           main] org.hibernate.mapping.BasicValue         : Skipping column re-registration: usuario.id
2025-10-01T18:53:44.934-05:00 DEBUG 19412 --- [snixTennis] [           main] o.h.boot.model.internal.PropertyBinder   : Building property id
2025-10-01T18:53:44.934-05:00 DEBUG 19412 --- [snixTennis] [           main] o.h.boot.model.internal.BinderHelper     : #makeIdGenerator(BasicValue([Column(id)]), id, org.hibernate.id.UUIDGenerator, , ...)
2025-10-01T18:53:44.934-05:00 DEBUG 19412 --- [snixTennis] [           main] o.h.boot.model.internal.AnnotatedColumn  : Binding column: AnnotatedColumn()
2025-10-01T18:53:44.934-05:00 DEBUG 19412 --- [snixTennis] [           main] o.h.boot.model.internal.PropertyBinder   : MetadataSourceProcessor property direccion with lazy=false
2025-10-01T18:53:44.934-05:00 DEBUG 19412 --- [snixTennis] [           main] o.h.b.m.internal.AbstractPropertyHolder  : Attempting to locate auto-apply AttributeConverter for property [snix.snixtennis.entidades.Usuario:direccion]
2025-10-01T18:53:44.934-05:00 DEBUG 19412 --- [snixTennis] [           main] o.h.b.model.internal.BasicValueBinder    : building BasicValue for direccion
2025-10-01T18:53:44.934-05:00 DEBUG 19412 --- [snixTennis] [           main] org.hibernate.mapping.BasicValue         : Skipping column re-registration: usuario.direccion
2025-10-01T18:53:44.934-05:00 DEBUG 19412 --- [snixTennis] [           main] o.h.boot.model.internal.PropertyBinder   : Building property direccion
2025-10-01T18:53:44.934-05:00 DEBUG 19412 --- [snixTennis] [           main] o.h.boot.model.internal.AnnotatedColumn  : Binding column: AnnotatedColumn()
2025-10-01T18:53:44.934-05:00 DEBUG 19412 --- [snixTennis] [           main] o.h.boot.model.internal.PropertyBinder   : MetadataSourceProcessor property nombre with lazy=false
2025-10-01T18:53:44.934-05:00 DEBUG 19412 --- [snixTennis] [           main] o.h.b.m.internal.AbstractPropertyHolder  : Attempting to locate auto-apply AttributeConverter for property [snix.snixtennis.entidades.Usuario:nombre]
2025-10-01T18:53:44.934-05:00 DEBUG 19412 --- [snixTennis] [           main] o.h.b.model.internal.BasicValueBinder    : building BasicValue for nombre
2025-10-01T18:53:44.934-05:00 DEBUG 19412 --- [snixTennis] [           main] org.hibernate.mapping.BasicValue         : Skipping column re-registration: usuario.nombre
2025-10-01T18:53:44.934-05:00 DEBUG 19412 --- [snixTennis] [           main] o.h.boot.model.internal.PropertyBinder   : Building property nombre
2025-10-01T18:53:44.934-05:00 DEBUG 19412 --- [snixTennis] [           main] o.h.boot.model.internal.AnnotatedColumn  : Binding column: AnnotatedColumn()
2025-10-01T18:53:44.934-05:00 DEBUG 19412 --- [snixTennis] [           main] o.h.boot.model.internal.PropertyBinder   : MetadataSourceProcessor property numero with lazy=false
2025-10-01T18:53:44.934-05:00 DEBUG 19412 --- [snixTennis] [           main] o.h.b.m.internal.AbstractPropertyHolder  : Attempting to locate auto-apply AttributeConverter for property [snix.snixtennis.entidades.Usuario:numero]
2025-10-01T18:53:44.935-05:00 DEBUG 19412 --- [snixTennis] [           main] o.h.b.model.internal.BasicValueBinder    : building BasicValue for numero
2025-10-01T18:53:44.935-05:00 DEBUG 19412 --- [snixTennis] [           main] org.hibernate.mapping.BasicValue         : Skipping column re-registration: usuario.numero
2025-10-01T18:53:44.935-05:00 DEBUG 19412 --- [snixTennis] [           main] o.h.boot.model.internal.PropertyBinder   : Building property numero
2025-10-01T18:53:44.935-05:00 DEBUG 19412 --- [snixTennis] [           main] o.h.boot.model.internal.AnnotatedColumn  : Binding column: AnnotatedJoinColumn()
2025-10-01T18:53:44.935-05:00 DEBUG 19412 --- [snixTennis] [           main] o.h.boot.model.internal.AnnotatedColumn  : Binding column: AnnotatedColumn()
2025-10-01T18:53:44.935-05:00 DEBUG 19412 --- [snixTennis] [           main] o.h.boot.model.internal.PropertyBinder   : Building property rol
2025-10-01T18:53:44.935-05:00 DEBUG 19412 --- [snixTennis] [           main] o.h.b.r.c.i.ClassLoaderServiceImpl       : HHH000194: Package not found or no package-info.java: snix.snixtennis.entidades
2025-10-01T18:53:44.936-05:00 DEBUG 19412 --- [snixTennis] [           main] o.h.b.model.internal.BasicValueBinder    : Starting `BasicValueBinder#fillSimpleValue` for id
2025-10-01T18:53:44.938-05:00 DEBUG 19412 --- [snixTennis] [           main] o.h.b.model.internal.BasicValueBinder    : Starting `BasicValueBinder#fillSimpleValue` for fileName
2025-10-01T18:53:44.938-05:00 DEBUG 19412 --- [snixTennis] [           main] o.h.b.model.internal.BasicValueBinder    : Starting `BasicValueBinder#fillSimpleValue` for fileType
2025-10-01T18:53:44.938-05:00 DEBUG 19412 --- [snixTennis] [           main] o.h.b.model.internal.BasicValueBinder    : Starting `BasicValueBinder#fillSimpleValue` for ruta
2025-10-01T18:53:44.938-05:00 DEBUG 19412 --- [snixTennis] [           main] o.h.b.model.internal.BasicValueBinder    : Starting `BasicValueBinder#fillSimpleValue` for id
2025-10-01T18:53:44.938-05:00 DEBUG 19412 --- [snixTennis] [           main] o.h.b.model.internal.BasicValueBinder    : Starting `BasicValueBinder#fillSimpleValue` for id2
2025-10-01T18:53:44.938-05:00 DEBUG 19412 --- [snixTennis] [           main] o.h.b.model.internal.BasicValueBinder    : Starting `BasicValueBinder#fillSimpleValue` for precio
2025-10-01T18:53:44.938-05:00 DEBUG 19412 --- [snixTennis] [           main] o.h.b.model.internal.BasicValueBinder    : Starting `BasicValueBinder#fillSimpleValue` for productos
2025-10-01T18:53:44.938-05:00 DEBUG 19412 --- [snixTennis] [           main] o.h.b.model.internal.BasicValueBinder    : Starting `BasicValueBinder#fillSimpleValue` for promo
2025-10-01T18:53:44.938-05:00 DEBUG 19412 --- [snixTennis] [           main] o.h.b.model.internal.BasicValueBinder    : Starting `BasicValueBinder#fillSimpleValue` for url
2025-10-01T18:53:44.938-05:00 DEBUG 19412 --- [snixTennis] [           main] o.h.b.model.internal.BasicValueBinder    : Starting `BasicValueBinder#fillSimpleValue` for id
2025-10-01T18:53:44.938-05:00 DEBUG 19412 --- [snixTennis] [           main] o.h.b.model.internal.BasicValueBinder    : Starting `BasicValueBinder#fillSimpleValue` for autorizacion
2025-10-01T18:53:44.938-05:00 DEBUG 19412 --- [snixTennis] [           main] o.h.b.model.internal.BasicValueBinder    : Starting `BasicValueBinder#fillSimpleValue` for ciudad
2025-10-01T18:53:44.938-05:00 DEBUG 19412 --- [snixTennis] [           main] o.h.b.model.internal.BasicValueBinder    : Starting `BasicValueBinder#fillSimpleValue` for contacto
2025-10-01T18:53:44.938-05:00 DEBUG 19412 --- [snixTennis] [           main] o.h.b.model.internal.BasicValueBinder    : Starting `BasicValueBinder#fillSimpleValue` for depto
2025-10-01T18:53:44.938-05:00 DEBUG 19412 --- [snixTennis] [           main] o.h.b.model.internal.BasicValueBinder    : Starting `BasicValueBinder#fillSimpleValue` for direccion
2025-10-01T18:53:44.938-05:00 DEBUG 19412 --- [snixTennis] [           main] o.h.b.model.internal.BasicValueBinder    : Starting `BasicValueBinder#fillSimpleValue` for email
2025-10-01T18:53:44.938-05:00 DEBUG 19412 --- [snixTennis] [           main] o.h.b.model.internal.BasicValueBinder    : Starting `BasicValueBinder#fillSimpleValue` for nombre
2025-10-01T18:53:44.938-05:00 DEBUG 19412 --- [snixTennis] [           main] o.h.b.model.internal.BasicValueBinder    : Starting `BasicValueBinder#fillSimpleValue` for id
2025-10-01T18:53:44.938-05:00 DEBUG 19412 --- [snixTennis] [           main] o.h.b.model.internal.BasicValueBinder    : Starting `BasicValueBinder#fillSimpleValue` for cantidad
2025-10-01T18:53:44.938-05:00 DEBUG 19412 --- [snixTennis] [           main] o.h.b.model.internal.BasicValueBinder    : Starting `BasicValueBinder#fillSimpleValue` for nombre
2025-10-01T18:53:44.938-05:00 DEBUG 19412 --- [snixTennis] [           main] o.h.b.model.internal.BasicValueBinder    : Starting `BasicValueBinder#fillSimpleValue` for total
2025-10-01T18:53:44.938-05:00 DEBUG 19412 --- [snixTennis] [           main] o.h.b.model.internal.BasicValueBinder    : Starting `BasicValueBinder#fillSimpleValue` for id
2025-10-01T18:53:44.938-05:00 DEBUG 19412 --- [snixTennis] [           main] o.h.b.model.internal.BasicValueBinder    : Starting `BasicValueBinder#fillSimpleValue` for categoria
2025-10-01T18:53:44.938-05:00 DEBUG 19412 --- [snixTennis] [           main] o.h.b.model.internal.BasicValueBinder    : Starting `BasicValueBinder#fillSimpleValue` for color
2025-10-01T18:53:44.939-05:00 DEBUG 19412 --- [snixTennis] [           main] o.h.b.model.internal.BasicValueBinder    : Starting `BasicValueBinder#fillSimpleValue` for detalles
2025-10-01T18:53:44.939-05:00 DEBUG 19412 --- [snixTennis] [           main] o.h.b.model.internal.BasicValueBinder    : Starting `BasicValueBinder#fillSimpleValue` for marca
2025-10-01T18:53:44.939-05:00 DEBUG 19412 --- [snixTennis] [           main] o.h.b.model.internal.BasicValueBinder    : Starting `BasicValueBinder#fillSimpleValue` for nombre
2025-10-01T18:53:44.939-05:00 DEBUG 19412 --- [snixTennis] [           main] o.h.b.model.internal.BasicValueBinder    : Starting `BasicValueBinder#fillSimpleValue` for precio
2025-10-01T18:53:44.939-05:00 DEBUG 19412 --- [snixTennis] [           main] o.h.b.model.internal.BasicValueBinder    : Starting `BasicValueBinder#fillSimpleValue` for rating
2025-10-01T18:53:44.939-05:00 DEBUG 19412 --- [snixTennis] [           main] o.h.b.model.internal.BasicValueBinder    : Starting `BasicValueBinder#fillSimpleValue` for stock
2025-10-01T18:53:44.939-05:00 DEBUG 19412 --- [snixTennis] [           main] o.h.b.model.internal.BasicValueBinder    : Starting `BasicValueBinder#fillSimpleValue` for talla
2025-10-01T18:53:44.939-05:00 DEBUG 19412 --- [snixTennis] [           main] o.h.b.model.internal.BasicValueBinder    : Starting `BasicValueBinder#fillSimpleValue` for id
2025-10-01T18:53:44.939-05:00 DEBUG 19412 --- [snixTennis] [           main] o.h.b.model.internal.BasicValueBinder    : Starting `BasicValueBinder#fillSimpleValue` for nombre
2025-10-01T18:53:44.939-05:00 DEBUG 19412 --- [snixTennis] [           main] o.h.b.model.internal.BasicValueBinder    : Starting `BasicValueBinder#fillSimpleValue` for url
2025-10-01T18:53:44.939-05:00 DEBUG 19412 --- [snixTennis] [           main] o.h.b.model.internal.BasicValueBinder    : Starting `BasicValueBinder#fillSimpleValue` for id
2025-10-01T18:53:44.939-05:00 DEBUG 19412 --- [snixTennis] [           main] o.h.b.model.internal.BasicValueBinder    : Starting `BasicValueBinder#fillSimpleValue` for descripcion
2025-10-01T18:53:44.939-05:00 DEBUG 19412 --- [snixTennis] [           main] o.h.b.model.internal.BasicValueBinder    : Starting `BasicValueBinder#fillSimpleValue` for nivel
2025-10-01T18:53:44.939-05:00 DEBUG 19412 --- [snixTennis] [           main] o.h.b.model.internal.BasicValueBinder    : Starting `BasicValueBinder#fillSimpleValue` for id
2025-10-01T18:53:44.939-05:00 DEBUG 19412 --- [snixTennis] [           main] o.h.b.model.internal.BasicValueBinder    : Starting `BasicValueBinder#fillSimpleValue` for direccion
2025-10-01T18:53:44.939-05:00 DEBUG 19412 --- [snixTennis] [           main] o.h.b.model.internal.BasicValueBinder    : Starting `BasicValueBinder#fillSimpleValue` for nombre
2025-10-01T18:53:44.939-05:00 DEBUG 19412 --- [snixTennis] [           main] o.h.b.model.internal.BasicValueBinder    : Starting `BasicValueBinder#fillSimpleValue` for numero
2025-10-01T18:53:44.948-05:00 DEBUG 19412 --- [snixTennis] [           main] org.hibernate.mapping.PrimaryKey         : Forcing column [id] to be non-null as it is part of the primary key for table [archivo]
2025-10-01T18:53:44.948-05:00 DEBUG 19412 --- [snixTennis] [           main] org.hibernate.mapping.PrimaryKey         : Forcing column [id] to be non-null as it is part of the primary key for table [combos]
2025-10-01T18:53:44.948-05:00 DEBUG 19412 --- [snixTennis] [           main] org.hibernate.mapping.PrimaryKey         : Forcing column [id] to be non-null as it is part of the primary key for table [informacion_cliente]
2025-10-01T18:53:44.948-05:00 DEBUG 19412 --- [snixTennis] [           main] org.hibernate.mapping.PrimaryKey         : Forcing column [id] to be non-null as it is part of the primary key for table [pedido]
2025-10-01T18:53:44.948-05:00 DEBUG 19412 --- [snixTennis] [           main] org.hibernate.mapping.PrimaryKey         : Forcing column [id] to be non-null as it is part of the primary key for table [producto]
2025-10-01T18:53:44.948-05:00 DEBUG 19412 --- [snixTennis] [           main] org.hibernate.mapping.PrimaryKey         : Forcing column [id] to be non-null as it is part of the primary key for table [promo]
2025-10-01T18:53:44.948-05:00 DEBUG 19412 --- [snixTennis] [           main] org.hibernate.mapping.PrimaryKey         : Forcing column [id] to be non-null as it is part of the primary key for table [role]
2025-10-01T18:53:44.948-05:00 DEBUG 19412 --- [snixTennis] [           main] org.hibernate.mapping.PrimaryKey         : Forcing column [id] to be non-null as it is part of the primary key for table [usuario]
2025-10-01T18:53:44.949-05:00 DEBUG 19412 --- [snixTennis] [           main] o.h.b.m.internal.CollectionSecondPass    : Second pass for collection: snix.snixtennis.entidades.Producto.imagenes
2025-10-01T18:53:44.949-05:00 DEBUG 19412 --- [snixTennis] [           main] o.h.b.model.internal.CollectionBinder    : Binding a OneToMany: snix.snixtennis.entidades.Producto.imagenes through a foreign key
2025-10-01T18:53:44.951-05:00 DEBUG 19412 --- [snixTennis] [           main] o.h.b.model.internal.CollectionBinder    : Mapping collection: snix.snixtennis.entidades.Producto.imagenes -> archivo
2025-10-01T18:53:44.952-05:00 DEBUG 19412 --- [snixTennis] [           main] o.h.boot.model.internal.TableBinder      : Retrieving property snix.snixtennis.entidades.Archivo.producto
2025-10-01T18:53:44.953-05:00 DEBUG 19412 --- [snixTennis] [           main] o.h.b.m.internal.CollectionSecondPass    : Mapped collection key: producto, one-to-many: snix.snixtennis.entidades.Archivo
2025-10-01T18:53:44.999-05:00 DEBUG 19412 --- [snixTennis] [           main] o.hibernate.internal.SessionFactoryImpl  : Building session factory
2025-10-01T18:53:45.039-05:00 DEBUG 19412 --- [snixTennis] [           main] .h.s.i.SessionFactoryServiceRegistryImpl : EventListenerRegistry access via ServiceRegistry is deprecated.  Use `sessionFactory.getEventEngine().getListenerRegistry()` instead
2025-10-01T18:53:45.040-05:00 DEBUG 19412 --- [snixTennis] [           main] o.hibernate.internal.SessionFactoryImpl  : Instantiating SessionFactory with settings: {java.specification.version=24, sun.cpu.isalist=amd64, hibernate.resource.beans.container=org.springframework.orm.hibernate5.SpringBeanContainer@6d92e327, hibernate.connection.handling_mode=DELAYED_ACQUISITION_AND_HOLD, sun.jnu.encoding=Cp1252, hibernate.dialect=org.hibernate.dialect.MySQLDialect, hibernate.implicit_naming_strategy=org.springframework.boot.orm.jpa.hibernate.SpringImplicitNamingStrategy, java.class.path=C:\Users\sauma\Documents\snixtennis\target\test-classes;C:\Users\sauma\Documents\snixtennis\target\classes;C:\Users\sauma\.m2\repository\org\springframework\boot\spring-boot-starter-data-jdbc\3.5.0\spring-boot-starter-data-jdbc-3.5.0.jar;C:\Users\sauma\.m2\repository\org\springframework\data\spring-data-jdbc\3.5.0\spring-data-jdbc-3.5.0.jar;C:\Users\sauma\.m2\repository\org\springframework\data\spring-data-relational\3.5.0\spring-data-relational-3.5.0.jar;C:\Users\sauma\.m2\repository\org\springframework\data\spring-data-commons\3.5.0\spring-data-commons-3.5.0.jar;C:\Users\sauma\.m2\repository\org\springframework\spring-tx\6.2.7\spring-tx-6.2.7.jar;C:\Users\sauma\.m2\repository\org\springframework\spring-beans\6.2.7\spring-beans-6.2.7.jar;C:\Users\sauma\.m2\repository\org\springframework\boot\spring-boot-starter-data-jpa\3.5.0\spring-boot-starter-data-jpa-3.5.0.jar;C:\Users\sauma\.m2\repository\org\springframework\boot\spring-boot-starter\3.5.0\spring-boot-starter-3.5.0.jar;C:\Users\sauma\.m2\repository\org\springframework\boot\spring-boot-starter-logging\3.5.0\spring-boot-starter-logging-3.5.0.jar;C:\Users\sauma\.m2\repository\ch\qos\logback\logback-classic\1.5.18\logback-classic-1.5.18.jar;C:\Users\sauma\.m2\repository\ch\qos\logback\logback-core\1.5.18\logback-core-1.5.18.jar;C:\Users\sauma\.m2\repository\org\apache\logging\log4j\log4j-to-slf4j\2.24.3\log4j-to-slf4j-2.24.3.jar;C:\Users\sauma\.m2\repository\org\apache\logging\log4j\log4j-api\2.24.3\log4j-api-2.24.3.jar;C:\Users\sauma\.m2\repository\org\slf4j\jul-to-slf4j\2.0.17\jul-to-slf4j-2.0.17.jar;C:\Users\sauma\.m2\repository\jakarta\annotation\jakarta.annotation-api\2.1.1\jakarta.annotation-api-2.1.1.jar;C:\Users\sauma\.m2\repository\org\yaml\snakeyaml\2.4\snakeyaml-2.4.jar;C:\Users\sauma\.m2\repository\org\hibernate\orm\hibernate-core\6.6.15.Final\hibernate-core-6.6.15.Final.jar;C:\Users\sauma\.m2\repository\jakarta\persistence\jakarta.persistence-api\3.1.0\jakarta.persistence-api-3.1.0.jar;C:\Users\sauma\.m2\repository\jakarta\transaction\jakarta.transaction-api\2.0.1\jakarta.transaction-api-2.0.1.jar;C:\Users\sauma\.m2\repository\org\jboss\logging\jboss-logging\3.6.1.Final\jboss-logging-3.6.1.Final.jar;C:\Users\sauma\.m2\repository\org\hibernate\common\hibernate-commons-annotations\7.0.3.Final\hibernate-commons-annotations-7.0.3.Final.jar;C:\Users\sauma\.m2\repository\io\smallrye\jandex\3.2.0\jandex-3.2.0.jar;C:\Users\sauma\.m2\repository\com\fasterxml\classmate\1.7.0\classmate-1.7.0.jar;C:\Users\sauma\.m2\repository\net\bytebuddy\byte-buddy\1.17.5\byte-buddy-1.17.5.jar;C:\Users\sauma\.m2\repository\org\glassfish\jaxb\jaxb-runtime\4.0.5\jaxb-runtime-4.0.5.jar;C:\Users\sauma\.m2\repository\org\glassfish\jaxb\jaxb-core\4.0.5\jaxb-core-4.0.5.jar;C:\Users\sauma\.m2\repository\org\glassfish\jaxb\txw2\4.0.5\txw2-4.0.5.jar;C:\Users\sauma\.m2\repository\com\sun\istack\istack-commons-runtime\4.1.2\istack-commons-runtime-4.1.2.jar;C:\Users\sauma\.m2\repository\jakarta\inject\jakarta.inject-api\2.0.1\jakarta.inject-api-2.0.1.jar;C:\Users\sauma\.m2\repository\org\antlr\antlr4-runtime\4.13.0\antlr4-runtime-4.13.0.jar;C:\Users\sauma\.m2\repository\org\springframework\data\spring-data-jpa\3.5.0\spring-data-jpa-3.5.0.jar;C:\Users\sauma\.m2\repository\org\springframework\spring-orm\6.2.7\spring-orm-6.2.7.jar;C:\Users\sauma\.m2\repository\org\springframework\spring-aspects\6.2.7\spring-aspects-6.2.7.jar;C:\Users\sauma\.m2\repository\org\aspectj\aspectjweaver\1.9.24\aspectjweaver-1.9.24.jar;C:\Users\sauma\.m2\repository\org\springframework\boot\spring-boot-starter-graphql\3.5.0\spring-boot-starter-graphql-3.5.0.jar;C:\Users\sauma\.m2\repository\org\springframework\boot\spring-boot-starter-json\3.5.0\spring-boot-starter-json-3.5.0.jar;C:\Users\sauma\.m2\repository\com\fasterxml\jackson\core\jackson-databind\2.19.0\jackson-databind-2.19.0.jar;C:\Users\sauma\.m2\repository\com\fasterxml\jackson\core\jackson-annotations\2.19.0\jackson-annotations-2.19.0.jar;C:\Users\sauma\.m2\repository\com\fasterxml\jackson\core\jackson-core\2.19.0\jackson-core-2.19.0.jar;C:\Users\sauma\.m2\repository\com\fasterxml\jackson\datatype\jackson-datatype-jdk8\2.19.0\jackson-datatype-jdk8-2.19.0.jar;C:\Users\sauma\.m2\repository\com\fasterxml\jackson\datatype\jackson-datatype-jsr310\2.19.0\jackson-datatype-jsr310-2.19.0.jar;C:\Users\sauma\.m2\repository\com\fasterxml\jackson\module\jackson-module-parameter-names\2.19.0\jackson-module-parameter-names-2.19.0.jar;C:\Users\sauma\.m2\repository\org\springframework\graphql\spring-graphql\1.4.0\spring-graphql-1.4.0.jar;C:\Users\sauma\.m2\repository\io\micrometer\context-propagation\1.1.3\context-propagation-1.1.3.jar;C:\Users\sauma\.m2\repository\org\springframework\boot\spring-boot-starter-jdbc\3.5.0\spring-boot-starter-jdbc-3.5.0.jar;C:\Users\sauma\.m2\repository\com\zaxxer\HikariCP\6.3.0\HikariCP-6.3.0.jar;C:\Users\sauma\.m2\repository\org\springframework\spring-jdbc\6.2.7\spring-jdbc-6.2.7.jar;C:\Users\sauma\.m2\repository\org\springframework\boot\spring-boot-starter-mail\3.5.0\spring-boot-starter-mail-3.5.0.jar;C:\Users\sauma\.m2\repository\org\springframework\spring-context-support\6.2.7\spring-context-support-6.2.7.jar;C:\Users\sauma\.m2\repository\org\eclipse\angus\jakarta.mail\2.0.3\jakarta.mail-2.0.3.jar;C:\Users\sauma\.m2\repository\jakarta\activation\jakarta.activation-api\2.1.3\jakarta.activation-api-2.1.3.jar;C:\Users\sauma\.m2\repository\org\eclipse\angus\angus-activation\2.0.2\angus-activation-2.0.2.jar;C:\Users\sauma\.m2\repository\org\springframework\boot\spring-boot-starter-validation\3.5.0\spring-boot-starter-validation-3.5.0.jar;C:\Users\sauma\.m2\repository\org\apache\tomcat\embed\tomcat-embed-el\10.1.41\tomcat-embed-el-10.1.41.jar;C:\Users\sauma\.m2\repository\org\hibernate\validator\hibernate-validator\8.0.2.Final\hibernate-validator-8.0.2.Final.jar;C:\Users\sauma\.m2\repository\jakarta\validation\jakarta.validation-api\3.0.2\jakarta.validation-api-3.0.2.jar;C:\Users\sauma\.m2\repository\org\springframework\boot\spring-boot-starter-security\3.5.0\spring-boot-starter-security-3.5.0.jar;C:\Users\sauma\.m2\repository\org\springframework\spring-aop\6.2.7\spring-aop-6.2.7.jar;C:\Users\sauma\.m2\repository\org\springframework\security\spring-security-config\6.5.0\spring-security-config-6.5.0.jar;C:\Users\sauma\.m2\repository\org\springframework\security\spring-security-web\6.5.0\spring-security-web-6.5.0.jar;C:\Users\sauma\.m2\repository\org\springframework\spring-expression\6.2.7\spring-expression-6.2.7.jar;C:\Users\sauma\.m2\repository\org\springframework\boot\spring-boot-starter-thymeleaf\3.5.0\spring-boot-starter-thymeleaf-3.5.0.jar;C:\Users\sauma\.m2\repository\org\thymeleaf\thymeleaf-spring6\3.1.3.RELEASE\thymeleaf-spring6-3.1.3.RELEASE.jar;C:\Users\sauma\.m2\repository\org\thymeleaf\thymeleaf\3.1.3.RELEASE\thymeleaf-3.1.3.RELEASE.jar;C:\Users\sauma\.m2\repository\org\attoparser\attoparser\2.0.7.RELEASE\attoparser-2.0.7.RELEASE.jar;C:\Users\sauma\.m2\repository\org\unbescape\unbescape\1.1.6.RELEASE\unbescape-1.1.6.RELEASE.jar;C:\Users\sauma\.m2\repository\org\springframework\boot\spring-boot-starter-web\3.5.0\spring-boot-starter-web-3.5.0.jar;C:\Users\sauma\.m2\repository\org\springframework\boot\spring-boot-starter-tomcat\3.5.0\spring-boot-starter-tomcat-3.5.0.jar;C:\Users\sauma\.m2\repository\org\apache\tomcat\embed\tomcat-embed-core\10.1.41\tomcat-embed-core-10.1.41.jar;C:\Users\sauma\.m2\repository\org\apache\tomcat\embed\tomcat-embed-websocket\10.1.41\tomcat-embed-websocket-10.1.41.jar;C:\Users\sauma\.m2\repository\org\springframework\spring-web\6.2.7\spring-web-6.2.7.jar;C:\Users\sauma\.m2\repository\io\micrometer\micrometer-observation\1.15.0\micrometer-observation-1.15.0.jar;C:\Users\sauma\.m2\repository\io\micrometer\micrometer-commons\1.15.0\micrometer-commons-1.15.0.jar;C:\Users\sauma\.m2\repository\org\springframework\spring-webmvc\6.2.7\spring-webmvc-6.2.7.jar;C:\Users\sauma\.m2\repository\org\springframework\ai\spring-ai-pdf-document-reader\1.0.0\spring-ai-pdf-document-reader-1.0.0.jar;C:\Users\sauma\.m2\repository\org\springframework\ai\spring-ai-commons\1.0.0\spring-ai-commons-1.0.0.jar;C:\Users\sauma\.m2\repository\io\micrometer\micrometer-core\1.15.0\micrometer-core-1.15.0.jar;C:\Users\sauma\.m2\repository\org\hdrhistogram\HdrHistogram\2.2.2\HdrHistogram-2.2.2.jar;C:\Users\sauma\.m2\repository\org\latencyutils\LatencyUtils\2.0.3\LatencyUtils-2.0.3.jar;C:\Users\sauma\.m2\repository\com\fasterxml\jackson\module\jackson-module-jsonSchema\2.19.0\jackson-module-jsonSchema-2.19.0.jar;C:\Users\sauma\.m2\repository\javax\validation\validation-api\1.1.0.Final\validation-api-1.1.0.Final.jar;C:\Users\sauma\.m2\repository\com\knuddels\jtokkit\1.1.0\jtokkit-1.1.0.jar;C:\Users\sauma\.m2\repository\org\apache\pdfbox\pdfbox\3.0.3\pdfbox-3.0.3.jar;C:\Users\sauma\.m2\repository\org\apache\pdfbox\pdfbox-io\3.0.3\pdfbox-io-3.0.3.jar;C:\Users\sauma\.m2\repository\org\apache\pdfbox\fontbox\3.0.3\fontbox-3.0.3.jar;C:\Users\sauma\.m2\repository\org\thymeleaf\extras\thymeleaf-extras-springsecurity6\3.1.3.RELEASE\thymeleaf-extras-springsecurity6-3.1.3.RELEASE.jar;C:\Users\sauma\.m2\repository\org\slf4j\slf4j-api\2.0.17\slf4j-api-2.0.17.jar;C:\Users\sauma\.m2\repository\org\springframework\boot\spring-boot-devtools\3.5.0\spring-boot-devtools-3.5.0.jar;C:\Users\sauma\.m2\repository\org\springframework\boot\spring-boot\3.5.0\spring-boot-3.5.0.jar;C:\Users\sauma\.m2\repository\org\springframework\boot\spring-boot-autoconfigure\3.5.0\spring-boot-autoconfigure-3.5.0.jar;C:\Users\sauma\.m2\repository\com\mysql\mysql-connector-j\9.2.0\mysql-connector-j-9.2.0.jar;C:\Users\sauma\.m2\repository\org\projectlombok\lombok\1.18.38\lombok-1.18.38.jar;C:\Users\sauma\.m2\repository\org\springframework\boot\spring-boot-starter-test\3.5.0\spring-boot-starter-test-3.5.0.jar;C:\Users\sauma\.m2\repository\org\springframework\boot\spring-boot-test\3.5.0\spring-boot-test-3.5.0.jar;C:\Users\sauma\.m2\repository\org\springframework\boot\spring-boot-test-autoconfigure\3.5.0\spring-boot-test-autoconfigure-3.5.0.jar;C:\Users\sauma\.m2\repository\com\jayway\jsonpath\json-path\2.9.0\json-path-2.9.0.jar;C:\Users\sauma\.m2\repository\jakarta\xml\bind\jakarta.xml.bind-api\4.0.2\jakarta.xml.bind-api-4.0.2.jar;C:\Users\sauma\.m2\repository\net\minidev\json-smart\2.5.2\json-smart-2.5.2.jar;C:\Users\sauma\.m2\repository\net\minidev\accessors-smart\2.5.2\accessors-smart-2.5.2.jar;C:\Users\sauma\.m2\repository\org\ow2\asm\asm\9.7.1\asm-9.7.1.jar;C:\Users\sauma\.m2\repository\org\assertj\assertj-core\3.27.3\assertj-core-3.27.3.jar;C:\Users\sauma\.m2\repository\org\awaitility\awaitility\4.3.0\awaitility-4.3.0.jar;C:\Users\sauma\.m2\repository\org\hamcrest\hamcrest\3.0\hamcrest-3.0.jar;C:\Users\sauma\.m2\repository\org\junit\jupiter\junit-jupiter\5.12.2\junit-jupiter-5.12.2.jar;C:\Users\sauma\.m2\repository\org\junit\jupiter\junit-jupiter-api\5.12.2\junit-jupiter-api-5.12.2.jar;C:\Users\sauma\.m2\repository\org\opentest4j\opentest4j\1.3.0\opentest4j-1.3.0.jar;C:\Users\sauma\.m2\repository\org\junit\platform\junit-platform-commons\1.12.2\junit-platform-commons-1.12.2.jar;C:\Users\sauma\.m2\repository\org\apiguardian\apiguardian-api\1.1.2\apiguardian-api-1.1.2.jar;C:\Users\sauma\.m2\repository\org\junit\jupiter\junit-jupiter-params\5.12.2\junit-jupiter-params-5.12.2.jar;C:\Users\sauma\.m2\repository\org\junit\jupiter\junit-jupiter-engine\5.12.2\junit-jupiter-engine-5.12.2.jar;C:\Users\sauma\.m2\repository\org\junit\platform\junit-platform-engine\1.12.2\junit-platform-engine-1.12.2.jar;C:\Users\sauma\.m2\repository\org\mockito\mockito-core\5.17.0\mockito-core-5.17.0.jar;C:\Users\sauma\.m2\repository\net\bytebuddy\byte-buddy-agent\1.17.5\byte-buddy-agent-1.17.5.jar;C:\Users\sauma\.m2\repository\org\objenesis\objenesis\3.3\objenesis-3.3.jar;C:\Users\sauma\.m2\repository\org\mockito\mockito-junit-jupiter\5.17.0\mockito-junit-jupiter-5.17.0.jar;C:\Users\sauma\.m2\repository\org\skyscreamer\jsonassert\1.5.3\jsonassert-1.5.3.jar;C:\Users\sauma\.m2\repository\com\vaadin\external\google\android-json\0.0.20131108.vaadin1\android-json-0.0.20131108.vaadin1.jar;C:\Users\sauma\.m2\repository\org\springframework\spring-core\6.2.7\spring-core-6.2.7.jar;C:\Users\sauma\.m2\repository\org\springframework\spring-jcl\6.2.7\spring-jcl-6.2.7.jar;C:\Users\sauma\.m2\repository\org\springframework\spring-test\6.2.7\spring-test-6.2.7.jar;C:\Users\sauma\.m2\repository\org\xmlunit\xmlunit-core\2.10.1\xmlunit-core-2.10.1.jar;C:\Users\sauma\.m2\repository\org\springframework\graphql\spring-graphql-test\1.4.0\spring-graphql-test-1.4.0.jar;C:\Users\sauma\.m2\repository\com\graphql-java\graphql-java\24.0\graphql-java-24.0.jar;C:\Users\sauma\.m2\repository\com\graphql-java\java-dataloader\5.0.0\java-dataloader-5.0.0.jar;C:\Users\sauma\.m2\repository\org\reactivestreams\reactive-streams\1.0.4\reactive-streams-1.0.4.jar;C:\Users\sauma\.m2\repository\org\jspecify\jspecify\1.0.0\jspecify-1.0.0.jar;C:\Users\sauma\.m2\repository\io\projectreactor\reactor-core\3.7.6\reactor-core-3.7.6.jar;C:\Users\sauma\.m2\repository\org\springframework\spring-context\6.2.7\spring-context-6.2.7.jar;C:\Users\sauma\.m2\repository\org\springframework\security\spring-security-test\6.5.0\spring-security-test-6.5.0.jar;C:\Users\sauma\.m2\repository\org\springframework\security\spring-security-core\6.5.0\spring-security-core-6.5.0.jar;C:\Users\sauma\.m2\repository\org\springframework\security\spring-security-crypto\6.5.0\spring-security-crypto-6.5.0.jar;, hibernate.jdbc.lob.non_contextual_creation=true, java.vm.vendor=Oracle Corporation, sun.arch.data.model=64, user.variant=, java.vendor.url=https://java.oracle.com/, user.timezone=America/Bogota, jakarta.persistence.sharedCache.mode=UNSPECIFIED, org.jboss.logging.provider=slf4j, os.name=Windows 10, java.vm.specification.version=24, APPLICATION_NAME=snixTennis, jakarta.persistence.nonJtaDataSource=HikariDataSource (HikariPool-1), user.country=CO, sun.java.launcher=SUN_STANDARD, sun.boot.library.path=C:\Program Files\Java\jdk-24\bin, sun.java.command=C:\Users\sauma\AppData\Local\Temp\surefire14729622663409057331\surefirebooter-20251001185337921_3.jar C:\Users\sauma\AppData\Local\Temp\surefire14729622663409057331 2025-10-01T18-53-37_803-jvmRun1 surefire-20251001185337921_1tmp surefire_0-20251001185337921_2tmp, javax.persistence.nonJtaDataSource=HikariDataSource (HikariPool-1), hibernate.transaction.jta.platform=org.hibernate.engine.transaction.jta.platform.internal.NoJtaPlatform@76134251, jdk.debug=release, surefire.test.class.path=C:\Users\sauma\Documents\snixtennis\target\test-classes;C:\Users\sauma\Documents\snixtennis\target\classes;C:\Users\sauma\.m2\repository\org\springframework\boot\spring-boot-starter-data-jdbc\3.5.0\spring-boot-starter-data-jdbc-3.5.0.jar;C:\Users\sauma\.m2\repository\org\springframework\data\spring-data-jdbc\3.5.0\spring-data-jdbc-3.5.0.jar;C:\Users\sauma\.m2\repository\org\springframework\data\spring-data-relational\3.5.0\spring-data-relational-3.5.0.jar;C:\Users\sauma\.m2\repository\org\springframework\data\spring-data-commons\3.5.0\spring-data-commons-3.5.0.jar;C:\Users\sauma\.m2\repository\org\springframework\spring-tx\6.2.7\spring-tx-6.2.7.jar;C:\Users\sauma\.m2\repository\org\springframework\spring-beans\6.2.7\spring-beans-6.2.7.jar;C:\Users\sauma\.m2\repository\org\springframework\boot\spring-boot-starter-data-jpa\3.5.0\spring-boot-starter-data-jpa-3.5.0.jar;C:\Users\sauma\.m2\repository\org\springframework\boot\spring-boot-starter\3.5.0\spring-boot-starter-3.5.0.jar;C:\Users\sauma\.m2\repository\org\springframework\boot\spring-boot-starter-logging\3.5.0\spring-boot-starter-logging-3.5.0.jar;C:\Users\sauma\.m2\repository\ch\qos\logback\logback-classic\1.5.18\logback-classic-1.5.18.jar;C:\Users\sauma\.m2\repository\ch\qos\logback\logback-core\1.5.18\logback-core-1.5.18.jar;C:\Users\sauma\.m2\repository\org\apache\logging\log4j\log4j-to-slf4j\2.24.3\log4j-to-slf4j-2.24.3.jar;C:\Users\sauma\.m2\repository\org\apache\logging\log4j\log4j-api\2.24.3\log4j-api-2.24.3.jar;C:\Users\sauma\.m2\repository\org\slf4j\jul-to-slf4j\2.0.17\jul-to-slf4j-2.0.17.jar;C:\Users\sauma\.m2\repository\jakarta\annotation\jakarta.annotation-api\2.1.1\jakarta.annotation-api-2.1.1.jar;C:\Users\sauma\.m2\repository\org\yaml\snakeyaml\2.4\snakeyaml-2.4.jar;C:\Users\sauma\.m2\repository\org\hibernate\orm\hibernate-core\6.6.15.Final\hibernate-core-6.6.15.Final.jar;C:\Users\sauma\.m2\repository\jakarta\persistence\jakarta.persistence-api\3.1.0\jakarta.persistence-api-3.1.0.jar;C:\Users\sauma\.m2\repository\jakarta\transaction\jakarta.transaction-api\2.0.1\jakarta.transaction-api-2.0.1.jar;C:\Users\sauma\.m2\repository\org\jboss\logging\jboss-logging\3.6.1.Final\jboss-logging-3.6.1.Final.jar;C:\Users\sauma\.m2\repository\org\hibernate\common\hibernate-commons-annotations\7.0.3.Final\hibernate-commons-annotations-7.0.3.Final.jar;C:\Users\sauma\.m2\repository\io\smallrye\jandex\3.2.0\jandex-3.2.0.jar;C:\Users\sauma\.m2\repository\com\fasterxml\classmate\1.7.0\classmate-1.7.0.jar;C:\Users\sauma\.m2\repository\net\bytebuddy\byte-buddy\1.17.5\byte-buddy-1.17.5.jar;C:\Users\sauma\.m2\repository\org\glassfish\jaxb\jaxb-runtime\4.0.5\jaxb-runtime-4.0.5.jar;C:\Users\sauma\.m2\repository\org\glassfish\jaxb\jaxb-core\4.0.5\jaxb-core-4.0.5.jar;C:\Users\sauma\.m2\repository\org\glassfish\jaxb\txw2\4.0.5\txw2-4.0.5.jar;C:\Users\sauma\.m2\repository\com\sun\istack\istack-commons-runtime\4.1.2\istack-commons-runtime-4.1.2.jar;C:\Users\sauma\.m2\repository\jakarta\inject\jakarta.inject-api\2.0.1\jakarta.inject-api-2.0.1.jar;C:\Users\sauma\.m2\repository\org\antlr\antlr4-runtime\4.13.0\antlr4-runtime-4.13.0.jar;C:\Users\sauma\.m2\repository\org\springframework\data\spring-data-jpa\3.5.0\spring-data-jpa-3.5.0.jar;C:\Users\sauma\.m2\repository\org\springframework\spring-orm\6.2.7\spring-orm-6.2.7.jar;C:\Users\sauma\.m2\repository\org\springframework\spring-aspects\6.2.7\spring-aspects-6.2.7.jar;C:\Users\sauma\.m2\repository\org\aspectj\aspectjweaver\1.9.24\aspectjweaver-1.9.24.jar;C:\Users\sauma\.m2\repository\org\springframework\boot\spring-boot-starter-graphql\3.5.0\spring-boot-starter-graphql-3.5.0.jar;C:\Users\sauma\.m2\repository\org\springframework\boot\spring-boot-starter-json\3.5.0\spring-boot-starter-json-3.5.0.jar;C:\Users\sauma\.m2\repository\com\fasterxml\jackson\core\jackson-databind\2.19.0\jackson-databind-2.19.0.jar;C:\Users\sauma\.m2\repository\com\fasterxml\jackson\core\jackson-annotations\2.19.0\jackson-annotations-2.19.0.jar;C:\Users\sauma\.m2\repository\com\fasterxml\jackson\core\jackson-core\2.19.0\jackson-core-2.19.0.jar;C:\Users\sauma\.m2\repository\com\fasterxml\jackson\datatype\jackson-datatype-jdk8\2.19.0\jackson-datatype-jdk8-2.19.0.jar;C:\Users\sauma\.m2\repository\com\fasterxml\jackson\datatype\jackson-datatype-jsr310\2.19.0\jackson-datatype-jsr310-2.19.0.jar;C:\Users\sauma\.m2\repository\com\fasterxml\jackson\module\jackson-module-parameter-names\2.19.0\jackson-module-parameter-names-2.19.0.jar;C:\Users\sauma\.m2\repository\org\springframework\graphql\spring-graphql\1.4.0\spring-graphql-1.4.0.jar;C:\Users\sauma\.m2\repository\io\micrometer\context-propagation\1.1.3\context-propagation-1.1.3.jar;C:\Users\sauma\.m2\repository\org\springframework\boot\spring-boot-starter-jdbc\3.5.0\spring-boot-starter-jdbc-3.5.0.jar;C:\Users\sauma\.m2\repository\com\zaxxer\HikariCP\6.3.0\HikariCP-6.3.0.jar;C:\Users\sauma\.m2\repository\org\springframework\spring-jdbc\6.2.7\spring-jdbc-6.2.7.jar;C:\Users\sauma\.m2\repository\org\springframework\boot\spring-boot-starter-mail\3.5.0\spring-boot-starter-mail-3.5.0.jar;C:\Users\sauma\.m2\repository\org\springframework\spring-context-support\6.2.7\spring-context-support-6.2.7.jar;C:\Users\sauma\.m2\repository\org\eclipse\angus\jakarta.mail\2.0.3\jakarta.mail-2.0.3.jar;C:\Users\sauma\.m2\repository\jakarta\activation\jakarta.activation-api\2.1.3\jakarta.activation-api-2.1.3.jar;C:\Users\sauma\.m2\repository\org\eclipse\angus\angus-activation\2.0.2\angus-activation-2.0.2.jar;C:\Users\sauma\.m2\repository\org\springframework\boot\spring-boot-starter-validation\3.5.0\spring-boot-starter-validation-3.5.0.jar;C:\Users\sauma\.m2\repository\org\apache\tomcat\embed\tomcat-embed-el\10.1.41\tomcat-embed-el-10.1.41.jar;C:\Users\sauma\.m2\repository\org\hibernate\validator\hibernate-validator\8.0.2.Final\hibernate-validator-8.0.2.Final.jar;C:\Users\sauma\.m2\repository\jakarta\validation\jakarta.validation-api\3.0.2\jakarta.validation-api-3.0.2.jar;C:\Users\sauma\.m2\repository\org\springframework\boot\spring-boot-starter-security\3.5.0\spring-boot-starter-security-3.5.0.jar;C:\Users\sauma\.m2\repository\org\springframework\spring-aop\6.2.7\spring-aop-6.2.7.jar;C:\Users\sauma\.m2\repository\org\springframework\security\spring-security-config\6.5.0\spring-security-config-6.5.0.jar;C:\Users\sauma\.m2\repository\org\springframework\security\spring-security-web\6.5.0\spring-security-web-6.5.0.jar;C:\Users\sauma\.m2\repository\org\springframework\spring-expression\6.2.7\spring-expression-6.2.7.jar;C:\Users\sauma\.m2\repository\org\springframework\boot\spring-boot-starter-thymeleaf\3.5.0\spring-boot-starter-thymeleaf-3.5.0.jar;C:\Users\sauma\.m2\repository\org\thymeleaf\thymeleaf-spring6\3.1.3.RELEASE\thymeleaf-spring6-3.1.3.RELEASE.jar;C:\Users\sauma\.m2\repository\org\thymeleaf\thymeleaf\3.1.3.RELEASE\thymeleaf-3.1.3.RELEASE.jar;C:\Users\sauma\.m2\repository\org\attoparser\attoparser\2.0.7.RELEASE\attoparser-2.0.7.RELEASE.jar;C:\Users\sauma\.m2\repository\org\unbescape\unbescape\1.1.6.RELEASE\unbescape-1.1.6.RELEASE.jar;C:\Users\sauma\.m2\repository\org\springframework\boot\spring-boot-starter-web\3.5.0\spring-boot-starter-web-3.5.0.jar;C:\Users\sauma\.m2\repository\org\springframework\boot\spring-boot-starter-tomcat\3.5.0\spring-boot-starter-tomcat-3.5.0.jar;C:\Users\sauma\.m2\repository\org\apache\tomcat\embed\tomcat-embed-core\10.1.41\tomcat-embed-core-10.1.41.jar;C:\Users\sauma\.m2\repository\org\apache\tomcat\embed\tomcat-embed-websocket\10.1.41\tomcat-embed-websocket-10.1.41.jar;C:\Users\sauma\.m2\repository\org\springframework\spring-web\6.2.7\spring-web-6.2.7.jar;C:\Users\sauma\.m2\repository\io\micrometer\micrometer-observation\1.15.0\micrometer-observation-1.15.0.jar;C:\Users\sauma\.m2\repository\io\micrometer\micrometer-commons\1.15.0\micrometer-commons-1.15.0.jar;C:\Users\sauma\.m2\repository\org\springframework\spring-webmvc\6.2.7\spring-webmvc-6.2.7.jar;C:\Users\sauma\.m2\repository\org\springframework\ai\spring-ai-pdf-document-reader\1.0.0\spring-ai-pdf-document-reader-1.0.0.jar;C:\Users\sauma\.m2\repository\org\springframework\ai\spring-ai-commons\1.0.0\spring-ai-commons-1.0.0.jar;C:\Users\sauma\.m2\repository\io\micrometer\micrometer-core\1.15.0\micrometer-core-1.15.0.jar;C:\Users\sauma\.m2\repository\org\hdrhistogram\HdrHistogram\2.2.2\HdrHistogram-2.2.2.jar;C:\Users\sauma\.m2\repository\org\latencyutils\LatencyUtils\2.0.3\LatencyUtils-2.0.3.jar;C:\Users\sauma\.m2\repository\com\fasterxml\jackson\module\jackson-module-jsonSchema\2.19.0\jackson-module-jsonSchema-2.19.0.jar;C:\Users\sauma\.m2\repository\javax\validation\validation-api\1.1.0.Final\validation-api-1.1.0.Final.jar;C:\Users\sauma\.m2\repository\com\knuddels\jtokkit\1.1.0\jtokkit-1.1.0.jar;C:\Users\sauma\.m2\repository\org\apache\pdfbox\pdfbox\3.0.3\pdfbox-3.0.3.jar;C:\Users\sauma\.m2\repository\org\apache\pdfbox\pdfbox-io\3.0.3\pdfbox-io-3.0.3.jar;C:\Users\sauma\.m2\repository\org\apache\pdfbox\fontbox\3.0.3\fontbox-3.0.3.jar;C:\Users\sauma\.m2\repository\org\thymeleaf\extras\thymeleaf-extras-springsecurity6\3.1.3.RELEASE\thymeleaf-extras-springsecurity6-3.1.3.RELEASE.jar;C:\Users\sauma\.m2\repository\org\slf4j\slf4j-api\2.0.17\slf4j-api-2.0.17.jar;C:\Users\sauma\.m2\repository\org\springframework\boot\spring-boot-devtools\3.5.0\spring-boot-devtools-3.5.0.jar;C:\Users\sauma\.m2\repository\org\springframework\boot\spring-boot\3.5.0\spring-boot-3.5.0.jar;C:\Users\sauma\.m2\repository\org\springframework\boot\spring-boot-autoconfigure\3.5.0\spring-boot-autoconfigure-3.5.0.jar;C:\Users\sauma\.m2\repository\com\mysql\mysql-connector-j\9.2.0\mysql-connector-j-9.2.0.jar;C:\Users\sauma\.m2\repository\org\projectlombok\lombok\1.18.38\lombok-1.18.38.jar;C:\Users\sauma\.m2\repository\org\springframework\boot\spring-boot-starter-test\3.5.0\spring-boot-starter-test-3.5.0.jar;C:\Users\sauma\.m2\repository\org\springframework\boot\spring-boot-test\3.5.0\spring-boot-test-3.5.0.jar;C:\Users\sauma\.m2\repository\org\springframework\boot\spring-boot-test-autoconfigure\3.5.0\spring-boot-test-autoconfigure-3.5.0.jar;C:\Users\sauma\.m2\repository\com\jayway\jsonpath\json-path\2.9.0\json-path-2.9.0.jar;C:\Users\sauma\.m2\repository\jakarta\xml\bind\jakarta.xml.bind-api\4.0.2\jakarta.xml.bind-api-4.0.2.jar;C:\Users\sauma\.m2\repository\net\minidev\json-smart\2.5.2\json-smart-2.5.2.jar;C:\Users\sauma\.m2\repository\net\minidev\accessors-smart\2.5.2\accessors-smart-2.5.2.jar;C:\Users\sauma\.m2\repository\org\ow2\asm\asm\9.7.1\asm-9.7.1.jar;C:\Users\sauma\.m2\repository\org\assertj\assertj-core\3.27.3\assertj-core-3.27.3.jar;C:\Users\sauma\.m2\repository\org\awaitility\awaitility\4.3.0\awaitility-4.3.0.jar;C:\Users\sauma\.m2\repository\org\hamcrest\hamcrest\3.0\hamcrest-3.0.jar;C:\Users\sauma\.m2\repository\org\junit\jupiter\junit-jupiter\5.12.2\junit-jupiter-5.12.2.jar;C:\Users\sauma\.m2\repository\org\junit\jupiter\junit-jupiter-api\5.12.2\junit-jupiter-api-5.12.2.jar;C:\Users\sauma\.m2\repository\org\opentest4j\opentest4j\1.3.0\opentest4j-1.3.0.jar;C:\Users\sauma\.m2\repository\org\junit\platform\junit-platform-commons\1.12.2\junit-platform-commons-1.12.2.jar;C:\Users\sauma\.m2\repository\org\apiguardian\apiguardian-api\1.1.2\apiguardian-api-1.1.2.jar;C:\Users\sauma\.m2\repository\org\junit\jupiter\junit-jupiter-params\5.12.2\junit-jupiter-params-5.12.2.jar;C:\Users\sauma\.m2\repository\org\junit\jupiter\junit-jupiter-engine\5.12.2\junit-jupiter-engine-5.12.2.jar;C:\Users\sauma\.m2\repository\org\junit\platform\junit-platform-engine\1.12.2\junit-platform-engine-1.12.2.jar;C:\Users\sauma\.m2\repository\org\mockito\mockito-core\5.17.0\mockito-core-5.17.0.jar;C:\Users\sauma\.m2\repository\net\bytebuddy\byte-buddy-agent\1.17.5\byte-buddy-agent-1.17.5.jar;C:\Users\sauma\.m2\repository\org\objenesis\objenesis\3.3\objenesis-3.3.jar;C:\Users\sauma\.m2\repository\org\mockito\mockito-junit-jupiter\5.17.0\mockito-junit-jupiter-5.17.0.jar;C:\Users\sauma\.m2\repository\org\skyscreamer\jsonassert\1.5.3\jsonassert-1.5.3.jar;C:\Users\sauma\.m2\repository\com\vaadin\external\google\android-json\0.0.20131108.vaadin1\android-json-0.0.20131108.vaadin1.jar;C:\Users\sauma\.m2\repository\org\springframework\spring-core\6.2.7\spring-core-6.2.7.jar;C:\Users\sauma\.m2\repository\org\springframework\spring-jcl\6.2.7\spring-jcl-6.2.7.jar;C:\Users\sauma\.m2\repository\org\springframework\spring-test\6.2.7\spring-test-6.2.7.jar;C:\Users\sauma\.m2\repository\org\xmlunit\xmlunit-core\2.10.1\xmlunit-core-2.10.1.jar;C:\Users\sauma\.m2\repository\org\springframework\graphql\spring-graphql-test\1.4.0\spring-graphql-test-1.4.0.jar;C:\Users\sauma\.m2\repository\com\graphql-java\graphql-java\24.0\graphql-java-24.0.jar;C:\Users\sauma\.m2\repository\com\graphql-java\java-dataloader\5.0.0\java-dataloader-5.0.0.jar;C:\Users\sauma\.m2\repository\org\reactivestreams\reactive-streams\1.0.4\reactive-streams-1.0.4.jar;C:\Users\sauma\.m2\repository\org\jspecify\jspecify\1.0.0\jspecify-1.0.0.jar;C:\Users\sauma\.m2\repository\io\projectreactor\reactor-core\3.7.6\reactor-core-3.7.6.jar;C:\Users\sauma\.m2\repository\org\springframework\spring-context\6.2.7\spring-context-6.2.7.jar;C:\Users\sauma\.m2\repository\org\springframework\security\spring-security-test\6.5.0\spring-security-test-6.5.0.jar;C:\Users\sauma\.m2\repository\org\springframework\security\spring-security-core\6.5.0\spring-security-core-6.5.0.jar;C:\Users\sauma\.m2\repository\org\springframework\security\spring-security-crypto\6.5.0\spring-security-crypto-6.5.0.jar;, sun.cpu.endian=little, hibernate.cdi.extensions=true, user.home=C:\Users\sauma, user.language=es, java.specification.vendor=Oracle Corporation, java.version.date=2025-04-15, java.home=C:\Program Files\Java\jdk-24, file.separator=\, basedir=C:\Users\sauma\Documents\snixtennis, java.vm.compressedOopsMode=32-bit, line.separator=
, hibernate.persistenceUnitName=default, java.vm.specification.vendor=Oracle Corporation, java.specification.name=Java Platform API Specification, FILE_LOG_CHARSET=UTF-8, hibernate.transaction.coordinator_class=class org.hibernate.resource.transaction.backend.jdbc.internal.JdbcResourceLocalTransactionCoordinatorBuilderImpl, java.awt.headless=true, surefire.real.class.path=C:\Users\sauma\AppData\Local\Temp\surefire14729622663409057331\surefirebooter-20251001185337921_3.jar, jakarta.persistence.validation.mode=AUTO, hibernate.hbm2ddl.auto=update, user.script=, sun.management.compiler=HotSpot 64-Bit Tiered Compilers, java.runtime.version=24.0.1+9-30, user.name=sauma, stdout.encoding=Cp1252, path.separator=;, os.version=10.0, java.runtime.name=Java(TM) SE Runtime Environment, file.encoding=UTF-8, java.vm.name=Java HotSpot(TM) 64-Bit Server VM, maven.ext.class.path=C:\Program Files\NetBeans-25\netbeans\java\maven-nblib\netbeans-eventspy.jar, localRepository=C:\Users\sauma\.m2\repository, java.vendor.url.bug=https://bugreport.java.com/bugreport/, java.io.tmpdir=C:\Users\sauma\AppData\Local\Temp\, java.version=24.0.1, hibernate.physical_naming_strategy=org.hibernate.boot.model.naming.CamelCaseToUnderscoresNamingStrategy, user.dir=C:\Users\sauma\Documents\snixtennis, os.arch=amd64, java.vm.specification.name=Java Virtual Machine Specification, PID=19412, sun.os.patch.level=, CONSOLE_LOG_CHARSET=windows-1252, hibernate.boot.CfgXmlAccessService.key=org.hibernate.boot.registry.StandardServiceRegistryBuilder$1@4177d422, native.encoding=Cp1252, java.library.path=C:\Program Files\Java\jdk-24\bin;C:\WINDOWS\Sun\Java\bin;C:\WINDOWS\system32;C:\WINDOWS;C:\Python313\Scripts\;C:\Python313\;C:\Program Files\Common Files\Oracle\Java\javapath;C:\WINDOWS\system32;C:\WINDOWS;C:\WINDOWS\System32\Wbem;C:\WINDOWS\System32\WindowsPowerShell\v1.0\;C:\WINDOWS\System32\OpenSSH\;C:\Program Files\Git\cmd;C:\Program Files (x86)\Bitvise SSH Client;C:\Program Files\PuTTY\;C:\Program Files\nodejs\;C:\ProgramData\chocolatey\bin;C:\Program Files\MySQL\MySQL Shell 8.0\bin\;C:\Users\sauma\AppData\Local\Microsoft\WindowsApps;C:\Users\sauma\AppData\Local\Programs\Microsoft VS Code\bin;C:\Users\sauma\AppData\Roaming\npm;., stderr.encoding=Cp1252, java.vendor=Oracle Corporation, java.vm.info=mixed mode, sharing, java.vm.version=24.0.1+9-30, sun.io.unicode.encoding=UnicodeLittle, hibernate.archive.scanner=org.hibernate.boot.archive.scan.internal.DisabledScanner, hibernate.connection.datasource=HikariDataSource (HikariPool-1), java.class.version=68.0, LOGGED_APPLICATION_NAME=[snixTennis] }
2025-10-01T18:53:45.044-05:00 DEBUG 19412 --- [snixTennis] [           main] o.hibernate.internal.SessionFactoryImpl  : Session factory constructed with filter configurations : {}
2025-10-01T18:53:45.049-05:00 DEBUG 19412 --- [snixTennis] [           main] o.h.v.i.xml.config.ValidationXmlParser   : Trying to load META-INF/validation.xml for XML based Validator configuration.
2025-10-01T18:53:45.049-05:00 DEBUG 19412 --- [snixTennis] [           main] o.h.v.i.xml.config.ResourceLoaderHelper  : Trying to load META-INF/validation.xml via TCCL
2025-10-01T18:53:45.049-05:00 DEBUG 19412 --- [snixTennis] [           main] o.h.v.i.xml.config.ResourceLoaderHelper  : Trying to load META-INF/validation.xml via Hibernate Validator's class loader
2025-10-01T18:53:45.049-05:00 DEBUG 19412 --- [snixTennis] [           main] o.h.v.i.xml.config.ValidationXmlParser   : No META-INF/validation.xml found. Using annotation based configuration only.
2025-10-01T18:53:45.049-05:00 DEBUG 19412 --- [snixTennis] [           main] o.h.v.i.e.resolver.TraversableResolvers  : Found jakarta.persistence.Persistence on classpath containing 'getPersistenceUtil'. Assuming JPA 2 environment. Trying to instantiate JPA aware TraversableResolver
2025-10-01T18:53:45.050-05:00 DEBUG 19412 --- [snixTennis] [           main] o.h.v.i.e.resolver.TraversableResolvers  : Instantiated JPA aware TraversableResolver of type org.hibernate.validator.internal.engine.resolver.JPATraversableResolver.
2025-10-01T18:53:45.050-05:00 DEBUG 19412 --- [snixTennis] [           main] .h.v.m.ResourceBundleMessageInterpolator : Loaded expression factory via original TCCL
2025-10-01T18:53:45.051-05:00 DEBUG 19412 --- [snixTennis] [           main] .i.e.ValidatorFactoryConfigurationHelper : HV000252: Using org.hibernate.validator.internal.engine.DefaultPropertyNodeNameProvider as property node name provider.
2025-10-01T18:53:45.051-05:00 DEBUG 19412 --- [snixTennis] [           main] .i.e.ValidatorFactoryConfigurationHelper : HV000234: Using org.hibernate.validator.messageinterpolation.ResourceBundleMessageInterpolator as ValidatorFactory-scoped message interpolator.
2025-10-01T18:53:45.051-05:00 DEBUG 19412 --- [snixTennis] [           main] .i.e.ValidatorFactoryConfigurationHelper : HV000234: Using org.hibernate.validator.internal.engine.resolver.JPATraversableResolver as ValidatorFactory-scoped traversable resolver.
2025-10-01T18:53:45.051-05:00 DEBUG 19412 --- [snixTennis] [           main] .i.e.ValidatorFactoryConfigurationHelper : HV000234: Using org.hibernate.validator.internal.util.ExecutableParameterNameProvider as ValidatorFactory-scoped parameter name provider.
2025-10-01T18:53:45.051-05:00 DEBUG 19412 --- [snixTennis] [           main] .i.e.ValidatorFactoryConfigurationHelper : HV000234: Using org.hibernate.validator.internal.engine.DefaultClockProvider as ValidatorFactory-scoped clock provider.
2025-10-01T18:53:45.051-05:00 DEBUG 19412 --- [snixTennis] [           main] .i.e.ValidatorFactoryConfigurationHelper : HV000234: Using org.hibernate.validator.internal.engine.scripting.DefaultScriptEvaluatorFactory as ValidatorFactory-scoped script evaluator factory.
2025-10-01T18:53:45.052-05:00 DEBUG 19412 --- [snixTennis] [           main] o.h.boot.internal.ClassLoaderAccessImpl  : Not known whether passed class name [snix.snixtennis.entidades.Promo] is safe
2025-10-01T18:53:45.052-05:00 DEBUG 19412 --- [snixTennis] [           main] o.h.boot.internal.ClassLoaderAccessImpl  : No temp ClassLoader provided; using live ClassLoader for loading potentially unsafe class : snix.snixtennis.entidades.Promo
2025-10-01T18:53:45.078-05:00 DEBUG 19412 --- [snixTennis] [           main] o.h.boot.internal.ClassLoaderAccessImpl  : Not known whether passed class name [snix.snixtennis.entidades.Pedido] is safe
2025-10-01T18:53:45.078-05:00 DEBUG 19412 --- [snixTennis] [           main] o.h.boot.internal.ClassLoaderAccessImpl  : No temp ClassLoader provided; using live ClassLoader for loading potentially unsafe class : snix.snixtennis.entidades.Pedido
2025-10-01T18:53:45.080-05:00 DEBUG 19412 --- [snixTennis] [           main] o.h.boot.internal.ClassLoaderAccessImpl  : Not known whether passed class name [snix.snixtennis.entidades.Role] is safe
2025-10-01T18:53:45.080-05:00 DEBUG 19412 --- [snixTennis] [           main] o.h.boot.internal.ClassLoaderAccessImpl  : No temp ClassLoader provided; using live ClassLoader for loading potentially unsafe class : snix.snixtennis.entidades.Role
2025-10-01T18:53:45.081-05:00 DEBUG 19412 --- [snixTennis] [           main] o.h.boot.internal.ClassLoaderAccessImpl  : Not known whether passed class name [snix.snixtennis.entidades.Combos] is safe
2025-10-01T18:53:45.081-05:00 DEBUG 19412 --- [snixTennis] [           main] o.h.boot.internal.ClassLoaderAccessImpl  : No temp ClassLoader provided; using live ClassLoader for loading potentially unsafe class : snix.snixtennis.entidades.Combos
2025-10-01T18:53:45.083-05:00 DEBUG 19412 --- [snixTennis] [           main] o.h.boot.internal.ClassLoaderAccessImpl  : Not known whether passed class name [snix.snixtennis.entidades.Producto] is safe
2025-10-01T18:53:45.083-05:00 DEBUG 19412 --- [snixTennis] [           main] o.h.boot.internal.ClassLoaderAccessImpl  : No temp ClassLoader provided; using live ClassLoader for loading potentially unsafe class : snix.snixtennis.entidades.Producto
2025-10-01T18:53:45.100-05:00 DEBUG 19412 --- [snixTennis] [           main] o.h.boot.internal.ClassLoaderAccessImpl  : Not known whether passed class name [snix.snixtennis.entidades.InformacionCliente] is safe
2025-10-01T18:53:45.100-05:00 DEBUG 19412 --- [snixTennis] [           main] o.h.boot.internal.ClassLoaderAccessImpl  : No temp ClassLoader provided; using live ClassLoader for loading potentially unsafe class : snix.snixtennis.entidades.InformacionCliente
2025-10-01T18:53:45.103-05:00 DEBUG 19412 --- [snixTennis] [           main] o.h.boot.internal.ClassLoaderAccessImpl  : Not known whether passed class name [snix.snixtennis.entidades.Usuario] is safe
2025-10-01T18:53:45.103-05:00 DEBUG 19412 --- [snixTennis] [           main] o.h.boot.internal.ClassLoaderAccessImpl  : No temp ClassLoader provided; using live ClassLoader for loading potentially unsafe class : snix.snixtennis.entidades.Usuario
2025-10-01T18:53:45.104-05:00 DEBUG 19412 --- [snixTennis] [           main] o.h.boot.internal.ClassLoaderAccessImpl  : Not known whether passed class name [snix.snixtennis.entidades.Archivo] is safe
2025-10-01T18:53:45.104-05:00 DEBUG 19412 --- [snixTennis] [           main] o.h.boot.internal.ClassLoaderAccessImpl  : No temp ClassLoader provided; using live ClassLoader for loading potentially unsafe class : snix.snixtennis.entidades.Archivo
2025-10-01T18:53:45.106-05:00 DEBUG 19412 --- [snixTennis] [           main] .h.s.i.SessionFactoryServiceRegistryImpl : EventListenerRegistry access via ServiceRegistry is deprecated.  Use `sessionFactory.getEventEngine().getListenerRegistry()` instead
2025-10-01T18:53:45.146-05:00 DEBUG 19412 --- [snixTennis] [           main] o.h.q.sqm.function.SqmFunctionRegistry   : Registered SqmFunctionTemplate [NamedSqmFunctionTemplate(max)] under max; prior registration was null
2025-10-01T18:53:45.146-05:00 DEBUG 19412 --- [snixTennis] [           main] o.h.q.sqm.function.SqmFunctionRegistry   : Registered SqmFunctionTemplate [NamedSqmFunctionTemplate(min)] under min; prior registration was null
2025-10-01T18:53:45.147-05:00 DEBUG 19412 --- [snixTennis] [           main] o.h.q.sqm.function.SqmFunctionRegistry   : Registered SqmFunctionTemplate [NamedSqmFunctionTemplate(sum)] under sum; prior registration was null
2025-10-01T18:53:45.148-05:00 DEBUG 19412 --- [snixTennis] [           main] o.h.q.sqm.function.SqmFunctionRegistry   : Registered SqmFunctionTemplate [NamedSqmFunctionTemplate(avg)] under avg; prior registration was null
2025-10-01T18:53:45.149-05:00 DEBUG 19412 --- [snixTennis] [           main] o.h.q.sqm.function.SqmFunctionRegistry   : Registered SqmFunctionTemplate [org.hibernate.dialect.function.CountFunction@31859960] under count; prior registration was null
2025-10-01T18:53:45.150-05:00 DEBUG 19412 --- [snixTennis] [           main] o.h.q.sqm.function.SqmFunctionRegistry   : Registered SqmFunctionTemplate [org.hibernate.dialect.function.EveryAnyEmulation@289da1bc] under every; prior registration was null
2025-10-01T18:53:45.150-05:00 DEBUG 19412 --- [snixTennis] [           main] o.h.q.sqm.function.SqmFunctionRegistry   : Registered SqmFunctionTemplate [org.hibernate.dialect.function.EveryAnyEmulation@4e1b5532] under any; prior registration was null
2025-10-01T18:53:45.150-05:00 DEBUG 19412 --- [snixTennis] [           main] o.h.q.sqm.function.SqmFunctionRegistry   : Registered SqmFunctionTemplate [NamedSqmFunctionTemplate(floor)] under floor; prior registration was null
2025-10-01T18:53:45.150-05:00 DEBUG 19412 --- [snixTennis] [           main] o.h.q.sqm.function.SqmFunctionRegistry   : Registered SqmFunctionTemplate [NamedSqmFunctionTemplate(ceiling)] under ceiling; prior registration was null
2025-10-01T18:53:45.150-05:00 DEBUG 19412 --- [snixTennis] [           main] o.h.q.sqm.function.SqmFunctionRegistry   : Registered SqmFunctionTemplate [NamedSqmFunctionTemplate(mod)] under mod; prior registration was null
2025-10-01T18:53:45.150-05:00 DEBUG 19412 --- [snixTennis] [           main] o.h.q.sqm.function.SqmFunctionRegistry   : Registered SqmFunctionTemplate [NamedSqmFunctionTemplate(abs)] under abs; prior registration was null
2025-10-01T18:53:45.150-05:00 DEBUG 19412 --- [snixTennis] [           main] o.h.q.sqm.function.SqmFunctionRegistry   : Registered SqmFunctionTemplate [NamedSqmFunctionTemplate(sign)] under sign; prior registration was null
2025-10-01T18:53:45.150-05:00 DEBUG 19412 --- [snixTennis] [           main] o.h.q.sqm.function.SqmFunctionRegistry   : Registered SqmFunctionTemplate [NamedSqmFunctionTemplate(sqrt)] under sqrt; prior registration was null
2025-10-01T18:53:45.150-05:00 DEBUG 19412 --- [snixTennis] [           main] o.h.q.sqm.function.SqmFunctionRegistry   : Registered SqmFunctionTemplate [NamedSqmFunctionTemplate(ln)] under ln; prior registration was null
2025-10-01T18:53:45.150-05:00 DEBUG 19412 --- [snixTennis] [           main] o.h.q.sqm.function.SqmFunctionRegistry   : Registered SqmFunctionTemplate [NamedSqmFunctionTemplate(exp)] under exp; prior registration was null
2025-10-01T18:53:45.150-05:00 DEBUG 19412 --- [snixTennis] [           main] o.h.q.sqm.function.SqmFunctionRegistry   : Registered SqmFunctionTemplate [NamedSqmFunctionTemplate(power)] under power; prior registration was null
2025-10-01T18:53:45.150-05:00 DEBUG 19412 --- [snixTennis] [           main] o.h.q.sqm.function.SqmFunctionRegistry   : Registered SqmFunctionTemplate [NamedSqmFunctionTemplate(round)] under round; prior registration was null
2025-10-01T18:53:45.150-05:00 DEBUG 19412 --- [snixTennis] [           main] o.h.q.sqm.function.SqmFunctionRegistry   : Registered SqmFunctionTemplate [NamedSqmFunctionTemplate(sin)] under sin; prior registration was null
2025-10-01T18:53:45.150-05:00 DEBUG 19412 --- [snixTennis] [           main] o.h.q.sqm.function.SqmFunctionRegistry   : Registered SqmFunctionTemplate [NamedSqmFunctionTemplate(cos)] under cos; prior registration was null
2025-10-01T18:53:45.150-05:00 DEBUG 19412 --- [snixTennis] [           main] o.h.q.sqm.function.SqmFunctionRegistry   : Registered SqmFunctionTemplate [NamedSqmFunctionTemplate(tan)] under tan; prior registration was null
2025-10-01T18:53:45.150-05:00 DEBUG 19412 --- [snixTennis] [           main] o.h.q.sqm.function.SqmFunctionRegistry   : Registered SqmFunctionTemplate [NamedSqmFunctionTemplate(asin)] under asin; prior registration was null
2025-10-01T18:53:45.150-05:00 DEBUG 19412 --- [snixTennis] [           main] o.h.q.sqm.function.SqmFunctionRegistry   : Registered SqmFunctionTemplate [NamedSqmFunctionTemplate(acos)] under acos; prior registration was null
2025-10-01T18:53:45.151-05:00 DEBUG 19412 --- [snixTennis] [           main] o.h.q.sqm.function.SqmFunctionRegistry   : Registered SqmFunctionTemplate [NamedSqmFunctionTemplate(atan)] under atan; prior registration was null
2025-10-01T18:53:45.151-05:00 DEBUG 19412 --- [snixTennis] [           main] o.h.q.sqm.function.SqmFunctionRegistry   : Registered SqmFunctionTemplate [NamedSqmFunctionTemplate(atan2)] under atan2; prior registration was null
2025-10-01T18:53:45.152-05:00 DEBUG 19412 --- [snixTennis] [           main] o.h.q.sqm.function.SqmFunctionRegistry   : Registered SqmFunctionTemplate [org.hibernate.query.sqm.function.PatternBasedSqmFunctionDescriptor@2728add3] under sinh; prior registration was null
2025-10-01T18:53:45.152-05:00 DEBUG 19412 --- [snixTennis] [           main] o.h.q.sqm.function.SqmFunctionRegistry   : Registered SqmFunctionTemplate [org.hibernate.query.sqm.function.PatternBasedSqmFunctionDescriptor@4fce3ed7] under cosh; prior registration was null
2025-10-01T18:53:45.152-05:00 DEBUG 19412 --- [snixTennis] [           main] o.h.q.sqm.function.SqmFunctionRegistry   : Registered SqmFunctionTemplate [org.hibernate.query.sqm.function.PatternBasedSqmFunctionDescriptor@54033a65] under tanh; prior registration was null
2025-10-01T18:53:45.152-05:00 DEBUG 19412 --- [snixTennis] [           main] o.h.q.sqm.function.SqmFunctionRegistry   : Registered SqmFunctionTemplate [org.hibernate.query.sqm.function.PatternBasedSqmFunctionDescriptor@4fb99927] under pi; prior registration was null
2025-10-01T18:53:45.152-05:00 DEBUG 19412 --- [snixTennis] [           main] o.h.q.sqm.function.SqmFunctionRegistry   : Registered SqmFunctionTemplate [org.hibernate.query.sqm.function.PatternBasedSqmFunctionDescriptor@2d9df336] under log; prior registration was null
2025-10-01T18:53:45.152-05:00 DEBUG 19412 --- [snixTennis] [           main] o.h.q.sqm.function.SqmFunctionRegistry   : Registered SqmFunctionTemplate [NamedSqmFunctionTemplate(coalesce)] under coalesce; prior registration was null
2025-10-01T18:53:45.152-05:00 DEBUG 19412 --- [snixTennis] [           main] o.h.q.sqm.function.SqmFunctionRegistry   : Registered SqmFunctionTemplate [NamedSqmFunctionTemplate(nullif)] under nullif; prior registration was null
2025-10-01T18:53:45.152-05:00 DEBUG 19412 --- [snixTennis] [           main] o.h.q.sqm.function.SqmFunctionRegistry   : Registered SqmFunctionTemplate [NamedSqmFunctionTemplate(left)] under left; prior registration was null
2025-10-01T18:53:45.152-05:00 DEBUG 19412 --- [snixTennis] [           main] o.h.q.sqm.function.SqmFunctionRegistry   : Registered SqmFunctionTemplate [NamedSqmFunctionTemplate(right)] under right; prior registration was null
2025-10-01T18:53:45.152-05:00 DEBUG 19412 --- [snixTennis] [           main] o.h.q.sqm.function.SqmFunctionRegistry   : Registered SqmFunctionTemplate [NamedSqmFunctionTemplate(replace)] under replace; prior registration was null
2025-10-01T18:53:45.152-05:00 DEBUG 19412 --- [snixTennis] [           main] o.h.q.sqm.function.SqmFunctionRegistry   : Registered SqmFunctionTemplate [NamedSqmFunctionTemplate(concat)] under concat; prior registration was null
2025-10-01T18:53:45.152-05:00 DEBUG 19412 --- [snixTennis] [           main] o.h.q.sqm.function.SqmFunctionRegistry   : Registered SqmFunctionTemplate [NamedSqmFunctionTemplate(lower)] under lower; prior registration was null
2025-10-01T18:53:45.153-05:00 DEBUG 19412 --- [snixTennis] [           main] o.h.q.sqm.function.SqmFunctionRegistry   : Registered SqmFunctionTemplate [NamedSqmFunctionTemplate(upper)] under upper; prior registration was null
2025-10-01T18:53:45.153-05:00 DEBUG 19412 --- [snixTennis] [           main] o.h.q.sqm.function.SqmFunctionRegistry   : Registered SqmFunctionTemplate [NamedSqmFunctionTemplate(substring)] under substring; prior registration was null
2025-10-01T18:53:45.153-05:00 DEBUG 19412 --- [snixTennis] [           main] o.h.q.sqm.function.SqmFunctionRegistry   : Registered SqmFunctionTemplate [NamedSqmFunctionTemplate(locate)] under locate; prior registration was null
2025-10-01T18:53:45.153-05:00 DEBUG 19412 --- [snixTennis] [           main] o.h.q.sqm.function.SqmFunctionRegistry   : Registered SqmFunctionTemplate [NamedSqmFunctionTemplate(character_length)] under character_length; prior registration was null
2025-10-01T18:53:45.153-05:00 DEBUG 19412 --- [snixTennis] [           main] o.h.q.sqm.function.SqmFunctionRegistry   : Registering alternate key : length -> character_length
2025-10-01T18:53:45.153-05:00 DEBUG 19412 --- [snixTennis] [           main] o.h.q.sqm.function.SqmFunctionRegistry   : Registered SqmFunctionTemplate [org.hibernate.dialect.function.LocatePositionEmulation@70df41f9] under position; prior registration was null
2025-10-01T18:53:45.155-05:00 DEBUG 19412 --- [snixTennis] [           main] o.h.q.sqm.function.SqmFunctionRegistry   : Registered SqmFunctionTemplate [org.hibernate.dialect.function.InsertSubstringOverlayEmulation@2a341e3d] under overlay; prior registration was null
2025-10-01T18:53:45.155-05:00 DEBUG 19412 --- [snixTennis] [           main] o.h.q.sqm.function.SqmFunctionRegistry   : Registered SqmFunctionTemplate [org.hibernate.dialect.function.TrimFunction@40b8158d] under trim; prior registration was null
2025-10-01T18:53:45.156-05:00 DEBUG 19412 --- [snixTennis] [           main] o.h.q.sqm.function.SqmFunctionRegistry   : Registered SqmFunctionTemplate [org.hibernate.dialect.function.CastFunction@20d3fff4] under cast; prior registration was null
2025-10-01T18:53:45.156-05:00 DEBUG 19412 --- [snixTennis] [           main] o.h.q.sqm.function.SqmFunctionRegistry   : Registered SqmFunctionTemplate [org.hibernate.query.sqm.function.PatternBasedSqmFunctionDescriptor@52325940] under collate; prior registration was null
2025-10-01T18:53:45.157-05:00 DEBUG 19412 --- [snixTennis] [           main] o.h.q.sqm.function.SqmFunctionRegistry   : Registered SqmFunctionTemplate [org.hibernate.dialect.function.ExtractFunction@65f470f8] under extract; prior registration was null
2025-10-01T18:53:45.157-05:00 DEBUG 19412 --- [snixTennis] [           main] o.h.q.sqm.function.SqmFunctionRegistry   : Registered SqmFunctionTemplate [NamedSqmFunctionTemplate(least)] under least; prior registration was null
2025-10-01T18:53:45.157-05:00 DEBUG 19412 --- [snixTennis] [           main] o.h.q.sqm.function.SqmFunctionRegistry   : Registered SqmFunctionTemplate [NamedSqmFunctionTemplate(greatest)] under greatest; prior registration was null
2025-10-01T18:53:45.158-05:00 DEBUG 19412 --- [snixTennis] [           main] o.h.q.sqm.function.SqmFunctionRegistry   : Registered SqmFunctionTemplate [org.hibernate.dialect.function.CoalesceIfnullEmulation@3117ac8d] under ifnull; prior registration was null
2025-10-01T18:53:45.158-05:00 DEBUG 19412 --- [snixTennis] [           main] o.h.q.sqm.function.SqmFunctionRegistry   : Registered SqmFunctionTemplate [NamedSqmFunctionTemplate(lpad)] under lpad; prior registration was null
2025-10-01T18:53:45.158-05:00 DEBUG 19412 --- [snixTennis] [           main] o.h.q.sqm.function.SqmFunctionRegistry   : Registered SqmFunctionTemplate [NamedSqmFunctionTemplate(rpad)] under rpad; prior registration was null
2025-10-01T18:53:45.158-05:00 DEBUG 19412 --- [snixTennis] [           main] o.h.q.sqm.function.SqmFunctionRegistry   : Registered SqmFunctionTemplate [org.hibernate.dialect.function.LpadRpadPadEmulation@1610c03c] under pad; prior registration was null
2025-10-01T18:53:45.158-05:00 DEBUG 19412 --- [snixTennis] [           main] o.h.q.sqm.function.SqmFunctionRegistry   : Registered SqmFunctionTemplate [org.hibernate.dialect.function.CastStrEmulation@d0e4972] under str; prior registration was null
2025-10-01T18:53:45.160-05:00 DEBUG 19412 --- [snixTennis] [           main] o.h.q.sqm.function.SqmFunctionRegistry   : Registered SqmFunctionTemplate [org.hibernate.dialect.function.FormatFunction@63318b56] under format; prior registration was null
2025-10-01T18:53:45.161-05:00 DEBUG 19412 --- [snixTennis] [           main] o.h.q.sqm.function.SqmFunctionRegistry   : Registered SqmFunctionTemplate [org.hibernate.dialect.function.TimestampaddFunction@24f2608b] under timestampadd; prior registration was null
2025-10-01T18:53:45.162-05:00 DEBUG 19412 --- [snixTennis] [           main] o.h.q.sqm.function.SqmFunctionRegistry   : Registered SqmFunctionTemplate [org.hibernate.dialect.function.TimestampdiffFunction@2e785b28] under timestampdiff; prior registration was null
2025-10-01T18:53:45.162-05:00 DEBUG 19412 --- [snixTennis] [           main] o.h.q.sqm.function.SqmFunctionRegistry   : Registering alternate key : dateadd -> timestampadd
2025-10-01T18:53:45.162-05:00 DEBUG 19412 --- [snixTennis] [           main] o.h.q.sqm.function.SqmFunctionRegistry   : Registering alternate key : datediff -> timestampdiff
2025-10-01T18:53:45.162-05:00 DEBUG 19412 --- [snixTennis] [           main] o.h.q.sqm.function.SqmFunctionRegistry   : Registered SqmFunctionTemplate [org.hibernate.dialect.function.CurrentFunction@5764d421] under current_date; prior registration was null
2025-10-01T18:53:45.162-05:00 DEBUG 19412 --- [snixTennis] [           main] o.h.q.sqm.function.SqmFunctionRegistry   : Registered SqmFunctionTemplate [org.hibernate.dialect.function.CurrentFunction@1237cade] under current_time; prior registration was null
2025-10-01T18:53:45.162-05:00 DEBUG 19412 --- [snixTennis] [           main] o.h.q.sqm.function.SqmFunctionRegistry   : Registered SqmFunctionTemplate [org.hibernate.dialect.function.CurrentFunction@70d7a49b] under current_timestamp; prior registration was null
2025-10-01T18:53:45.162-05:00 DEBUG 19412 --- [snixTennis] [           main] o.h.q.sqm.function.SqmFunctionRegistry   : Registering alternate key : current date -> current_date
2025-10-01T18:53:45.162-05:00 DEBUG 19412 --- [snixTennis] [           main] o.h.q.sqm.function.SqmFunctionRegistry   : Registering alternate key : current time -> current_time
2025-10-01T18:53:45.162-05:00 DEBUG 19412 --- [snixTennis] [           main] o.h.q.sqm.function.SqmFunctionRegistry   : Registering alternate key : current timestamp -> current_timestamp
2025-10-01T18:53:45.162-05:00 DEBUG 19412 --- [snixTennis] [           main] o.h.q.sqm.function.SqmFunctionRegistry   : Registered SqmFunctionTemplate [org.hibernate.dialect.function.CurrentFunction@4509b7] under local_date; prior registration was null
2025-10-01T18:53:45.162-05:00 DEBUG 19412 --- [snixTennis] [           main] o.h.q.sqm.function.SqmFunctionRegistry   : Registered SqmFunctionTemplate [org.hibernate.dialect.function.CurrentFunction@71f10042] under local_time; prior registration was null
2025-10-01T18:53:45.162-05:00 DEBUG 19412 --- [snixTennis] [           main] o.h.q.sqm.function.SqmFunctionRegistry   : Registered SqmFunctionTemplate [org.hibernate.dialect.function.CurrentFunction@5dbc4598] under local_datetime; prior registration was null
2025-10-01T18:53:45.162-05:00 DEBUG 19412 --- [snixTennis] [           main] o.h.q.sqm.function.SqmFunctionRegistry   : Registered SqmFunctionTemplate [org.hibernate.dialect.function.CurrentFunction@1002d1c8] under offset_datetime; prior registration was null
2025-10-01T18:53:45.162-05:00 DEBUG 19412 --- [snixTennis] [           main] o.h.q.sqm.function.SqmFunctionRegistry   : Registering alternate key : local date -> local_date
2025-10-01T18:53:45.162-05:00 DEBUG 19412 --- [snixTennis] [           main] o.h.q.sqm.function.SqmFunctionRegistry   : Registering alternate key : local time -> local_time
2025-10-01T18:53:45.162-05:00 DEBUG 19412 --- [snixTennis] [           main] o.h.q.sqm.function.SqmFunctionRegistry   : Registering alternate key : local datetime -> local_datetime
2025-10-01T18:53:45.162-05:00 DEBUG 19412 --- [snixTennis] [           main] o.h.q.sqm.function.SqmFunctionRegistry   : Registering alternate key : offset datetime -> offset_datetime
2025-10-01T18:53:45.162-05:00 DEBUG 19412 --- [snixTennis] [           main] o.h.q.sqm.function.SqmFunctionRegistry   : Registered SqmFunctionTemplate [org.hibernate.dialect.function.CurrentFunction@38a27ace] under instant; prior registration was null
2025-10-01T18:53:45.162-05:00 DEBUG 19412 --- [snixTennis] [           main] o.h.q.sqm.function.SqmFunctionRegistry   : Registering alternate key : current_instant -> instant
2025-10-01T18:53:45.163-05:00 DEBUG 19412 --- [snixTennis] [           main] o.h.q.sqm.function.SqmFunctionRegistry   : Registered SqmFunctionTemplate [org.hibernate.dialect.function.SqlFunction@53d2f0ec] under sql; prior registration was null
2025-10-01T18:53:45.163-05:00 DEBUG 19412 --- [snixTennis] [           main] o.h.q.sqm.function.SqmFunctionRegistry   : Registered SqmFunctionTemplate [NamedSqmFunctionTemplate(soundex)] under soundex; prior registration was null
2025-10-01T18:53:45.163-05:00 DEBUG 19412 --- [snixTennis] [           main] o.h.q.sqm.function.SqmFunctionRegistry   : Registered SqmFunctionTemplate [NamedSqmFunctionTemplate(radians)] under radians; prior registration was null
2025-10-01T18:53:45.163-05:00 DEBUG 19412 --- [snixTennis] [           main] o.h.q.sqm.function.SqmFunctionRegistry   : Registered SqmFunctionTemplate [NamedSqmFunctionTemplate(degrees)] under degrees; prior registration was null
2025-10-01T18:53:45.163-05:00 DEBUG 19412 --- [snixTennis] [           main] o.h.q.sqm.function.SqmFunctionRegistry   : Registered SqmFunctionTemplate [NamedSqmFunctionTemplate(cot)] under cot; prior registration was null
2025-10-01T18:53:45.163-05:00 DEBUG 19412 --- [snixTennis] [           main] o.h.q.sqm.function.SqmFunctionRegistry   : Registered SqmFunctionTemplate [NamedSqmFunctionTemplate(log)] under log; prior registration was org.hibernate.query.sqm.function.PatternBasedSqmFunctionDescriptor@2d9df336
2025-10-01T18:53:45.163-05:00 DEBUG 19412 --- [snixTennis] [           main] o.h.q.sqm.function.SqmFunctionRegistry   : Registered SqmFunctionTemplate [NamedSqmFunctionTemplate(log2)] under log2; prior registration was null
2025-10-01T18:53:45.163-05:00 DEBUG 19412 --- [snixTennis] [           main] o.h.q.sqm.function.SqmFunctionRegistry   : Registered SqmFunctionTemplate [NamedSqmFunctionTemplate(log10)] under log10; prior registration was null
2025-10-01T18:53:45.163-05:00 DEBUG 19412 --- [snixTennis] [           main] o.h.q.sqm.function.SqmFunctionRegistry   : Registered SqmFunctionTemplate [NamedSqmFunctionTemplate(ltrim)] under ltrim; prior registration was null
2025-10-01T18:53:45.163-05:00 DEBUG 19412 --- [snixTennis] [           main] o.h.q.sqm.function.SqmFunctionRegistry   : Registered SqmFunctionTemplate [NamedSqmFunctionTemplate(rtrim)] under rtrim; prior registration was null
2025-10-01T18:53:45.163-05:00 DEBUG 19412 --- [snixTennis] [           main] o.h.q.sqm.function.SqmFunctionRegistry   : Registered SqmFunctionTemplate [NamedSqmFunctionTemplate(octet_length)] under octet_length; prior registration was null
2025-10-01T18:53:45.163-05:00 DEBUG 19412 --- [snixTennis] [           main] o.h.q.sqm.function.SqmFunctionRegistry   : Registered SqmFunctionTemplate [NamedSqmFunctionTemplate(reverse)] under reverse; prior registration was null
2025-10-01T18:53:45.163-05:00 DEBUG 19412 --- [snixTennis] [           main] o.h.q.sqm.function.SqmFunctionRegistry   : Registered SqmFunctionTemplate [NamedSqmFunctionTemplate(space)] under space; prior registration was null
2025-10-01T18:53:45.163-05:00 DEBUG 19412 --- [snixTennis] [           main] o.h.q.sqm.function.SqmFunctionRegistry   : Registered SqmFunctionTemplate [NamedSqmFunctionTemplate(repeat)] under repeat; prior registration was null
2025-10-01T18:53:45.164-05:00 DEBUG 19412 --- [snixTennis] [           main] o.h.q.sqm.function.SqmFunctionRegistry   : Registered SqmFunctionTemplate [org.hibernate.query.sqm.function.MultipatternSqmFunctionDescriptor@4452e13c] under lpad; prior registration was NamedSqmFunctionTemplate(lpad)
2025-10-01T18:53:45.164-05:00 DEBUG 19412 --- [snixTennis] [           main] o.h.q.sqm.function.SqmFunctionRegistry   : Registered SqmFunctionTemplate [org.hibernate.query.sqm.function.MultipatternSqmFunctionDescriptor@4d964c9e] under rpad; prior registration was NamedSqmFunctionTemplate(rpad)
2025-10-01T18:53:45.164-05:00 DEBUG 19412 --- [snixTennis] [           main] o.h.q.sqm.function.SqmFunctionRegistry   : Registered SqmFunctionTemplate [NamedSqmFunctionTemplate(md5)] under md5; prior registration was null
2025-10-01T18:53:45.164-05:00 DEBUG 19412 --- [snixTennis] [           main] o.h.q.sqm.function.SqmFunctionRegistry   : Registered SqmFunctionTemplate [NamedSqmFunctionTemplate(day)] under day; prior registration was null
2025-10-01T18:53:45.164-05:00 DEBUG 19412 --- [snixTennis] [           main] o.h.q.sqm.function.SqmFunctionRegistry   : Registered SqmFunctionTemplate [NamedSqmFunctionTemplate(month)] under month; prior registration was null
2025-10-01T18:53:45.164-05:00 DEBUG 19412 --- [snixTennis] [           main] o.h.q.sqm.function.SqmFunctionRegistry   : Registered SqmFunctionTemplate [NamedSqmFunctionTemplate(year)] under year; prior registration was null
2025-10-01T18:53:45.164-05:00 DEBUG 19412 --- [snixTennis] [           main] o.h.q.sqm.function.SqmFunctionRegistry   : Registered SqmFunctionTemplate [NamedSqmFunctionTemplate(hour)] under hour; prior registration was null
2025-10-01T18:53:45.164-05:00 DEBUG 19412 --- [snixTennis] [           main] o.h.q.sqm.function.SqmFunctionRegistry   : Registered SqmFunctionTemplate [NamedSqmFunctionTemplate(minute)] under minute; prior registration was null
2025-10-01T18:53:45.164-05:00 DEBUG 19412 --- [snixTennis] [           main] o.h.q.sqm.function.SqmFunctionRegistry   : Registered SqmFunctionTemplate [NamedSqmFunctionTemplate(second)] under second; prior registration was null
2025-10-01T18:53:45.164-05:00 DEBUG 19412 --- [snixTennis] [           main] o.h.q.sqm.function.SqmFunctionRegistry   : Registered SqmFunctionTemplate [NamedSqmFunctionTemplate(microsecond)] under microsecond; prior registration was null
2025-10-01T18:53:45.164-05:00 DEBUG 19412 --- [snixTennis] [           main] o.h.q.sqm.function.SqmFunctionRegistry   : Registered SqmFunctionTemplate [NamedSqmFunctionTemplate(dayofweek)] under dayofweek; prior registration was null
2025-10-01T18:53:45.165-05:00 DEBUG 19412 --- [snixTennis] [           main] o.h.q.sqm.function.SqmFunctionRegistry   : Registered SqmFunctionTemplate [NamedSqmFunctionTemplate(dayofmonth)] under dayofmonth; prior registration was null
2025-10-01T18:53:45.165-05:00 DEBUG 19412 --- [snixTennis] [           main] o.h.q.sqm.function.SqmFunctionRegistry   : Registering alternate key : day -> dayofmonth
2025-10-01T18:53:45.165-05:00 DEBUG 19412 --- [snixTennis] [           main] o.h.q.sqm.function.SqmFunctionRegistry   : Registered SqmFunctionTemplate [NamedSqmFunctionTemplate(dayofyear)] under dayofyear; prior registration was null
2025-10-01T18:53:45.165-05:00 DEBUG 19412 --- [snixTennis] [           main] o.h.q.sqm.function.SqmFunctionRegistry   : Registered SqmFunctionTemplate [NamedSqmFunctionTemplate(week)] under week; prior registration was null
2025-10-01T18:53:45.165-05:00 DEBUG 19412 --- [snixTennis] [           main] o.h.q.sqm.function.SqmFunctionRegistry   : Registered SqmFunctionTemplate [NamedSqmFunctionTemplate(quarter)] under quarter; prior registration was null
2025-10-01T18:53:45.165-05:00 DEBUG 19412 --- [snixTennis] [           main] o.h.q.sqm.function.SqmFunctionRegistry   : Registered SqmFunctionTemplate [NamedSqmFunctionTemplate(monthname)] under monthname; prior registration was null
2025-10-01T18:53:45.165-05:00 DEBUG 19412 --- [snixTennis] [           main] o.h.q.sqm.function.SqmFunctionRegistry   : Registered SqmFunctionTemplate [NamedSqmFunctionTemplate(dayname)] under dayname; prior registration was null
2025-10-01T18:53:45.165-05:00 DEBUG 19412 --- [snixTennis] [           main] o.h.q.sqm.function.SqmFunctionRegistry   : Registered SqmFunctionTemplate [NamedSqmFunctionTemplate(last_day)] under last_day; prior registration was null
2025-10-01T18:53:45.165-05:00 DEBUG 19412 --- [snixTennis] [           main] o.h.q.sqm.function.SqmFunctionRegistry   : Registered SqmFunctionTemplate [NamedSqmFunctionTemplate(date)] under date; prior registration was null
2025-10-01T18:53:45.165-05:00 DEBUG 19412 --- [snixTennis] [           main] o.h.q.sqm.function.SqmFunctionRegistry   : Registered SqmFunctionTemplate [NamedSqmFunctionTemplate(timestamp)] under timestamp; prior registration was null
2025-10-01T18:53:45.165-05:00 DEBUG 19412 --- [snixTennis] [           main] o.h.q.sqm.function.SqmFunctionRegistry   : Registered SqmFunctionTemplate [NamedSqmFunctionTemplate(time)] under time; prior registration was null
2025-10-01T18:53:45.165-05:00 DEBUG 19412 --- [snixTennis] [           main] o.h.q.sqm.function.SqmFunctionRegistry   : Registered SqmFunctionTemplate [NamedSqmFunctionTemplate(utc_date)] under utc_date; prior registration was null
2025-10-01T18:53:45.165-05:00 DEBUG 19412 --- [snixTennis] [           main] o.h.q.sqm.function.SqmFunctionRegistry   : Registered SqmFunctionTemplate [NamedSqmFunctionTemplate(utc_time)] under utc_time; prior registration was null
2025-10-01T18:53:45.165-05:00 DEBUG 19412 --- [snixTennis] [           main] o.h.q.sqm.function.SqmFunctionRegistry   : Registered SqmFunctionTemplate [NamedSqmFunctionTemplate(utc_timestamp)] under utc_timestamp; prior registration was null
2025-10-01T18:53:45.165-05:00 DEBUG 19412 --- [snixTennis] [           main] o.h.q.sqm.function.SqmFunctionRegistry   : Registered SqmFunctionTemplate [NamedSqmFunctionTemplate(rand)] under rand; prior registration was null
2025-10-01T18:53:45.165-05:00 DEBUG 19412 --- [snixTennis] [           main] o.h.q.sqm.function.SqmFunctionRegistry   : Registered SqmFunctionTemplate [NamedSqmFunctionTemplate(crc32)] under crc32; prior registration was null
2025-10-01T18:53:45.165-05:00 DEBUG 19412 --- [snixTennis] [           main] o.h.q.sqm.function.SqmFunctionRegistry   : Registered SqmFunctionTemplate [NamedSqmFunctionTemplate(sha1)] under sha1; prior registration was null
2025-10-01T18:53:45.165-05:00 DEBUG 19412 --- [snixTennis] [           main] o.h.q.sqm.function.SqmFunctionRegistry   : Registered SqmFunctionTemplate [NamedSqmFunctionTemplate(sha2)] under sha2; prior registration was null
2025-10-01T18:53:45.165-05:00 DEBUG 19412 --- [snixTennis] [           main] o.h.q.sqm.function.SqmFunctionRegistry   : Registered SqmFunctionTemplate [NamedSqmFunctionTemplate(sha)] under sha; prior registration was null
2025-10-01T18:53:45.165-05:00 DEBUG 19412 --- [snixTennis] [           main] o.h.q.sqm.function.SqmFunctionRegistry   : Registered SqmFunctionTemplate [NamedSqmFunctionTemplate(bit_length)] under bit_length; prior registration was null
2025-10-01T18:53:45.165-05:00 DEBUG 19412 --- [snixTennis] [           main] o.h.q.sqm.function.SqmFunctionRegistry   : Registered SqmFunctionTemplate [NamedSqmFunctionTemplate(octet_length)] under octet_length; prior registration was NamedSqmFunctionTemplate(octet_length)
2025-10-01T18:53:45.165-05:00 DEBUG 19412 --- [snixTennis] [           main] o.h.q.sqm.function.SqmFunctionRegistry   : Registered SqmFunctionTemplate [NamedSqmFunctionTemplate(ascii)] under ascii; prior registration was null
2025-10-01T18:53:45.165-05:00 DEBUG 19412 --- [snixTennis] [           main] o.h.q.sqm.function.SqmFunctionRegistry   : Registered SqmFunctionTemplate [NamedSqmFunctionTemplate(instr)] under instr; prior registration was null
2025-10-01T18:53:45.166-05:00 DEBUG 19412 --- [snixTennis] [           main] o.h.q.sqm.function.SqmFunctionRegistry   : Registered SqmFunctionTemplate [NamedSqmFunctionTemplate(substr)] under substr; prior registration was null
2025-10-01T18:53:45.166-05:00 DEBUG 19412 --- [snixTennis] [           main] o.h.q.sqm.function.SqmFunctionRegistry   : Registered SqmFunctionTemplate [org.hibernate.query.sqm.function.PatternBasedSqmFunctionDescriptor@42172065] under position; prior registration was org.hibernate.dialect.function.LocatePositionEmulation@70df41f9
2025-10-01T18:53:45.166-05:00 DEBUG 19412 --- [snixTennis] [           main] o.h.q.sqm.function.SqmFunctionRegistry   : Registered SqmFunctionTemplate [NamedSqmFunctionTemplate(curtime)] under curtime; prior registration was null
2025-10-01T18:53:45.166-05:00 DEBUG 19412 --- [snixTennis] [           main] o.h.q.sqm.function.SqmFunctionRegistry   : Registered SqmFunctionTemplate [NamedSqmFunctionTemplate(curdate)] under curdate; prior registration was null
2025-10-01T18:53:45.166-05:00 DEBUG 19412 --- [snixTennis] [           main] o.h.q.sqm.function.SqmFunctionRegistry   : Registered SqmFunctionTemplate [NamedSqmFunctionTemplate(now)] under now; prior registration was null
2025-10-01T18:53:45.171-05:00 DEBUG 19412 --- [snixTennis] [           main] o.h.q.sqm.function.SqmFunctionRegistry   : Registered SqmFunctionTemplate [org.hibernate.dialect.function.TruncFunction@1c22642d] under trunc; prior registration was null
2025-10-01T18:53:45.171-05:00 DEBUG 19412 --- [snixTennis] [           main] o.h.q.sqm.function.SqmFunctionRegistry   : Registering alternate key : truncate -> trunc
2025-10-01T18:53:45.171-05:00 DEBUG 19412 --- [snixTennis] [           main] o.h.q.sqm.function.SqmFunctionRegistry   : Registered SqmFunctionTemplate [NamedSqmFunctionTemplate(insert)] under insert; prior registration was null
2025-10-01T18:53:45.171-05:00 DEBUG 19412 --- [snixTennis] [           main] o.h.q.sqm.function.SqmFunctionRegistry   : Registered SqmFunctionTemplate [org.hibernate.query.sqm.function.PatternBasedSqmFunctionDescriptor@75ac326f] under bitand; prior registration was null
2025-10-01T18:53:45.171-05:00 DEBUG 19412 --- [snixTennis] [           main] o.h.q.sqm.function.SqmFunctionRegistry   : Registered SqmFunctionTemplate [org.hibernate.query.sqm.function.PatternBasedSqmFunctionDescriptor@736f8837] under bitor; prior registration was null
2025-10-01T18:53:45.171-05:00 DEBUG 19412 --- [snixTennis] [           main] o.h.q.sqm.function.SqmFunctionRegistry   : Registered SqmFunctionTemplate [org.hibernate.query.sqm.function.PatternBasedSqmFunctionDescriptor@14624acc] under bitxor; prior registration was null
2025-10-01T18:53:45.172-05:00 DEBUG 19412 --- [snixTennis] [           main] o.h.q.sqm.function.SqmFunctionRegistry   : Registered SqmFunctionTemplate [org.hibernate.query.sqm.function.PatternBasedSqmFunctionDescriptor@1b6e4761] under bitnot; prior registration was null
2025-10-01T18:53:45.172-05:00 DEBUG 19412 --- [snixTennis] [           main] o.h.q.sqm.function.SqmFunctionRegistry   : Registered SqmFunctionTemplate [NamedSqmFunctionTemplate(bit_and)] under bit_and; prior registration was null
2025-10-01T18:53:45.172-05:00 DEBUG 19412 --- [snixTennis] [           main] o.h.q.sqm.function.SqmFunctionRegistry   : Registered SqmFunctionTemplate [NamedSqmFunctionTemplate(bit_or)] under bit_or; prior registration was null
2025-10-01T18:53:45.172-05:00 DEBUG 19412 --- [snixTennis] [           main] o.h.q.sqm.function.SqmFunctionRegistry   : Registered SqmFunctionTemplate [NamedSqmFunctionTemplate(stddev)] under stddev; prior registration was null
2025-10-01T18:53:45.172-05:00 DEBUG 19412 --- [snixTennis] [           main] o.h.q.sqm.function.SqmFunctionRegistry   : Registered SqmFunctionTemplate [NamedSqmFunctionTemplate(stddev_pop)] under stddev_pop; prior registration was null
2025-10-01T18:53:45.172-05:00 DEBUG 19412 --- [snixTennis] [           main] o.h.q.sqm.function.SqmFunctionRegistry   : Registered SqmFunctionTemplate [NamedSqmFunctionTemplate(stddev_samp)] under stddev_samp; prior registration was null
2025-10-01T18:53:45.172-05:00 DEBUG 19412 --- [snixTennis] [           main] o.h.q.sqm.function.SqmFunctionRegistry   : Registered SqmFunctionTemplate [NamedSqmFunctionTemplate(variance)] under variance; prior registration was null
2025-10-01T18:53:45.172-05:00 DEBUG 19412 --- [snixTennis] [           main] o.h.q.sqm.function.SqmFunctionRegistry   : Registered SqmFunctionTemplate [NamedSqmFunctionTemplate(var_pop)] under var_pop; prior registration was null
2025-10-01T18:53:45.172-05:00 DEBUG 19412 --- [snixTennis] [           main] o.h.q.sqm.function.SqmFunctionRegistry   : Registered SqmFunctionTemplate [NamedSqmFunctionTemplate(var_samp)] under var_samp; prior registration was null
2025-10-01T18:53:45.172-05:00 DEBUG 19412 --- [snixTennis] [           main] o.h.q.sqm.function.SqmFunctionRegistry   : Registered SqmFunctionTemplate [NamedSqmFunctionTemplate(datediff)] under datediff; prior registration was null
2025-10-01T18:53:45.172-05:00 DEBUG 19412 --- [snixTennis] [           main] o.h.q.sqm.function.SqmFunctionRegistry   : Registered SqmFunctionTemplate [NamedSqmFunctionTemplate(adddate)] under adddate; prior registration was null
2025-10-01T18:53:45.172-05:00 DEBUG 19412 --- [snixTennis] [           main] o.h.q.sqm.function.SqmFunctionRegistry   : Registered SqmFunctionTemplate [NamedSqmFunctionTemplate(subdate)] under subdate; prior registration was null
2025-10-01T18:53:45.172-05:00 DEBUG 19412 --- [snixTennis] [           main] o.h.q.sqm.function.SqmFunctionRegistry   : Registered SqmFunctionTemplate [NamedSqmFunctionTemplate(addtime)] under addtime; prior registration was null
2025-10-01T18:53:45.172-05:00 DEBUG 19412 --- [snixTennis] [           main] o.h.q.sqm.function.SqmFunctionRegistry   : Registered SqmFunctionTemplate [NamedSqmFunctionTemplate(subtime)] under subtime; prior registration was null
2025-10-01T18:53:45.172-05:00 DEBUG 19412 --- [snixTennis] [           main] o.h.q.sqm.function.SqmFunctionRegistry   : Registered SqmFunctionTemplate [org.hibernate.dialect.function.FormatFunction@f453129] under format; prior registration was org.hibernate.dialect.function.FormatFunction@63318b56
2025-10-01T18:53:45.172-05:00 DEBUG 19412 --- [snixTennis] [           main] o.h.q.sqm.function.SqmFunctionRegistry   : Registered SqmFunctionTemplate [NamedSqmFunctionTemplate(makedate)] under makedate; prior registration was null
2025-10-01T18:53:45.172-05:00 DEBUG 19412 --- [snixTennis] [           main] o.h.q.sqm.function.SqmFunctionRegistry   : Registered SqmFunctionTemplate [NamedSqmFunctionTemplate(maketime)] under maketime; prior registration was null
2025-10-01T18:53:45.172-05:00 DEBUG 19412 --- [snixTennis] [           main] o.h.q.sqm.function.SqmFunctionRegistry   : Registered SqmFunctionTemplate [NamedSqmFunctionTemplate(localtime)] under localtime; prior registration was null
2025-10-01T18:53:45.172-05:00 DEBUG 19412 --- [snixTennis] [           main] o.h.q.sqm.function.SqmFunctionRegistry   : Registered SqmFunctionTemplate [NamedSqmFunctionTemplate(localtimestamp)] under localtimestamp; prior registration was null
2025-10-01T18:53:45.172-05:00 DEBUG 19412 --- [snixTennis] [           main] o.h.q.sqm.function.SqmFunctionRegistry   : Registered SqmFunctionTemplate [NamedSqmFunctionTemplate(localtime)] under local_time; prior registration was org.hibernate.dialect.function.CurrentFunction@71f10042
2025-10-01T18:53:45.172-05:00 DEBUG 19412 --- [snixTennis] [           main] o.h.q.sqm.function.SqmFunctionRegistry   : Registered SqmFunctionTemplate [NamedSqmFunctionTemplate(localtimestamp)] under local_datetime; prior registration was org.hibernate.dialect.function.CurrentFunction@5dbc4598
2025-10-01T18:53:45.172-05:00 DEBUG 19412 --- [snixTennis] [           main] o.h.q.sqm.function.SqmFunctionRegistry   : Registered SqmFunctionTemplate [NamedSqmFunctionTemplate(localtime)] under localtime; prior registration was NamedSqmFunctionTemplate(localtime)
2025-10-01T18:53:45.172-05:00 DEBUG 19412 --- [snixTennis] [           main] o.h.q.sqm.function.SqmFunctionRegistry   : Registered SqmFunctionTemplate [org.hibernate.query.sqm.function.PatternBasedSqmFunctionDescriptor@642ec6] under pi; prior registration was org.hibernate.query.sqm.function.PatternBasedSqmFunctionDescriptor@4fb99927
2025-10-01T18:53:45.172-05:00 DEBUG 19412 --- [snixTennis] [           main] o.h.q.sqm.function.SqmFunctionRegistry   : Registered SqmFunctionTemplate [org.hibernate.query.sqm.function.PatternBasedSqmFunctionDescriptor@656302c] under chr; prior registration was null
2025-10-01T18:53:45.172-05:00 DEBUG 19412 --- [snixTennis] [           main] o.h.q.sqm.function.SqmFunctionRegistry   : Registering alternate key : char -> chr
2025-10-01T18:53:45.172-05:00 DEBUG 19412 --- [snixTennis] [           main] o.h.q.sqm.function.SqmFunctionRegistry   : Registered SqmFunctionTemplate [org.hibernate.query.sqm.function.PatternBasedSqmFunctionDescriptor@6f6a2ac8] under sysdate; prior registration was null
2025-10-01T18:53:45.173-05:00 DEBUG 19412 --- [snixTennis] [           main] o.h.q.sqm.function.SqmFunctionRegistry   : Registered SqmFunctionTemplate [org.hibernate.dialect.function.ListaggGroupConcatEmulation@61d150af] under listagg; prior registration was null
2025-10-01T18:53:45.174-05:00 DEBUG 19412 --- [snixTennis] [           main] org.hibernate.HQL_FUNCTIONS              : abs(NUMERIC arg)
2025-10-01T18:53:45.174-05:00 DEBUG 19412 --- [snixTennis] [           main] org.hibernate.HQL_FUNCTIONS              : Double acos(NUMERIC arg)
2025-10-01T18:53:45.174-05:00 DEBUG 19412 --- [snixTennis] [           main] org.hibernate.HQL_FUNCTIONS              : adddate(DATE datetime, INTEGER days)
2025-10-01T18:53:45.174-05:00 DEBUG 19412 --- [snixTennis] [           main] org.hibernate.HQL_FUNCTIONS              : addtime(TIME datetime, TIME time)
2025-10-01T18:53:45.174-05:00 DEBUG 19412 --- [snixTennis] [           main] org.hibernate.HQL_FUNCTIONS              : Boolean any(BOOLEAN arg)
2025-10-01T18:53:45.174-05:00 DEBUG 19412 --- [snixTennis] [           main] org.hibernate.HQL_FUNCTIONS              : Integer ascii(STRING arg)
2025-10-01T18:53:45.174-05:00 DEBUG 19412 --- [snixTennis] [           main] org.hibernate.HQL_FUNCTIONS              : Double asin(NUMERIC arg)
2025-10-01T18:53:45.174-05:00 DEBUG 19412 --- [snixTennis] [           main] org.hibernate.HQL_FUNCTIONS              : Double atan(NUMERIC arg)
2025-10-01T18:53:45.174-05:00 DEBUG 19412 --- [snixTennis] [           main] org.hibernate.HQL_FUNCTIONS              : Double atan2(NUMERIC arg0, NUMERIC arg1)
2025-10-01T18:53:45.174-05:00 DEBUG 19412 --- [snixTennis] [           main] org.hibernate.HQL_FUNCTIONS              : avg(arg)
2025-10-01T18:53:45.174-05:00 DEBUG 19412 --- [snixTennis] [           main] org.hibernate.HQL_FUNCTIONS              : bit_and(arg)
2025-10-01T18:53:45.174-05:00 DEBUG 19412 --- [snixTennis] [           main] org.hibernate.HQL_FUNCTIONS              : Integer bit_length(STRING_OR_CLOB arg)
2025-10-01T18:53:45.175-05:00 DEBUG 19412 --- [snixTennis] [           main] org.hibernate.HQL_FUNCTIONS              : bit_or(arg)
2025-10-01T18:53:45.175-05:00 DEBUG 19412 --- [snixTennis] [           main] org.hibernate.HQL_FUNCTIONS              : bitand(arg0, arg1)
2025-10-01T18:53:45.175-05:00 DEBUG 19412 --- [snixTennis] [           main] org.hibernate.HQL_FUNCTIONS              : bitnot(arg)
2025-10-01T18:53:45.175-05:00 DEBUG 19412 --- [snixTennis] [           main] org.hibernate.HQL_FUNCTIONS              : bitor(arg0, arg1)
2025-10-01T18:53:45.175-05:00 DEBUG 19412 --- [snixTennis] [           main] org.hibernate.HQL_FUNCTIONS              : bitxor(arg0, arg1)
2025-10-01T18:53:45.175-05:00 DEBUG 19412 --- [snixTennis] [           main] org.hibernate.HQL_FUNCTIONS              : cast(arg as Type)
2025-10-01T18:53:45.175-05:00 DEBUG 19412 --- [snixTennis] [           main] org.hibernate.HQL_FUNCTIONS              : ceiling(NUMERIC arg)
2025-10-01T18:53:45.175-05:00 DEBUG 19412 --- [snixTennis] [           main] org.hibernate.HQL_FUNCTIONS              : Character char(INTEGER arg)
2025-10-01T18:53:45.175-05:00 DEBUG 19412 --- [snixTennis] [           main] org.hibernate.HQL_FUNCTIONS              : Integer character_length(STRING_OR_CLOB arg)
2025-10-01T18:53:45.175-05:00 DEBUG 19412 --- [snixTennis] [           main] org.hibernate.HQL_FUNCTIONS              : Character chr(INTEGER arg)
2025-10-01T18:53:45.175-05:00 DEBUG 19412 --- [snixTennis] [           main] org.hibernate.HQL_FUNCTIONS              : coalesce(arg0[, arg1[, ...]])
2025-10-01T18:53:45.175-05:00 DEBUG 19412 --- [snixTennis] [           main] org.hibernate.HQL_FUNCTIONS              : String collate(STRING string as COLLATION collation)
2025-10-01T18:53:45.175-05:00 DEBUG 19412 --- [snixTennis] [           main] org.hibernate.HQL_FUNCTIONS              : String concat(STRING string0[, STRING string1[, ...]])
2025-10-01T18:53:45.175-05:00 DEBUG 19412 --- [snixTennis] [           main] org.hibernate.HQL_FUNCTIONS              : Double cos(NUMERIC arg)
2025-10-01T18:53:45.175-05:00 DEBUG 19412 --- [snixTennis] [           main] org.hibernate.HQL_FUNCTIONS              : Double cosh(NUMERIC arg)
2025-10-01T18:53:45.175-05:00 DEBUG 19412 --- [snixTennis] [           main] org.hibernate.HQL_FUNCTIONS              : Double cot(NUMERIC arg)
2025-10-01T18:53:45.175-05:00 DEBUG 19412 --- [snixTennis] [           main] org.hibernate.HQL_FUNCTIONS              : Long count([distinct ]{arg|*})
2025-10-01T18:53:45.175-05:00 DEBUG 19412 --- [snixTennis] [           main] org.hibernate.HQL_FUNCTIONS              : Integer crc32(arg)
2025-10-01T18:53:45.175-05:00 DEBUG 19412 --- [snixTennis] [           main] org.hibernate.HQL_FUNCTIONS              : Date curdate()
2025-10-01T18:53:45.175-05:00 DEBUG 19412 --- [snixTennis] [           main] org.hibernate.HQL_FUNCTIONS              : Date current date
2025-10-01T18:53:45.175-05:00 DEBUG 19412 --- [snixTennis] [           main] org.hibernate.HQL_FUNCTIONS              : Time current time
2025-10-01T18:53:45.175-05:00 DEBUG 19412 --- [snixTennis] [           main] org.hibernate.HQL_FUNCTIONS              : Timestamp current timestamp
2025-10-01T18:53:45.175-05:00 DEBUG 19412 --- [snixTennis] [           main] org.hibernate.HQL_FUNCTIONS              : Date current_date
2025-10-01T18:53:45.175-05:00 DEBUG 19412 --- [snixTennis] [           main] org.hibernate.HQL_FUNCTIONS              : Instant current_instant
2025-10-01T18:53:45.175-05:00 DEBUG 19412 --- [snixTennis] [           main] org.hibernate.HQL_FUNCTIONS              : Time current_time
2025-10-01T18:53:45.175-05:00 DEBUG 19412 --- [snixTennis] [           main] org.hibernate.HQL_FUNCTIONS              : Timestamp current_timestamp
2025-10-01T18:53:45.175-05:00 DEBUG 19412 --- [snixTennis] [           main] org.hibernate.HQL_FUNCTIONS              : Time curtime()
2025-10-01T18:53:45.175-05:00 DEBUG 19412 --- [snixTennis] [           main] org.hibernate.HQL_FUNCTIONS              : Date date(arg)
2025-10-01T18:53:45.175-05:00 DEBUG 19412 --- [snixTennis] [           main] org.hibernate.HQL_FUNCTIONS              : dateadd(TEMPORAL_UNIT field, INTEGER magnitude, TEMPORAL datetime)
2025-10-01T18:53:45.175-05:00 DEBUG 19412 --- [snixTennis] [           main] org.hibernate.HQL_FUNCTIONS              : Integer datediff(DATE end, DATE start)
2025-10-01T18:53:45.175-05:00 DEBUG 19412 --- [snixTennis] [           main] org.hibernate.HQL_FUNCTIONS              : Integer day(DATE arg)
2025-10-01T18:53:45.175-05:00 DEBUG 19412 --- [snixTennis] [           main] org.hibernate.HQL_FUNCTIONS              : String dayname(DATE arg)
2025-10-01T18:53:45.175-05:00 DEBUG 19412 --- [snixTennis] [           main] org.hibernate.HQL_FUNCTIONS              : Integer dayofmonth(DATE arg)
2025-10-01T18:53:45.175-05:00 DEBUG 19412 --- [snixTennis] [           main] org.hibernate.HQL_FUNCTIONS              : Integer dayofweek(DATE arg)
2025-10-01T18:53:45.175-05:00 DEBUG 19412 --- [snixTennis] [           main] org.hibernate.HQL_FUNCTIONS              : Integer dayofyear(DATE arg)
2025-10-01T18:53:45.175-05:00 DEBUG 19412 --- [snixTennis] [           main] org.hibernate.HQL_FUNCTIONS              : Double degrees(NUMERIC arg)
2025-10-01T18:53:45.175-05:00 DEBUG 19412 --- [snixTennis] [           main] org.hibernate.HQL_FUNCTIONS              : Boolean every(BOOLEAN arg)
2025-10-01T18:53:45.175-05:00 DEBUG 19412 --- [snixTennis] [           main] org.hibernate.HQL_FUNCTIONS              : Double exp(NUMERIC arg)
2025-10-01T18:53:45.175-05:00 DEBUG 19412 --- [snixTennis] [           main] org.hibernate.HQL_FUNCTIONS              : extract(TEMPORAL_UNIT field from TEMPORAL arg)
2025-10-01T18:53:45.175-05:00 DEBUG 19412 --- [snixTennis] [           main] org.hibernate.HQL_FUNCTIONS              : floor(NUMERIC arg)
2025-10-01T18:53:45.175-05:00 DEBUG 19412 --- [snixTennis] [           main] org.hibernate.HQL_FUNCTIONS              : String format(TEMPORAL datetime as STRING pattern)
2025-10-01T18:53:45.175-05:00 DEBUG 19412 --- [snixTennis] [           main] org.hibernate.HQL_FUNCTIONS              : greatest(COMPARABLE arg0, COMPARABLE arg1[, arg2[, ...]])
2025-10-01T18:53:45.175-05:00 DEBUG 19412 --- [snixTennis] [           main] org.hibernate.HQL_FUNCTIONS              : Integer hour(TIME arg)
2025-10-01T18:53:45.175-05:00 DEBUG 19412 --- [snixTennis] [           main] org.hibernate.HQL_FUNCTIONS              : ifnull(arg0, arg1)
2025-10-01T18:53:45.175-05:00 DEBUG 19412 --- [snixTennis] [           main] org.hibernate.HQL_FUNCTIONS              : String insert(STRING string, INTEGER start, INTEGER length, STRING replacement)
2025-10-01T18:53:45.175-05:00 DEBUG 19412 --- [snixTennis] [           main] org.hibernate.HQL_FUNCTIONS              : Instant instant
2025-10-01T18:53:45.175-05:00 DEBUG 19412 --- [snixTennis] [           main] org.hibernate.HQL_FUNCTIONS              : Integer instr(STRING string, STRING pattern[, INTEGER start[, INTEGER occurrence]])
2025-10-01T18:53:45.175-05:00 DEBUG 19412 --- [snixTennis] [           main] org.hibernate.HQL_FUNCTIONS              : Date last_day(DATE arg)
2025-10-01T18:53:45.175-05:00 DEBUG 19412 --- [snixTennis] [           main] org.hibernate.HQL_FUNCTIONS              : least(COMPARABLE arg0, COMPARABLE arg1[, arg2[, ...]])
2025-10-01T18:53:45.175-05:00 DEBUG 19412 --- [snixTennis] [           main] org.hibernate.HQL_FUNCTIONS              : String left(STRING string, INTEGER length)
2025-10-01T18:53:45.175-05:00 DEBUG 19412 --- [snixTennis] [           main] org.hibernate.HQL_FUNCTIONS              : Integer length(STRING_OR_CLOB arg)
2025-10-01T18:53:45.175-05:00 DEBUG 19412 --- [snixTennis] [           main] org.hibernate.HQL_FUNCTIONS              : String listagg(STRING arg0, STRING arg1)
2025-10-01T18:53:45.175-05:00 DEBUG 19412 --- [snixTennis] [           main] org.hibernate.HQL_FUNCTIONS              : Double ln(NUMERIC arg)
2025-10-01T18:53:45.175-05:00 DEBUG 19412 --- [snixTennis] [           main] org.hibernate.HQL_FUNCTIONS              : LocalDate local date
2025-10-01T18:53:45.175-05:00 DEBUG 19412 --- [snixTennis] [           main] org.hibernate.HQL_FUNCTIONS              : LocalDateTime local datetime
2025-10-01T18:53:45.176-05:00 DEBUG 19412 --- [snixTennis] [           main] org.hibernate.HQL_FUNCTIONS              : LocalTime local time
2025-10-01T18:53:45.176-05:00 DEBUG 19412 --- [snixTennis] [           main] org.hibernate.HQL_FUNCTIONS              : LocalDate local_date
2025-10-01T18:53:45.176-05:00 DEBUG 19412 --- [snixTennis] [           main] org.hibernate.HQL_FUNCTIONS              : LocalDateTime local_datetime
2025-10-01T18:53:45.176-05:00 DEBUG 19412 --- [snixTennis] [           main] org.hibernate.HQL_FUNCTIONS              : LocalTime local_time
2025-10-01T18:53:45.176-05:00 DEBUG 19412 --- [snixTennis] [           main] org.hibernate.HQL_FUNCTIONS              : Timestamp localtime
2025-10-01T18:53:45.176-05:00 DEBUG 19412 --- [snixTennis] [           main] org.hibernate.HQL_FUNCTIONS              : Timestamp localtimestamp
2025-10-01T18:53:45.176-05:00 DEBUG 19412 --- [snixTennis] [           main] org.hibernate.HQL_FUNCTIONS              : Integer locate(STRING pattern, STRING string[, INTEGER start])
2025-10-01T18:53:45.176-05:00 DEBUG 19412 --- [snixTennis] [           main] org.hibernate.HQL_FUNCTIONS              : Double log(NUMERIC arg0[, NUMERIC arg1])
2025-10-01T18:53:45.176-05:00 DEBUG 19412 --- [snixTennis] [           main] org.hibernate.HQL_FUNCTIONS              : Double log10(NUMERIC arg)
2025-10-01T18:53:45.176-05:00 DEBUG 19412 --- [snixTennis] [           main] org.hibernate.HQL_FUNCTIONS              : Double log2(NUMERIC arg)
2025-10-01T18:53:45.176-05:00 DEBUG 19412 --- [snixTennis] [           main] org.hibernate.HQL_FUNCTIONS              : String lower(STRING string)
2025-10-01T18:53:45.176-05:00 DEBUG 19412 --- [snixTennis] [           main] org.hibernate.HQL_FUNCTIONS              : String lpad(string, length[, padding])
2025-10-01T18:53:45.176-05:00 DEBUG 19412 --- [snixTennis] [           main] org.hibernate.HQL_FUNCTIONS              : String ltrim(STRING string[, STRING characters])
2025-10-01T18:53:45.176-05:00 DEBUG 19412 --- [snixTennis] [           main] org.hibernate.HQL_FUNCTIONS              : Date makedate(INTEGER year, INTEGER dayofyear)
2025-10-01T18:53:45.176-05:00 DEBUG 19412 --- [snixTennis] [           main] org.hibernate.HQL_FUNCTIONS              : Time maketime(INTEGER hour, INTEGER min, INTEGER sec)
2025-10-01T18:53:45.176-05:00 DEBUG 19412 --- [snixTennis] [           main] org.hibernate.HQL_FUNCTIONS              : max(COMPARABLE arg)
2025-10-01T18:53:45.176-05:00 DEBUG 19412 --- [snixTennis] [           main] org.hibernate.HQL_FUNCTIONS              : String md5(arg)
2025-10-01T18:53:45.176-05:00 DEBUG 19412 --- [snixTennis] [           main] org.hibernate.HQL_FUNCTIONS              : Integer microsecond(TIME arg)
2025-10-01T18:53:45.176-05:00 DEBUG 19412 --- [snixTennis] [           main] org.hibernate.HQL_FUNCTIONS              : min(COMPARABLE arg)
2025-10-01T18:53:45.176-05:00 DEBUG 19412 --- [snixTennis] [           main] org.hibernate.HQL_FUNCTIONS              : Integer minute(TIME arg)
2025-10-01T18:53:45.176-05:00 DEBUG 19412 --- [snixTennis] [           main] org.hibernate.HQL_FUNCTIONS              : Integer mod(INTEGER arg0, INTEGER arg1)
2025-10-01T18:53:45.176-05:00 DEBUG 19412 --- [snixTennis] [           main] org.hibernate.HQL_FUNCTIONS              : Integer month(DATE arg)
2025-10-01T18:53:45.176-05:00 DEBUG 19412 --- [snixTennis] [           main] org.hibernate.HQL_FUNCTIONS              : String monthname(DATE arg)
2025-10-01T18:53:45.176-05:00 DEBUG 19412 --- [snixTennis] [           main] org.hibernate.HQL_FUNCTIONS              : Timestamp now()
2025-10-01T18:53:45.176-05:00 DEBUG 19412 --- [snixTennis] [           main] org.hibernate.HQL_FUNCTIONS              : nullif(arg0, arg1)
2025-10-01T18:53:45.176-05:00 DEBUG 19412 --- [snixTennis] [           main] org.hibernate.HQL_FUNCTIONS              : Integer octet_length(STRING_OR_CLOB arg)
2025-10-01T18:53:45.176-05:00 DEBUG 19412 --- [snixTennis] [           main] org.hibernate.HQL_FUNCTIONS              : OffsetDateTime offset datetime
2025-10-01T18:53:45.176-05:00 DEBUG 19412 --- [snixTennis] [           main] org.hibernate.HQL_FUNCTIONS              : OffsetDateTime offset_datetime
2025-10-01T18:53:45.176-05:00 DEBUG 19412 --- [snixTennis] [           main] org.hibernate.HQL_FUNCTIONS              : String overlay(STRING string placing STRING replacement from INTEGER start[ for INTEGER length])
2025-10-01T18:53:45.176-05:00 DEBUG 19412 --- [snixTennis] [           main] org.hibernate.HQL_FUNCTIONS              : String pad(STRING string with INTEGER length {leading|trailing}[ STRING character])
2025-10-01T18:53:45.176-05:00 DEBUG 19412 --- [snixTennis] [           main] org.hibernate.HQL_FUNCTIONS              : Double pi
2025-10-01T18:53:45.176-05:00 DEBUG 19412 --- [snixTennis] [           main] org.hibernate.HQL_FUNCTIONS              : Integer position(STRING pattern in STRING string)
2025-10-01T18:53:45.176-05:00 DEBUG 19412 --- [snixTennis] [           main] org.hibernate.HQL_FUNCTIONS              : Double power(NUMERIC arg0, NUMERIC arg1)
2025-10-01T18:53:45.176-05:00 DEBUG 19412 --- [snixTennis] [           main] org.hibernate.HQL_FUNCTIONS              : Integer quarter(DATE arg)
2025-10-01T18:53:45.176-05:00 DEBUG 19412 --- [snixTennis] [           main] org.hibernate.HQL_FUNCTIONS              : Double radians(NUMERIC arg)
2025-10-01T18:53:45.176-05:00 DEBUG 19412 --- [snixTennis] [           main] org.hibernate.HQL_FUNCTIONS              : Double rand([INTEGER seed])
2025-10-01T18:53:45.176-05:00 DEBUG 19412 --- [snixTennis] [           main] org.hibernate.HQL_FUNCTIONS              : String repeat(STRING string, INTEGER times)
2025-10-01T18:53:45.176-05:00 DEBUG 19412 --- [snixTennis] [           main] org.hibernate.HQL_FUNCTIONS              : String replace(STRING string, STRING pattern, STRING replacement)
2025-10-01T18:53:45.176-05:00 DEBUG 19412 --- [snixTennis] [           main] org.hibernate.HQL_FUNCTIONS              : String reverse(STRING arg)
2025-10-01T18:53:45.176-05:00 DEBUG 19412 --- [snixTennis] [           main] org.hibernate.HQL_FUNCTIONS              : String right(STRING string, INTEGER length)
2025-10-01T18:53:45.176-05:00 DEBUG 19412 --- [snixTennis] [           main] org.hibernate.HQL_FUNCTIONS              : round(NUMERIC number[, INTEGER places])
2025-10-01T18:53:45.176-05:00 DEBUG 19412 --- [snixTennis] [           main] org.hibernate.HQL_FUNCTIONS              : String rpad(string, length[, padding])
2025-10-01T18:53:45.176-05:00 DEBUG 19412 --- [snixTennis] [           main] org.hibernate.HQL_FUNCTIONS              : String rtrim(STRING string[, STRING characters])
2025-10-01T18:53:45.176-05:00 DEBUG 19412 --- [snixTennis] [           main] org.hibernate.HQL_FUNCTIONS              : Integer second(TIME arg)
2025-10-01T18:53:45.176-05:00 DEBUG 19412 --- [snixTennis] [           main] org.hibernate.HQL_FUNCTIONS              : String sha(arg)
2025-10-01T18:53:45.176-05:00 DEBUG 19412 --- [snixTennis] [           main] org.hibernate.HQL_FUNCTIONS              : String sha1(arg)
2025-10-01T18:53:45.176-05:00 DEBUG 19412 --- [snixTennis] [           main] org.hibernate.HQL_FUNCTIONS              : String sha2(arg0, arg1)
2025-10-01T18:53:45.176-05:00 DEBUG 19412 --- [snixTennis] [           main] org.hibernate.HQL_FUNCTIONS              : Integer sign(NUMERIC arg)
2025-10-01T18:53:45.176-05:00 DEBUG 19412 --- [snixTennis] [           main] org.hibernate.HQL_FUNCTIONS              : Double sin(NUMERIC arg)
2025-10-01T18:53:45.176-05:00 DEBUG 19412 --- [snixTennis] [           main] org.hibernate.HQL_FUNCTIONS              : Double sinh(NUMERIC arg)
2025-10-01T18:53:45.176-05:00 DEBUG 19412 --- [snixTennis] [           main] org.hibernate.HQL_FUNCTIONS              : String soundex(arg)
2025-10-01T18:53:45.176-05:00 DEBUG 19412 --- [snixTennis] [           main] org.hibernate.HQL_FUNCTIONS              : String space(INTEGER arg)
2025-10-01T18:53:45.176-05:00 DEBUG 19412 --- [snixTennis] [           main] org.hibernate.HQL_FUNCTIONS              : Object sql
2025-10-01T18:53:45.176-05:00 DEBUG 19412 --- [snixTennis] [           main] org.hibernate.HQL_FUNCTIONS              : Double sqrt(NUMERIC arg)
2025-10-01T18:53:45.176-05:00 DEBUG 19412 --- [snixTennis] [           main] org.hibernate.HQL_FUNCTIONS              : Double stddev(NUMERIC arg)
2025-10-01T18:53:45.177-05:00 DEBUG 19412 --- [snixTennis] [           main] org.hibernate.HQL_FUNCTIONS              : Double stddev_pop(NUMERIC arg)
2025-10-01T18:53:45.177-05:00 DEBUG 19412 --- [snixTennis] [           main] org.hibernate.HQL_FUNCTIONS              : Double stddev_samp(NUMERIC arg)
2025-10-01T18:53:45.177-05:00 DEBUG 19412 --- [snixTennis] [           main] org.hibernate.HQL_FUNCTIONS              : String str(arg)
2025-10-01T18:53:45.177-05:00 DEBUG 19412 --- [snixTennis] [           main] org.hibernate.HQL_FUNCTIONS              : subdate(DATE datetime, INTEGER days)
2025-10-01T18:53:45.177-05:00 DEBUG 19412 --- [snixTennis] [           main] org.hibernate.HQL_FUNCTIONS              : String substr(STRING string, INTEGER start[, INTEGER length])
2025-10-01T18:53:45.177-05:00 DEBUG 19412 --- [snixTennis] [           main] org.hibernate.HQL_FUNCTIONS              : String substring(STRING string{ from|,} INTEGER start[{ for|,} INTEGER length])
2025-10-01T18:53:45.177-05:00 DEBUG 19412 --- [snixTennis] [           main] org.hibernate.HQL_FUNCTIONS              : subtime(TIME datetime, TIME time)
2025-10-01T18:53:45.177-05:00 DEBUG 19412 --- [snixTennis] [           main] org.hibernate.HQL_FUNCTIONS              : sum(arg)
2025-10-01T18:53:45.177-05:00 DEBUG 19412 --- [snixTennis] [           main] org.hibernate.HQL_FUNCTIONS              : Timestamp sysdate()
2025-10-01T18:53:45.177-05:00 DEBUG 19412 --- [snixTennis] [           main] org.hibernate.HQL_FUNCTIONS              : Double tan(NUMERIC arg)
2025-10-01T18:53:45.177-05:00 DEBUG 19412 --- [snixTennis] [           main] org.hibernate.HQL_FUNCTIONS              : Double tanh(NUMERIC arg)
2025-10-01T18:53:45.177-05:00 DEBUG 19412 --- [snixTennis] [           main] org.hibernate.HQL_FUNCTIONS              : String time(arg)
2025-10-01T18:53:45.177-05:00 DEBUG 19412 --- [snixTennis] [           main] org.hibernate.HQL_FUNCTIONS              : Timestamp timestamp(arg0[, arg1])
2025-10-01T18:53:45.177-05:00 DEBUG 19412 --- [snixTennis] [           main] org.hibernate.HQL_FUNCTIONS              : timestampadd(TEMPORAL_UNIT field, INTEGER magnitude, TEMPORAL datetime)
2025-10-01T18:53:45.177-05:00 DEBUG 19412 --- [snixTennis] [           main] org.hibernate.HQL_FUNCTIONS              : Long|Double timestampdiff(TEMPORAL_UNIT field, TEMPORAL start, TEMPORAL end)
2025-10-01T18:53:45.177-05:00 DEBUG 19412 --- [snixTennis] [           main] org.hibernate.HQL_FUNCTIONS              : String trim([[{leading|trailing|both} ][STRING arg0 ]from] STRING arg1)
2025-10-01T18:53:45.177-05:00 DEBUG 19412 --- [snixTennis] [           main] org.hibernate.HQL_FUNCTIONS              : trunc( ... )
2025-10-01T18:53:45.177-05:00 DEBUG 19412 --- [snixTennis] [           main] org.hibernate.HQL_FUNCTIONS              : truncate( ... )
2025-10-01T18:53:45.177-05:00 DEBUG 19412 --- [snixTennis] [           main] org.hibernate.HQL_FUNCTIONS              : String upper(STRING string)
2025-10-01T18:53:45.177-05:00 DEBUG 19412 --- [snixTennis] [           main] org.hibernate.HQL_FUNCTIONS              : Date utc_date
2025-10-01T18:53:45.177-05:00 DEBUG 19412 --- [snixTennis] [           main] org.hibernate.HQL_FUNCTIONS              : Time utc_time
2025-10-01T18:53:45.177-05:00 DEBUG 19412 --- [snixTennis] [           main] org.hibernate.HQL_FUNCTIONS              : Timestamp utc_timestamp
2025-10-01T18:53:45.177-05:00 DEBUG 19412 --- [snixTennis] [           main] org.hibernate.HQL_FUNCTIONS              : Double var_pop(NUMERIC arg)
2025-10-01T18:53:45.177-05:00 DEBUG 19412 --- [snixTennis] [           main] org.hibernate.HQL_FUNCTIONS              : Double var_samp(NUMERIC arg)
2025-10-01T18:53:45.177-05:00 DEBUG 19412 --- [snixTennis] [           main] org.hibernate.HQL_FUNCTIONS              : Double variance(NUMERIC arg)
2025-10-01T18:53:45.177-05:00 DEBUG 19412 --- [snixTennis] [           main] org.hibernate.HQL_FUNCTIONS              : Integer week(DATE arg)
2025-10-01T18:53:45.177-05:00 DEBUG 19412 --- [snixTennis] [           main] org.hibernate.HQL_FUNCTIONS              : Integer year(DATE arg)
2025-10-01T18:53:45.181-05:00 DEBUG 19412 --- [snixTennis] [           main] org.hibernate.orm.query.plan.cache       : Starting QueryInterpretationCache(2048)
2025-10-01T18:53:45.239-05:00 DEBUG 19412 --- [snixTennis] [           main] .h.s.i.SessionFactoryServiceRegistryImpl : EventListenerRegistry access via ServiceRegistry is deprecated.  Use `sessionFactory.getEventEngine().getListenerRegistry()` instead
2025-10-01T18:53:45.240-05:00 DEBUG 19412 --- [snixTennis] [           main] h.e.i.EntityCopyObserverFactoryInitiator : Configured EntityCopyObserver strategy: disallow
2025-10-01T18:53:45.303-05:00 DEBUG 19412 --- [snixTennis] [           main] o.h.boot.internal.ClassLoaderAccessImpl  : Not known whether passed class name [snix.snixtennis.entidades.Promo] is safe
2025-10-01T18:53:45.303-05:00 DEBUG 19412 --- [snixTennis] [           main] o.h.boot.internal.ClassLoaderAccessImpl  : No temp ClassLoader provided; using live ClassLoader for loading potentially unsafe class : snix.snixtennis.entidades.Promo
2025-10-01T18:53:45.441-05:00 DEBUG 19412 --- [snixTennis] [           main] o.h.b.i.bytebuddy.BytecodeProviderImpl   : HHH000513: Unable to create the ReflectionOptimizer for [snix.snixtennis.entidades.Promo]: private accessor [nombre]
2025-10-01T18:53:45.463-05:00 DEBUG 19412 --- [snixTennis] [           main] org.hibernate.ormbytecode.interceptor    : To-one property `snix.snixtennis.entidades.Pedido#cliente` was mapped with LAZY + NO_PROXY but the class was not enhanced
2025-10-01T18:53:45.463-05:00 DEBUG 19412 --- [snixTennis] [           main] org.hibernate.ormbytecode.interceptor    : To-one property `snix.snixtennis.entidades.Pedido#cliente` was mapped with LAZY + NO_PROXY but the class was not enhanced
2025-10-01T18:53:45.463-05:00 DEBUG 19412 --- [snixTennis] [           main] o.h.boot.internal.ClassLoaderAccessImpl  : Not known whether passed class name [snix.snixtennis.entidades.Pedido] is safe
2025-10-01T18:53:45.463-05:00 DEBUG 19412 --- [snixTennis] [           main] o.h.boot.internal.ClassLoaderAccessImpl  : No temp ClassLoader provided; using live ClassLoader for loading potentially unsafe class : snix.snixtennis.entidades.Pedido
2025-10-01T18:53:45.476-05:00 DEBUG 19412 --- [snixTennis] [           main] o.h.b.i.bytebuddy.BytecodeProviderImpl   : HHH000513: Unable to create the ReflectionOptimizer for [snix.snixtennis.entidades.Pedido]: private accessor [cantidad]
2025-10-01T18:53:45.476-05:00 DEBUG 19412 --- [snixTennis] [           main] org.hibernate.ormbytecode.interceptor    : To-one property `snix.snixtennis.entidades.Pedido#cliente` was mapped with LAZY + NO_PROXY but the class was not enhanced
2025-10-01T18:53:45.477-05:00 DEBUG 19412 --- [snixTennis] [           main] o.h.boot.internal.ClassLoaderAccessImpl  : Not known whether passed class name [snix.snixtennis.entidades.Role] is safe
2025-10-01T18:53:45.477-05:00 DEBUG 19412 --- [snixTennis] [           main] o.h.boot.internal.ClassLoaderAccessImpl  : No temp ClassLoader provided; using live ClassLoader for loading potentially unsafe class : snix.snixtennis.entidades.Role
2025-10-01T18:53:45.486-05:00 DEBUG 19412 --- [snixTennis] [           main] o.h.b.i.bytebuddy.BytecodeProviderImpl   : HHH000513: Unable to create the ReflectionOptimizer for [snix.snixtennis.entidades.Role]: private accessor [descripcion]
2025-10-01T18:53:45.487-05:00 DEBUG 19412 --- [snixTennis] [           main] o.h.boot.internal.ClassLoaderAccessImpl  : Not known whether passed class name [snix.snixtennis.entidades.Combos] is safe
2025-10-01T18:53:45.487-05:00 DEBUG 19412 --- [snixTennis] [           main] o.h.boot.internal.ClassLoaderAccessImpl  : No temp ClassLoader provided; using live ClassLoader for loading potentially unsafe class : snix.snixtennis.entidades.Combos
2025-10-01T18:53:45.496-05:00 DEBUG 19412 --- [snixTennis] [           main] o.h.b.i.bytebuddy.BytecodeProviderImpl   : HHH000513: Unable to create the ReflectionOptimizer for [snix.snixtennis.entidades.Combos]: private accessor [id2]
2025-10-01T18:53:45.498-05:00 DEBUG 19412 --- [snixTennis] [           main] o.h.boot.internal.ClassLoaderAccessImpl  : Not known whether passed class name [snix.snixtennis.entidades.Producto] is safe
2025-10-01T18:53:45.498-05:00 DEBUG 19412 --- [snixTennis] [           main] o.h.boot.internal.ClassLoaderAccessImpl  : No temp ClassLoader provided; using live ClassLoader for loading potentially unsafe class : snix.snixtennis.entidades.Producto
2025-10-01T18:53:45.515-05:00 DEBUG 19412 --- [snixTennis] [           main] o.h.b.i.bytebuddy.BytecodeProviderImpl   : HHH000513: Unable to create the ReflectionOptimizer for [snix.snixtennis.entidades.Producto]: private accessor [categoria]
2025-10-01T18:53:45.516-05:00 DEBUG 19412 --- [snixTennis] [           main] o.h.boot.internal.ClassLoaderAccessImpl  : Not known whether passed class name [snix.snixtennis.entidades.InformacionCliente] is safe
2025-10-01T18:53:45.516-05:00 DEBUG 19412 --- [snixTennis] [           main] o.h.boot.internal.ClassLoaderAccessImpl  : No temp ClassLoader provided; using live ClassLoader for loading potentially unsafe class : snix.snixtennis.entidades.InformacionCliente
2025-10-01T18:53:45.526-05:00 DEBUG 19412 --- [snixTennis] [           main] o.h.b.i.bytebuddy.BytecodeProviderImpl   : HHH000513: Unable to create the ReflectionOptimizer for [snix.snixtennis.entidades.InformacionCliente]: private accessor [autorizacion]
2025-10-01T18:53:45.526-05:00 DEBUG 19412 --- [snixTennis] [           main] org.hibernate.ormbytecode.interceptor    : To-one property `snix.snixtennis.entidades.Usuario#rol` was mapped with LAZY + NO_PROXY but the class was not enhanced
2025-10-01T18:53:45.526-05:00 DEBUG 19412 --- [snixTennis] [           main] org.hibernate.ormbytecode.interceptor    : To-one property `snix.snixtennis.entidades.Usuario#rol` was mapped with LAZY + NO_PROXY but the class was not enhanced
2025-10-01T18:53:45.526-05:00 DEBUG 19412 --- [snixTennis] [           main] o.h.boot.internal.ClassLoaderAccessImpl  : Not known whether passed class name [snix.snixtennis.entidades.Usuario] is safe
2025-10-01T18:53:45.526-05:00 DEBUG 19412 --- [snixTennis] [           main] o.h.boot.internal.ClassLoaderAccessImpl  : No temp ClassLoader provided; using live ClassLoader for loading potentially unsafe class : snix.snixtennis.entidades.Usuario
2025-10-01T18:53:45.533-05:00 DEBUG 19412 --- [snixTennis] [           main] o.h.b.i.bytebuddy.BytecodeProviderImpl   : HHH000513: Unable to create the ReflectionOptimizer for [snix.snixtennis.entidades.Usuario]: private accessor [direccion]
2025-10-01T18:53:45.533-05:00 DEBUG 19412 --- [snixTennis] [           main] org.hibernate.ormbytecode.interceptor    : To-one property `snix.snixtennis.entidades.Usuario#rol` was mapped with LAZY + NO_PROXY but the class was not enhanced
2025-10-01T18:53:45.533-05:00 DEBUG 19412 --- [snixTennis] [           main] org.hibernate.ormbytecode.interceptor    : To-one property `snix.snixtennis.entidades.Archivo#producto` was mapped with LAZY + NO_PROXY but the class was not enhanced
2025-10-01T18:53:45.533-05:00 DEBUG 19412 --- [snixTennis] [           main] org.hibernate.ormbytecode.interceptor    : To-one property `snix.snixtennis.entidades.Archivo#producto` was mapped with LAZY + NO_PROXY but the class was not enhanced
2025-10-01T18:53:45.533-05:00 DEBUG 19412 --- [snixTennis] [           main] o.h.boot.internal.ClassLoaderAccessImpl  : Not known whether passed class name [snix.snixtennis.entidades.Archivo] is safe
2025-10-01T18:53:45.533-05:00 DEBUG 19412 --- [snixTennis] [           main] o.h.boot.internal.ClassLoaderAccessImpl  : No temp ClassLoader provided; using live ClassLoader for loading potentially unsafe class : snix.snixtennis.entidades.Archivo
2025-10-01T18:53:45.541-05:00 DEBUG 19412 --- [snixTennis] [           main] o.h.b.i.bytebuddy.BytecodeProviderImpl   : HHH000513: Unable to create the ReflectionOptimizer for [snix.snixtennis.entidades.Archivo]: private accessor [fileName]
2025-10-01T18:53:45.542-05:00 DEBUG 19412 --- [snixTennis] [           main] org.hibernate.ormbytecode.interceptor    : To-one property `snix.snixtennis.entidades.Archivo#producto` was mapped with LAZY + NO_PROXY but the class was not enhanced
2025-10-01T18:53:45.557-05:00 DEBUG 19412 --- [snixTennis] [           main] org.hibernate.orm.jdbc.mutation          : Skipping collection (re)creation - snix.snixtennis.entidades.Producto.imagenes
2025-10-01T18:53:45.558-05:00 DEBUG 19412 --- [snixTennis] [           main] org.hibernate.orm.jdbc.mutation          : Skipping collection row deletions - snix.snixtennis.entidades.Producto.imagenes
2025-10-01T18:53:45.558-05:00 DEBUG 19412 --- [snixTennis] [           main] org.hibernate.orm.jdbc.mutation          : Skipping collection removals - snix.snixtennis.entidades.Producto.imagenes
2025-10-01T18:53:45.584-05:00 DEBUG 19412 --- [snixTennis] [           main] o.hibernate.orm.model.mapping.creation   : Starting post-init callbacks
2025-10-01T18:53:45.584-05:00 DEBUG 19412 --- [snixTennis] [           main] o.hibernate.orm.model.mapping.creation   : Starting PostInitCallbackEntry : Entity(snix.snixtennis.entidades.Promo) `staticFetchableList` generator
2025-10-01T18:53:45.584-05:00 DEBUG 19412 --- [snixTennis] [           main] o.hibernate.orm.model.mapping.creation   : Starting PostInitCallbackEntry : To-one key - NavigableRole[snix.snixtennis.entidades.Pedido.cliente]
2025-10-01T18:53:45.588-05:00 DEBUG 19412 --- [snixTennis] [           main] o.hibernate.orm.model.mapping.creation   : Starting PostInitCallbackEntry : Entity(snix.snixtennis.entidades.Pedido) `staticFetchableList` generator
2025-10-01T18:53:45.588-05:00 DEBUG 19412 --- [snixTennis] [           main] o.hibernate.orm.model.mapping.creation   : Starting PostInitCallbackEntry : Entity(snix.snixtennis.entidades.Role) `staticFetchableList` generator
2025-10-01T18:53:45.588-05:00 DEBUG 19412 --- [snixTennis] [           main] o.hibernate.orm.model.mapping.creation   : Starting PostInitCallbackEntry : Entity(snix.snixtennis.entidades.Combos) `staticFetchableList` generator
2025-10-01T18:53:45.588-05:00 DEBUG 19412 --- [snixTennis] [           main] o.hibernate.orm.model.mapping.creation   : Starting PostInitCallbackEntry : PluralAttributeMapping( NavigableRole[snix.snixtennis.entidades.Producto.imagenes#{element}]) - element descriptor
2025-10-01T18:53:45.588-05:00 DEBUG 19412 --- [snixTennis] [           main] o.hibernate.orm.model.mapping.creation   : Starting PostInitCallbackEntry : PluralAttributeMapping(snix.snixtennis.entidades.Producto.imagenes)#finishInitialization
2025-10-01T18:53:45.588-05:00 DEBUG 19412 --- [snixTennis] [           main] o.hibernate.orm.model.mapping.creation   : Starting PostInitCallbackEntry : PluralAttributeMapping(snix.snixtennis.entidades.Producto.imagenes) - key descriptor
2025-10-01T18:53:45.588-05:00 DEBUG 19412 --- [snixTennis] [           main] o.hibernate.orm.model.mapping.creation   : Starting PostInitCallbackEntry : Entity(snix.snixtennis.entidades.Producto) `staticFetchableList` generator
2025-10-01T18:53:45.588-05:00 DEBUG 19412 --- [snixTennis] [           main] o.hibernate.orm.model.mapping.creation   : Starting PostInitCallbackEntry : Entity(snix.snixtennis.entidades.InformacionCliente) `staticFetchableList` generator
2025-10-01T18:53:45.588-05:00 DEBUG 19412 --- [snixTennis] [           main] o.hibernate.orm.model.mapping.creation   : Starting PostInitCallbackEntry : To-one key - NavigableRole[snix.snixtennis.entidades.Usuario.rol]
2025-10-01T18:53:45.588-05:00 DEBUG 19412 --- [snixTennis] [           main] o.hibernate.orm.model.mapping.creation   : Starting PostInitCallbackEntry : Entity(snix.snixtennis.entidades.Usuario) `staticFetchableList` generator
2025-10-01T18:53:45.588-05:00 DEBUG 19412 --- [snixTennis] [           main] o.hibernate.orm.model.mapping.creation   : Starting PostInitCallbackEntry : To-one key - NavigableRole[snix.snixtennis.entidades.Archivo.producto]
2025-10-01T18:53:45.588-05:00 DEBUG 19412 --- [snixTennis] [           main] o.hibernate.orm.model.mapping.creation   : Starting PostInitCallbackEntry : Entity(snix.snixtennis.entidades.Archivo) `staticFetchableList` generator
2025-10-01T18:53:45.588-05:00 DEBUG 19412 --- [snixTennis] [           main] o.hibernate.orm.model.mapping.creation   : Starting PostInitCallbackEntry : PluralAttributeMapping( NavigableRole[snix.snixtennis.entidades.Producto.imagenes#{element}]) - element descriptor
2025-10-01T18:53:45.651-05:00 DEBUG 19412 --- [snixTennis] [           main] org.hibernate.orm.sql.ast.create         : Created new SQL alias : p1_0
2025-10-01T18:53:45.653-05:00 DEBUG 19412 --- [snixTennis] [           main] org.hibernate.orm.sql.ast.create         : Registration of TableGroup [StandardTableGroup(snix.snixtennis.entidades.Promo)] with identifierForTableGroup [snix.snixtennis.entidades.Promo] for NavigablePath [snix.snixtennis.entidades.Promo] 
2025-10-01T18:53:45.664-05:00 DEBUG 19412 --- [snixTennis] [           main] org.hibernate.orm.results.graph.AST      : DomainResult Graph:
 \-EntityResultImpl [snix.snixtennis.entidades.Promo]
 |  +-BasicFetch [snix.snixtennis.entidades.Promo.nombre]
 |  \-BasicFetch [snix.snixtennis.entidades.Promo.url]

2025-10-01T18:53:45.666-05:00 DEBUG 19412 --- [snixTennis] [           main] org.hibernate.orm.sql.ast.tree           : SQL AST Tree:
    SelectStatement {
      FromClause {
        StandardTableGroup (p1 : snix.snixtennis.entidades.Promo) {
          primaryTableReference : promo as p1_0
        }
      }
    }

2025-10-01T18:53:45.676-05:00 DEBUG 19412 --- [snixTennis] [           main] o.h.p.entity.AbstractEntityPersister     : Static SQL for entity: snix.snixtennis.entidades.Promo
2025-10-01T18:53:45.676-05:00 DEBUG 19412 --- [snixTennis] [           main] o.h.p.entity.AbstractEntityPersister     :  Version select: select id from promo where id=?
2025-10-01T18:53:45.676-05:00 DEBUG 19412 --- [snixTennis] [           main] o.h.p.entity.AbstractEntityPersister     :  Insert (0): insert into promo (nombre,url,id) values (?,?,?)
2025-10-01T18:53:45.676-05:00 DEBUG 19412 --- [snixTennis] [           main] o.h.p.entity.AbstractEntityPersister     :  Update (0): update promo set nombre=?,url=? where id=?
2025-10-01T18:53:45.676-05:00 DEBUG 19412 --- [snixTennis] [           main] o.h.p.entity.AbstractEntityPersister     :  Delete (0): delete from promo where id=?
2025-10-01T18:53:45.676-05:00 DEBUG 19412 --- [snixTennis] [           main] org.hibernate.orm.sql.ast.create         : Created new SQL alias : p1_0
2025-10-01T18:53:45.676-05:00 DEBUG 19412 --- [snixTennis] [           main] org.hibernate.orm.sql.ast.create         : Registration of TableGroup [StandardTableGroup(snix.snixtennis.entidades.Pedido)] with identifierForTableGroup [snix.snixtennis.entidades.Pedido] for NavigablePath [snix.snixtennis.entidades.Pedido] 
2025-10-01T18:53:45.680-05:00 DEBUG 19412 --- [snixTennis] [           main] org.hibernate.orm.sql.ast.create         : Registration of TableGroup [org.hibernate.sql.ast.tree.from.LazyTableGroup@8de8b07] with identifierForTableGroup [snix.snixtennis.entidades.Pedido.cliente] for NavigablePath [snix.snixtennis.entidades.Pedido.cliente] 
2025-10-01T18:53:45.681-05:00 DEBUG 19412 --- [snixTennis] [           main] org.hibernate.orm.sql.ast.create         : Created new SQL alias : c1_0
2025-10-01T18:53:45.683-05:00 DEBUG 19412 --- [snixTennis] [           main] org.hibernate.orm.results.graph.AST      : DomainResult Graph:
 \-EntityResultImpl [snix.snixtennis.entidades.Pedido]
 |  +-BasicFetch [snix.snixtennis.entidades.Pedido.cantidad]
 |  +-EntityFetchJoinedImpl [snix.snixtennis.entidades.Pedido.cliente]
 |  |  +-BasicFetch [snix.snixtennis.entidades.Pedido.cliente.autorizacion]
 |  |  +-BasicFetch [snix.snixtennis.entidades.Pedido.cliente.ciudad]
 |  |  +-BasicFetch [snix.snixtennis.entidades.Pedido.cliente.contacto]
 |  |  +-BasicFetch [snix.snixtennis.entidades.Pedido.cliente.depto]
 |  |  +-BasicFetch [snix.snixtennis.entidades.Pedido.cliente.direccion]
 |  |  +-BasicFetch [snix.snixtennis.entidades.Pedido.cliente.email]
 |  |  \-BasicFetch [snix.snixtennis.entidades.Pedido.cliente.nombre]
 |  +-BasicFetch [snix.snixtennis.entidades.Pedido.nombre]
 |  \-BasicFetch [snix.snixtennis.entidades.Pedido.total]

2025-10-01T18:53:45.683-05:00 DEBUG 19412 --- [snixTennis] [           main] org.hibernate.orm.sql.ast.tree           : SQL AST Tree:
    SelectStatement {
      FromClause {
        StandardTableGroup (p1 : snix.snixtennis.entidades.Pedido) {
          primaryTableReference : pedido as p1_0
          TableGroupJoins {
            left  join LazyTableGroup (c1 : snix.snixtennis.entidades.Pedido.cliente) {
              primaryTableReference : informacion_cliente as c1_0
            }
          }
        }
      }
    }

2025-10-01T18:53:45.685-05:00 DEBUG 19412 --- [snixTennis] [           main] o.h.p.entity.AbstractEntityPersister     : Static SQL for entity: snix.snixtennis.entidades.Pedido
2025-10-01T18:53:45.685-05:00 DEBUG 19412 --- [snixTennis] [           main] o.h.p.entity.AbstractEntityPersister     :  Version select: select id from pedido where id=?
2025-10-01T18:53:45.685-05:00 DEBUG 19412 --- [snixTennis] [           main] o.h.p.entity.AbstractEntityPersister     :  Insert (0): insert into pedido (cantidad,cliente_id,nombre,total,id) values (?,?,?,?,?)
2025-10-01T18:53:45.685-05:00 DEBUG 19412 --- [snixTennis] [           main] o.h.p.entity.AbstractEntityPersister     :  Update (0): update pedido set cantidad=?,cliente_id=?,nombre=?,total=? where id=?
2025-10-01T18:53:45.685-05:00 DEBUG 19412 --- [snixTennis] [           main] o.h.p.entity.AbstractEntityPersister     :  Delete (0): delete from pedido where id=?
2025-10-01T18:53:45.685-05:00 DEBUG 19412 --- [snixTennis] [           main] org.hibernate.orm.sql.ast.create         : Created new SQL alias : r1_0
2025-10-01T18:53:45.685-05:00 DEBUG 19412 --- [snixTennis] [           main] org.hibernate.orm.sql.ast.create         : Registration of TableGroup [StandardTableGroup(snix.snixtennis.entidades.Role)] with identifierForTableGroup [snix.snixtennis.entidades.Role] for NavigablePath [snix.snixtennis.entidades.Role] 
2025-10-01T18:53:45.685-05:00 DEBUG 19412 --- [snixTennis] [           main] org.hibernate.orm.results.graph.AST      : DomainResult Graph:
 \-EntityResultImpl [snix.snixtennis.entidades.Role]
 |  +-BasicFetch [snix.snixtennis.entidades.Role.descripcion]
 |  \-BasicFetch [snix.snixtennis.entidades.Role.nivel]

2025-10-01T18:53:45.685-05:00 DEBUG 19412 --- [snixTennis] [           main] org.hibernate.orm.sql.ast.tree           : SQL AST Tree:
    SelectStatement {
      FromClause {
        StandardTableGroup (r1 : snix.snixtennis.entidades.Role) {
          primaryTableReference : role as r1_0
        }
      }
    }

2025-10-01T18:53:45.685-05:00 DEBUG 19412 --- [snixTennis] [           main] o.h.p.entity.AbstractEntityPersister     : Static SQL for entity: snix.snixtennis.entidades.Role
2025-10-01T18:53:45.685-05:00 DEBUG 19412 --- [snixTennis] [           main] o.h.p.entity.AbstractEntityPersister     :  Version select: select id from role where id=?
2025-10-01T18:53:45.685-05:00 DEBUG 19412 --- [snixTennis] [           main] o.h.p.entity.AbstractEntityPersister     :  Insert (0): insert into role (descripcion,nivel,id) values (?,?,?)
2025-10-01T18:53:45.685-05:00 DEBUG 19412 --- [snixTennis] [           main] o.h.p.entity.AbstractEntityPersister     :  Update (0): update role set descripcion=?,nivel=? where id=?
2025-10-01T18:53:45.685-05:00 DEBUG 19412 --- [snixTennis] [           main] o.h.p.entity.AbstractEntityPersister     :  Delete (0): delete from role where id=?
2025-10-01T18:53:45.685-05:00 DEBUG 19412 --- [snixTennis] [           main] org.hibernate.orm.sql.ast.create         : Created new SQL alias : c1_0
2025-10-01T18:53:45.685-05:00 DEBUG 19412 --- [snixTennis] [           main] org.hibernate.orm.sql.ast.create         : Registration of TableGroup [StandardTableGroup(snix.snixtennis.entidades.Combos)] with identifierForTableGroup [snix.snixtennis.entidades.Combos] for NavigablePath [snix.snixtennis.entidades.Combos] 
2025-10-01T18:53:45.686-05:00 DEBUG 19412 --- [snixTennis] [           main] org.hibernate.orm.results.graph.AST      : DomainResult Graph:
 \-EntityResultImpl [snix.snixtennis.entidades.Combos]
 |  +-BasicFetch [snix.snixtennis.entidades.Combos.id2]
 |  +-BasicFetch [snix.snixtennis.entidades.Combos.precio]
 |  +-BasicFetch [snix.snixtennis.entidades.Combos.productos]
 |  +-BasicFetch [snix.snixtennis.entidades.Combos.promo]
 |  \-BasicFetch [snix.snixtennis.entidades.Combos.url]

2025-10-01T18:53:45.686-05:00 DEBUG 19412 --- [snixTennis] [           main] org.hibernate.orm.sql.ast.tree           : SQL AST Tree:
    SelectStatement {
      FromClause {
        StandardTableGroup (c1 : snix.snixtennis.entidades.Combos) {
          primaryTableReference : combos as c1_0
        }
      }
    }

2025-10-01T18:53:45.686-05:00 DEBUG 19412 --- [snixTennis] [           main] o.h.p.entity.AbstractEntityPersister     : Static SQL for entity: snix.snixtennis.entidades.Combos
2025-10-01T18:53:45.686-05:00 DEBUG 19412 --- [snixTennis] [           main] o.h.p.entity.AbstractEntityPersister     :  Version select: select id from combos where id=?
2025-10-01T18:53:45.686-05:00 DEBUG 19412 --- [snixTennis] [           main] o.h.p.entity.AbstractEntityPersister     :  Insert (0): insert into combos (id2,precio,productos,promo,url,id) values (?,?,?,?,?,?)
2025-10-01T18:53:45.686-05:00 DEBUG 19412 --- [snixTennis] [           main] o.h.p.entity.AbstractEntityPersister     :  Update (0): update combos set id2=?,precio=?,productos=?,promo=?,url=? where id=?
2025-10-01T18:53:45.686-05:00 DEBUG 19412 --- [snixTennis] [           main] o.h.p.entity.AbstractEntityPersister     :  Delete (0): delete from combos where id=?
2025-10-01T18:53:45.686-05:00 DEBUG 19412 --- [snixTennis] [           main] org.hibernate.orm.sql.ast.create         : Created new SQL alias : p1_0
2025-10-01T18:53:45.686-05:00 DEBUG 19412 --- [snixTennis] [           main] org.hibernate.orm.sql.ast.create         : Registration of TableGroup [StandardTableGroup(snix.snixtennis.entidades.Producto)] with identifierForTableGroup [snix.snixtennis.entidades.Producto] for NavigablePath [snix.snixtennis.entidades.Producto] 
2025-10-01T18:53:45.687-05:00 DEBUG 19412 --- [snixTennis] [           main] org.hibernate.orm.results.graph.AST      : DomainResult Graph:
 \-EntityResultImpl [snix.snixtennis.entidades.Producto]
 |  +-BasicFetch [snix.snixtennis.entidades.Producto.categoria]
 |  +-BasicFetch [snix.snixtennis.entidades.Producto.color]
 |  +-BasicFetch [snix.snixtennis.entidades.Producto.detalles]
 |  +-DelayedCollectionFetch [snix.snixtennis.entidades.Producto.imagenes]
 |  +-BasicFetch [snix.snixtennis.entidades.Producto.marca]
 |  +-BasicFetch [snix.snixtennis.entidades.Producto.nombre]
 |  +-BasicFetch [snix.snixtennis.entidades.Producto.precio]
 |  +-BasicFetch [snix.snixtennis.entidades.Producto.rating]
 |  +-BasicFetch [snix.snixtennis.entidades.Producto.stock]
 |  \-BasicFetch [snix.snixtennis.entidades.Producto.talla]

2025-10-01T18:53:45.687-05:00 DEBUG 19412 --- [snixTennis] [           main] org.hibernate.orm.sql.ast.tree           : SQL AST Tree:
    SelectStatement {
      FromClause {
        StandardTableGroup (p1 : snix.snixtennis.entidades.Producto) {
          primaryTableReference : producto as p1_0
        }
      }
    }

2025-10-01T18:53:45.687-05:00 DEBUG 19412 --- [snixTennis] [           main] o.h.p.entity.AbstractEntityPersister     : Static SQL for entity: snix.snixtennis.entidades.Producto
2025-10-01T18:53:45.687-05:00 DEBUG 19412 --- [snixTennis] [           main] o.h.p.entity.AbstractEntityPersister     :  Version select: select id from producto where id=?
2025-10-01T18:53:45.687-05:00 DEBUG 19412 --- [snixTennis] [           main] o.h.p.entity.AbstractEntityPersister     :  Insert (0): insert into producto (categoria,color,detalles,marca,nombre,precio,rating,stock,talla,id) values (?,?,?,?,?,?,?,?,?,?)
2025-10-01T18:53:45.687-05:00 DEBUG 19412 --- [snixTennis] [           main] o.h.p.entity.AbstractEntityPersister     :  Update (0): update producto set categoria=?,color=?,detalles=?,marca=?,nombre=?,precio=?,rating=?,stock=?,talla=? where id=?
2025-10-01T18:53:45.687-05:00 DEBUG 19412 --- [snixTennis] [           main] o.h.p.entity.AbstractEntityPersister     :  Delete (0): delete from producto where id=?
2025-10-01T18:53:45.687-05:00 DEBUG 19412 --- [snixTennis] [           main] org.hibernate.orm.sql.ast.create         : Created new SQL alias : ic1_0
2025-10-01T18:53:45.687-05:00 DEBUG 19412 --- [snixTennis] [           main] org.hibernate.orm.sql.ast.create         : Registration of TableGroup [StandardTableGroup(snix.snixtennis.entidades.InformacionCliente)] with identifierForTableGroup [snix.snixtennis.entidades.InformacionCliente] for NavigablePath [snix.snixtennis.entidades.InformacionCliente] 
2025-10-01T18:53:45.687-05:00 DEBUG 19412 --- [snixTennis] [           main] org.hibernate.orm.results.graph.AST      : DomainResult Graph:
 \-EntityResultImpl [snix.snixtennis.entidades.InformacionCliente]
 |  +-BasicFetch [snix.snixtennis.entidades.InformacionCliente.autorizacion]
 |  +-BasicFetch [snix.snixtennis.entidades.InformacionCliente.ciudad]
 |  +-BasicFetch [snix.snixtennis.entidades.InformacionCliente.contacto]
 |  +-BasicFetch [snix.snixtennis.entidades.InformacionCliente.depto]
 |  +-BasicFetch [snix.snixtennis.entidades.InformacionCliente.direccion]
 |  +-BasicFetch [snix.snixtennis.entidades.InformacionCliente.email]
 |  \-BasicFetch [snix.snixtennis.entidades.InformacionCliente.nombre]

2025-10-01T18:53:45.687-05:00 DEBUG 19412 --- [snixTennis] [           main] org.hibernate.orm.sql.ast.tree           : SQL AST Tree:
    SelectStatement {
      FromClause {
        StandardTableGroup (ic1 : snix.snixtennis.entidades.InformacionCliente) {
          primaryTableReference : informacion_cliente as ic1_0
        }
      }
    }

2025-10-01T18:53:45.687-05:00 DEBUG 19412 --- [snixTennis] [           main] o.h.p.entity.AbstractEntityPersister     : Static SQL for entity: snix.snixtennis.entidades.InformacionCliente
2025-10-01T18:53:45.687-05:00 DEBUG 19412 --- [snixTennis] [           main] o.h.p.entity.AbstractEntityPersister     :  Version select: select id from informacion_cliente where id=?
2025-10-01T18:53:45.687-05:00 DEBUG 19412 --- [snixTennis] [           main] o.h.p.entity.AbstractEntityPersister     :  Insert (0): insert into informacion_cliente (autorizacion,ciudad,contacto,depto,direccion,email,nombre,id) values (?,?,?,?,?,?,?,?)
2025-10-01T18:53:45.687-05:00 DEBUG 19412 --- [snixTennis] [           main] o.h.p.entity.AbstractEntityPersister     :  Update (0): update informacion_cliente set autorizacion=?,ciudad=?,contacto=?,depto=?,direccion=?,email=?,nombre=? where id=?
2025-10-01T18:53:45.687-05:00 DEBUG 19412 --- [snixTennis] [           main] o.h.p.entity.AbstractEntityPersister     :  Delete (0): delete from informacion_cliente where id=?
2025-10-01T18:53:45.687-05:00 DEBUG 19412 --- [snixTennis] [           main] org.hibernate.orm.sql.ast.create         : Created new SQL alias : u1_0
2025-10-01T18:53:45.687-05:00 DEBUG 19412 --- [snixTennis] [           main] org.hibernate.orm.sql.ast.create         : Registration of TableGroup [StandardTableGroup(snix.snixtennis.entidades.Usuario)] with identifierForTableGroup [snix.snixtennis.entidades.Usuario] for NavigablePath [snix.snixtennis.entidades.Usuario] 
2025-10-01T18:53:45.688-05:00 DEBUG 19412 --- [snixTennis] [           main] org.hibernate.orm.sql.ast.create         : Registration of TableGroup [org.hibernate.sql.ast.tree.from.LazyTableGroup@3497ecea] with identifierForTableGroup [snix.snixtennis.entidades.Usuario.rol] for NavigablePath [snix.snixtennis.entidades.Usuario.rol] 
2025-10-01T18:53:45.688-05:00 DEBUG 19412 --- [snixTennis] [           main] org.hibernate.orm.sql.ast.create         : Created new SQL alias : r1_0
2025-10-01T18:53:45.688-05:00 DEBUG 19412 --- [snixTennis] [           main] org.hibernate.orm.results.graph.AST      : DomainResult Graph:
 \-EntityResultImpl [snix.snixtennis.entidades.Usuario]
 |  +-BasicFetch [snix.snixtennis.entidades.Usuario.direccion]
 |  +-BasicFetch [snix.snixtennis.entidades.Usuario.nombre]
 |  +-BasicFetch [snix.snixtennis.entidades.Usuario.numero]
 |  \-EntityFetchJoinedImpl [snix.snixtennis.entidades.Usuario.rol]
 |  |  +-BasicFetch [snix.snixtennis.entidades.Usuario.rol.descripcion]
 |  |  \-BasicFetch [snix.snixtennis.entidades.Usuario.rol.nivel]

2025-10-01T18:53:45.688-05:00 DEBUG 19412 --- [snixTennis] [           main] org.hibernate.orm.sql.ast.tree           : SQL AST Tree:
    SelectStatement {
      FromClause {
        StandardTableGroup (u1 : snix.snixtennis.entidades.Usuario) {
          primaryTableReference : usuario as u1_0
          TableGroupJoins {
            left  join LazyTableGroup (r1 : snix.snixtennis.entidades.Usuario.rol) {
              primaryTableReference : role as r1_0
            }
          }
        }
      }
    }

2025-10-01T18:53:45.688-05:00 DEBUG 19412 --- [snixTennis] [           main] o.h.p.entity.AbstractEntityPersister     : Static SQL for entity: snix.snixtennis.entidades.Usuario
2025-10-01T18:53:45.688-05:00 DEBUG 19412 --- [snixTennis] [           main] o.h.p.entity.AbstractEntityPersister     :  Version select: select id from usuario where id=?
2025-10-01T18:53:45.688-05:00 DEBUG 19412 --- [snixTennis] [           main] o.h.p.entity.AbstractEntityPersister     :  Insert (0): insert into usuario (direccion,nombre,numero,rol_id,id) values (?,?,?,?,?)
2025-10-01T18:53:45.688-05:00 DEBUG 19412 --- [snixTennis] [           main] o.h.p.entity.AbstractEntityPersister     :  Update (0): update usuario set direccion=?,nombre=?,numero=?,rol_id=? where id=?
2025-10-01T18:53:45.688-05:00 DEBUG 19412 --- [snixTennis] [           main] o.h.p.entity.AbstractEntityPersister     :  Delete (0): delete from usuario where id=?
2025-10-01T18:53:45.688-05:00 DEBUG 19412 --- [snixTennis] [           main] org.hibernate.orm.sql.ast.create         : Created new SQL alias : a1_0
2025-10-01T18:53:45.688-05:00 DEBUG 19412 --- [snixTennis] [           main] org.hibernate.orm.sql.ast.create         : Registration of TableGroup [StandardTableGroup(snix.snixtennis.entidades.Archivo)] with identifierForTableGroup [snix.snixtennis.entidades.Archivo] for NavigablePath [snix.snixtennis.entidades.Archivo] 
2025-10-01T18:53:45.688-05:00 DEBUG 19412 --- [snixTennis] [           main] org.hibernate.orm.sql.ast.create         : Registration of TableGroup [org.hibernate.sql.ast.tree.from.LazyTableGroup@4b2af0eb] with identifierForTableGroup [snix.snixtennis.entidades.Archivo.producto] for NavigablePath [snix.snixtennis.entidades.Archivo.producto] 
2025-10-01T18:53:45.688-05:00 DEBUG 19412 --- [snixTennis] [           main] org.hibernate.orm.sql.ast.create         : Created new SQL alias : p1_0
2025-10-01T18:53:45.688-05:00 DEBUG 19412 --- [snixTennis] [           main] org.hibernate.orm.results.graph.AST      : DomainResult Graph:
 \-EntityResultImpl [snix.snixtennis.entidades.Archivo]
 |  +-BasicFetch [snix.snixtennis.entidades.Archivo.fileName]
 |  +-BasicFetch [snix.snixtennis.entidades.Archivo.fileType]
 |  +-EntityFetchJoinedImpl [snix.snixtennis.entidades.Archivo.producto]
 |  |  +-BasicFetch [snix.snixtennis.entidades.Archivo.producto.categoria]
 |  |  +-BasicFetch [snix.snixtennis.entidades.Archivo.producto.color]
 |  |  +-BasicFetch [snix.snixtennis.entidades.Archivo.producto.detalles]
 |  |  +-DelayedCollectionFetch [snix.snixtennis.entidades.Archivo.producto.imagenes]
 |  |  +-BasicFetch [snix.snixtennis.entidades.Archivo.producto.marca]
 |  |  +-BasicFetch [snix.snixtennis.entidades.Archivo.producto.nombre]
 |  |  +-BasicFetch [snix.snixtennis.entidades.Archivo.producto.precio]
 |  |  +-BasicFetch [snix.snixtennis.entidades.Archivo.producto.rating]
 |  |  +-BasicFetch [snix.snixtennis.entidades.Archivo.producto.stock]
 |  |  \-BasicFetch [snix.snixtennis.entidades.Archivo.producto.talla]
 |  \-BasicFetch [snix.snixtennis.entidades.Archivo.ruta]

2025-10-01T18:53:45.688-05:00 DEBUG 19412 --- [snixTennis] [           main] org.hibernate.orm.sql.ast.tree           : SQL AST Tree:
    SelectStatement {
      FromClause {
        StandardTableGroup (a1 : snix.snixtennis.entidades.Archivo) {
          primaryTableReference : archivo as a1_0
          TableGroupJoins {
            left  join LazyTableGroup (p1 : snix.snixtennis.entidades.Archivo.producto) {
              primaryTableReference : producto as p1_0
            }
          }
        }
      }
    }

2025-10-01T18:53:45.688-05:00 DEBUG 19412 --- [snixTennis] [           main] o.h.p.entity.AbstractEntityPersister     : Static SQL for entity: snix.snixtennis.entidades.Archivo
2025-10-01T18:53:45.688-05:00 DEBUG 19412 --- [snixTennis] [           main] o.h.p.entity.AbstractEntityPersister     :  Version select: select id from archivo where id=?
2025-10-01T18:53:45.688-05:00 DEBUG 19412 --- [snixTennis] [           main] o.h.p.entity.AbstractEntityPersister     :  Insert (0): insert into archivo (file_name,file_type,producto,ruta,id) values (?,?,?,?,?)
2025-10-01T18:53:45.688-05:00 DEBUG 19412 --- [snixTennis] [           main] o.h.p.entity.AbstractEntityPersister     :  Update (0): update archivo set file_name=?,file_type=?,producto=?,ruta=? where id=?
2025-10-01T18:53:45.688-05:00 DEBUG 19412 --- [snixTennis] [           main] o.h.p.entity.AbstractEntityPersister     :  Delete (0): delete from archivo where id=?
2025-10-01T18:53:45.689-05:00 DEBUG 19412 --- [snixTennis] [           main] org.hibernate.orm.sql.ast.create         : Created new SQL alias : i1_0
2025-10-01T18:53:45.690-05:00 DEBUG 19412 --- [snixTennis] [           main] org.hibernate.orm.sql.ast.create         : Registration of TableGroup [org.hibernate.sql.ast.tree.from.OneToManyTableGroup@9d7a853] with identifierForTableGroup [snix.snixtennis.entidades.Producto.imagenes] for NavigablePath [snix.snixtennis.entidades.Producto.imagenes] 
2025-10-01T18:53:45.690-05:00 DEBUG 19412 --- [snixTennis] [           main] org.hibernate.orm.sql.ast.create         : Registration of TableGroup [StandardTableGroup(snix.snixtennis.entidades.Producto.imagenes.{element})] with identifierForTableGroup [snix.snixtennis.entidades.Producto.imagenes.{element}] for NavigablePath [snix.snixtennis.entidades.Producto.imagenes.{element}] 
2025-10-01T18:53:45.695-05:00 DEBUG 19412 --- [snixTennis] [           main] org.hibernate.orm.sql.ast.create         : Registration of TableGroup [org.hibernate.sql.ast.tree.from.LazyTableGroup@25762f04] with identifierForTableGroup [snix.snixtennis.entidades.Producto.imagenes.{element}.producto] for NavigablePath [snix.snixtennis.entidades.Producto.imagenes.{element}.producto] 
2025-10-01T18:53:45.697-05:00 DEBUG 19412 --- [snixTennis] [           main] org.hibernate.orm.results.graph.AST      : DomainResult Graph:
 \-CollectionDomainResult [snix.snixtennis.entidades.Producto.imagenes]

2025-10-01T18:53:45.697-05:00 DEBUG 19412 --- [snixTennis] [           main] org.hibernate.orm.sql.ast.tree           : SQL AST Tree:
    SelectStatement {
      FromClause {
        OneToManyTableGroup (i1 : snix.snixtennis.entidades.Producto.imagenes) {
          primaryTableReference : archivo as i1_0
          TableGroupJoins {
            left  join LazyTableGroup (p1 : snix.snixtennis.entidades.Producto.imagenes.{element}.producto) {
            }
          }
        }
      }
    }

2025-10-01T18:53:45.697-05:00 DEBUG 19412 --- [snixTennis] [           main] org.hibernate.orm.jdbc.mutation          : Static SQL for collection: snix.snixtennis.entidades.Producto.imagenes
2025-10-01T18:53:45.721-05:00  INFO 19412 --- [snixTennis] [           main] o.h.e.t.j.p.i.JtaPlatformInitiator       : HHH000489: No JTA platform available (set 'hibernate.transaction.jta.platform' to enable JTA platform integration)
2025-10-01T18:53:45.722-05:00 DEBUG 19412 --- [snixTennis] [           main] o.h.type.spi.TypeConfiguration$Scope     : Scoping TypeConfiguration [org.hibernate.type.spi.TypeConfiguration@7e1762e6] to SessionFactoryImplementor [org.hibernate.internal.SessionFactoryImpl@46ef7340]
2025-10-01T18:53:45.722-05:00 DEBUG 19412 --- [snixTennis] [           main] o.h.query.named.NamedObjectRepository    : Checking 0 named HQL queries
2025-10-01T18:53:45.722-05:00 DEBUG 19412 --- [snixTennis] [           main] o.h.query.named.NamedObjectRepository    : Checking 0 named SQL queries
2025-10-01T18:53:48.936-05:00 DEBUG 19412 --- [snixTennis] [           main] org.hibernate.mapping.Table              : No alter strings for table : archivo
2025-10-01T18:53:48.936-05:00 DEBUG 19412 --- [snixTennis] [           main] org.hibernate.mapping.Table              : No alter strings for table : combos
2025-10-01T18:53:48.936-05:00 DEBUG 19412 --- [snixTennis] [           main] org.hibernate.mapping.Table              : No alter strings for table : informacion_cliente
2025-10-01T18:53:48.936-05:00 DEBUG 19412 --- [snixTennis] [           main] org.hibernate.mapping.Table              : No alter strings for table : pedido
2025-10-01T18:53:48.936-05:00 DEBUG 19412 --- [snixTennis] [           main] org.hibernate.SQL                        : alter table producto modify column detalles varchar(255) not null
2025-10-01T18:53:49.317-05:00  WARN 19412 --- [snixTennis] [           main] o.h.t.s.i.ExceptionHandlerLoggedImpl     : GenerationTarget encountered exception accepting command : Error executing DDL "alter table producto modify column detalles varchar(255) not null" via JDBC [Data truncated for column 'detalles' at row 1]

org.hibernate.tool.schema.spi.CommandAcceptanceException: Error executing DDL "alter table producto modify column detalles varchar(255) not null" via JDBC [Data truncated for column 'detalles' at row 1]
	at org.hibernate.tool.schema.internal.exec.GenerationTargetToDatabase.accept(GenerationTargetToDatabase.java:94) ~[hibernate-core-6.6.15.Final.jar:6.6.15.Final]
	at org.hibernate.tool.schema.internal.AbstractSchemaMigrator.applySqlString(AbstractSchemaMigrator.java:576) ~[hibernate-core-6.6.15.Final.jar:6.6.15.Final]
	at org.hibernate.tool.schema.internal.AbstractSchemaMigrator.applySqlStrings(AbstractSchemaMigrator.java:516) ~[hibernate-core-6.6.15.Final.jar:6.6.15.Final]
	at org.hibernate.tool.schema.internal.AbstractSchemaMigrator.migrateTable(AbstractSchemaMigrator.java:334) ~[hibernate-core-6.6.15.Final.jar:6.6.15.Final]
	at org.hibernate.tool.schema.internal.GroupedSchemaMigratorImpl.performTablesMigration(GroupedSchemaMigratorImpl.java:84) ~[hibernate-core-6.6.15.Final.jar:6.6.15.Final]
	at org.hibernate.tool.schema.internal.AbstractSchemaMigrator.performMigration(AbstractSchemaMigrator.java:233) ~[hibernate-core-6.6.15.Final.jar:6.6.15.Final]
	at org.hibernate.tool.schema.internal.AbstractSchemaMigrator.doMigration(AbstractSchemaMigrator.java:112) ~[hibernate-core-6.6.15.Final.jar:6.6.15.Final]
	at org.hibernate.tool.schema.spi.SchemaManagementToolCoordinator.performDatabaseAction(SchemaManagementToolCoordinator.java:280) ~[hibernate-core-6.6.15.Final.jar:6.6.15.Final]
	at org.hibernate.tool.schema.spi.SchemaManagementToolCoordinator.lambda$process$5(SchemaManagementToolCoordinator.java:144) ~[hibernate-core-6.6.15.Final.jar:6.6.15.Final]
	at java.base/java.util.HashMap.forEach(HashMap.java:1430) ~[na:na]
	at org.hibernate.tool.schema.spi.SchemaManagementToolCoordinator.process(SchemaManagementToolCoordinator.java:141) ~[hibernate-core-6.6.15.Final.jar:6.6.15.Final]
	at org.hibernate.boot.internal.SessionFactoryObserverForSchemaExport.sessionFactoryCreated(SessionFactoryObserverForSchemaExport.java:37) ~[hibernate-core-6.6.15.Final.jar:6.6.15.Final]
	at org.hibernate.internal.SessionFactoryObserverChain.sessionFactoryCreated(SessionFactoryObserverChain.java:35) ~[hibernate-core-6.6.15.Final.jar:6.6.15.Final]
	at org.hibernate.internal.SessionFactoryImpl.<init>(SessionFactoryImpl.java:324) ~[hibernate-core-6.6.15.Final.jar:6.6.15.Final]
	at org.hibernate.boot.internal.SessionFactoryBuilderImpl.build(SessionFactoryBuilderImpl.java:463) ~[hibernate-core-6.6.15.Final.jar:6.6.15.Final]
	at org.hibernate.jpa.boot.internal.EntityManagerFactoryBuilderImpl.build(EntityManagerFactoryBuilderImpl.java:1517) ~[hibernate-core-6.6.15.Final.jar:6.6.15.Final]
	at org.springframework.orm.jpa.vendor.SpringHibernateJpaPersistenceProvider.createContainerEntityManagerFactory(SpringHibernateJpaPersistenceProvider.java:66) ~[spring-orm-6.2.7.jar:6.2.7]
	at org.springframework.orm.jpa.LocalContainerEntityManagerFactoryBean.createNativeEntityManagerFactory(LocalContainerEntityManagerFactoryBean.java:390) ~[spring-orm-6.2.7.jar:6.2.7]
	at org.springframework.orm.jpa.AbstractEntityManagerFactoryBean.buildNativeEntityManagerFactory(AbstractEntityManagerFactoryBean.java:419) ~[spring-orm-6.2.7.jar:6.2.7]
	at org.springframework.orm.jpa.AbstractEntityManagerFactoryBean.afterPropertiesSet(AbstractEntityManagerFactoryBean.java:400) ~[spring-orm-6.2.7.jar:6.2.7]
	at org.springframework.orm.jpa.LocalContainerEntityManagerFactoryBean.afterPropertiesSet(LocalContainerEntityManagerFactoryBean.java:366) ~[spring-orm-6.2.7.jar:6.2.7]
	at org.springframework.beans.factory.support.AbstractAutowireCapableBeanFactory.invokeInitMethods(AbstractAutowireCapableBeanFactory.java:1873) ~[spring-beans-6.2.7.jar:6.2.7]
	at org.springframework.beans.factory.support.AbstractAutowireCapableBeanFactory.initializeBean(AbstractAutowireCapableBeanFactory.java:1822) ~[spring-beans-6.2.7.jar:6.2.7]
	at org.springframework.beans.factory.support.AbstractAutowireCapableBeanFactory.doCreateBean(AbstractAutowireCapableBeanFactory.java:607) ~[spring-beans-6.2.7.jar:6.2.7]
	at org.springframework.beans.factory.support.AbstractAutowireCapableBeanFactory.createBean(AbstractAutowireCapableBeanFactory.java:529) ~[spring-beans-6.2.7.jar:6.2.7]
	at org.springframework.beans.factory.support.AbstractBeanFactory.lambda$doGetBean$0(AbstractBeanFactory.java:339) ~[spring-beans-6.2.7.jar:6.2.7]
	at org.springframework.beans.factory.support.DefaultSingletonBeanRegistry.getSingleton(DefaultSingletonBeanRegistry.java:373) ~[spring-beans-6.2.7.jar:6.2.7]
	at org.springframework.beans.factory.support.AbstractBeanFactory.doGetBean(AbstractBeanFactory.java:337) ~[spring-beans-6.2.7.jar:6.2.7]
	at org.springframework.beans.factory.support.AbstractBeanFactory.getBean(AbstractBeanFactory.java:207) ~[spring-beans-6.2.7.jar:6.2.7]
	at org.springframework.context.support.AbstractApplicationContext.finishBeanFactoryInitialization(AbstractApplicationContext.java:970) ~[spring-context-6.2.7.jar:6.2.7]
	at org.springframework.context.support.AbstractApplicationContext.refresh(AbstractApplicationContext.java:627) ~[spring-context-6.2.7.jar:6.2.7]
	at org.springframework.boot.SpringApplication.refresh(SpringApplication.java:753) ~[spring-boot-3.5.0.jar:3.5.0]
	at org.springframework.boot.SpringApplication.refreshContext(SpringApplication.java:439) ~[spring-boot-3.5.0.jar:3.5.0]
	at org.springframework.boot.SpringApplication.run(SpringApplication.java:318) ~[spring-boot-3.5.0.jar:3.5.0]
	at org.springframework.boot.test.context.SpringBootContextLoader.lambda$loadContext$3(SpringBootContextLoader.java:144) ~[spring-boot-test-3.5.0.jar:3.5.0]
	at org.springframework.util.function.ThrowingSupplier.get(ThrowingSupplier.java:58) ~[spring-core-6.2.7.jar:6.2.7]
	at org.springframework.util.function.ThrowingSupplier.get(ThrowingSupplier.java:46) ~[spring-core-6.2.7.jar:6.2.7]
	at org.springframework.boot.SpringApplication.withHook(SpringApplication.java:1462) ~[spring-boot-3.5.0.jar:3.5.0]
	at org.springframework.boot.test.context.SpringBootContextLoader$ContextLoaderHook.run(SpringBootContextLoader.java:563) ~[spring-boot-test-3.5.0.jar:3.5.0]
	at org.springframework.boot.test.context.SpringBootContextLoader.loadContext(SpringBootContextLoader.java:144) ~[spring-boot-test-3.5.0.jar:3.5.0]
	at org.springframework.boot.test.context.SpringBootContextLoader.loadContext(SpringBootContextLoader.java:110) ~[spring-boot-test-3.5.0.jar:3.5.0]
	at org.springframework.test.context.cache.DefaultCacheAwareContextLoaderDelegate.loadContextInternal(DefaultCacheAwareContextLoaderDelegate.java:225) ~[spring-test-6.2.7.jar:6.2.7]
	at org.springframework.test.context.cache.DefaultCacheAwareContextLoaderDelegate.loadContext(DefaultCacheAwareContextLoaderDelegate.java:152) ~[spring-test-6.2.7.jar:6.2.7]
	at org.springframework.test.context.support.DefaultTestContext.getApplicationContext(DefaultTestContext.java:130) ~[spring-test-6.2.7.jar:6.2.7]
	at org.springframework.test.context.web.ServletTestExecutionListener.setUpRequestContextIfNecessary(ServletTestExecutionListener.java:200) ~[spring-test-6.2.7.jar:6.2.7]
	at org.springframework.test.context.web.ServletTestExecutionListener.prepareTestInstance(ServletTestExecutionListener.java:139) ~[spring-test-6.2.7.jar:6.2.7]
	at org.springframework.test.context.TestContextManager.prepareTestInstance(TestContextManager.java:260) ~[spring-test-6.2.7.jar:6.2.7]
	at org.springframework.test.context.junit.jupiter.SpringExtension.postProcessTestInstance(SpringExtension.java:159) ~[spring-test-6.2.7.jar:6.2.7]
	at org.junit.jupiter.engine.descriptor.ClassBasedTestDescriptor.lambda$invokeTestInstancePostProcessors$10(ClassBasedTestDescriptor.java:383) ~[junit-jupiter-engine-5.12.2.jar:5.12.2]
	at org.junit.jupiter.engine.descriptor.ClassBasedTestDescriptor.executeAndMaskThrowable(ClassBasedTestDescriptor.java:388) ~[junit-jupiter-engine-5.12.2.jar:5.12.2]
	at org.junit.jupiter.engine.descriptor.ClassBasedTestDescriptor.lambda$invokeTestInstancePostProcessors$11(ClassBasedTestDescriptor.java:382) ~[junit-jupiter-engine-5.12.2.jar:5.12.2]
	at java.base/java.util.stream.ForEachOps$ForEachOp$OfRef.accept(ForEachOps.java:186) ~[na:na]
	at java.base/java.util.stream.ReferencePipeline$3$1.accept(ReferencePipeline.java:215) ~[na:na]
	at java.base/java.util.stream.ReferencePipeline$2$1.accept(ReferencePipeline.java:197) ~[na:na]
	at java.base/java.util.stream.ReferencePipeline$3$1.accept(ReferencePipeline.java:215) ~[na:na]
	at java.base/java.util.ArrayList$ArrayListSpliterator.forEachRemaining(ArrayList.java:1716) ~[na:na]
	at java.base/java.util.stream.AbstractPipeline.copyInto(AbstractPipeline.java:570) ~[na:na]
	at java.base/java.util.stream.AbstractPipeline.wrapAndCopyInto(AbstractPipeline.java:560) ~[na:na]
	at java.base/java.util.stream.ForEachOps$ForEachOp.evaluateSequential(ForEachOps.java:153) ~[na:na]
	at java.base/java.util.stream.ForEachOps$ForEachOp$OfRef.evaluateSequential(ForEachOps.java:176) ~[na:na]
	at java.base/java.util.stream.AbstractPipeline.evaluate(AbstractPipeline.java:265) ~[na:na]
	at java.base/java.util.stream.ReferencePipeline.forEach(ReferencePipeline.java:636) ~[na:na]
	at org.junit.jupiter.engine.descriptor.ClassBasedTestDescriptor.invokeTestInstancePostProcessors(ClassBasedTestDescriptor.java:382) ~[junit-jupiter-engine-5.12.2.jar:5.12.2]
	at org.junit.jupiter.engine.descriptor.ClassBasedTestDescriptor.lambda$instantiateAndPostProcessTestInstance$6(ClassBasedTestDescriptor.java:293) ~[junit-jupiter-engine-5.12.2.jar:5.12.2]
	at org.junit.platform.engine.support.hierarchical.ThrowableCollector.execute(ThrowableCollector.java:73) ~[junit-platform-engine-1.12.2.jar:1.12.2]
	at org.junit.jupiter.engine.descriptor.ClassBasedTestDescriptor.instantiateAndPostProcessTestInstance(ClassBasedTestDescriptor.java:292) ~[junit-jupiter-engine-5.12.2.jar:5.12.2]
	at org.junit.jupiter.engine.descriptor.ClassBasedTestDescriptor.lambda$testInstancesProvider$4(ClassBasedTestDescriptor.java:281) ~[junit-jupiter-engine-5.12.2.jar:5.12.2]
	at java.base/java.util.Optional.orElseGet(Optional.java:364) ~[na:na]
	at org.junit.jupiter.engine.descriptor.ClassBasedTestDescriptor.lambda$testInstancesProvider$5(ClassBasedTestDescriptor.java:280) ~[junit-jupiter-engine-5.12.2.jar:5.12.2]
	at org.junit.jupiter.engine.execution.TestInstancesProvider.getTestInstances(TestInstancesProvider.java:27) ~[junit-jupiter-engine-5.12.2.jar:5.12.2]
	at org.junit.jupiter.engine.descriptor.TestMethodTestDescriptor.lambda$prepare$0(TestMethodTestDescriptor.java:112) ~[junit-jupiter-engine-5.12.2.jar:5.12.2]
	at org.junit.platform.engine.support.hierarchical.ThrowableCollector.execute(ThrowableCollector.java:73) ~[junit-platform-engine-1.12.2.jar:1.12.2]
	at org.junit.jupiter.engine.descriptor.TestMethodTestDescriptor.prepare(TestMethodTestDescriptor.java:111) ~[junit-jupiter-engine-5.12.2.jar:5.12.2]
	at org.junit.jupiter.engine.descriptor.TestMethodTestDescriptor.prepare(TestMethodTestDescriptor.java:69) ~[junit-jupiter-engine-5.12.2.jar:5.12.2]
	at org.junit.platform.engine.support.hierarchical.NodeTestTask.lambda$prepare$2(NodeTestTask.java:128) ~[junit-platform-engine-1.12.2.jar:1.12.2]
	at org.junit.platform.engine.support.hierarchical.ThrowableCollector.execute(ThrowableCollector.java:73) ~[junit-platform-engine-1.12.2.jar:1.12.2]
	at org.junit.platform.engine.support.hierarchical.NodeTestTask.prepare(NodeTestTask.java:128) ~[junit-platform-engine-1.12.2.jar:1.12.2]
	at org.junit.platform.engine.support.hierarchical.NodeTestTask.execute(NodeTestTask.java:95) ~[junit-platform-engine-1.12.2.jar:1.12.2]
	at java.base/java.util.ArrayList.forEach(ArrayList.java:1604) ~[na:na]
	at org.junit.platform.engine.support.hierarchical.SameThreadHierarchicalTestExecutorService.invokeAll(SameThreadHierarchicalTestExecutorService.java:41) ~[junit-platform-engine-1.12.2.jar:1.12.2]
	at org.junit.platform.engine.support.hierarchical.NodeTestTask.lambda$executeRecursively$6(NodeTestTask.java:160) ~[junit-platform-engine-1.12.2.jar:1.12.2]
	at org.junit.platform.engine.support.hierarchical.ThrowableCollector.execute(ThrowableCollector.java:73) ~[junit-platform-engine-1.12.2.jar:1.12.2]
	at org.junit.platform.engine.support.hierarchical.NodeTestTask.lambda$executeRecursively$8(NodeTestTask.java:146) ~[junit-platform-engine-1.12.2.jar:1.12.2]
	at org.junit.platform.engine.support.hierarchical.Node.around(Node.java:137) ~[junit-platform-engine-1.12.2.jar:1.12.2]
	at org.junit.platform.engine.support.hierarchical.NodeTestTask.lambda$executeRecursively$9(NodeTestTask.java:144) ~[junit-platform-engine-1.12.2.jar:1.12.2]
	at org.junit.platform.engine.support.hierarchical.ThrowableCollector.execute(ThrowableCollector.java:73) ~[junit-platform-engine-1.12.2.jar:1.12.2]
	at org.junit.platform.engine.support.hierarchical.NodeTestTask.executeRecursively(NodeTestTask.java:143) ~[junit-platform-engine-1.12.2.jar:1.12.2]
	at org.junit.platform.engine.support.hierarchical.NodeTestTask.execute(NodeTestTask.java:100) ~[junit-platform-engine-1.12.2.jar:1.12.2]
	at java.base/java.util.ArrayList.forEach(ArrayList.java:1604) ~[na:na]
	at org.junit.platform.engine.support.hierarchical.SameThreadHierarchicalTestExecutorService.invokeAll(SameThreadHierarchicalTestExecutorService.java:41) ~[junit-platform-engine-1.12.2.jar:1.12.2]
	at org.junit.platform.engine.support.hierarchical.NodeTestTask.lambda$executeRecursively$6(NodeTestTask.java:160) ~[junit-platform-engine-1.12.2.jar:1.12.2]
	at org.junit.platform.engine.support.hierarchical.ThrowableCollector.execute(ThrowableCollector.java:73) ~[junit-platform-engine-1.12.2.jar:1.12.2]
	at org.junit.platform.engine.support.hierarchical.NodeTestTask.lambda$executeRecursively$8(NodeTestTask.java:146) ~[junit-platform-engine-1.12.2.jar:1.12.2]
	at org.junit.platform.engine.support.hierarchical.Node.around(Node.java:137) ~[junit-platform-engine-1.12.2.jar:1.12.2]
	at org.junit.platform.engine.support.hierarchical.NodeTestTask.lambda$executeRecursively$9(NodeTestTask.java:144) ~[junit-platform-engine-1.12.2.jar:1.12.2]
	at org.junit.platform.engine.support.hierarchical.ThrowableCollector.execute(ThrowableCollector.java:73) ~[junit-platform-engine-1.12.2.jar:1.12.2]
	at org.junit.platform.engine.support.hierarchical.NodeTestTask.executeRecursively(NodeTestTask.java:143) ~[junit-platform-engine-1.12.2.jar:1.12.2]
	at org.junit.platform.engine.support.hierarchical.NodeTestTask.execute(NodeTestTask.java:100) ~[junit-platform-engine-1.12.2.jar:1.12.2]
	at org.junit.platform.engine.support.hierarchical.SameThreadHierarchicalTestExecutorService.submit(SameThreadHierarchicalTestExecutorService.java:35) ~[junit-platform-engine-1.12.2.jar:1.12.2]
	at org.junit.platform.engine.support.hierarchical.HierarchicalTestExecutor.execute(HierarchicalTestExecutor.java:57) ~[junit-platform-engine-1.12.2.jar:1.12.2]
	at org.junit.platform.engine.support.hierarchical.HierarchicalTestEngine.execute(HierarchicalTestEngine.java:54) ~[junit-platform-engine-1.12.2.jar:1.12.2]
	at org.junit.platform.launcher.core.EngineExecutionOrchestrator.execute(EngineExecutionOrchestrator.java:201) ~[junit-platform-launcher-1.12.2.jar:1.12.2]
	at org.junit.platform.launcher.core.EngineExecutionOrchestrator.execute(EngineExecutionOrchestrator.java:170) ~[junit-platform-launcher-1.12.2.jar:1.12.2]
	at org.junit.platform.launcher.core.EngineExecutionOrchestrator.execute(EngineExecutionOrchestrator.java:94) ~[junit-platform-launcher-1.12.2.jar:1.12.2]
	at org.junit.platform.launcher.core.EngineExecutionOrchestrator.lambda$execute$0(EngineExecutionOrchestrator.java:59) ~[junit-platform-launcher-1.12.2.jar:1.12.2]
	at org.junit.platform.launcher.core.EngineExecutionOrchestrator.withInterceptedStreams(EngineExecutionOrchestrator.java:142) ~[junit-platform-launcher-1.12.2.jar:1.12.2]
	at org.junit.platform.launcher.core.EngineExecutionOrchestrator.execute(EngineExecutionOrchestrator.java:58) ~[junit-platform-launcher-1.12.2.jar:1.12.2]
	at org.junit.platform.launcher.core.DefaultLauncher.execute(DefaultLauncher.java:103) ~[junit-platform-launcher-1.12.2.jar:1.12.2]
	at org.junit.platform.launcher.core.DefaultLauncher.execute(DefaultLauncher.java:85) ~[junit-platform-launcher-1.12.2.jar:1.12.2]
	at org.junit.platform.launcher.core.DelegatingLauncher.execute(DelegatingLauncher.java:47) ~[junit-platform-launcher-1.12.2.jar:1.12.2]
	at org.junit.platform.launcher.core.InterceptingLauncher.lambda$execute$1(InterceptingLauncher.java:39) ~[junit-platform-launcher-1.12.2.jar:1.12.2]
	at org.junit.platform.launcher.core.ClasspathAlignmentCheckingLauncherInterceptor.intercept(ClasspathAlignmentCheckingLauncherInterceptor.java:25) ~[junit-platform-launcher-1.12.2.jar:1.12.2]
	at org.junit.platform.launcher.core.InterceptingLauncher.execute(InterceptingLauncher.java:38) ~[junit-platform-launcher-1.12.2.jar:1.12.2]
	at org.junit.platform.launcher.core.DelegatingLauncher.execute(DelegatingLauncher.java:47) ~[junit-platform-launcher-1.12.2.jar:1.12.2]
	at org.apache.maven.surefire.junitplatform.LazyLauncher.execute(LazyLauncher.java:56) ~[surefire-junit-platform-3.5.3.jar:3.5.3]
	at org.apache.maven.surefire.junitplatform.JUnitPlatformProvider.execute(JUnitPlatformProvider.java:194) ~[surefire-junit-platform-3.5.3.jar:3.5.3]
	at org.apache.maven.surefire.junitplatform.JUnitPlatformProvider.invokeAllTests(JUnitPlatformProvider.java:150) ~[surefire-junit-platform-3.5.3.jar:3.5.3]
	at org.apache.maven.surefire.junitplatform.JUnitPlatformProvider.invoke(JUnitPlatformProvider.java:124) ~[surefire-junit-platform-3.5.3.jar:3.5.3]
	at org.apache.maven.surefire.booter.ForkedBooter.runSuitesInProcess(ForkedBooter.java:385) ~[surefire-booter-3.5.3.jar:3.5.3]
	at org.apache.maven.surefire.booter.ForkedBooter.execute(ForkedBooter.java:162) ~[surefire-booter-3.5.3.jar:3.5.3]
	at org.apache.maven.surefire.booter.ForkedBooter.run(ForkedBooter.java:507) ~[surefire-booter-3.5.3.jar:3.5.3]
	at org.apache.maven.surefire.booter.ForkedBooter.main(ForkedBooter.java:495) ~[surefire-booter-3.5.3.jar:3.5.3]
Caused by: java.sql.SQLException: Data truncated for column 'detalles' at row 1
	at com.mysql.cj.jdbc.exceptions.SQLError.createSQLException(SQLError.java:121) ~[mysql-connector-j-9.2.0.jar:9.2.0]
	at com.mysql.cj.jdbc.exceptions.SQLExceptionsMapping.translateException(SQLExceptionsMapping.java:114) ~[mysql-connector-j-9.2.0.jar:9.2.0]
	at com.mysql.cj.jdbc.StatementImpl.executeInternal(StatementImpl.java:837) ~[mysql-connector-j-9.2.0.jar:9.2.0]
	at com.mysql.cj.jdbc.StatementImpl.execute(StatementImpl.java:685) ~[mysql-connector-j-9.2.0.jar:9.2.0]
	at com.zaxxer.hikari.pool.ProxyStatement.execute(ProxyStatement.java:95) ~[HikariCP-6.3.0.jar:na]
	at com.zaxxer.hikari.pool.HikariProxyStatement.execute(HikariProxyStatement.java) ~[HikariCP-6.3.0.jar:na]
	at org.hibernate.tool.schema.internal.exec.GenerationTargetToDatabase.accept(GenerationTargetToDatabase.java:80) ~[hibernate-core-6.6.15.Final.jar:6.6.15.Final]
	... 121 common frames omitted

2025-10-01T18:53:49.324-05:00 DEBUG 19412 --- [snixTennis] [           main] org.hibernate.mapping.Table              : No alter strings for table : promo
2025-10-01T18:53:49.324-05:00 DEBUG 19412 --- [snixTennis] [           main] org.hibernate.mapping.Table              : No alter strings for table : role
2025-10-01T18:53:49.324-05:00 DEBUG 19412 --- [snixTennis] [           main] org.hibernate.mapping.Table              : No alter strings for table : usuario
2025-10-01T18:53:57.480-05:00 DEBUG 19412 --- [snixTennis] [           main] o.h.internal.SessionFactoryRegistry      : Initializing SessionFactoryRegistry : org.hibernate.internal.SessionFactoryRegistry@85b9f9c
2025-10-01T18:53:57.481-05:00 DEBUG 19412 --- [snixTennis] [           main] o.h.internal.SessionFactoryRegistry      : Registering SessionFactory: e0ce01a7-3785-4566-99c2-54c804e73697 (<unnamed>)
2025-10-01T18:53:57.481-05:00 DEBUG 19412 --- [snixTennis] [           main] o.h.internal.SessionFactoryRegistry      : Not binding SessionFactory to JNDI, no JNDI name configured
2025-10-01T18:53:57.481-05:00 DEBUG 19412 --- [snixTennis] [           main] o.hibernate.internal.SessionFactoryImpl  : Instantiated SessionFactory
2025-10-01T18:53:57.481-05:00  INFO 19412 --- [snixTennis] [           main] j.LocalContainerEntityManagerFactoryBean : Initialized JPA EntityManagerFactory for persistence unit 'default'
2025-10-01T18:53:57.625-05:00 DEBUG 19412 --- [snixTennis] [           main] o.h.stat.internal.StatisticsInitiator    : Statistics initialized [enabled=false]
2025-10-01T18:53:57.803-05:00  WARN 19412 --- [snixTennis] [           main] JpaBaseConfiguration$JpaWebConfiguration : spring.jpa.open-in-view is enabled by default. Therefore, database queries may be performed during view rendering. Explicitly configure spring.jpa.open-in-view to disable this warning
2025-10-01T18:53:57.838-05:00  WARN 19412 --- [snixTennis] [           main] .s.s.UserDetailsServiceAutoConfiguration : 

Using generated security password: 075377ad-1929-4433-9bd5-419a86dd6aee

This generated password is for development use only. Your security configuration must be updated before running your application in production.

2025-10-01T18:53:57.847-05:00  INFO 19412 --- [snixTennis] [           main] r$InitializeUserDetailsManagerConfigurer : Global AuthenticationManager configured with UserDetailsService bean with name inMemoryUserDetailsManager
2025-10-01T18:53:58.010-05:00 DEBUG 19412 --- [snixTennis] [           main] s.w.s.m.m.a.RequestMappingHandlerMapping : 21 mappings in 'requestMappingHandlerMapping'
2025-10-01T18:53:58.128-05:00 DEBUG 19412 --- [snixTennis] [           main] o.s.w.s.handler.SimpleUrlHandlerMapping  : Patterns [/webjars/**, /**] in 'resourceHandlerMapping'
2025-10-01T18:53:58.141-05:00  WARN 19412 --- [snixTennis] [           main] thorizationManagerRequestMatcherRegistry : One of the patterns in [/admin/**, home/producto/**] is missing a leading slash. This is discouraged; please include the leading slash in all your request matcher patterns. In future versions of Spring Security, leaving out the leading slash will result in an exception.
2025-10-01T18:53:58.143-05:00  WARN 19412 --- [snixTennis] [           main] thorizationManagerRequestMatcherRegistry : One of the patterns in [/admin/**, home/producto/**] is missing a leading slash. This is discouraged; please include the leading slash in all your request matcher patterns. In future versions of Spring Security, leaving out the leading slash will result in an exception.
2025-10-01T18:53:58.144-05:00  WARN 19412 --- [snixTennis] [           main] thorizationManagerRequestMatcherRegistry : One of the patterns in [/admin/**, home/producto/**] is missing a leading slash. This is discouraged; please include the leading slash in all your request matcher patterns. In future versions of Spring Security, leaving out the leading slash will result in an exception.
2025-10-01T18:53:58.266-05:00 DEBUG 19412 --- [snixTennis] [           main] .h.v.m.ResourceBundleMessageInterpolator : Loaded expression factory via original TCCL
2025-10-01T18:53:58.267-05:00 DEBUG 19412 --- [snixTennis] [           main] o.h.v.i.e.AbstractConfigurationImpl      : Setting custom MessageInterpolator of type org.springframework.validation.beanvalidation.LocaleContextMessageInterpolator
2025-10-01T18:53:58.268-05:00 DEBUG 19412 --- [snixTennis] [           main] o.h.v.i.e.AbstractConfigurationImpl      : Setting custom ConstraintValidatorFactory of type org.springframework.validation.beanvalidation.SpringConstraintValidatorFactory
2025-10-01T18:53:58.270-05:00 DEBUG 19412 --- [snixTennis] [           main] o.h.v.i.xml.config.ValidationXmlParser   : Trying to load META-INF/validation.xml for XML based Validator configuration.
2025-10-01T18:53:58.270-05:00 DEBUG 19412 --- [snixTennis] [           main] o.h.v.i.xml.config.ResourceLoaderHelper  : Trying to load META-INF/validation.xml via user class loader
2025-10-01T18:53:58.270-05:00 DEBUG 19412 --- [snixTennis] [           main] o.h.v.i.xml.config.ResourceLoaderHelper  : Trying to load META-INF/validation.xml via TCCL
2025-10-01T18:53:58.270-05:00 DEBUG 19412 --- [snixTennis] [           main] o.h.v.i.xml.config.ResourceLoaderHelper  : Trying to load META-INF/validation.xml via Hibernate Validator's class loader
2025-10-01T18:53:58.270-05:00 DEBUG 19412 --- [snixTennis] [           main] o.h.v.i.xml.config.ValidationXmlParser   : No META-INF/validation.xml found. Using annotation based configuration only.
2025-10-01T18:53:58.270-05:00 DEBUG 19412 --- [snixTennis] [           main] o.h.v.i.e.resolver.TraversableResolvers  : Found jakarta.persistence.Persistence on classpath containing 'getPersistenceUtil'. Assuming JPA 2 environment. Trying to instantiate JPA aware TraversableResolver
2025-10-01T18:53:58.270-05:00 DEBUG 19412 --- [snixTennis] [           main] o.h.v.i.e.resolver.TraversableResolvers  : Instantiated JPA aware TraversableResolver of type org.hibernate.validator.internal.engine.resolver.JPATraversableResolver.
2025-10-01T18:53:58.271-05:00 DEBUG 19412 --- [snixTennis] [           main] .i.e.ValidatorFactoryConfigurationHelper : HV000252: Using org.hibernate.validator.internal.engine.DefaultPropertyNodeNameProvider as property node name provider.
2025-10-01T18:53:58.272-05:00 DEBUG 19412 --- [snixTennis] [           main] .i.e.ValidatorFactoryConfigurationHelper : HV000234: Using org.springframework.validation.beanvalidation.LocaleContextMessageInterpolator as ValidatorFactory-scoped message interpolator.
2025-10-01T18:53:58.272-05:00 DEBUG 19412 --- [snixTennis] [           main] .i.e.ValidatorFactoryConfigurationHelper : HV000234: Using org.hibernate.validator.internal.engine.resolver.JPATraversableResolver as ValidatorFactory-scoped traversable resolver.
2025-10-01T18:53:58.272-05:00 DEBUG 19412 --- [snixTennis] [           main] .i.e.ValidatorFactoryConfigurationHelper : HV000234: Using org.hibernate.validator.internal.util.ExecutableParameterNameProvider as ValidatorFactory-scoped parameter name provider.
2025-10-01T18:53:58.272-05:00 DEBUG 19412 --- [snixTennis] [           main] .i.e.ValidatorFactoryConfigurationHelper : HV000234: Using org.hibernate.validator.internal.engine.DefaultClockProvider as ValidatorFactory-scoped clock provider.
2025-10-01T18:53:58.272-05:00 DEBUG 19412 --- [snixTennis] [           main] .i.e.ValidatorFactoryConfigurationHelper : HV000234: Using org.hibernate.validator.internal.engine.scripting.DefaultScriptEvaluatorFactory as ValidatorFactory-scoped script evaluator factory.
2025-10-01T18:53:58.317-05:00 DEBUG 19412 --- [snixTennis] [           main] s.w.s.m.m.a.RequestMappingHandlerAdapter : ControllerAdvice beans: 0 @ModelAttribute, 0 @InitBinder, 1 RequestBodyAdvice, 1 ResponseBodyAdvice
2025-10-01T18:53:58.422-05:00 DEBUG 19412 --- [snixTennis] [           main] .m.m.a.ExceptionHandlerExceptionResolver : ControllerAdvice beans: 0 @ExceptionHandler, 1 ResponseBodyAdvice
2025-10-01T18:53:58.865-05:00 DEBUG 19412 --- [snixTennis] [           main] .s.b.a.l.ConditionEvaluationReportLogger : 


============================
CONDITIONS EVALUATION REPORT
============================


Positive matches:
-----------------

   AopAutoConfiguration matched:
      - @ConditionalOnBooleanProperty (spring.aop.auto=true) matched (OnPropertyCondition)

   AopAutoConfiguration.AspectJAutoProxyingConfiguration matched:
      - @ConditionalOnClass found required class 'org.aspectj.weaver.Advice' (OnClassCondition)

   AopAutoConfiguration.AspectJAutoProxyingConfiguration.CglibAutoProxyConfiguration matched:
      - @ConditionalOnBooleanProperty (spring.aop.proxy-target-class=true) matched (OnPropertyCondition)

   ApplicationAvailabilityAutoConfiguration#applicationAvailability matched:
      - @ConditionalOnMissingBean (types: org.springframework.boot.availability.ApplicationAvailability; SearchStrategy: all) did not find any beans (OnBeanCondition)

   org.springframework.boot.autoconfigure.http.client.reactive.ClientHttpConnectorAutoConfiguration matched:
      - @ConditionalOnClass found required classes 'org.springframework.http.client.reactive.ClientHttpConnector', 'reactor.core.publisher.Mono' (OnClassCondition)

   ClientHttpConnectorAutoConfiguration#clientHttpConnector matched:
      - @ConditionalOnMissingBean (types: org.springframework.http.client.reactive.ClientHttpConnector; SearchStrategy: all) did not find any beans (OnBeanCondition)

   ClientHttpConnectorAutoConfiguration#clientHttpConnectorBuilder matched:
      - @ConditionalOnMissingBean (types: org.springframework.boot.http.client.reactive.ClientHttpConnectorBuilder<?>; SearchStrategy: all) did not find any beans (OnBeanCondition)

   ClientHttpConnectorAutoConfiguration#clientHttpConnectorSettings matched:
      - @ConditionalOnMissingBean (types: org.springframework.boot.http.client.reactive.ClientHttpConnectorSettings; SearchStrategy: all) did not find any beans (OnBeanCondition)

   DataSourceAutoConfiguration matched:
      - @ConditionalOnClass found required classes 'javax.sql.DataSource', 'org.springframework.jdbc.datasource.embedded.EmbeddedDatabaseType' (OnClassCondition)
      - @ConditionalOnMissingBean (types: ?; SearchStrategy: all) did not find any beans (OnBeanCondition)

   DataSourceAutoConfiguration.PooledDataSourceConfiguration matched:
      - AnyNestedCondition 1 matched 1 did not; NestedCondition on DataSourceAutoConfiguration.PooledDataSourceCondition.PooledDataSourceAvailable PooledDataSource found supported DataSource; NestedCondition on DataSourceAutoConfiguration.PooledDataSourceCondition.ExplicitType @ConditionalOnProperty (spring.datasource.type) did not find property 'spring.datasource.type' (DataSourceAutoConfiguration.PooledDataSourceCondition)
      - @ConditionalOnMissingBean (types: javax.sql.DataSource,javax.sql.XADataSource; SearchStrategy: all) did not find any beans (OnBeanCondition)

   DataSourceAutoConfiguration.PooledDataSourceConfiguration#jdbcConnectionDetails matched:
      - @ConditionalOnMissingBean (types: org.springframework.boot.autoconfigure.jdbc.JdbcConnectionDetails; SearchStrategy: all) did not find any beans (OnBeanCondition)

   DataSourceConfiguration.Hikari matched:
      - @ConditionalOnClass found required class 'com.zaxxer.hikari.HikariDataSource' (OnClassCondition)
      - @ConditionalOnProperty (spring.datasource.type=com.zaxxer.hikari.HikariDataSource) matched (OnPropertyCondition)
      - @ConditionalOnMissingBean (types: javax.sql.DataSource; SearchStrategy: all) did not find any beans (OnBeanCondition)

   DataSourceInitializationConfiguration matched:
      - @ConditionalOnClass found required class 'org.springframework.jdbc.datasource.init.DatabasePopulator' (OnClassCondition)
      - @ConditionalOnSingleCandidate (types: javax.sql.DataSource; SearchStrategy: all) found a single bean 'dataSource'; @ConditionalOnMissingBean (types: org.springframework.boot.autoconfigure.sql.init.SqlDataSourceScriptDatabaseInitializer,org.springframework.boot.autoconfigure.sql.init.SqlR2dbcScriptDatabaseInitializer; SearchStrategy: all) did not find any beans (OnBeanCondition)

   DataSourcePoolMetadataProvidersConfiguration.HikariPoolDataSourceMetadataProviderConfiguration matched:
      - @ConditionalOnClass found required class 'com.zaxxer.hikari.HikariDataSource' (OnClassCondition)

   DataSourceTransactionManagerAutoConfiguration matched:
      - @ConditionalOnClass found required classes 'javax.sql.DataSource', 'org.springframework.jdbc.core.JdbcTemplate', 'org.springframework.transaction.TransactionManager' (OnClassCondition)

   DataSourceTransactionManagerAutoConfiguration.JdbcTransactionManagerConfiguration matched:
      - @ConditionalOnSingleCandidate (types: javax.sql.DataSource; SearchStrategy: all) found a single bean 'dataSource' (OnBeanCondition)

   DispatcherServletAutoConfiguration matched:
      - @ConditionalOnClass found required class 'org.springframework.web.servlet.DispatcherServlet' (OnClassCondition)
      - found 'session' scope (OnWebApplicationCondition)

   DispatcherServletAutoConfiguration.DispatcherServletConfiguration matched:
      - @ConditionalOnClass found required class 'jakarta.servlet.ServletRegistration' (OnClassCondition)
      - Default DispatcherServlet did not find dispatcher servlet beans (DispatcherServletAutoConfiguration.DefaultDispatcherServletCondition)

   DispatcherServletAutoConfiguration.DispatcherServletRegistrationConfiguration matched:
      - @ConditionalOnClass found required class 'jakarta.servlet.ServletRegistration' (OnClassCondition)
      - DispatcherServlet Registration did not find servlet registration bean (DispatcherServletAutoConfiguration.DispatcherServletRegistrationCondition)

   DispatcherServletAutoConfiguration.DispatcherServletRegistrationConfiguration#dispatcherServletRegistration matched:
      - @ConditionalOnBean (names: dispatcherServlet types: org.springframework.web.servlet.DispatcherServlet; SearchStrategy: all) found bean 'dispatcherServlet' (OnBeanCondition)

   ErrorMvcAutoConfiguration matched:
      - @ConditionalOnClass found required classes 'jakarta.servlet.Servlet', 'org.springframework.web.servlet.DispatcherServlet' (OnClassCondition)
      - found 'session' scope (OnWebApplicationCondition)

   ErrorMvcAutoConfiguration#basicErrorController matched:
      - @ConditionalOnMissingBean (types: org.springframework.boot.web.servlet.error.ErrorController; SearchStrategy: current) did not find any beans (OnBeanCondition)

   ErrorMvcAutoConfiguration#errorAttributes matched:
      - @ConditionalOnMissingBean (types: org.springframework.boot.web.servlet.error.ErrorAttributes; SearchStrategy: current) did not find any beans (OnBeanCondition)

   ErrorMvcAutoConfiguration.DefaultErrorViewResolverConfiguration#conventionErrorViewResolver matched:
      - @ConditionalOnBean (types: org.springframework.web.servlet.DispatcherServlet; SearchStrategy: all) found bean 'dispatcherServlet'; @ConditionalOnMissingBean (types: org.springframework.boot.autoconfigure.web.servlet.error.ErrorViewResolver; SearchStrategy: all) did not find any beans (OnBeanCondition)

   ErrorMvcAutoConfiguration.WhitelabelErrorViewConfiguration matched:
      - @ConditionalOnBooleanProperty (server.error.whitelabel.enabled=true) matched (OnPropertyCondition)
      - ErrorTemplate Missing did not find error template view (ErrorMvcAutoConfiguration.ErrorTemplateMissingCondition)

   ErrorMvcAutoConfiguration.WhitelabelErrorViewConfiguration#beanNameViewResolver matched:
      - @ConditionalOnMissingBean (types: org.springframework.web.servlet.view.BeanNameViewResolver; SearchStrategy: all) did not find any beans (OnBeanCondition)

   ErrorMvcAutoConfiguration.WhitelabelErrorViewConfiguration#defaultErrorView matched:
      - @ConditionalOnMissingBean (names: error; SearchStrategy: all) did not find any beans (OnBeanCondition)

   GenericCacheConfiguration matched:
      - Cache org.springframework.boot.autoconfigure.cache.GenericCacheConfiguration automatic cache type (CacheCondition)

   HibernateJpaAutoConfiguration matched:
      - @ConditionalOnClass found required classes 'org.springframework.orm.jpa.LocalContainerEntityManagerFactoryBean', 'jakarta.persistence.EntityManager', 'org.hibernate.engine.spi.SessionImplementor' (OnClassCondition)

   HibernateJpaConfiguration matched:
      - @ConditionalOnSingleCandidate (types: javax.sql.DataSource; SearchStrategy: all) found a single bean 'dataSource' (OnBeanCondition)

   HttpClientAutoConfiguration matched:
      - @ConditionalOnClass found required class 'org.springframework.http.client.ClientHttpRequestFactory' (OnClassCondition)
      - NoneNestedConditions 0 matched 1 did not; NestedCondition on NotReactiveWebApplicationCondition.ReactiveWebApplication did not find reactive web application classes (NotReactiveWebApplicationCondition)

   HttpClientAutoConfiguration#clientHttpRequestFactoryBuilder matched:
      - @ConditionalOnMissingBean (types: org.springframework.boot.http.client.ClientHttpRequestFactoryBuilder<?>; SearchStrategy: all) did not find any beans (OnBeanCondition)

   HttpClientAutoConfiguration#clientHttpRequestFactorySettings matched:
      - @ConditionalOnMissingBean (types: org.springframework.boot.http.client.ClientHttpRequestFactorySettings; SearchStrategy: all) did not find any beans (OnBeanCondition)

   HttpEncodingAutoConfiguration matched:
      - @ConditionalOnClass found required class 'org.springframework.web.filter.CharacterEncodingFilter' (OnClassCondition)
      - found 'session' scope (OnWebApplicationCondition)
      - @ConditionalOnBooleanProperty (server.servlet.encoding.enabled=true) matched (OnPropertyCondition)

   HttpEncodingAutoConfiguration#characterEncodingFilter matched:
      - @ConditionalOnMissingBean (types: org.springframework.web.filter.CharacterEncodingFilter; SearchStrategy: all) did not find any beans (OnBeanCondition)

   HttpMessageConvertersAutoConfiguration matched:
      - @ConditionalOnClass found required class 'org.springframework.http.converter.HttpMessageConverter' (OnClassCondition)
      - NoneNestedConditions 0 matched 1 did not; NestedCondition on HttpMessageConvertersAutoConfiguration.NotReactiveWebApplicationCondition.ReactiveWebApplication did not find reactive web application classes (HttpMessageConvertersAutoConfiguration.NotReactiveWebApplicationCondition)

   HttpMessageConvertersAutoConfiguration#messageConverters matched:
      - @ConditionalOnMissingBean (types: org.springframework.boot.autoconfigure.http.HttpMessageConverters; SearchStrategy: all) did not find any beans (OnBeanCondition)

   HttpMessageConvertersAutoConfiguration.StringHttpMessageConverterConfiguration matched:
      - @ConditionalOnClass found required class 'org.springframework.http.converter.StringHttpMessageConverter' (OnClassCondition)

   HttpMessageConvertersAutoConfiguration.StringHttpMessageConverterConfiguration#stringHttpMessageConverter matched:
      - @ConditionalOnMissingBean (types: org.springframework.http.converter.StringHttpMessageConverter; SearchStrategy: all) did not find any beans (OnBeanCondition)

   JacksonAutoConfiguration matched:
      - @ConditionalOnClass found required class 'com.fasterxml.jackson.databind.ObjectMapper' (OnClassCondition)

   JacksonAutoConfiguration.Jackson2ObjectMapperBuilderCustomizerConfiguration matched:
      - @ConditionalOnClass found required class 'org.springframework.http.converter.json.Jackson2ObjectMapperBuilder' (OnClassCondition)

   JacksonAutoConfiguration.JacksonObjectMapperBuilderConfiguration matched:
      - @ConditionalOnClass found required class 'org.springframework.http.converter.json.Jackson2ObjectMapperBuilder' (OnClassCondition)

   JacksonAutoConfiguration.JacksonObjectMapperBuilderConfiguration#jacksonObjectMapperBuilder matched:
      - @ConditionalOnMissingBean (types: org.springframework.http.converter.json.Jackson2ObjectMapperBuilder; SearchStrategy: all) did not find any beans (OnBeanCondition)

   JacksonAutoConfiguration.JacksonObjectMapperConfiguration matched:
      - @ConditionalOnClass found required class 'org.springframework.http.converter.json.Jackson2ObjectMapperBuilder' (OnClassCondition)

   JacksonAutoConfiguration.JacksonObjectMapperConfiguration#jacksonObjectMapper matched:
      - @ConditionalOnMissingBean (types: com.fasterxml.jackson.databind.ObjectMapper; SearchStrategy: all) did not find any beans (OnBeanCondition)

   JacksonAutoConfiguration.ParameterNamesModuleConfiguration matched:
      - @ConditionalOnClass found required class 'com.fasterxml.jackson.module.paramnames.ParameterNamesModule' (OnClassCondition)

   JacksonAutoConfiguration.ParameterNamesModuleConfiguration#parameterNamesModule matched:
      - @ConditionalOnMissingBean (types: com.fasterxml.jackson.module.paramnames.ParameterNamesModule; SearchStrategy: all) did not find any beans (OnBeanCondition)

   JacksonHttpMessageConvertersConfiguration.MappingJackson2HttpMessageConverterConfiguration matched:
      - @ConditionalOnClass found required class 'com.fasterxml.jackson.databind.ObjectMapper' (OnClassCondition)
      - @ConditionalOnPreferredJsonMapper JACKSON no property was configured and Jackson is the default (OnPreferredJsonMapperCondition)
      - @ConditionalOnBean (types: com.fasterxml.jackson.databind.ObjectMapper; SearchStrategy: all) found bean 'jacksonObjectMapper' (OnBeanCondition)

   JacksonHttpMessageConvertersConfiguration.MappingJackson2HttpMessageConverterConfiguration#mappingJackson2HttpMessageConverter matched:
      - @ConditionalOnMissingBean (types: org.springframework.http.converter.json.MappingJackson2HttpMessageConverter ignored: ?; SearchStrategy: all) did not find any beans (OnBeanCondition)

   JdbcClientAutoConfiguration matched:
      - @ConditionalOnSingleCandidate (types: org.springframework.jdbc.core.namedparam.NamedParameterJdbcTemplate; SearchStrategy: all) found a single bean 'namedParameterJdbcTemplate'; @ConditionalOnMissingBean (types: org.springframework.jdbc.core.simple.JdbcClient; SearchStrategy: all) did not find any beans (OnBeanCondition)

   JdbcRepositoriesAutoConfiguration matched:
      - @ConditionalOnClass found required classes 'org.springframework.jdbc.core.namedparam.NamedParameterJdbcOperations', 'org.springframework.data.jdbc.repository.config.AbstractJdbcConfiguration' (OnClassCondition)
      - @ConditionalOnBooleanProperty (spring.data.jdbc.repositories.enabled=true) matched (OnPropertyCondition)
      - @ConditionalOnBean (types: org.springframework.jdbc.core.namedparam.NamedParameterJdbcOperations,org.springframework.transaction.PlatformTransactionManager; SearchStrategy: all) found beans 'transactionManager', 'namedParameterJdbcTemplate' (OnBeanCondition)

   JdbcRepositoriesAutoConfiguration.JdbcRepositoriesConfiguration matched:
      - @ConditionalOnMissingBean (types: org.springframework.data.jdbc.repository.config.JdbcRepositoryConfigExtension; SearchStrategy: all) did not find any beans (OnBeanCondition)

   JdbcRepositoriesAutoConfiguration.SpringBootJdbcConfiguration matched:
      - @ConditionalOnMissingBean (types: org.springframework.data.jdbc.repository.config.AbstractJdbcConfiguration; SearchStrategy: all) did not find any beans (OnBeanCondition)

   JdbcRepositoriesAutoConfiguration.SpringBootJdbcConfiguration#dataAccessStrategyBean matched:
      - @ConditionalOnMissingBean (types: org.springframework.data.jdbc.core.convert.DataAccessStrategy; SearchStrategy: all) did not find any beans (OnBeanCondition)

   JdbcRepositoriesAutoConfiguration.SpringBootJdbcConfiguration#jdbcAggregateTemplate matched:
      - @ConditionalOnMissingBean (types: org.springframework.data.jdbc.core.JdbcAggregateTemplate; SearchStrategy: all) did not find any beans (OnBeanCondition)

   JdbcRepositoriesAutoConfiguration.SpringBootJdbcConfiguration#jdbcConverter matched:
      - @ConditionalOnMissingBean (types: org.springframework.data.jdbc.core.convert.JdbcConverter; SearchStrategy: all) did not find any beans (OnBeanCondition)

   JdbcRepositoriesAutoConfiguration.SpringBootJdbcConfiguration#jdbcCustomConversions matched:
      - @ConditionalOnMissingBean (types: org.springframework.data.jdbc.core.convert.JdbcCustomConversions; SearchStrategy: all) did not find any beans (OnBeanCondition)

   JdbcRepositoriesAutoConfiguration.SpringBootJdbcConfiguration#jdbcDialect matched:
      - @ConditionalOnMissingBean (types: org.springframework.data.relational.core.dialect.Dialect; SearchStrategy: all) did not find any beans (OnBeanCondition)

   JdbcRepositoriesAutoConfiguration.SpringBootJdbcConfiguration#jdbcManagedTypes matched:
      - @ConditionalOnMissingBean (types: org.springframework.data.relational.RelationalManagedTypes; SearchStrategy: all) did not find any beans (OnBeanCondition)

   JdbcRepositoriesAutoConfiguration.SpringBootJdbcConfiguration#jdbcMappingContext matched:
      - @ConditionalOnMissingBean (types: org.springframework.data.jdbc.core.mapping.JdbcMappingContext; SearchStrategy: all) did not find any beans (OnBeanCondition)

   JdbcTemplateAutoConfiguration matched:
      - @ConditionalOnClass found required classes 'javax.sql.DataSource', 'org.springframework.jdbc.core.JdbcTemplate' (OnClassCondition)
      - @ConditionalOnSingleCandidate (types: javax.sql.DataSource; SearchStrategy: all) found a single bean 'dataSource' (OnBeanCondition)

   JdbcTemplateConfiguration matched:
      - @ConditionalOnMissingBean (types: org.springframework.jdbc.core.JdbcOperations; SearchStrategy: all) did not find any beans (OnBeanCondition)

   JpaBaseConfiguration#entityManagerFactory matched:
      - @ConditionalOnMissingBean (types: org.springframework.orm.jpa.LocalContainerEntityManagerFactoryBean,jakarta.persistence.EntityManagerFactory; SearchStrategy: all) did not find any beans (OnBeanCondition)

   JpaBaseConfiguration#entityManagerFactoryBuilder matched:
      - @ConditionalOnMissingBean (types: org.springframework.boot.orm.jpa.EntityManagerFactoryBuilder; SearchStrategy: all) did not find any beans (OnBeanCondition)

   JpaBaseConfiguration#jpaVendorAdapter matched:
      - @ConditionalOnMissingBean (types: org.springframework.orm.jpa.JpaVendorAdapter; SearchStrategy: all) did not find any beans (OnBeanCondition)

   JpaBaseConfiguration#transactionManager matched:
      - @ConditionalOnMissingBean (types: org.springframework.transaction.TransactionManager; SearchStrategy: all) did not find any beans (OnBeanCondition)

   JpaBaseConfiguration.JpaWebConfiguration matched:
      - @ConditionalOnClass found required class 'org.springframework.web.servlet.config.annotation.WebMvcConfigurer' (OnClassCondition)
      - found 'session' scope (OnWebApplicationCondition)
      - @ConditionalOnBooleanProperty (spring.jpa.open-in-view=true) matched (OnPropertyCondition)
      - @ConditionalOnMissingBean (types: org.springframework.orm.jpa.support.OpenEntityManagerInViewInterceptor,org.springframework.orm.jpa.support.OpenEntityManagerInViewFilter; SearchStrategy: all) did not find any beans (OnBeanCondition)

   JpaBaseConfiguration.PersistenceManagedTypesConfiguration matched:
      - @ConditionalOnMissingBean (types: org.springframework.orm.jpa.LocalContainerEntityManagerFactoryBean,jakarta.persistence.EntityManagerFactory; SearchStrategy: all) did not find any beans (OnBeanCondition)

   JpaBaseConfiguration.PersistenceManagedTypesConfiguration#persistenceManagedTypes matched:
      - @ConditionalOnMissingBean (types: org.springframework.orm.jpa.persistenceunit.PersistenceManagedTypes; SearchStrategy: all) did not find any beans (OnBeanCondition)

   JpaRepositoriesAutoConfiguration matched:
      - @ConditionalOnClass found required class 'org.springframework.data.jpa.repository.JpaRepository' (OnClassCondition)
      - @ConditionalOnBooleanProperty (spring.data.jpa.repositories.enabled=true) matched (OnPropertyCondition)
      - @ConditionalOnBean (types: javax.sql.DataSource; SearchStrategy: all) found bean 'dataSource'; @ConditionalOnMissingBean (types: org.springframework.data.jpa.repository.support.JpaRepositoryFactoryBean,org.springframework.data.jpa.repository.config.JpaRepositoryConfigExtension; SearchStrategy: all) did not find any beans (OnBeanCondition)

   JtaAutoConfiguration matched:
      - @ConditionalOnClass found required class 'jakarta.transaction.Transaction' (OnClassCondition)
      - @ConditionalOnBooleanProperty (spring.jta.enabled=true) matched (OnPropertyCondition)

   LifecycleAutoConfiguration#defaultLifecycleProcessor matched:
      - @ConditionalOnMissingBean (names: lifecycleProcessor; SearchStrategy: current) did not find any beans (OnBeanCondition)

   MultipartAutoConfiguration matched:
      - @ConditionalOnClass found required classes 'jakarta.servlet.Servlet', 'org.springframework.web.multipart.support.StandardServletMultipartResolver', 'jakarta.servlet.MultipartConfigElement' (OnClassCondition)
      - found 'session' scope (OnWebApplicationCondition)
      - @ConditionalOnBooleanProperty (spring.servlet.multipart.enabled=true) matched (OnPropertyCondition)

   MultipartAutoConfiguration#multipartConfigElement matched:
      - @ConditionalOnMissingBean (types: jakarta.servlet.MultipartConfigElement; SearchStrategy: all) did not find any beans (OnBeanCondition)

   MultipartAutoConfiguration#multipartResolver matched:
      - @ConditionalOnMissingBean (types: org.springframework.web.multipart.MultipartResolver; SearchStrategy: all) did not find any beans (OnBeanCondition)

   NamedParameterJdbcTemplateConfiguration matched:
      - @ConditionalOnSingleCandidate (types: org.springframework.jdbc.core.JdbcTemplate; SearchStrategy: all) found a single bean 'jdbcTemplate'; @ConditionalOnMissingBean (types: org.springframework.jdbc.core.namedparam.NamedParameterJdbcOperations; SearchStrategy: all) did not find any beans (OnBeanCondition)

   NoOpCacheConfiguration matched:
      - Cache org.springframework.boot.autoconfigure.cache.NoOpCacheConfiguration automatic cache type (CacheCondition)

   PersistenceExceptionTranslationAutoConfiguration matched:
      - @ConditionalOnClass found required class 'org.springframework.dao.annotation.PersistenceExceptionTranslationPostProcessor' (OnClassCondition)

   PersistenceExceptionTranslationAutoConfiguration#persistenceExceptionTranslationPostProcessor matched:
      - @ConditionalOnBooleanProperty (spring.dao.exceptiontranslation.enabled=true) matched (OnPropertyCondition)
      - @ConditionalOnMissingBean (types: org.springframework.dao.annotation.PersistenceExceptionTranslationPostProcessor; SearchStrategy: all) did not find any beans (OnBeanCondition)

   PropertyPlaceholderAutoConfiguration#propertySourcesPlaceholderConfigurer matched:
      - @ConditionalOnMissingBean (types: org.springframework.context.support.PropertySourcesPlaceholderConfigurer; SearchStrategy: current) did not find any beans (OnBeanCondition)

   ReactorAutoConfiguration matched:
      - @ConditionalOnClass found required class 'reactor.core.publisher.Hooks' (OnClassCondition)

   RestClientAutoConfiguration matched:
      - @ConditionalOnClass found required class 'org.springframework.web.client.RestClient' (OnClassCondition)
      - AnyNestedCondition 1 matched 1 did not; NestedCondition on NotReactiveWebApplicationOrVirtualThreadsExecutorEnabledCondition.VirtualThreadsExecutorEnabled found non-matching nested conditions @ConditionalOnThreading did not find VIRTUAL; NestedCondition on NotReactiveWebApplicationOrVirtualThreadsExecutorEnabledCondition.NotReactiveWebApplication NoneNestedConditions 0 matched 1 did not; NestedCondition on NotReactiveWebApplicationCondition.ReactiveWebApplication did not find reactive web application classes (NotReactiveWebApplicationOrVirtualThreadsExecutorEnabledCondition)

   RestClientAutoConfiguration#httpMessageConvertersRestClientCustomizer matched:
      - @ConditionalOnMissingBean (types: org.springframework.boot.autoconfigure.web.client.HttpMessageConvertersRestClientCustomizer; SearchStrategy: all) did not find any beans (OnBeanCondition)

   RestClientAutoConfiguration#restClientBuilder matched:
      - @ConditionalOnMissingBean (types: org.springframework.web.client.RestClient$Builder; SearchStrategy: all) did not find any beans (OnBeanCondition)

   RestClientAutoConfiguration#restClientBuilderConfigurer matched:
      - @ConditionalOnMissingBean (types: org.springframework.boot.autoconfigure.web.client.RestClientBuilderConfigurer; SearchStrategy: all) did not find any beans (OnBeanCondition)

   RestClientAutoConfiguration#restClientSsl matched:
      - @ConditionalOnBean (types: org.springframework.boot.ssl.SslBundles; SearchStrategy: all) found bean 'sslBundleRegistry'; @ConditionalOnMissingBean (types: org.springframework.boot.autoconfigure.web.client.RestClientSsl; SearchStrategy: all) did not find any beans (OnBeanCondition)

   RestTemplateAutoConfiguration matched:
      - @ConditionalOnClass found required class 'org.springframework.web.client.RestTemplate' (OnClassCondition)
      - NoneNestedConditions 0 matched 1 did not; NestedCondition on NotReactiveWebApplicationCondition.ReactiveWebApplication did not find reactive web application classes (NotReactiveWebApplicationCondition)

   RestTemplateAutoConfiguration#restTemplateBuilder matched:
      - @ConditionalOnMissingBean (types: org.springframework.boot.web.client.RestTemplateBuilder; SearchStrategy: all) did not find any beans (OnBeanCondition)

   SecurityAutoConfiguration matched:
      - @ConditionalOnClass found required class 'org.springframework.security.authentication.DefaultAuthenticationEventPublisher' (OnClassCondition)

   SecurityAutoConfiguration#authenticationEventPublisher matched:
      - @ConditionalOnMissingBean (types: org.springframework.security.authentication.AuthenticationEventPublisher; SearchStrategy: all) did not find any beans (OnBeanCondition)

   SecurityFilterAutoConfiguration matched:
      - @ConditionalOnClass found required classes 'org.springframework.security.web.context.AbstractSecurityWebApplicationInitializer', 'org.springframework.security.config.http.SessionCreationPolicy' (OnClassCondition)
      - found 'session' scope (OnWebApplicationCondition)

   SecurityFilterAutoConfiguration#securityFilterChainRegistration matched:
      - @ConditionalOnBean (names: springSecurityFilterChain; SearchStrategy: all) found bean 'springSecurityFilterChain' (OnBeanCondition)

   ServletWebServerFactoryAutoConfiguration matched:
      - @ConditionalOnClass found required class 'jakarta.servlet.ServletRequest' (OnClassCondition)
      - found 'session' scope (OnWebApplicationCondition)

   ServletWebServerFactoryAutoConfiguration#tomcatServletWebServerFactoryCustomizer matched:
      - @ConditionalOnClass found required class 'org.apache.catalina.startup.Tomcat' (OnClassCondition)

   ServletWebServerFactoryConfiguration.EmbeddedTomcat matched:
      - @ConditionalOnClass found required classes 'jakarta.servlet.Servlet', 'org.apache.catalina.startup.Tomcat', 'org.apache.coyote.UpgradeProtocol' (OnClassCondition)
      - @ConditionalOnMissingBean (types: org.springframework.boot.web.servlet.server.ServletWebServerFactory; SearchStrategy: current) did not find any beans (OnBeanCondition)

   SimpleCacheConfiguration matched:
      - Cache org.springframework.boot.autoconfigure.cache.SimpleCacheConfiguration automatic cache type (CacheCondition)

   SpringBootWebSecurityConfiguration matched:
      - found 'session' scope (OnWebApplicationCondition)

   SpringBootWebSecurityConfiguration.WebSecurityEnablerConfiguration matched:
      - @ConditionalOnClass found required class 'org.springframework.security.config.annotation.web.configuration.EnableWebSecurity' (OnClassCondition)
      - @ConditionalOnMissingBean (names: springSecurityFilterChain; SearchStrategy: all) did not find any beans (OnBeanCondition)

   SpringDataWebAutoConfiguration matched:
      - @ConditionalOnClass found required classes 'org.springframework.data.web.PageableHandlerMethodArgumentResolver', 'org.springframework.web.servlet.config.annotation.WebMvcConfigurer' (OnClassCondition)
      - found 'session' scope (OnWebApplicationCondition)
      - @ConditionalOnMissingBean (types: org.springframework.data.web.PageableHandlerMethodArgumentResolver; SearchStrategy: all) did not find any beans (OnBeanCondition)

   SpringDataWebAutoConfiguration#pageableCustomizer matched:
      - @ConditionalOnMissingBean (types: org.springframework.data.web.config.PageableHandlerMethodArgumentResolverCustomizer; SearchStrategy: all) did not find any beans (OnBeanCondition)

   SpringDataWebAutoConfiguration#sortCustomizer matched:
      - @ConditionalOnMissingBean (types: org.springframework.data.web.config.SortHandlerMethodArgumentResolverCustomizer; SearchStrategy: all) did not find any beans (OnBeanCondition)

   SpringDataWebAutoConfiguration#springDataWebSettings matched:
      - @ConditionalOnMissingBean (types: org.springframework.data.web.config.SpringDataWebSettings; SearchStrategy: all) did not find any beans (OnBeanCondition)

   SqlInitializationAutoConfiguration matched:
      - @ConditionalOnBooleanProperty (spring.sql.init.enabled=true) matched (OnPropertyCondition)
      - NoneNestedConditions 0 matched 1 did not; NestedCondition on SqlInitializationAutoConfiguration.SqlInitializationModeCondition.ModeIsNever @ConditionalOnProperty (spring.sql.init.mode=never) did not find property 'spring.sql.init.mode' (SqlInitializationAutoConfiguration.SqlInitializationModeCondition)

   SslAutoConfiguration#sslBundleRegistry matched:
      - @ConditionalOnMissingBean (types: org.springframework.boot.ssl.SslBundleRegistry,org.springframework.boot.ssl.SslBundles; SearchStrategy: all) did not find any beans (OnBeanCondition)

   TaskExecutionAutoConfiguration matched:
      - @ConditionalOnClass found required class 'org.springframework.scheduling.concurrent.ThreadPoolTaskExecutor' (OnClassCondition)

   TaskExecutorConfigurations.AsyncConfigurerConfiguration matched:
      - @ConditionalOnMissingBean (types: org.springframework.scheduling.annotation.AsyncConfigurer; SearchStrategy: all) did not find any beans (OnBeanCondition)

   TaskExecutorConfigurations.AsyncConfigurerConfiguration#applicationTaskExecutorAsyncConfigurer matched:
      - @ConditionalOnMissingBean (types: org.springframework.scheduling.annotation.AsyncConfigurer; SearchStrategy: all) did not find any beans (OnBeanCondition)

   TaskExecutorConfigurations.SimpleAsyncTaskExecutorBuilderConfiguration#simpleAsyncTaskExecutorBuilder matched:
      - @ConditionalOnMissingBean (types: org.springframework.boot.task.SimpleAsyncTaskExecutorBuilder; SearchStrategy: all) did not find any beans (OnBeanCondition)
      - @ConditionalOnThreading found PLATFORM (OnThreadingCondition)

   TaskExecutorConfigurations.TaskExecutorConfiguration matched:
      - AnyNestedCondition 1 matched 1 did not; NestedCondition on TaskExecutorConfigurations.OnExecutorCondition.ModelCondition @ConditionalOnProperty (spring.task.execution.mode=force) did not find property 'spring.task.execution.mode'; NestedCondition on TaskExecutorConfigurations.OnExecutorCondition.ExecutorBeanCondition @ConditionalOnMissingBean (types: java.util.concurrent.Executor; SearchStrategy: all) did not find any beans (TaskExecutorConfigurations.OnExecutorCondition)

   TaskExecutorConfigurations.TaskExecutorConfiguration#applicationTaskExecutor matched:
      - @ConditionalOnThreading found PLATFORM (OnThreadingCondition)

   TaskExecutorConfigurations.ThreadPoolTaskExecutorBuilderConfiguration#threadPoolTaskExecutorBuilder matched:
      - @ConditionalOnMissingBean (types: org.springframework.boot.task.ThreadPoolTaskExecutorBuilder; SearchStrategy: all) did not find any beans (OnBeanCondition)

   TaskSchedulingAutoConfiguration matched:
      - @ConditionalOnClass found required class 'org.springframework.scheduling.concurrent.ThreadPoolTaskScheduler' (OnClassCondition)

   TaskSchedulingConfigurations.SimpleAsyncTaskSchedulerBuilderConfiguration#simpleAsyncTaskSchedulerBuilder matched:
      - @ConditionalOnMissingBean (types: org.springframework.boot.task.SimpleAsyncTaskSchedulerBuilder; SearchStrategy: all) did not find any beans (OnBeanCondition)
      - @ConditionalOnThreading found PLATFORM (OnThreadingCondition)

   TaskSchedulingConfigurations.ThreadPoolTaskSchedulerBuilderConfiguration#threadPoolTaskSchedulerBuilder matched:
      - @ConditionalOnMissingBean (types: org.springframework.boot.task.ThreadPoolTaskSchedulerBuilder; SearchStrategy: all) did not find any beans (OnBeanCondition)

   TemplateEngineConfigurations.DefaultTemplateEngineConfiguration#templateEngine matched:
      - @ConditionalOnMissingBean (types: org.thymeleaf.spring6.ISpringTemplateEngine; SearchStrategy: all) did not find any beans (OnBeanCondition)

   ThymeleafAutoConfiguration matched:
      - @ConditionalOnClass found required classes 'org.thymeleaf.templatemode.TemplateMode', 'org.thymeleaf.spring6.SpringTemplateEngine' (OnClassCondition)

   ThymeleafAutoConfiguration.DefaultTemplateResolverConfiguration matched:
      - @ConditionalOnMissingBean (names: defaultTemplateResolver; SearchStrategy: all) did not find any beans (OnBeanCondition)

   ThymeleafAutoConfiguration.ThymeleafSecurityDialectConfiguration matched:
      - @ConditionalOnClass found required classes 'org.thymeleaf.extras.springsecurity6.dialect.SpringSecurityDialect', 'org.springframework.security.web.server.csrf.CsrfToken' (OnClassCondition)

   ThymeleafAutoConfiguration.ThymeleafSecurityDialectConfiguration#securityDialect matched:
      - @ConditionalOnMissingBean (types: org.thymeleaf.extras.springsecurity6.dialect.SpringSecurityDialect; SearchStrategy: all) did not find any beans (OnBeanCondition)

   ThymeleafAutoConfiguration.ThymeleafWebMvcConfiguration matched:
      - found 'session' scope (OnWebApplicationCondition)
      - @ConditionalOnBooleanProperty (spring.thymeleaf.enabled=true) matched (OnPropertyCondition)

   ThymeleafAutoConfiguration.ThymeleafWebMvcConfiguration.ThymeleafViewResolverConfiguration matched:
      - @ConditionalOnClass found required class 'org.springframework.web.servlet.view.AbstractCachingViewResolver' (OnClassCondition)

   ThymeleafAutoConfiguration.ThymeleafWebMvcConfiguration.ThymeleafViewResolverConfiguration#thymeleafViewResolver matched:
      - @ConditionalOnMissingBean (names: thymeleafViewResolver; SearchStrategy: all) did not find any beans (OnBeanCondition)

   TransactionAutoConfiguration matched:
      - @ConditionalOnClass found required class 'org.springframework.transaction.PlatformTransactionManager' (OnClassCondition)

   TransactionAutoConfiguration.EnableTransactionManagementConfiguration matched:
      - @ConditionalOnBean (types: org.springframework.transaction.TransactionManager; SearchStrategy: all) found bean 'transactionManager'; @ConditionalOnMissingBean (types: org.springframework.transaction.annotation.AbstractTransactionManagementConfiguration; SearchStrategy: all) did not find any beans (OnBeanCondition)

   TransactionAutoConfiguration.EnableTransactionManagementConfiguration.CglibAutoProxyConfiguration matched:
      - @ConditionalOnBooleanProperty (spring.aop.proxy-target-class=true) matched (OnPropertyCondition)

   TransactionAutoConfiguration.TransactionTemplateConfiguration matched:
      - @ConditionalOnSingleCandidate (types: org.springframework.transaction.PlatformTransactionManager; SearchStrategy: all) found a single bean 'transactionManager' (OnBeanCondition)

   TransactionAutoConfiguration.TransactionTemplateConfiguration#transactionTemplate matched:
      - @ConditionalOnMissingBean (types: org.springframework.transaction.support.TransactionOperations; SearchStrategy: all) did not find any beans (OnBeanCondition)

   TransactionManagerCustomizationAutoConfiguration matched:
      - @ConditionalOnClass found required class 'org.springframework.transaction.PlatformTransactionManager' (OnClassCondition)

   TransactionManagerCustomizationAutoConfiguration#platformTransactionManagerCustomizers matched:
      - @ConditionalOnMissingBean (types: org.springframework.boot.autoconfigure.transaction.TransactionManagerCustomizers; SearchStrategy: all) did not find any beans (OnBeanCondition)

   UserDetailsServiceAutoConfiguration matched:
      - @ConditionalOnClass found required class 'org.springframework.security.authentication.AuthenticationManager' (OnClassCondition)
      - found 'session' scope (OnWebApplicationCondition)
      - AnyNestedCondition 1 matched 2 did not; NestedCondition on UserDetailsServiceAutoConfiguration.MissingAlternativeOrUserPropertiesConfigured.PasswordConfigured @ConditionalOnProperty (spring.security.user.password) did not find property 'spring.security.user.password'; NestedCondition on UserDetailsServiceAutoConfiguration.MissingAlternativeOrUserPropertiesConfigured.NameConfigured @ConditionalOnProperty (spring.security.user.name) did not find property 'spring.security.user.name'; NestedCondition on UserDetailsServiceAutoConfiguration.MissingAlternativeOrUserPropertiesConfigured.MissingAlternative @ConditionalOnMissingClass did not find unwanted classes 'org.springframework.security.oauth2.client.registration.ClientRegistrationRepository', 'org.springframework.security.oauth2.server.resource.introspection.OpaqueTokenIntrospector', 'org.springframework.security.saml2.provider.service.registration.RelyingPartyRegistrationRepository' (UserDetailsServiceAutoConfiguration.MissingAlternativeOrUserPropertiesConfigured)
      - @ConditionalOnBean (types: org.springframework.security.config.ObjectPostProcessor; SearchStrategy: all) found beans 'objectPostProcessor', 'webAuthorizationManagerPostProcessor', 'filterChainDecoratorPostProcessor', 'authenticationManagerPostProcessor'; @ConditionalOnMissingBean (types: org.springframework.security.authentication.AuthenticationManager,org.springframework.security.authentication.AuthenticationProvider,org.springframework.security.core.userdetails.UserDetailsService,org.springframework.security.authentication.AuthenticationManagerResolver,?; SearchStrategy: all) did not find any beans (OnBeanCondition)

   ValidationAutoConfiguration matched:
      - @ConditionalOnClass found required class 'jakarta.validation.executable.ExecutableValidator' (OnClassCondition)
      - @ConditionalOnResource found location classpath:META-INF/services/jakarta.validation.spi.ValidationProvider (OnResourceCondition)

   ValidationAutoConfiguration#defaultValidator matched:
      - @ConditionalOnMissingBean (types: jakarta.validation.Validator; SearchStrategy: all) did not find any beans (OnBeanCondition)

   ValidationAutoConfiguration#methodValidationPostProcessor matched:
      - @ConditionalOnMissingBean (types: org.springframework.validation.beanvalidation.MethodValidationPostProcessor; SearchStrategy: current) did not find any beans (OnBeanCondition)

   WebMvcAutoConfiguration matched:
      - @ConditionalOnClass found required classes 'jakarta.servlet.Servlet', 'org.springframework.web.servlet.DispatcherServlet', 'org.springframework.web.servlet.config.annotation.WebMvcConfigurer' (OnClassCondition)
      - found 'session' scope (OnWebApplicationCondition)
      - @ConditionalOnMissingBean (types: org.springframework.web.servlet.config.annotation.WebMvcConfigurationSupport; SearchStrategy: all) did not find any beans (OnBeanCondition)

   WebMvcAutoConfiguration#formContentFilter matched:
      - @ConditionalOnBooleanProperty (spring.mvc.formcontent.filter.enabled=true) matched (OnPropertyCondition)
      - @ConditionalOnMissingBean (types: org.springframework.web.filter.FormContentFilter; SearchStrategy: all) did not find any beans (OnBeanCondition)

   WebMvcAutoConfiguration.EnableWebMvcConfiguration#flashMapManager matched:
      - @ConditionalOnMissingBean (names: flashMapManager; SearchStrategy: all) did not find any beans (OnBeanCondition)

   WebMvcAutoConfiguration.EnableWebMvcConfiguration#localeResolver matched:
      - @ConditionalOnMissingBean (names: localeResolver; SearchStrategy: all) did not find any beans (OnBeanCondition)

   WebMvcAutoConfiguration.EnableWebMvcConfiguration#themeResolver matched:
      - @ConditionalOnMissingBean (names: themeResolver; SearchStrategy: all) did not find any beans (OnBeanCondition)

   WebMvcAutoConfiguration.EnableWebMvcConfiguration#viewNameTranslator matched:
      - @ConditionalOnMissingBean (names: viewNameTranslator; SearchStrategy: all) did not find any beans (OnBeanCondition)

   WebMvcAutoConfiguration.WebMvcAutoConfigurationAdapter#defaultViewResolver matched:
      - @ConditionalOnMissingBean (types: org.springframework.web.servlet.view.InternalResourceViewResolver; SearchStrategy: all) did not find any beans (OnBeanCondition)

   WebMvcAutoConfiguration.WebMvcAutoConfigurationAdapter#requestContextFilter matched:
      - @ConditionalOnMissingBean (types: org.springframework.web.context.request.RequestContextListener,org.springframework.web.filter.RequestContextFilter; SearchStrategy: all) did not find any beans (OnBeanCondition)

   WebMvcAutoConfiguration.WebMvcAutoConfigurationAdapter#viewResolver matched:
      - @ConditionalOnBean (types: org.springframework.web.servlet.ViewResolver; SearchStrategy: all) found beans 'defaultViewResolver', 'beanNameViewResolver', 'mvcViewResolver'; @ConditionalOnMissingBean (names: viewResolver types: org.springframework.web.servlet.view.ContentNegotiatingViewResolver; SearchStrategy: all) did not find any beans (OnBeanCondition)

   WebSocketServletAutoConfiguration matched:
      - @ConditionalOnClass found required classes 'jakarta.servlet.Servlet', 'jakarta.websocket.server.ServerContainer' (OnClassCondition)
      - found 'session' scope (OnWebApplicationCondition)

   WebSocketServletAutoConfiguration.TomcatWebSocketConfiguration matched:
      - @ConditionalOnClass found required classes 'org.apache.catalina.startup.Tomcat', 'org.apache.tomcat.websocket.server.WsSci' (OnClassCondition)

   WebSocketServletAutoConfiguration.TomcatWebSocketConfiguration#websocketServletWebServerCustomizer matched:
      - @ConditionalOnMissingBean (names: websocketServletWebServerCustomizer; SearchStrategy: all) did not find any beans (OnBeanCondition)


Negative matches:
-----------------

   ActiveMQAutoConfiguration:
      Did not match:
         - @ConditionalOnClass did not find required class 'jakarta.jms.ConnectionFactory' (OnClassCondition)

   AopAutoConfiguration.AspectJAutoProxyingConfiguration.JdkDynamicAutoProxyConfiguration:
      Did not match:
         - @ConditionalOnBooleanProperty (spring.aop.proxy-target-class=false) did not find property 'spring.aop.proxy-target-class' (OnPropertyCondition)

   AopAutoConfiguration.ClassProxyingConfiguration:
      Did not match:
         - @ConditionalOnMissingClass found unwanted class 'org.aspectj.weaver.Advice' (OnClassCondition)

   ArtemisAutoConfiguration:
      Did not match:
         - @ConditionalOnClass did not find required class 'jakarta.jms.ConnectionFactory' (OnClassCondition)

   BatchAutoConfiguration:
      Did not match:
         - @ConditionalOnClass did not find required class 'org.springframework.batch.core.launch.JobLauncher' (OnClassCondition)

   Cache2kCacheConfiguration:
      Did not match:
         - @ConditionalOnClass did not find required class 'org.cache2k.Cache2kBuilder' (OnClassCondition)

   CacheAutoConfiguration:
      Did not match:
         - @ConditionalOnBean (types: org.springframework.cache.interceptor.CacheAspectSupport; SearchStrategy: all) did not find any beans of type org.springframework.cache.interceptor.CacheAspectSupport (OnBeanCondition)
      Matched:
         - @ConditionalOnClass found required class 'org.springframework.cache.CacheManager' (OnClassCondition)

   CacheAutoConfiguration.CacheManagerEntityManagerFactoryDependsOnPostProcessor:
      Did not match:
         - Ancestor org.springframework.boot.autoconfigure.cache.CacheAutoConfiguration did not match (ConditionEvaluationReport.AncestorsMatchedCondition)
      Matched:
         - @ConditionalOnClass found required class 'org.springframework.orm.jpa.LocalContainerEntityManagerFactoryBean' (OnClassCondition)

   CaffeineCacheConfiguration:
      Did not match:
         - @ConditionalOnClass did not find required class 'com.github.benmanes.caffeine.cache.Caffeine' (OnClassCondition)

   CassandraAutoConfiguration:
      Did not match:
         - @ConditionalOnClass did not find required class 'com.datastax.oss.driver.api.core.CqlSession' (OnClassCondition)

   CassandraDataAutoConfiguration:
      Did not match:
         - @ConditionalOnClass did not find required class 'com.datastax.oss.driver.api.core.CqlSession' (OnClassCondition)

   CassandraReactiveDataAutoConfiguration:
      Did not match:
         - @ConditionalOnClass did not find required class 'com.datastax.oss.driver.api.core.CqlSession' (OnClassCondition)

   CassandraReactiveRepositoriesAutoConfiguration:
      Did not match:
         - @ConditionalOnClass did not find required class 'org.springframework.data.cassandra.ReactiveSession' (OnClassCondition)

   CassandraRepositoriesAutoConfiguration:
      Did not match:
         - @ConditionalOnClass did not find required class 'com.datastax.oss.driver.api.core.CqlSession' (OnClassCondition)

   org.springframework.boot.autoconfigure.web.reactive.function.client.ClientHttpConnectorAutoConfiguration:
      Did not match:
         - @ConditionalOnClass did not find required class 'org.springframework.web.reactive.function.client.WebClient' (OnClassCondition)

   ClientHttpConnectorAutoConfiguration.ReactorNetty:
      Did not match:
         - @ConditionalOnClass did not find required class 'reactor.netty.http.client.HttpClient' (OnClassCondition)

   CodecsAutoConfiguration:
      Did not match:
         - @ConditionalOnClass did not find required class 'org.springframework.web.reactive.function.client.WebClient' (OnClassCondition)

   CouchbaseAutoConfiguration:
      Did not match:
         - @ConditionalOnClass did not find required class 'com.couchbase.client.java.Cluster' (OnClassCondition)

   CouchbaseCacheConfiguration:
      Did not match:
         - @ConditionalOnClass did not find required class 'com.couchbase.client.java.Cluster' (OnClassCondition)

   CouchbaseDataAutoConfiguration:
      Did not match:
         - @ConditionalOnClass did not find required class 'com.couchbase.client.java.Bucket' (OnClassCondition)

   CouchbaseReactiveDataAutoConfiguration:
      Did not match:
         - @ConditionalOnClass did not find required class 'com.couchbase.client.java.Cluster' (OnClassCondition)

   CouchbaseReactiveRepositoriesAutoConfiguration:
      Did not match:
         - @ConditionalOnClass did not find required class 'com.couchbase.client.java.Cluster' (OnClassCondition)

   CouchbaseRepositoriesAutoConfiguration:
      Did not match:
         - @ConditionalOnClass did not find required class 'com.couchbase.client.java.Bucket' (OnClassCondition)

   DataSourceAutoConfiguration.EmbeddedDatabaseConfiguration:
      Did not match:
         - EmbeddedDataSource spring.datasource.url is set (DataSourceAutoConfiguration.EmbeddedDatabaseCondition)

   DataSourceCheckpointRestoreConfiguration:
      Did not match:
         - @ConditionalOnClass did not find required class 'org.crac.Resource' (OnClassCondition)

   DataSourceConfiguration.Dbcp2:
      Did not match:
         - @ConditionalOnClass did not find required class 'org.apache.commons.dbcp2.BasicDataSource' (OnClassCondition)

   DataSourceConfiguration.Generic:
      Did not match:
         - @ConditionalOnProperty (spring.datasource.type) did not find property 'spring.datasource.type' (OnPropertyCondition)

   DataSourceConfiguration.OracleUcp:
      Did not match:
         - @ConditionalOnClass did not find required classes 'oracle.ucp.jdbc.PoolDataSourceImpl', 'oracle.jdbc.OracleConnection' (OnClassCondition)

   DataSourceConfiguration.Tomcat:
      Did not match:
         - @ConditionalOnClass did not find required class 'org.apache.tomcat.jdbc.pool.DataSource' (OnClassCondition)

   DataSourceJmxConfiguration:
      Did not match:
         - @ConditionalOnBooleanProperty (spring.jmx.enabled=true) found different value in property 'spring.jmx.enabled' (OnPropertyCondition)

   DataSourcePoolMetadataProvidersConfiguration.CommonsDbcp2PoolDataSourceMetadataProviderConfiguration:
      Did not match:
         - @ConditionalOnClass did not find required class 'org.apache.commons.dbcp2.BasicDataSource' (OnClassCondition)

   DataSourcePoolMetadataProvidersConfiguration.OracleUcpPoolDataSourceMetadataProviderConfiguration:
      Did not match:
         - @ConditionalOnClass did not find required classes 'oracle.ucp.jdbc.PoolDataSource', 'oracle.jdbc.OracleConnection' (OnClassCondition)

   DataSourcePoolMetadataProvidersConfiguration.TomcatDataSourcePoolMetadataProviderConfiguration:
      Did not match:
         - @ConditionalOnClass did not find required class 'org.apache.tomcat.jdbc.pool.DataSource' (OnClassCondition)

   DataSourceTransactionManagerAutoConfiguration.JdbcTransactionManagerConfiguration#transactionManager:
      Did not match:
         - @ConditionalOnMissingBean (types: org.springframework.transaction.TransactionManager; SearchStrategy: all) found beans of type 'org.springframework.transaction.TransactionManager' transactionManager (OnBeanCondition)

   DevToolsDataSourceAutoConfiguration:
      Did not match:
         - Devtools devtools is disabled for current context. (OnEnabledDevToolsCondition)
      Matched:
         - @ConditionalOnClass found required class 'javax.sql.DataSource' (OnClassCondition)

   DevToolsR2dbcAutoConfiguration:
      Did not match:
         - @ConditionalOnClass did not find required class 'io.r2dbc.spi.ConnectionFactory' (OnClassCondition)

   DispatcherServletAutoConfiguration.DispatcherServletConfiguration#multipartResolver:
      Did not match:
         - @ConditionalOnBean (types: org.springframework.web.multipart.MultipartResolver; SearchStrategy: all) did not find any beans of type org.springframework.web.multipart.MultipartResolver (OnBeanCondition)

   ElasticsearchClientAutoConfiguration:
      Did not match:
         - @ConditionalOnClass did not find required class 'co.elastic.clients.elasticsearch.ElasticsearchClient' (OnClassCondition)

   ElasticsearchDataAutoConfiguration:
      Did not match:
         - @ConditionalOnClass did not find required class 'org.springframework.data.elasticsearch.client.elc.ElasticsearchTemplate' (OnClassCondition)

   ElasticsearchRepositoriesAutoConfiguration:
      Did not match:
         - @ConditionalOnClass did not find required class 'org.springframework.data.elasticsearch.repository.ElasticsearchRepository' (OnClassCondition)

   ElasticsearchRestClientAutoConfiguration:
      Did not match:
         - @ConditionalOnClass did not find required class 'org.elasticsearch.client.RestClientBuilder' (OnClassCondition)

   EmbeddedLdapAutoConfiguration:
      Did not match:
         - @ConditionalOnClass did not find required class 'com.unboundid.ldap.listener.InMemoryDirectoryServer' (OnClassCondition)

   EmbeddedWebServerFactoryCustomizerAutoConfiguration:
      Did not match:
         - Application is deployed as a WAR file. (OnWarDeploymentCondition)
      Matched:
         - @ConditionalOnWebApplication (required) found 'session' scope (OnWebApplicationCondition)

   ErrorWebFluxAutoConfiguration:
      Did not match:
         - @ConditionalOnClass did not find required class 'org.springframework.web.reactive.config.WebFluxConfigurer' (OnClassCondition)

   FlywayAutoConfiguration:
      Did not match:
         - @ConditionalOnClass did not find required class 'org.flywaydb.core.Flyway' (OnClassCondition)

   FreeMarkerAutoConfiguration:
      Did not match:
         - @ConditionalOnClass did not find required class 'freemarker.template.Configuration' (OnClassCondition)

   GraphQlAutoConfiguration:
      Did not match:
         - @ConditionalOnGraphQlSchema did not find schema files in locations 'classpath:graphql/**/'; @ConditionalOnGraphQlSchema did not find GraphQlSourceBuilderCustomizer; @ConditionalOnGraphQlSchema did not find GraphQlSource (DefaultGraphQlSchemaCondition)
      Matched:
         - @ConditionalOnClass found required classes 'graphql.GraphQL', 'org.springframework.graphql.execution.GraphQlSource' (OnClassCondition)

   GraphQlAutoConfiguration.GraphQlDataAutoConfiguration:
      Did not match:
         - Ancestor org.springframework.boot.autoconfigure.graphql.GraphQlAutoConfiguration did not match (ConditionEvaluationReport.AncestorsMatchedCondition)
      Matched:
         - @ConditionalOnClass found required class 'org.springframework.data.domain.ScrollPosition' (OnClassCondition)

   GraphQlQueryByExampleAutoConfiguration:
      Did not match:
         - @ConditionalOnBean (types: org.springframework.graphql.execution.GraphQlSource; SearchStrategy: all) did not find any beans of type org.springframework.graphql.execution.GraphQlSource (OnBeanCondition)
      Matched:
         - @ConditionalOnClass found required classes 'graphql.GraphQL', 'org.springframework.graphql.data.query.QueryByExampleDataFetcher', 'org.springframework.data.repository.query.QueryByExampleExecutor' (OnClassCondition)

   GraphQlQuerydslAutoConfiguration:
      Did not match:
         - @ConditionalOnClass did not find required class 'com.querydsl.core.Query' (OnClassCondition)

   GraphQlRSocketAutoConfiguration:
      Did not match:
         - @ConditionalOnClass did not find required class 'io.rsocket.core.RSocketServer' (OnClassCondition)

   GraphQlReactiveQueryByExampleAutoConfiguration:
      Did not match:
         - @ConditionalOnBean (types: org.springframework.graphql.execution.GraphQlSource; SearchStrategy: all) did not find any beans of type org.springframework.graphql.execution.GraphQlSource (OnBeanCondition)
      Matched:
         - @ConditionalOnClass found required classes 'graphql.GraphQL', 'org.springframework.graphql.data.query.QueryByExampleDataFetcher', 'org.springframework.data.repository.query.ReactiveQueryByExampleExecutor' (OnClassCondition)

   GraphQlReactiveQuerydslAutoConfiguration:
      Did not match:
         - @ConditionalOnClass did not find required class 'com.querydsl.core.Query' (OnClassCondition)

   GraphQlWebFluxAutoConfiguration:
      Did not match:
         - @ConditionalOnWebApplication did not find reactive web application classes (OnWebApplicationCondition)

   GraphQlWebFluxSecurityAutoConfiguration:
      Did not match:
         - @ConditionalOnWebApplication did not find reactive web application classes (OnWebApplicationCondition)

   GraphQlWebMvcAutoConfiguration:
      Did not match:
         - @ConditionalOnBean (types: org.springframework.graphql.ExecutionGraphQlService; SearchStrategy: all) did not find any beans of type org.springframework.graphql.ExecutionGraphQlService (OnBeanCondition)
      Matched:
         - @ConditionalOnClass found required classes 'graphql.GraphQL', 'org.springframework.graphql.server.webmvc.GraphQlHttpHandler' (OnClassCondition)
         - found 'session' scope (OnWebApplicationCondition)

   GraphQlWebMvcAutoConfiguration.WebSocketConfiguration:
      Did not match:
         - @ConditionalOnClass did not find required class 'org.springframework.web.socket.WebSocketHandler' (OnClassCondition)
         - Ancestor org.springframework.boot.autoconfigure.graphql.servlet.GraphQlWebMvcAutoConfiguration did not match (ConditionEvaluationReport.AncestorsMatchedCondition)

   GraphQlWebMvcSecurityAutoConfiguration:
      Did not match:
         - @ConditionalOnBean (types: org.springframework.graphql.server.webmvc.GraphQlHttpHandler; SearchStrategy: all) did not find any beans of type org.springframework.graphql.server.webmvc.GraphQlHttpHandler (OnBeanCondition)
      Matched:
         - @ConditionalOnClass found required classes 'graphql.GraphQL', 'org.springframework.graphql.server.webmvc.GraphQlHttpHandler', 'org.springframework.security.config.annotation.web.configuration.EnableWebSecurity' (OnClassCondition)
         - found 'session' scope (OnWebApplicationCondition)

   GroovyTemplateAutoConfiguration:
      Did not match:
         - @ConditionalOnClass did not find required class 'groovy.text.markup.MarkupTemplateEngine' (OnClassCondition)

   GsonAutoConfiguration:
      Did not match:
         - @ConditionalOnClass did not find required class 'com.google.gson.Gson' (OnClassCondition)

   GsonHttpMessageConvertersConfiguration:
      Did not match:
         - @ConditionalOnClass did not find required class 'com.google.gson.Gson' (OnClassCondition)

   H2ConsoleAutoConfiguration:
      Did not match:
         - @ConditionalOnClass did not find required class 'org.h2.server.web.JakartaWebServlet' (OnClassCondition)

   HazelcastAutoConfiguration:
      Did not match:
         - @ConditionalOnClass did not find required class 'com.hazelcast.core.HazelcastInstance' (OnClassCondition)

   HazelcastCacheConfiguration:
      Did not match:
         - @ConditionalOnClass did not find required class 'com.hazelcast.core.HazelcastInstance' (OnClassCondition)

   HazelcastJpaDependencyAutoConfiguration:
      Did not match:
         - @ConditionalOnClass did not find required class 'com.hazelcast.core.HazelcastInstance' (OnClassCondition)

   HttpHandlerAutoConfiguration:
      Did not match:
         - @ConditionalOnClass did not find required class 'org.springframework.web.reactive.DispatcherHandler' (OnClassCondition)

   HypermediaAutoConfiguration:
      Did not match:
         - @ConditionalOnClass did not find required class 'org.springframework.hateoas.EntityModel' (OnClassCondition)

   InfinispanCacheConfiguration:
      Did not match:
         - @ConditionalOnClass did not find required class 'org.infinispan.spring.embedded.provider.SpringEmbeddedCacheManager' (OnClassCondition)

   IntegrationAutoConfiguration:
      Did not match:
         - @ConditionalOnClass did not find required class 'org.springframework.integration.config.EnableIntegration' (OnClassCondition)

   JCacheCacheConfiguration:
      Did not match:
         - @ConditionalOnClass did not find required class 'javax.cache.Caching' (OnClassCondition)

   JacksonHttpMessageConvertersConfiguration.MappingJackson2XmlHttpMessageConverterConfiguration:
      Did not match:
         - @ConditionalOnClass did not find required class 'com.fasterxml.jackson.dataformat.xml.XmlMapper' (OnClassCondition)

   JerseyAutoConfiguration:
      Did not match:
         - @ConditionalOnClass did not find required class 'org.glassfish.jersey.server.spring.SpringComponentProvider' (OnClassCondition)

   JmsAutoConfiguration:
      Did not match:
         - @ConditionalOnClass did not find required class 'jakarta.jms.Message' (OnClassCondition)

   JmxAutoConfiguration:
      Did not match:
         - @ConditionalOnBooleanProperty (spring.jmx.enabled=true) found different value in property 'spring.jmx.enabled' (OnPropertyCondition)
      Matched:
         - @ConditionalOnClass found required class 'org.springframework.jmx.export.MBeanExporter' (OnClassCondition)

   JndiConnectionFactoryAutoConfiguration:
      Did not match:
         - @ConditionalOnClass did not find required class 'org.springframework.jms.core.JmsTemplate' (OnClassCondition)

   JndiDataSourceAutoConfiguration:
      Did not match:
         - @ConditionalOnProperty (spring.datasource.jndi-name) did not find property 'spring.datasource.jndi-name' (OnPropertyCondition)
      Matched:
         - @ConditionalOnClass found required classes 'javax.sql.DataSource', 'org.springframework.jdbc.datasource.embedded.EmbeddedDatabaseType' (OnClassCondition)

   JndiJtaConfiguration:
      Did not match:
         - @ConditionalOnJndi JNDI environment is not available (OnJndiCondition)
      Matched:
         - @ConditionalOnClass found required class 'org.springframework.transaction.jta.JtaTransactionManager' (OnClassCondition)

   JooqAutoConfiguration:
      Did not match:
         - @ConditionalOnClass did not find required class 'org.jooq.DSLContext' (OnClassCondition)

   JpaRepositoriesAutoConfiguration#entityManagerFactoryBootstrapExecutorCustomizer:
      Did not match:
         - AnyNestedCondition 0 matched 2 did not; NestedCondition on JpaRepositoriesAutoConfiguration.BootstrapExecutorCondition.LazyBootstrapMode @ConditionalOnProperty (spring.data.jpa.repositories.bootstrap-mode=lazy) did not find property 'spring.data.jpa.repositories.bootstrap-mode'; NestedCondition on JpaRepositoriesAutoConfiguration.BootstrapExecutorCondition.DeferredBootstrapMode @ConditionalOnProperty (spring.data.jpa.repositories.bootstrap-mode=deferred) did not find property 'spring.data.jpa.repositories.bootstrap-mode' (JpaRepositoriesAutoConfiguration.BootstrapExecutorCondition)

   JsonbAutoConfiguration:
      Did not match:
         - @ConditionalOnClass did not find required class 'jakarta.json.bind.Jsonb' (OnClassCondition)

   JsonbHttpMessageConvertersConfiguration:
      Did not match:
         - @ConditionalOnClass did not find required class 'jakarta.json.bind.Jsonb' (OnClassCondition)

   KafkaAutoConfiguration:
      Did not match:
         - @ConditionalOnClass did not find required class 'org.springframework.kafka.core.KafkaTemplate' (OnClassCondition)

   LdapAutoConfiguration:
      Did not match:
         - @ConditionalOnClass did not find required class 'org.springframework.ldap.core.ContextSource' (OnClassCondition)

   LdapRepositoriesAutoConfiguration:
      Did not match:
         - @ConditionalOnClass did not find required class 'org.springframework.data.ldap.repository.LdapRepository' (OnClassCondition)

   LiquibaseAutoConfiguration:
      Did not match:
         - @ConditionalOnClass did not find required class 'liquibase.change.DatabaseChange' (OnClassCondition)

   LocalDevToolsAutoConfiguration:
      Did not match:
         - Initialized Restarter Condition initialized without URLs (OnInitializedRestarterCondition)

   MailSenderAutoConfiguration:
      Did not match:
         - AnyNestedCondition 0 matched 2 did not; NestedCondition on MailSenderAutoConfiguration.MailSenderCondition.JndiNameProperty @ConditionalOnProperty (spring.mail.jndi-name) did not find property 'spring.mail.jndi-name'; NestedCondition on MailSenderAutoConfiguration.MailSenderCondition.HostProperty @ConditionalOnProperty (spring.mail.host) did not find property 'spring.mail.host' (MailSenderAutoConfiguration.MailSenderCondition)
      Matched:
         - @ConditionalOnClass found required classes 'jakarta.mail.internet.MimeMessage', 'jakarta.activation.MimeType', 'org.springframework.mail.MailSender' (OnClassCondition)

   MailSenderValidatorAutoConfiguration:
      Did not match:
         - @ConditionalOnBooleanProperty (spring.mail.test-connection=true) did not find property 'spring.mail.test-connection' (OnPropertyCondition)

   MessageSourceAutoConfiguration:
      Did not match:
         - ResourceBundle did not find bundle with basename messages (MessageSourceAutoConfiguration.ResourceBundleCondition)

   MongoAutoConfiguration:
      Did not match:
         - @ConditionalOnClass did not find required class 'com.mongodb.client.MongoClient' (OnClassCondition)

   MongoDataAutoConfiguration:
      Did not match:
         - @ConditionalOnClass did not find required class 'com.mongodb.client.MongoClient' (OnClassCondition)

   MongoReactiveAutoConfiguration:
      Did not match:
         - @ConditionalOnClass did not find required class 'com.mongodb.reactivestreams.client.MongoClient' (OnClassCondition)

   MongoReactiveDataAutoConfiguration:
      Did not match:
         - @ConditionalOnClass did not find required class 'com.mongodb.reactivestreams.client.MongoClient' (OnClassCondition)

   MongoReactiveRepositoriesAutoConfiguration:
      Did not match:
         - @ConditionalOnClass did not find required class 'com.mongodb.reactivestreams.client.MongoClient' (OnClassCondition)

   MongoRepositoriesAutoConfiguration:
      Did not match:
         - @ConditionalOnClass did not find required class 'com.mongodb.client.MongoClient' (OnClassCondition)

   MustacheAutoConfiguration:
      Did not match:
         - @ConditionalOnClass did not find required class 'com.samskivert.mustache.Mustache' (OnClassCondition)

   Neo4jAutoConfiguration:
      Did not match:
         - @ConditionalOnClass did not find required class 'org.neo4j.driver.Driver' (OnClassCondition)

   Neo4jDataAutoConfiguration:
      Did not match:
         - @ConditionalOnClass did not find required class 'org.neo4j.driver.Driver' (OnClassCondition)

   Neo4jReactiveDataAutoConfiguration:
      Did not match:
         - @ConditionalOnClass did not find required class 'org.neo4j.driver.Driver' (OnClassCondition)

   Neo4jReactiveRepositoriesAutoConfiguration:
      Did not match:
         - @ConditionalOnClass did not find required class 'org.neo4j.driver.Driver' (OnClassCondition)

   Neo4jRepositoriesAutoConfiguration:
      Did not match:
         - @ConditionalOnClass did not find required class 'org.neo4j.driver.Driver' (OnClassCondition)

   NettyAutoConfiguration:
      Did not match:
         - @ConditionalOnClass did not find required class 'io.netty.util.NettyRuntime' (OnClassCondition)

   OAuth2AuthorizationServerAutoConfiguration:
      Did not match:
         - @ConditionalOnClass did not find required class 'org.springframework.security.oauth2.server.authorization.OAuth2Authorization' (OnClassCondition)

   OAuth2AuthorizationServerJwtAutoConfiguration:
      Did not match:
         - @ConditionalOnClass did not find required class 'com.nimbusds.jose.jwk.source.JWKSource' (OnClassCondition)

   OAuth2ClientAutoConfiguration:
      Did not match:
         - @ConditionalOnClass did not find required class 'org.springframework.security.oauth2.client.registration.ClientRegistration' (OnClassCondition)

   OAuth2ClientWebSecurityAutoConfiguration:
      Did not match:
         - @ConditionalOnClass did not find required class 'org.springframework.security.oauth2.client.web.OAuth2AuthorizedClientRepository' (OnClassCondition)

   OAuth2ResourceServerAutoConfiguration:
      Did not match:
         - @ConditionalOnClass did not find required class 'org.springframework.security.oauth2.server.resource.authentication.BearerTokenAuthenticationToken' (OnClassCondition)

   ProjectInfoAutoConfiguration#buildProperties:
      Did not match:
         - @ConditionalOnResource did not find resource '${spring.info.build.location:classpath:META-INF/build-info.properties}' (OnResourceCondition)

   ProjectInfoAutoConfiguration#gitProperties:
      Did not match:
         - GitResource did not find git info at classpath:git.properties (ProjectInfoAutoConfiguration.GitResourceAvailableCondition)

   PulsarAutoConfiguration:
      Did not match:
         - @ConditionalOnClass did not find required class 'org.apache.pulsar.client.api.PulsarClient' (OnClassCondition)

   PulsarReactiveAutoConfiguration:
      Did not match:
         - @ConditionalOnClass did not find required class 'org.apache.pulsar.client.api.PulsarClient' (OnClassCondition)

   QuartzAutoConfiguration:
      Did not match:
         - @ConditionalOnClass did not find required class 'org.quartz.Scheduler' (OnClassCondition)

   R2dbcAutoConfiguration:
      Did not match:
         - @ConditionalOnClass did not find required class 'io.r2dbc.spi.ConnectionFactory' (OnClassCondition)

   R2dbcDataAutoConfiguration:
      Did not match:
         - @ConditionalOnClass did not find required class 'org.springframework.data.r2dbc.core.R2dbcEntityTemplate' (OnClassCondition)

   R2dbcInitializationConfiguration:
      Did not match:
         - @ConditionalOnClass did not find required classes 'io.r2dbc.spi.ConnectionFactory', 'org.springframework.r2dbc.connection.init.DatabasePopulator' (OnClassCondition)

   R2dbcProxyAutoConfiguration:
      Did not match:
         - @ConditionalOnClass did not find required class 'io.r2dbc.proxy.ProxyConnectionFactory' (OnClassCondition)

   R2dbcRepositoriesAutoConfiguration:
      Did not match:
         - @ConditionalOnClass did not find required class 'io.r2dbc.spi.ConnectionFactory' (OnClassCondition)

   R2dbcTransactionManagerAutoConfiguration:
      Did not match:
         - @ConditionalOnClass did not find required class 'org.springframework.r2dbc.connection.R2dbcTransactionManager' (OnClassCondition)

   RSocketGraphQlClientAutoConfiguration:
      Did not match:
         - @ConditionalOnClass did not find required class 'io.rsocket.RSocket' (OnClassCondition)

   RSocketMessagingAutoConfiguration:
      Did not match:
         - @ConditionalOnClass did not find required class 'io.rsocket.RSocket' (OnClassCondition)

   RSocketRequesterAutoConfiguration:
      Did not match:
         - @ConditionalOnClass did not find required class 'io.rsocket.RSocket' (OnClassCondition)

   RSocketSecurityAutoConfiguration:
      Did not match:
         - @ConditionalOnClass did not find required class 'org.springframework.security.rsocket.core.SecuritySocketAcceptorInterceptor' (OnClassCondition)

   RSocketServerAutoConfiguration:
      Did not match:
         - @ConditionalOnClass did not find required class 'io.rsocket.core.RSocketServer' (OnClassCondition)

   RSocketStrategiesAutoConfiguration:
      Did not match:
         - @ConditionalOnClass did not find required class 'io.netty.buffer.PooledByteBufAllocator' (OnClassCondition)

   RabbitAutoConfiguration:
      Did not match:
         - @ConditionalOnClass did not find required class 'com.rabbitmq.client.Channel' (OnClassCondition)

   ReactiveElasticsearchClientAutoConfiguration:
      Did not match:
         - @ConditionalOnClass did not find required class 'co.elastic.clients.transport.ElasticsearchTransport' (OnClassCondition)

   ReactiveElasticsearchRepositoriesAutoConfiguration:
      Did not match:
         - @ConditionalOnClass did not find required class 'org.springframework.data.elasticsearch.client.elc.ReactiveElasticsearchClient' (OnClassCondition)

   ReactiveMultipartAutoConfiguration:
      Did not match:
         - @ConditionalOnClass did not find required class 'org.springframework.web.reactive.config.WebFluxConfigurer' (OnClassCondition)

   ReactiveOAuth2ClientAutoConfiguration:
      Did not match:
         - @ConditionalOnClass did not find required class 'org.springframework.security.oauth2.client.registration.ClientRegistration' (OnClassCondition)

   ReactiveOAuth2ClientWebSecurityAutoConfiguration:
      Did not match:
         - @ConditionalOnClass did not find required class 'org.springframework.security.oauth2.client.web.server.ServerOAuth2AuthorizedClientRepository' (OnClassCondition)

   ReactiveOAuth2ResourceServerAutoConfiguration:
      Did not match:
         - @ConditionalOnWebApplication did not find reactive web application classes (OnWebApplicationCondition)

   ReactiveSecurityAutoConfiguration:
      Did not match:
         - @ConditionalOnClass did not find required class 'org.springframework.web.reactive.config.WebFluxConfigurer' (OnClassCondition)

   ReactiveUserDetailsServiceAutoConfiguration:
      Did not match:
         - AnyNestedCondition 0 matched 2 did not; NestedCondition on ReactiveUserDetailsServiceAutoConfiguration.RSocketEnabledOrReactiveWebApplication.ReactiveWebApplicationCondition did not find reactive web application classes; NestedCondition on ReactiveUserDetailsServiceAutoConfiguration.RSocketEnabledOrReactiveWebApplication.RSocketSecurityEnabledCondition @ConditionalOnBean (types: ?; SearchStrategy: all) did not find any beans of type ? (ReactiveUserDetailsServiceAutoConfiguration.RSocketEnabledOrReactiveWebApplication)
      Matched:
         - @ConditionalOnClass found required class 'org.springframework.security.authentication.ReactiveAuthenticationManager' (OnClassCondition)
         - AnyNestedCondition 1 matched 2 did not; NestedCondition on ReactiveUserDetailsServiceAutoConfiguration.MissingAlternativeOrUserPropertiesConfigured.PasswordConfigured @ConditionalOnProperty (spring.security.user.password) did not find property 'spring.security.user.password'; NestedCondition on ReactiveUserDetailsServiceAutoConfiguration.MissingAlternativeOrUserPropertiesConfigured.NameConfigured @ConditionalOnProperty (spring.security.user.name) did not find property 'spring.security.user.name'; NestedCondition on ReactiveUserDetailsServiceAutoConfiguration.MissingAlternativeOrUserPropertiesConfigured.MissingAlternative @ConditionalOnMissingClass did not find unwanted classes 'org.springframework.security.oauth2.client.registration.ClientRegistrationRepository', 'org.springframework.security.oauth2.server.resource.introspection.ReactiveOpaqueTokenIntrospector' (ReactiveUserDetailsServiceAutoConfiguration.MissingAlternativeOrUserPropertiesConfigured)

   ReactiveWebServerFactoryAutoConfiguration:
      Did not match:
         - @ConditionalOnWebApplication did not find reactive web application classes (OnWebApplicationCondition)

   RedisAutoConfiguration:
      Did not match:
         - @ConditionalOnClass did not find required class 'org.springframework.data.redis.core.RedisOperations' (OnClassCondition)

   RedisCacheConfiguration:
      Did not match:
         - @ConditionalOnClass did not find required class 'org.springframework.data.redis.connection.RedisConnectionFactory' (OnClassCondition)

   RedisReactiveAutoConfiguration:
      Did not match:
         - @ConditionalOnClass did not find required class 'org.springframework.data.redis.connection.ReactiveRedisConnectionFactory' (OnClassCondition)

   RedisRepositoriesAutoConfiguration:
      Did not match:
         - @ConditionalOnClass did not find required class 'org.springframework.data.redis.repository.configuration.EnableRedisRepositories' (OnClassCondition)

   RemoteDevToolsAutoConfiguration:
      Did not match:
         - @ConditionalOnProperty (spring.devtools.remote.secret) did not find property 'spring.devtools.remote.secret' (OnPropertyCondition)
      Matched:
         - @ConditionalOnClass found required classes 'jakarta.servlet.Filter', 'org.springframework.http.server.ServerHttpRequest' (OnClassCondition)

   RepositoryRestMvcAutoConfiguration:
      Did not match:
         - @ConditionalOnClass did not find required class 'org.springframework.data.rest.webmvc.config.RepositoryRestMvcConfiguration' (OnClassCondition)

   Saml2RelyingPartyAutoConfiguration:
      Did not match:
         - @ConditionalOnClass did not find required class 'org.springframework.security.saml2.provider.service.registration.RelyingPartyRegistrationRepository' (OnClassCondition)

   SecurityDataConfiguration:
      Did not match:
         - @ConditionalOnClass did not find required class 'org.springframework.security.data.repository.query.SecurityEvaluationContextExtension' (OnClassCondition)

   SendGridAutoConfiguration:
      Did not match:
         - @ConditionalOnClass did not find required class 'com.sendgrid.SendGrid' (OnClassCondition)

   ServletWebServerFactoryAutoConfiguration.ForwardedHeaderFilterConfiguration:
      Did not match:
         - @ConditionalOnProperty (server.forward-headers-strategy=framework) did not find property 'server.forward-headers-strategy' (OnPropertyCondition)

   ServletWebServerFactoryConfiguration.EmbeddedJetty:
      Did not match:
         - @ConditionalOnClass did not find required classes 'org.eclipse.jetty.server.Server', 'org.eclipse.jetty.util.Loader', 'org.eclipse.jetty.ee10.webapp.WebAppContext' (OnClassCondition)

   ServletWebServerFactoryConfiguration.EmbeddedUndertow:
      Did not match:
         - @ConditionalOnClass did not find required classes 'io.undertow.Undertow', 'org.xnio.SslClientAuthMode' (OnClassCondition)

   SessionAutoConfiguration:
      Did not match:
         - @ConditionalOnClass did not find required class 'org.springframework.session.Session' (OnClassCondition)

   SpringApplicationAdminJmxAutoConfiguration:
      Did not match:
         - @ConditionalOnBooleanProperty (spring.application.admin.enabled=true) did not find property 'spring.application.admin.enabled' (OnPropertyCondition)

   SpringBootWebSecurityConfiguration.SecurityFilterChainConfiguration:
      Did not match:
         - AllNestedConditions 1 matched 1 did not; NestedCondition on DefaultWebSecurityCondition.Beans @ConditionalOnMissingBean (types: org.springframework.security.web.SecurityFilterChain; SearchStrategy: all) found beans of type 'org.springframework.security.web.SecurityFilterChain' securityFilterChain; NestedCondition on DefaultWebSecurityCondition.Classes @ConditionalOnClass found required classes 'org.springframework.security.web.SecurityFilterChain', 'org.springframework.security.config.annotation.web.builders.HttpSecurity' (DefaultWebSecurityCondition)

   TaskExecutorConfigurations.SimpleAsyncTaskExecutorBuilderConfiguration#simpleAsyncTaskExecutorBuilderVirtualThreads:
      Did not match:
         - @ConditionalOnMissingBean (types: org.springframework.boot.task.SimpleAsyncTaskExecutorBuilder; SearchStrategy: all) found beans of type 'org.springframework.boot.task.SimpleAsyncTaskExecutorBuilder' simpleAsyncTaskExecutorBuilder (OnBeanCondition)

   TaskExecutorConfigurations.TaskExecutorConfiguration#applicationTaskExecutorVirtualThreads:
      Did not match:
         - @ConditionalOnThreading did not find VIRTUAL (OnThreadingCondition)

   TaskSchedulingAutoConfiguration#scheduledBeanLazyInitializationExcludeFilter:
      Did not match:
         - @ConditionalOnBean (names: org.springframework.context.annotation.internalScheduledAnnotationProcessor; SearchStrategy: all) did not find any beans named org.springframework.context.annotation.internalScheduledAnnotationProcessor (OnBeanCondition)

   TaskSchedulingConfigurations.SimpleAsyncTaskSchedulerBuilderConfiguration#simpleAsyncTaskSchedulerBuilderVirtualThreads:
      Did not match:
         - @ConditionalOnMissingBean (types: org.springframework.boot.task.SimpleAsyncTaskSchedulerBuilder; SearchStrategy: all) found beans of type 'org.springframework.boot.task.SimpleAsyncTaskSchedulerBuilder' simpleAsyncTaskSchedulerBuilder (OnBeanCondition)

   TaskSchedulingConfigurations.TaskSchedulerConfiguration:
      Did not match:
         - @ConditionalOnBean (names: org.springframework.context.annotation.internalScheduledAnnotationProcessor; SearchStrategy: all) did not find any beans named org.springframework.context.annotation.internalScheduledAnnotationProcessor (OnBeanCondition)

   TemplateEngineConfigurations.ReactiveTemplateEngineConfiguration:
      Did not match:
         - did not find reactive web application classes (OnWebApplicationCondition)

   ThymeleafAutoConfiguration.DataAttributeDialectConfiguration:
      Did not match:
         - @ConditionalOnClass did not find required class 'com.github.mxab.thymeleaf.extras.dataattribute.dialect.DataAttributeDialect' (OnClassCondition)

   ThymeleafAutoConfiguration.ThymeleafWebFluxConfiguration:
      Did not match:
         - did not find reactive web application classes (OnWebApplicationCondition)

   ThymeleafAutoConfiguration.ThymeleafWebLayoutConfiguration:
      Did not match:
         - @ConditionalOnClass did not find required class 'nz.net.ultraq.thymeleaf.layoutdialect.LayoutDialect' (OnClassCondition)

   ThymeleafAutoConfiguration.ThymeleafWebMvcConfiguration#resourceUrlEncodingFilter:
      Did not match:
         - @ConditionalOnEnabledResourceChain did not find class org.webjars.WebJarVersionLocator (OnEnabledResourceChainCondition)

   TransactionAutoConfiguration#transactionalOperator:
      Did not match:
         - @ConditionalOnSingleCandidate (types: org.springframework.transaction.ReactiveTransactionManager; SearchStrategy: all) did not find any beans (OnBeanCondition)

   TransactionAutoConfiguration.AspectJTransactionManagementConfiguration:
      Did not match:
         - @ConditionalOnBean (types: org.springframework.transaction.aspectj.AbstractTransactionAspect; SearchStrategy: all) did not find any beans of type org.springframework.transaction.aspectj.AbstractTransactionAspect (OnBeanCondition)

   TransactionAutoConfiguration.EnableTransactionManagementConfiguration.JdkDynamicAutoProxyConfiguration:
      Did not match:
         - @ConditionalOnBooleanProperty (spring.aop.proxy-target-class=false) did not find property 'spring.aop.proxy-target-class' (OnPropertyCondition)

   WebClientAutoConfiguration:
      Did not match:
         - @ConditionalOnClass did not find required class 'org.springframework.web.reactive.function.client.WebClient' (OnClassCondition)

   WebFluxAutoConfiguration:
      Did not match:
         - @ConditionalOnClass did not find required class 'org.springframework.web.reactive.config.WebFluxConfigurer' (OnClassCondition)

   WebMvcAutoConfiguration#hiddenHttpMethodFilter:
      Did not match:
         - @ConditionalOnBooleanProperty (spring.mvc.hiddenmethod.filter.enabled=true) did not find property 'spring.mvc.hiddenmethod.filter.enabled' (OnPropertyCondition)

   WebMvcAutoConfiguration.ProblemDetailsErrorHandlingConfiguration:
      Did not match:
         - @ConditionalOnBooleanProperty (spring.mvc.problemdetails.enabled=true) did not find property 'spring.mvc.problemdetails.enabled' (OnPropertyCondition)

   WebMvcAutoConfiguration.ResourceChainCustomizerConfiguration:
      Did not match:
         - @ConditionalOnEnabledResourceChain did not find class org.webjars.WebJarVersionLocator (OnEnabledResourceChainCondition)

   WebMvcAutoConfiguration.WebMvcAutoConfigurationAdapter#beanNameViewResolver:
      Did not match:
         - @ConditionalOnMissingBean (types: org.springframework.web.servlet.view.BeanNameViewResolver; SearchStrategy: all) found beans of type 'org.springframework.web.servlet.view.BeanNameViewResolver' beanNameViewResolver (OnBeanCondition)

   WebServiceTemplateAutoConfiguration:
      Did not match:
         - @ConditionalOnClass did not find required class 'org.springframework.oxm.Marshaller' (OnClassCondition)

   WebServicesAutoConfiguration:
      Did not match:
         - @ConditionalOnClass did not find required class 'org.springframework.ws.transport.http.MessageDispatcherServlet' (OnClassCondition)

   WebSessionIdResolverAutoConfiguration:
      Did not match:
         - @ConditionalOnWebApplication did not find reactive web application classes (OnWebApplicationCondition)

   WebSocketMessagingAutoConfiguration:
      Did not match:
         - @ConditionalOnClass did not find required class 'org.springframework.web.socket.config.annotation.WebSocketMessageBrokerConfigurer' (OnClassCondition)

   WebSocketReactiveAutoConfiguration:
      Did not match:
         - @ConditionalOnWebApplication did not find reactive web application classes (OnWebApplicationCondition)

   WebSocketServletAutoConfiguration.JettyWebSocketConfiguration:
      Did not match:
         - @ConditionalOnClass did not find required class 'org.eclipse.jetty.ee10.websocket.jakarta.server.config.JakartaWebSocketServletContainerInitializer' (OnClassCondition)

   WebSocketServletAutoConfiguration.UndertowWebSocketConfiguration:
      Did not match:
         - @ConditionalOnClass did not find required class 'io.undertow.websockets.jsr.Bootstrap' (OnClassCondition)

   XADataSourceAutoConfiguration:
      Did not match:
         - @ConditionalOnBean (types: org.springframework.boot.jdbc.XADataSourceWrapper; SearchStrategy: all) did not find any beans of type org.springframework.boot.jdbc.XADataSourceWrapper (OnBeanCondition)
      Matched:
         - @ConditionalOnClass found required classes 'javax.sql.DataSource', 'jakarta.transaction.TransactionManager', 'org.springframework.jdbc.datasource.embedded.EmbeddedDatabaseType' (OnClassCondition)


Exclusions:
-----------

    None


Unconditional classes:
----------------------

    org.springframework.boot.autoconfigure.context.ConfigurationPropertiesAutoConfiguration

    org.springframework.boot.autoconfigure.ssl.SslAutoConfiguration

    org.springframework.boot.autoconfigure.context.PropertyPlaceholderAutoConfiguration

    org.springframework.boot.autoconfigure.context.LifecycleAutoConfiguration

    org.springframework.boot.autoconfigure.availability.ApplicationAvailabilityAutoConfiguration

    org.springframework.boot.autoconfigure.info.ProjectInfoAutoConfiguration



2025-10-01T18:53:58.867-05:00  INFO 19412 --- [snixTennis] [           main] s.snixtennis.SnixtennisApplicationTests  : Started SnixtennisApplicationTests in 19.744 seconds (process running for 20.82)
2025-10-01T18:53:58.868-05:00 DEBUG 19412 --- [snixTennis] [           main] o.s.b.a.ApplicationAvailabilityBean      : Application availability state LivenessState changed to CORRECT
2025-10-01T18:53:58.870-05:00 DEBUG 19412 --- [snixTennis] [           main] o.s.boot.devtools.restart.Restarter      : Creating new Restarter for thread Thread[#3,main,5,main]
2025-10-01T18:53:58.871-05:00 DEBUG 19412 --- [snixTennis] [           main] o.s.b.a.ApplicationAvailabilityBean      : Application availability state ReadinessState changed to ACCEPTING_TRAFFIC
]]></system-out>
    <system-err><![CDATA[Mockito is currently self-attaching to enable the inline-mock-maker. This will no longer work in future releases of the JDK. Please add Mockito as an agent to your build as described in Mockito's documentation: https://javadoc.io/doc/org.mockito/mockito-core/latest/org.mockito/org/mockito/Mockito.html#0.3
WARNING: A Java agent has been loaded dynamically (C:\Users\sauma\.m2\repository\net\bytebuddy\byte-buddy-agent\1.17.5\byte-buddy-agent-1.17.5.jar)
WARNING: If a serviceability tool is in use, please run with -XX:+EnableDynamicAgentLoading to hide this warning
WARNING: If a serviceability tool is not in use, please run with -Djdk.instrument.traceUsage for more information
WARNING: Dynamic loading of agents will be disallowed by default in a future release
]]></system-err>
  </testcase>
</testsuite>